============================= test session starts =============================
platform win32 -- Python 3.12.4, pytest-7.4.3, pluggy-1.6.0
django: version: 5.1.4, settings: config.settings.test (from ini)
rootdir: C:\Users\brian\Documents\django-core
configfile: pyproject.toml
testpaths: tests
plugins: anyio-4.12.1, Faker-40.4.0, cov-7.0.0, django-4.7.0, factoryboy-2.8.1, mock-3.15.1
collected 3546 items / 3 skipped

tests\test_legacy_cleanup.py ..                                          [  0%]
tests\test_security_rbac.py ......                                       [  0%]
tests\test_security_regression.py ............                           [  0%]
tests\accounts\test_active_context_endpoint.py .......                   [  0%]
tests\accounts\test_admin_api.py ....................................... [  1%]
..                                                                       [  1%]
tests\accounts\test_auth_api.py .........................                [  2%]
tests\accounts\test_create_user_api.py ...                               [  2%]
tests\accounts\test_default_context_endpoint.py ...                      [  2%]
tests\accounts\test_delete_user.py ..                                    [  2%]
tests\accounts\test_demo_commands.py ..s..s...s..s.s.                    [  3%]
tests\accounts\test_integration.py .............                         [  3%]
tests\accounts\test_models.py ...............                            [  4%]
tests\accounts\test_permissions.py ............                          [  4%]
tests\accounts\test_player_privacy.py ........                           [  4%]
tests\accounts\test_user_detail.py .                                     [  4%]
tests\accounts\test_user_detail_complex.py .                             [  4%]
tests\audit\test_admin.py .................                              [  5%]
tests\audit\test_api.py ...................                              [  5%]
tests\audit\test_b08_integration.py .......                              [  5%]
tests\audit\test_commands.py .............                               [  6%]
tests\audit\test_views_filtering.py ...                                  [  6%]
tests\branding\test_integration.py .........                             [  6%]
tests\branding\test_models.py ........................                   [  7%]
tests\branding\test_permissions.py .........................             [  8%]
tests\branding\test_serializers.py .....................                 [  8%]
tests\branding\test_views.py ...........................                 [  9%]
tests\common\test_soft_delete.py .......                                 [  9%]
tests\common\test_translation_logging.py .............                   [  9%]
tests\config\test_i18n_settings.py .......................               [ 10%]
tests\content_generation\test_api.py .............                       [ 10%]
tests\content_generation\test_models.py .....................            [ 11%]
tests\contextual_notifications\integration\test_full_flow.py .....       [ 11%]
tests\contextual_notifications\integration\test_preference_override.py . [ 11%]
...                                                                      [ 11%]
tests\contextual_notifications\integration\test_quiet_hours.py .....     [ 11%]
tests\contextual_notifications\integration\test_suppression.py ......    [ 12%]
tests\contextual_notifications\models\test_notification_preference.py .. [ 12%]
......                                                                   [ 12%]
tests\contextual_notifications\models\test_org_notification_policy.py .. [ 12%]
.......                                                                  [ 12%]
tests\contextual_notifications\models\test_routing_rule.py ............. [ 12%]
..                                                                       [ 13%]
tests\contextual_notifications\services\test_event_service.py .......... [ 13%]
.....                                                                    [ 13%]
tests\contextual_notifications\services\test_suppression_service.py .... [ 13%]
......                                                                   [ 13%]
tests\files\test_presigned_urls.py .........F

================================== FAILURES ===================================
C:\Users\brian\Documents\django-core\tests\files\test_presigned_urls.py:277: KeyError: 'uploads/31ec74c5-b34b-46a5-ae2c-4e39d0a11551/../../uploads/20d206a1-8484-4d17-956d-fc4e424b2313/secret.jpg'
============================== warnings summary ===============================
src\transactions\models.py:163
  C:\Users\brian\Documents\django-core\src\transactions\models.py:163: RemovedInDjango60Warning: CheckConstraint.check is deprecated in favor of `.condition`.
    models.CheckConstraint(check=~models.Q(amount=Decimal("0")), name="txn_amount_nonzero"),

src\transactions\models.py:164
  C:\Users\brian\Documents\django-core\src\transactions\models.py:164: RemovedInDjango60Warning: CheckConstraint.check is deprecated in favor of `.condition`.
    models.CheckConstraint(

src\contextual_notifications\models\org_notification_policy.py:74
  C:\Users\brian\Documents\django-core\src\contextual_notifications\models\org_notification_policy.py:74: RemovedInDjango60Warning: CheckConstraint.check is deprecated in favor of `.condition`.
    CheckConstraint(

src\contextual_notifications\models\routing_rule.py:127
  C:\Users\brian\Documents\django-core\src\contextual_notifications\models\routing_rule.py:127: RemovedInDjango60Warning: CheckConstraint.check is deprecated in favor of `.condition`.
    CheckConstraint(

src\activities\models.py:114
  C:\Users\brian\Documents\django-core\src\activities\models.py:114: RemovedInDjango60Warning: CheckConstraint.check is deprecated in favor of `.condition`.
    models.CheckConstraint(

src\activities\models.py:229
  C:\Users\brian\Documents\django-core\src\activities\models.py:229: RemovedInDjango60Warning: CheckConstraint.check is deprecated in favor of `.condition`.
    models.CheckConstraint(

src\activities\models.py:373
  C:\Users\brian\Documents\django-core\src\activities\models.py:373: RemovedInDjango60Warning: CheckConstraint.check is deprecated in favor of `.condition`.
    models.CheckConstraint(

src\branding\models.py:71
  C:\Users\brian\Documents\django-core\src\branding\models.py:71: RemovedInDjango60Warning: CheckConstraint.check is deprecated in favor of `.condition`.
    models.CheckConstraint(

..\..\AppData\Local\Programs\Python\Python312\Lib\site-packages\_pytest\config\__init__.py:1373
  C:\Users\brian\AppData\Local\Programs\Python\Python312\Lib\site-packages\_pytest\config\__init__.py:1373: PytestConfigWarning: Unknown config option: asyncio_mode
  
    self._warn_or_fail_if_strict(f"Unknown config option: {key}\n")

tests/test_legacy_cleanup.py::test_legacy_audit_route_removed
  C:\Users\brian\Documents\django-core\src\settings\migrations\0003_add_check_constraints.py:15: RemovedInDjango60Warning: CheckConstraint.check is deprecated in favor of `.condition`.
    constraint=models.CheckConstraint(

tests/test_legacy_cleanup.py::test_legacy_audit_route_removed
  C:\Users\brian\Documents\django-core\src\settings\migrations\0003_add_check_constraints.py:39: RemovedInDjango60Warning: CheckConstraint.check is deprecated in favor of `.condition`.
    constraint=models.CheckConstraint(

tests/test_legacy_cleanup.py::test_legacy_audit_route_removed
  C:\Users\brian\Documents\django-core\src\contextual_notifications\migrations\0001_initial.py:243: RemovedInDjango60Warning: CheckConstraint.check is deprecated in favor of `.condition`.
    constraint=models.CheckConstraint(

tests/test_legacy_cleanup.py::test_legacy_audit_route_removed
  C:\Users\brian\Documents\django-core\src\contextual_notifications\migrations\0001_initial.py:288: RemovedInDjango60Warning: CheckConstraint.check is deprecated in favor of `.condition`.
    constraint=models.CheckConstraint(

tests/test_legacy_cleanup.py: 16 warnings
  C:\Users\brian\AppData\Local\Programs\Python\Python312\Lib\site-packages\rest_framework\urlpatterns.py:108: RemovedInDjango60Warning: Converter 'drf_format_suffix' is already registered. Support for overriding registered converters is deprecated and will be removed in Django 6.0.
    register_converter(suffix_converter, converter_name)

tests/accounts/test_player_privacy.py::TestPlayerPrivacy::test_player_can_view_self_in_list
  C:\Users\brian\AppData\Local\Programs\Python\Python312\Lib\site-packages\rest_framework\pagination.py:200: UnorderedObjectListWarning: Pagination may yield inconsistent results with an unordered object_list: <class 'accounts.models.User'> QuerySet.
    paginator = self.django_paginator_class(queryset, page_size)

tests/audit/test_admin.py: 151 warnings
  C:\Users\brian\Documents\django-core\src\audit\admin.py:186: RemovedInDjango60Warning: Calling format_html() without passing args or kwargs is deprecated.
    return format_html("<em>Anonymous</em>")

tests/content_generation/test_api.py: 13 warnings
tests/content_generation/test_models.py: 23 warnings
  C:\Users\brian\AppData\Local\Programs\Python\Python312\Lib\site-packages\factory\django.py:181: DeprecationWarning: UserFactory._after_postgeneration will stop saving the instance after postgeneration hooks in the next major release.
  If the save call is extraneous, set skip_postgeneration_save=True in the UserFactory.Meta.
  To keep saving the instance, move the save call to your postgeneration hooks or override _after_postgeneration.
    warnings.warn(

tests/contextual_notifications/integration/test_full_flow.py: 4 warnings
tests/contextual_notifications/integration/test_preference_override.py: 6 warnings
tests/contextual_notifications/integration/test_quiet_hours.py: 4 warnings
tests/contextual_notifications/integration/test_suppression.py: 9 warnings
tests/contextual_notifications/services/test_suppression_service.py: 15 warnings
  C:\Users\brian\Documents\django-core\src\contextual_notifications\services\suppression_service.py:85: DeprecationWarning: datetime.datetime.utcnow() is deprecated and scheduled for removal in a future version. Use timezone-aware objects to represent datetimes in UTC: datetime.datetime.now(datetime.UTC).
    timestamp = datetime.utcnow().isoformat()

tests/contextual_notifications/integration/test_full_flow.py: 4 warnings
tests/contextual_notifications/integration/test_preference_override.py: 4 warnings
tests/contextual_notifications/integration/test_quiet_hours.py: 5 warnings
tests/contextual_notifications/integration/test_suppression.py: 8 warnings
  C:\Users\brian\Documents\django-core\src\contextual_notifications\services\audit_service.py:100: DeprecationWarning: datetime.datetime.utcnow() is deprecated and scheduled for removal in a future version. Use timezone-aware objects to represent datetimes in UTC: datetime.datetime.now(datetime.UTC).
    "timestamp": datetime.utcnow().isoformat(),

-- Docs: https://docs.pytest.org/en/stable/how-to/capture-warnings.html
=========================== short test summary info ===========================
FAILED tests/files/test_presigned_urls.py::TestPresignedUrlsOrgScoping::test_path_traversal_blocked
!!!!!!!!!!!!!!!!!!!!!!!!!! stopping after 1 failures !!!!!!!!!!!!!!!!!!!!!!!!!!
===== 1 failed, 490 passed, 8 skipped, 276 warnings in 283.44s (0:04:43) ======
