{"C:\\Users\\brian\\Documents\\django-core\\.worktrees\\024-multi-tenancy-context\\packages\\api-client\\src\\client.ts": {"path":"C:\\Users\\brian\\Documents\\django-core\\.worktrees\\024-multi-tenancy-context\\packages\\api-client\\src\\client.ts","statementMap":{"0":{"start":{"line":5,"column":0},"end":{"line":5,"column":16}},"1":{"start":{"line":1,"column":0},"end":{"line":1,"column":43}},"2":{"start":{"line":2,"column":0},"end":{"line":2,"column":51}},"3":{"start":{"line":13,"column":18},"end":{"line":13,"column":38}},"4":{"start":{"line":14,"column":25},"end":{"line":14,"column":45}},"5":{"start":{"line":15,"column":22},"end":{"line":15,"column":53}},"6":{"start":{"line":17,"column":2},"end":{"line":102,"column":4}},"7":{"start":{"line":22,"column":52},"end":{"line":22,"column":59}},"8":{"start":{"line":25,"column":22},"end":{"line":25,"column":55}},"9":{"start":{"line":26,"column":6},"end":{"line":28,"column":9}},"10":{"start":{"line":27,"column":8},"end":{"line":27,"column":32}},"11":{"start":{"line":31,"column":21},"end":{"line":31,"column":65}},"12":{"start":{"line":32,"column":6},"end":{"line":37,"column":7}},"13":{"start":{"line":33,"column":26},"end":{"line":33,"column":40}},"14":{"start":{"line":34,"column":8},"end":{"line":36,"column":9}},"15":{"start":{"line":35,"column":10},"end":{"line":35,"column":48}},"16":{"start":{"line":40,"column":6},"end":{"line":68,"column":7}},"17":{"start":{"line":41,"column":25},"end":{"line":45,"column":10}},"18":{"start":{"line":48,"column":28},"end":{"line":48,"column":70}},"19":{"start":{"line":49,"column":23},"end":{"line":49,"column":63}},"20":{"start":{"line":50,"column":30},"end":{"line":50,"column":84}},"21":{"start":{"line":53,"column":8},"end":{"line":56,"column":9}},"22":{"start":{"line":54,"column":24},"end":{"line":54,"column":61}},"23":{"start":{"line":55,"column":10},"end":{"line":55,"column":27}},"24":{"start":{"line":58,"column":8},"end":{"line":58,"column":35}},"25":{"start":{"line":61,"column":8},"end":{"line":67,"column":10}},"26":{"start":{"line":73,"column":6},"end":{"line":73,"column":70}},"27":{"start":{"line":76,"column":6},"end":{"line":81,"column":9}},"28":{"start":{"line":84,"column":6},"end":{"line":89,"column":9}},"29":{"start":{"line":92,"column":6},"end":{"line":97,"column":9}},"30":{"start":{"line":100,"column":6},"end":{"line":100,"column":73}}},"fnMap":{"0":{"name":"createApiClient","decl":{"start":{"line":5,"column":16},"end":{"line":5,"column":31}},"loc":{"start":{"line":5,"column":60},"end":{"line":103,"column":1}}},"1":{"name":"(anonymous_1)","decl":{"start":{"line":18,"column":4},"end":{"line":18,"column":9}},"loc":{"start":{"line":20,"column":34},"end":{"line":69,"column":5}}},"2":{"name":"(anonymous_2)","decl":{"start":{"line":26,"column":45},"end":{"line":26,"column":46}},"loc":{"start":{"line":26,"column":62},"end":{"line":28,"column":7}}},"3":{"name":"(anonymous_3)","decl":{"start":{"line":72,"column":4},"end":{"line":72,"column":7}},"loc":{"start":{"line":72,"column":53},"end":{"line":74,"column":5}}},"4":{"name":"(anonymous_4)","decl":{"start":{"line":75,"column":4},"end":{"line":75,"column":8}},"loc":{"start":{"line":75,"column":70},"end":{"line":82,"column":5}}},"5":{"name":"(anonymous_5)","decl":{"start":{"line":83,"column":4},"end":{"line":83,"column":7}},"loc":{"start":{"line":83,"column":69},"end":{"line":90,"column":5}}},"6":{"name":"(anonymous_6)","decl":{"start":{"line":91,"column":4},"end":{"line":91,"column":9}},"loc":{"start":{"line":91,"column":71},"end":{"line":98,"column":5}}},"7":{"name":"(anonymous_7)","decl":{"start":{"line":99,"column":4},"end":{"line":99,"column":10}},"loc":{"start":{"line":99,"column":56},"end":{"line":101,"column":5}}}},"branchMap":{"0":{"loc":{"start":{"line":5,"column":32},"end":{"line":5,"column":60}},"type":"default-arg","locations":[{"start":{"line":5,"column":58},"end":{"line":5,"column":60}}]},"1":{"loc":{"start":{"line":13,"column":18},"end":{"line":13,"column":38}},"type":"binary-expr","locations":[{"start":{"line":13,"column":18},"end":{"line":13,"column":32}},{"start":{"line":13,"column":36},"end":{"line":13,"column":38}}]},"2":{"loc":{"start":{"line":14,"column":25},"end":{"line":14,"column":45}},"type":"binary-expr","locations":[{"start":{"line":14,"column":25},"end":{"line":14,"column":39}},{"start":{"line":14,"column":43},"end":{"line":14,"column":45}}]},"3":{"loc":{"start":{"line":15,"column":22},"end":{"line":15,"column":53}},"type":"binary-expr","locations":[{"start":{"line":15,"column":22},"end":{"line":15,"column":40}},{"start":{"line":15,"column":44},"end":{"line":15,"column":53}}]},"4":{"loc":{"start":{"line":20,"column":6},"end":{"line":20,"column":34}},"type":"default-arg","locations":[{"start":{"line":20,"column":32},"end":{"line":20,"column":34}}]},"5":{"loc":{"start":{"line":22,"column":14},"end":{"line":22,"column":30}},"type":"default-arg","locations":[{"start":{"line":22,"column":25},"end":{"line":22,"column":30}}]},"6":{"loc":{"start":{"line":31,"column":22},"end":{"line":31,"column":50}},"type":"binary-expr","locations":[{"start":{"line":31,"column":22},"end":{"line":31,"column":41}},{"start":{"line":31,"column":45},"end":{"line":31,"column":50}}]},"7":{"loc":{"start":{"line":32,"column":6},"end":{"line":37,"column":7}},"type":"if","locations":[{"start":{"line":32,"column":6},"end":{"line":37,"column":7}}]},"8":{"loc":{"start":{"line":32,"column":10},"end":{"line":32,"column":74}},"type":"binary-expr","locations":[{"start":{"line":32,"column":10},"end":{"line":32,"column":19}},{"start":{"line":32,"column":23},"end":{"line":32,"column":74}}]},"9":{"loc":{"start":{"line":34,"column":8},"end":{"line":36,"column":9}},"type":"if","locations":[{"start":{"line":34,"column":8},"end":{"line":36,"column":9}}]},"10":{"loc":{"start":{"line":48,"column":28},"end":{"line":48,"column":70}},"type":"binary-expr","locations":[{"start":{"line":48,"column":28},"end":{"line":48,"column":64}},{"start":{"line":48,"column":68},"end":{"line":48,"column":70}}]},"11":{"loc":{"start":{"line":50,"column":30},"end":{"line":50,"column":84}},"type":"cond-expr","locations":[{"start":{"line":50,"column":39},"end":{"line":50,"column":60}},{"start":{"line":50,"column":63},"end":{"line":50,"column":84}}]},"12":{"loc":{"start":{"line":53,"column":8},"end":{"line":56,"column":9}},"type":"if","locations":[{"start":{"line":53,"column":8},"end":{"line":56,"column":9}}]}},"s":{"0":1,"1":1,"2":1,"3":9,"4":9,"5":9,"6":9,"7":9,"8":9,"9":9,"10":1,"11":9,"12":9,"13":4,"14":4,"15":4,"16":9,"17":9,"18":8,"19":8,"20":8,"21":8,"22":1,"23":1,"24":7,"25":1,"26":5,"27":1,"28":1,"29":1,"30":1},"f":{"0":9,"1":9,"2":1,"3":5,"4":1,"5":1,"6":1,"7":1},"b":{"0":[8],"1":[9,8],"2":[9,8],"3":[9,9],"4":[0],"5":[9],"6":[9,0],"7":[4],"8":[9,9],"9":[4],"10":[8,0],"11":[7,1],"12":[1]}}
,"C:\\Users\\brian\\Documents\\django-core\\.worktrees\\024-multi-tenancy-context\\packages\\api-client\\src\\csrfToken.ts": {"path":"C:\\Users\\brian\\Documents\\django-core\\.worktrees\\024-multi-tenancy-context\\packages\\api-client\\src\\csrfToken.ts","statementMap":{"0":{"start":{"line":5,"column":0},"end":{"line":5,"column":16}},"1":{"start":{"line":6,"column":16},"end":{"line":6,"column":58}},"2":{"start":{"line":7,"column":2},"end":{"line":7,"column":33}}},"fnMap":{"0":{"name":"getCsrfToken","decl":{"start":{"line":5,"column":16},"end":{"line":5,"column":28}},"loc":{"start":{"line":5,"column":28},"end":{"line":8,"column":1}}}},"branchMap":{"0":{"loc":{"start":{"line":7,"column":9},"end":{"line":7,"column":32}},"type":"cond-expr","locations":[{"start":{"line":7,"column":17},"end":{"line":7,"column":25}},{"start":{"line":7,"column":28},"end":{"line":7,"column":32}}]}},"s":{"0":2,"1":8,"2":8},"f":{"0":8},"b":{"0":[6,2]}}
,"C:\\Users\\brian\\Documents\\django-core\\.worktrees\\024-multi-tenancy-context\\packages\\api-client\\src\\errorNormalizer.ts": {"path":"C:\\Users\\brian\\Documents\\django-core\\.worktrees\\024-multi-tenancy-context\\packages\\api-client\\src\\errorNormalizer.ts","statementMap":{"0":{"start":{"line":9,"column":0},"end":{"line":9,"column":16}},"1":{"start":{"line":11,"column":2},"end":{"line":26,"column":3}},"2":{"start":{"line":18,"column":16},"end":{"line":18,"column":53}},"3":{"start":{"line":19,"column":4},"end":{"line":25,"column":6}},"4":{"start":{"line":29,"column":2},"end":{"line":33,"column":4}},"5":{"start":{"line":37,"column":2},"end":{"line":54,"column":3}},"6":{"start":{"line":39,"column":6},"end":{"line":39,"column":71}},"7":{"start":{"line":41,"column":6},"end":{"line":41,"column":55}},"8":{"start":{"line":43,"column":6},"end":{"line":43,"column":66}},"9":{"start":{"line":45,"column":6},"end":{"line":45,"column":53}},"10":{"start":{"line":47,"column":6},"end":{"line":47,"column":61}},"11":{"start":{"line":51,"column":6},"end":{"line":51,"column":53}},"12":{"start":{"line":53,"column":6},"end":{"line":53,"column":72}},"13":{"start":{"line":58,"column":2},"end":{"line":62,"column":4}},"14":{"start":{"line":61,"column":38},"end":{"line":61,"column":95}},"15":{"start":{"line":61,"column":73},"end":{"line":61,"column":94}},"16":{"start":{"line":66,"column":2},"end":{"line":66,"column":75}},"17":{"start":{"line":66,"column":52},"end":{"line":66,"column":73}}},"fnMap":{"0":{"name":"normalizeError","decl":{"start":{"line":9,"column":16},"end":{"line":9,"column":30}},"loc":{"start":{"line":9,"column":60},"end":{"line":34,"column":1}}},"1":{"name":"getDefaultMessage","decl":{"start":{"line":36,"column":9},"end":{"line":36,"column":26}},"loc":{"start":{"line":36,"column":41},"end":{"line":55,"column":1}}},"2":{"name":"isFieldErrors","decl":{"start":{"line":57,"column":9},"end":{"line":57,"column":22}},"loc":{"start":{"line":57,"column":37},"end":{"line":63,"column":1}}},"3":{"name":"(anonymous_3)","decl":{"start":{"line":61,"column":31},"end":{"line":61,"column":32}},"loc":{"start":{"line":61,"column":38},"end":{"line":61,"column":95}}},"4":{"name":"(anonymous_4)","decl":{"start":{"line":61,"column":66},"end":{"line":61,"column":67}},"loc":{"start":{"line":61,"column":73},"end":{"line":61,"column":94}}},"5":{"name":"isFormErrors","decl":{"start":{"line":65,"column":9},"end":{"line":65,"column":21}},"loc":{"start":{"line":65,"column":36},"end":{"line":67,"column":1}}},"6":{"name":"(anonymous_6)","decl":{"start":{"line":66,"column":45},"end":{"line":66,"column":46}},"loc":{"start":{"line":66,"column":52},"end":{"line":66,"column":73}}}},"branchMap":{"0":{"loc":{"start":{"line":11,"column":2},"end":{"line":26,"column":3}},"type":"if","locations":[{"start":{"line":11,"column":2},"end":{"line":26,"column":3}}]},"1":{"loc":{"start":{"line":12,"column":4},"end":{"line":16,"column":23}},"type":"binary-expr","locations":[{"start":{"line":12,"column":4},"end":{"line":12,"column":28}},{"start":{"line":13,"column":4},"end":{"line":13,"column":17}},{"start":{"line":14,"column":4},"end":{"line":14,"column":19}},{"start":{"line":15,"column":4},"end":{"line":15,"column":34}},{"start":{"line":16,"column":4},"end":{"line":16,"column":23}}]},"2":{"loc":{"start":{"line":21,"column":15},"end":{"line":21,"column":88}},"type":"cond-expr","locations":[{"start":{"line":21,"column":49},"end":{"line":21,"column":60}},{"start":{"line":21,"column":63},"end":{"line":21,"column":88}}]},"3":{"loc":{"start":{"line":22,"column":19},"end":{"line":22,"column":79}},"type":"cond-expr","locations":[{"start":{"line":22,"column":52},"end":{"line":22,"column":67}},{"start":{"line":22,"column":70},"end":{"line":22,"column":79}}]},"4":{"loc":{"start":{"line":23,"column":18},"end":{"line":23,"column":75}},"type":"cond-expr","locations":[{"start":{"line":23,"column":49},"end":{"line":23,"column":63}},{"start":{"line":23,"column":66},"end":{"line":23,"column":75}}]},"5":{"loc":{"start":{"line":37,"column":2},"end":{"line":54,"column":3}},"type":"switch","locations":[{"start":{"line":38,"column":4},"end":{"line":39,"column":71}},{"start":{"line":40,"column":4},"end":{"line":41,"column":55}},{"start":{"line":42,"column":4},"end":{"line":43,"column":66}},{"start":{"line":44,"column":4},"end":{"line":45,"column":53}},{"start":{"line":46,"column":4},"end":{"line":47,"column":61}},{"start":{"line":48,"column":4},"end":{"line":48,"column":13}},{"start":{"line":49,"column":4},"end":{"line":49,"column":13}},{"start":{"line":50,"column":4},"end":{"line":51,"column":53}},{"start":{"line":52,"column":4},"end":{"line":53,"column":72}}]},"6":{"loc":{"start":{"line":59,"column":4},"end":{"line":61,"column":96}},"type":"binary-expr","locations":[{"start":{"line":59,"column":4},"end":{"line":59,"column":29}},{"start":{"line":60,"column":4},"end":{"line":60,"column":18}},{"start":{"line":61,"column":4},"end":{"line":61,"column":96}}]},"7":{"loc":{"start":{"line":61,"column":38},"end":{"line":61,"column":95}},"type":"binary-expr","locations":[{"start":{"line":61,"column":38},"end":{"line":61,"column":54}},{"start":{"line":61,"column":58},"end":{"line":61,"column":95}}]},"8":{"loc":{"start":{"line":66,"column":9},"end":{"line":66,"column":74}},"type":"binary-expr","locations":[{"start":{"line":66,"column":9},"end":{"line":66,"column":29}},{"start":{"line":66,"column":33},"end":{"line":66,"column":74}}]}},"s":{"0":2,"1":14,"2":5,"3":5,"4":9,"5":9,"6":1,"7":1,"8":1,"9":1,"10":1,"11":3,"12":1,"13":5,"14":1,"15":1,"16":5,"17":2},"f":{"0":14,"1":9,"2":5,"3":1,"4":1,"5":5,"6":2},"b":{"0":[5],"1":[14,13,13,5,5],"2":[5,0],"3":[1,4],"4":[1,4],"5":[1,1,1,1,1,1,2,3,1],"6":[5,1,1],"7":[1,1],"8":[5,1]}}
}
