TN:
SF:src\client.ts
FN:5,createApiClient
FN:18,(anonymous_1)
FN:26,(anonymous_2)
FN:72,(anonymous_3)
FN:75,(anonymous_4)
FN:83,(anonymous_5)
FN:91,(anonymous_6)
FN:99,(anonymous_7)
FNF:8
FNH:8
FNDA:9,createApiClient
FNDA:9,(anonymous_1)
FNDA:1,(anonymous_2)
FNDA:5,(anonymous_3)
FNDA:1,(anonymous_4)
FNDA:1,(anonymous_5)
FNDA:1,(anonymous_6)
FNDA:1,(anonymous_7)
DA:1,1
DA:2,1
DA:5,1
DA:13,9
DA:14,9
DA:15,9
DA:17,9
DA:22,9
DA:25,9
DA:26,9
DA:27,1
DA:31,9
DA:32,9
DA:33,4
DA:34,4
DA:35,4
DA:40,9
DA:41,9
DA:48,8
DA:49,8
DA:50,8
DA:53,8
DA:54,1
DA:55,1
DA:58,7
DA:61,1
DA:73,5
DA:76,1
DA:84,1
DA:92,1
DA:100,1
LF:31
LH:31
BRDA:5,0,0,8
BRDA:13,1,0,9
BRDA:13,1,1,8
BRDA:14,2,0,9
BRDA:14,2,1,8
BRDA:15,3,0,9
BRDA:15,3,1,9
BRDA:20,4,0,0
BRDA:22,5,0,9
BRDA:31,6,0,9
BRDA:31,6,1,0
BRDA:32,7,0,4
BRDA:32,8,0,9
BRDA:32,8,1,9
BRDA:34,9,0,4
BRDA:48,10,0,8
BRDA:48,10,1,0
BRDA:50,11,0,7
BRDA:50,11,1,1
BRDA:53,12,0,1
BRF:20
BRH:17
end_of_record
TN:
SF:src\csrfToken.ts
FN:5,getCsrfToken
FNF:1
FNH:1
FNDA:8,getCsrfToken
DA:5,2
DA:6,8
DA:7,8
LF:3
LH:3
BRDA:7,0,0,6
BRDA:7,0,1,2
BRF:2
BRH:2
end_of_record
TN:
SF:src\errorNormalizer.ts
FN:9,normalizeError
FN:36,getDefaultMessage
FN:57,isFieldErrors
FN:61,(anonymous_3)
FN:61,(anonymous_4)
FN:65,isFormErrors
FN:66,(anonymous_6)
FNF:7
FNH:7
FNDA:14,normalizeError
FNDA:9,getDefaultMessage
FNDA:5,isFieldErrors
FNDA:1,(anonymous_3)
FNDA:1,(anonymous_4)
FNDA:5,isFormErrors
FNDA:2,(anonymous_6)
DA:9,2
DA:11,14
DA:18,5
DA:19,5
DA:29,9
DA:37,9
DA:39,1
DA:41,1
DA:43,1
DA:45,1
DA:47,1
DA:51,3
DA:53,1
DA:58,5
DA:61,1
DA:66,5
LF:16
LH:16
BRDA:11,0,0,5
BRDA:12,1,0,14
BRDA:12,1,1,13
BRDA:12,1,2,13
BRDA:12,1,3,5
BRDA:12,1,4,5
BRDA:21,2,0,5
BRDA:21,2,1,0
BRDA:22,3,0,1
BRDA:22,3,1,4
BRDA:23,4,0,1
BRDA:23,4,1,4
BRDA:37,5,0,1
BRDA:37,5,1,1
BRDA:37,5,2,1
BRDA:37,5,3,1
BRDA:37,5,4,1
BRDA:37,5,5,1
BRDA:37,5,6,2
BRDA:37,5,7,3
BRDA:37,5,8,1
BRDA:59,6,0,5
BRDA:59,6,1,1
BRDA:59,6,2,1
BRDA:61,7,0,1
BRDA:61,7,1,1
BRDA:66,8,0,5
BRDA:66,8,1,1
BRF:28
BRH:27
end_of_record
