{"C:\\Users\\brian\\Documents\\django-core\\.worktrees\\027-resource-display-alerts\\packages\\resource-display-alerts\\src\\index.ts": {"path":"C:\\Users\\brian\\Documents\\django-core\\.worktrees\\027-resource-display-alerts\\packages\\resource-display-alerts\\src\\index.ts","all":true,"statementMap":{"0":{"start":{"line":1,"column":0},"end":{"line":1,"column":20}},"1":{"start":{"line":2,"column":0},"end":{"line":2,"column":43}},"2":{"start":{"line":3,"column":0},"end":{"line":3,"column":53}},"3":{"start":{"line":4,"column":0},"end":{"line":4,"column":0}},"4":{"start":{"line":5,"column":0},"end":{"line":5,"column":15}},"5":{"start":{"line":6,"column":0},"end":{"line":6,"column":62}},"6":{"start":{"line":7,"column":0},"end":{"line":7,"column":13}},"7":{"start":{"line":8,"column":0},"end":{"line":8,"column":22}},"8":{"start":{"line":9,"column":0},"end":{"line":9,"column":27}},"9":{"start":{"line":10,"column":0},"end":{"line":10,"column":26}},"10":{"start":{"line":11,"column":0},"end":{"line":11,"column":35}},"11":{"start":{"line":12,"column":0},"end":{"line":12,"column":0}},"12":{"start":{"line":13,"column":0},"end":{"line":13,"column":43}},"13":{"start":{"line":14,"column":0},"end":{"line":14,"column":63}},"14":{"start":{"line":15,"column":0},"end":{"line":15,"column":61}},"15":{"start":{"line":16,"column":0},"end":{"line":16,"column":0}},"16":{"start":{"line":17,"column":0},"end":{"line":17,"column":18}},"17":{"start":{"line":18,"column":0},"end":{"line":18,"column":8}},"18":{"start":{"line":19,"column":0},"end":{"line":19,"column":26}},"19":{"start":{"line":20,"column":0},"end":{"line":20,"column":33}},"20":{"start":{"line":21,"column":0},"end":{"line":21,"column":33}},"21":{"start":{"line":22,"column":0},"end":{"line":22,"column":39}},"22":{"start":{"line":23,"column":0},"end":{"line":23,"column":21}},"23":{"start":{"line":24,"column":0},"end":{"line":24,"column":30}},"24":{"start":{"line":25,"column":0},"end":{"line":25,"column":0}},"25":{"start":{"line":26,"column":0},"end":{"line":26,"column":15}},"26":{"start":{"line":27,"column":0},"end":{"line":27,"column":13}},"27":{"start":{"line":28,"column":0},"end":{"line":28,"column":11}},"28":{"start":{"line":29,"column":0},"end":{"line":29,"column":20}},"29":{"start":{"line":30,"column":0},"end":{"line":30,"column":19}},"30":{"start":{"line":31,"column":0},"end":{"line":31,"column":19}},"31":{"start":{"line":32,"column":0},"end":{"line":32,"column":17}}},"s":{"0":0,"1":0,"2":0,"3":0,"4":0,"5":0,"6":0,"7":0,"8":0,"9":0,"10":0,"11":0,"12":0,"13":0,"14":0,"15":0,"16":0,"17":0,"18":0,"19":0,"20":0,"21":0,"22":0,"23":0,"24":0,"25":0,"26":0,"27":0,"28":0,"29":0,"30":0,"31":0},"branchMap":{"0":{"type":"branch","line":1,"loc":{"start":{"line":1,"column":867},"end":{"line":32,"column":17}},"locations":[{"start":{"line":1,"column":867},"end":{"line":32,"column":17}}]}},"b":{"0":[0]},"fnMap":{"0":{"name":"(empty-report)","decl":{"start":{"line":1,"column":867},"end":{"line":32,"column":17}},"loc":{"start":{"line":1,"column":867},"end":{"line":32,"column":17}},"line":1}},"f":{"0":0}}
,"C:\\Users\\brian\\Documents\\django-core\\.worktrees\\027-resource-display-alerts\\packages\\resource-display-alerts\\src\\components\\Alert\\index.tsx": {"path":"C:\\Users\\brian\\Documents\\django-core\\.worktrees\\027-resource-display-alerts\\packages\\resource-display-alerts\\src\\components\\Alert\\index.tsx","all":true,"statementMap":{"0":{"start":{"line":1,"column":0},"end":{"line":1,"column":32}},"1":{"start":{"line":2,"column":0},"end":{"line":2,"column":51}},"2":{"start":{"line":3,"column":0},"end":{"line":3,"column":61}}},"s":{"0":0,"1":0,"2":0},"branchMap":{"0":{"type":"branch","line":1,"loc":{"start":{"line":1,"column":0},"end":{"line":3,"column":-55}},"locations":[{"start":{"line":1,"column":0},"end":{"line":3,"column":-55}}]}},"b":{"0":[0]},"fnMap":{"0":{"name":"(empty-report)","decl":{"start":{"line":1,"column":0},"end":{"line":3,"column":-55}},"loc":{"start":{"line":1,"column":0},"end":{"line":3,"column":-55}},"line":1}},"f":{"0":0}}
,"C:\\Users\\brian\\Documents\\django-core\\.worktrees\\027-resource-display-alerts\\packages\\resource-display-alerts\\src\\hooks\\useAlertDismissal.ts": {"path":"C:\\Users\\brian\\Documents\\django-core\\.worktrees\\027-resource-display-alerts\\packages\\resource-display-alerts\\src\\hooks\\useAlertDismissal.ts","all":false,"statementMap":{"0":{"start":{"line":1,"column":0},"end":{"line":1,"column":46}},"1":{"start":{"line":2,"column":0},"end":{"line":2,"column":89}},"2":{"start":{"line":3,"column":0},"end":{"line":3,"column":0}},"3":{"start":{"line":4,"column":0},"end":{"line":4,"column":38}},"4":{"start":{"line":5,"column":0},"end":{"line":5,"column":23}},"5":{"start":{"line":6,"column":0},"end":{"line":6,"column":34}},"6":{"start":{"line":7,"column":0},"end":{"line":7,"column":1}},"7":{"start":{"line":8,"column":0},"end":{"line":8,"column":0}},"8":{"start":{"line":9,"column":0},"end":{"line":9,"column":43}},"9":{"start":{"line":10,"column":0},"end":{"line":10,"column":5}},"10":{"start":{"line":11,"column":0},"end":{"line":11,"column":71}},"11":{"start":{"line":12,"column":0},"end":{"line":12,"column":5}},"12":{"start":{"line":13,"column":0},"end":{"line":13,"column":18}},"13":{"start":{"line":14,"column":0},"end":{"line":14,"column":0}},"14":{"start":{"line":15,"column":0},"end":{"line":15,"column":5}},"15":{"start":{"line":16,"column":0},"end":{"line":16,"column":61}},"16":{"start":{"line":17,"column":0},"end":{"line":17,"column":19}},"17":{"start":{"line":18,"column":0},"end":{"line":18,"column":5}},"18":{"start":{"line":19,"column":0},"end":{"line":19,"column":29}},"19":{"start":{"line":20,"column":0},"end":{"line":20,"column":1}},"20":{"start":{"line":21,"column":0},"end":{"line":21,"column":0}},"21":{"start":{"line":22,"column":0},"end":{"line":22,"column":42}},"22":{"start":{"line":23,"column":0},"end":{"line":23,"column":5}},"23":{"start":{"line":24,"column":0},"end":{"line":24,"column":28}},"24":{"start":{"line":25,"column":0},"end":{"line":25,"column":5}},"25":{"start":{"line":26,"column":0},"end":{"line":26,"column":29}},"26":{"start":{"line":27,"column":0},"end":{"line":27,"column":0}},"27":{"start":{"line":28,"column":0},"end":{"line":28,"column":5}},"28":{"start":{"line":29,"column":0},"end":{"line":29,"column":50}},"29":{"start":{"line":30,"column":0},"end":{"line":30,"column":5}},"30":{"start":{"line":31,"column":0},"end":{"line":31,"column":22}},"31":{"start":{"line":32,"column":0},"end":{"line":32,"column":0}},"32":{"start":{"line":33,"column":0},"end":{"line":33,"column":5}},"33":{"start":{"line":34,"column":0},"end":{"line":34,"column":58}},"34":{"start":{"line":35,"column":0},"end":{"line":35,"column":5}},"35":{"start":{"line":36,"column":0},"end":{"line":36,"column":29}},"36":{"start":{"line":37,"column":0},"end":{"line":37,"column":0}},"37":{"start":{"line":38,"column":0},"end":{"line":38,"column":5}},"38":{"start":{"line":39,"column":0},"end":{"line":39,"column":45}},"39":{"start":{"line":40,"column":0},"end":{"line":40,"column":5}},"40":{"start":{"line":41,"column":0},"end":{"line":41,"column":20}},"41":{"start":{"line":42,"column":0},"end":{"line":42,"column":0}},"42":{"start":{"line":43,"column":0},"end":{"line":43,"column":5}},"43":{"start":{"line":44,"column":0},"end":{"line":44,"column":36}},"44":{"start":{"line":45,"column":0},"end":{"line":45,"column":5}},"45":{"start":{"line":46,"column":0},"end":{"line":46,"column":21}},"46":{"start":{"line":47,"column":0},"end":{"line":47,"column":1}},"47":{"start":{"line":48,"column":0},"end":{"line":48,"column":0}},"48":{"start":{"line":49,"column":0},"end":{"line":49,"column":3}},"49":{"start":{"line":50,"column":0},"end":{"line":50,"column":63}},"50":{"start":{"line":51,"column":0},"end":{"line":51,"column":2}},"51":{"start":{"line":52,"column":0},"end":{"line":52,"column":11}},"52":{"start":{"line":53,"column":0},"end":{"line":53,"column":104}},"53":{"start":{"line":54,"column":0},"end":{"line":54,"column":2}},"54":{"start":{"line":55,"column":0},"end":{"line":55,"column":31}},"55":{"start":{"line":56,"column":0},"end":{"line":56,"column":2}},"56":{"start":{"line":57,"column":0},"end":{"line":57,"column":11}},"57":{"start":{"line":58,"column":0},"end":{"line":58,"column":11}},"58":{"start":{"line":59,"column":0},"end":{"line":59,"column":26}},"59":{"start":{"line":60,"column":0},"end":{"line":60,"column":24}},"60":{"start":{"line":61,"column":0},"end":{"line":61,"column":75}},"61":{"start":{"line":62,"column":0},"end":{"line":62,"column":7}},"62":{"start":{"line":63,"column":0},"end":{"line":63,"column":5}},"63":{"start":{"line":64,"column":0},"end":{"line":64,"column":3}},"64":{"start":{"line":65,"column":0},"end":{"line":65,"column":35}},"65":{"start":{"line":66,"column":0},"end":{"line":66,"column":10}},"66":{"start":{"line":67,"column":0},"end":{"line":67,"column":27}},"67":{"start":{"line":68,"column":0},"end":{"line":68,"column":58}},"68":{"start":{"line":69,"column":0},"end":{"line":69,"column":49}},"69":{"start":{"line":70,"column":0},"end":{"line":70,"column":0}},"70":{"start":{"line":71,"column":0},"end":{"line":71,"column":33}},"71":{"start":{"line":72,"column":0},"end":{"line":72,"column":65}},"72":{"start":{"line":73,"column":0},"end":{"line":73,"column":63}},"73":{"start":{"line":74,"column":0},"end":{"line":74,"column":0}},"74":{"start":{"line":75,"column":0},"end":{"line":75,"column":37}},"75":{"start":{"line":76,"column":0},"end":{"line":76,"column":65}},"76":{"start":{"line":77,"column":0},"end":{"line":77,"column":5}},"77":{"start":{"line":78,"column":0},"end":{"line":78,"column":0}},"78":{"start":{"line":79,"column":0},"end":{"line":79,"column":12}},"79":{"start":{"line":80,"column":0},"end":{"line":80,"column":36}},"80":{"start":{"line":81,"column":0},"end":{"line":81,"column":36}},"81":{"start":{"line":82,"column":0},"end":{"line":82,"column":6}},"82":{"start":{"line":83,"column":0},"end":{"line":83,"column":5}},"83":{"start":{"line":84,"column":0},"end":{"line":84,"column":0}},"84":{"start":{"line":85,"column":0},"end":{"line":85,"column":37}},"85":{"start":{"line":86,"column":0},"end":{"line":86,"column":37}},"86":{"start":{"line":87,"column":0},"end":{"line":87,"column":67}},"87":{"start":{"line":88,"column":0},"end":{"line":88,"column":9}},"88":{"start":{"line":89,"column":0},"end":{"line":89,"column":0}},"89":{"start":{"line":90,"column":0},"end":{"line":90,"column":50}},"90":{"start":{"line":91,"column":0},"end":{"line":91,"column":44}},"91":{"start":{"line":92,"column":0},"end":{"line":92,"column":66}},"92":{"start":{"line":93,"column":0},"end":{"line":93,"column":45}},"93":{"start":{"line":94,"column":0},"end":{"line":94,"column":19}},"94":{"start":{"line":95,"column":0},"end":{"line":95,"column":0}},"95":{"start":{"line":96,"column":0},"end":{"line":96,"column":29}},"96":{"start":{"line":97,"column":0},"end":{"line":97,"column":35}},"97":{"start":{"line":98,"column":0},"end":{"line":98,"column":68}},"98":{"start":{"line":99,"column":0},"end":{"line":99,"column":27}},"99":{"start":{"line":100,"column":0},"end":{"line":100,"column":19}},"100":{"start":{"line":101,"column":0},"end":{"line":101,"column":0}},"101":{"start":{"line":102,"column":0},"end":{"line":102,"column":39}},"102":{"start":{"line":103,"column":0},"end":{"line":103,"column":0}},"103":{"start":{"line":104,"column":0},"end":{"line":104,"column":10}},"104":{"start":{"line":105,"column":0},"end":{"line":105,"column":10}},"105":{"start":{"line":106,"column":0},"end":{"line":106,"column":12}},"106":{"start":{"line":107,"column":0},"end":{"line":107,"column":19}},"107":{"start":{"line":108,"column":0},"end":{"line":108,"column":10}},"108":{"start":{"line":109,"column":0},"end":{"line":109,"column":14}},"109":{"start":{"line":110,"column":0},"end":{"line":110,"column":4}},"110":{"start":{"line":111,"column":0},"end":{"line":111,"column":2}}},"s":{"0":1,"1":1,"2":1,"3":1,"4":1,"5":1,"6":1,"7":1,"8":1,"9":1,"10":1,"11":1,"12":1,"13":1,"14":1,"15":1,"16":1,"17":1,"18":1,"19":1,"20":1,"21":1,"22":1,"23":1,"24":1,"25":1,"26":1,"27":1,"28":1,"29":1,"30":1,"31":1,"32":1,"33":1,"34":1,"35":1,"36":1,"37":1,"38":1,"39":1,"40":1,"41":1,"42":1,"43":1,"44":1,"45":1,"46":1,"47":1,"48":1,"49":1,"50":1,"51":1,"52":1,"53":1,"54":1,"55":1,"56":1,"57":1,"58":1,"59":1,"60":1,"61":1,"62":1,"63":1,"64":1,"65":20,"66":20,"67":20,"68":20,"69":20,"70":20,"71":20,"72":11,"73":11,"74":11,"75":1,"76":1,"77":10,"78":10,"79":10,"80":10,"81":10,"82":20,"83":20,"84":20,"85":20,"86":6,"87":20,"88":20,"89":20,"90":20,"91":4,"92":4,"93":20,"94":20,"95":20,"96":20,"97":2,"98":2,"99":20,"100":20,"101":20,"102":20,"103":20,"104":20,"105":20,"106":20,"107":20,"108":20,"109":20,"110":20},"branchMap":{"0":{"type":"branch","line":65,"loc":{"start":{"line":65,"column":33},"end":{"line":111,"column":2}},"locations":[{"start":{"line":65,"column":33},"end":{"line":111,"column":2}}]},"1":{"type":"branch","line":72,"loc":{"start":{"line":72,"column":58},"end":{"line":83,"column":3}},"locations":[{"start":{"line":72,"column":58},"end":{"line":83,"column":3}}]},"2":{"type":"branch","line":75,"loc":{"start":{"line":75,"column":8},"end":{"line":75,"column":36}},"locations":[{"start":{"line":75,"column":8},"end":{"line":75,"column":36}}]},"3":{"type":"branch","line":75,"loc":{"start":{"line":75,"column":36},"end":{"line":77,"column":5}},"locations":[{"start":{"line":75,"column":36},"end":{"line":77,"column":5}}]},"4":{"type":"branch","line":77,"loc":{"start":{"line":77,"column":4},"end":{"line":82,"column":6}},"locations":[{"start":{"line":77,"column":4},"end":{"line":82,"column":6}}]},"5":{"type":"branch","line":86,"loc":{"start":{"line":86,"column":30},"end":{"line":88,"column":5}},"locations":[{"start":{"line":86,"column":30},"end":{"line":88,"column":5}}]},"6":{"type":"branch","line":91,"loc":{"start":{"line":91,"column":37},"end":{"line":94,"column":5}},"locations":[{"start":{"line":91,"column":37},"end":{"line":94,"column":5}}]},"7":{"type":"branch","line":97,"loc":{"start":{"line":97,"column":28},"end":{"line":100,"column":5}},"locations":[{"start":{"line":97,"column":28},"end":{"line":100,"column":5}}]}},"b":{"0":[20],"1":[11],"2":[1],"3":[1],"4":[10],"5":[6],"6":[4],"7":[2]},"fnMap":{"0":{"name":"useAlertDismissal","decl":{"start":{"line":65,"column":33},"end":{"line":111,"column":2}},"loc":{"start":{"line":65,"column":33},"end":{"line":111,"column":2}},"line":65}},"f":{"0":20}}
,"C:\\Users\\brian\\Documents\\django-core\\.worktrees\\027-resource-display-alerts\\packages\\resource-display-alerts\\src\\utils\\localStorage.ts": {"path":"C:\\Users\\brian\\Documents\\django-core\\.worktrees\\027-resource-display-alerts\\packages\\resource-display-alerts\\src\\utils\\localStorage.ts","all":false,"statementMap":{"0":{"start":{"line":1,"column":0},"end":{"line":1,"column":3}},"1":{"start":{"line":2,"column":0},"end":{"line":2,"column":55}},"2":{"start":{"line":3,"column":0},"end":{"line":3,"column":3}},"3":{"start":{"line":4,"column":0},"end":{"line":4,"column":0}},"4":{"start":{"line":5,"column":0},"end":{"line":5,"column":46}},"5":{"start":{"line":6,"column":0},"end":{"line":6,"column":63}},"6":{"start":{"line":7,"column":0},"end":{"line":7,"column":19}},"7":{"start":{"line":8,"column":0},"end":{"line":8,"column":36}},"8":{"start":{"line":9,"column":0},"end":{"line":9,"column":3}},"9":{"start":{"line":10,"column":0},"end":{"line":10,"column":1}},"10":{"start":{"line":11,"column":0},"end":{"line":11,"column":0}},"11":{"start":{"line":12,"column":0},"end":{"line":12,"column":3}},"12":{"start":{"line":13,"column":0},"end":{"line":13,"column":75}},"13":{"start":{"line":14,"column":0},"end":{"line":14,"column":3}},"14":{"start":{"line":15,"column":0},"end":{"line":15,"column":55}},"15":{"start":{"line":16,"column":0},"end":{"line":16,"column":7}},"16":{"start":{"line":17,"column":0},"end":{"line":17,"column":36}},"17":{"start":{"line":18,"column":0},"end":{"line":18,"column":37}},"18":{"start":{"line":19,"column":0},"end":{"line":19,"column":34}},"19":{"start":{"line":20,"column":0},"end":{"line":20,"column":16}},"20":{"start":{"line":21,"column":0},"end":{"line":21,"column":11}},"21":{"start":{"line":22,"column":0},"end":{"line":22,"column":17}},"22":{"start":{"line":23,"column":0},"end":{"line":23,"column":3}},"23":{"start":{"line":24,"column":0},"end":{"line":24,"column":2}},"24":{"start":{"line":25,"column":0},"end":{"line":25,"column":0}},"25":{"start":{"line":26,"column":0},"end":{"line":26,"column":3}},"26":{"start":{"line":27,"column":0},"end":{"line":27,"column":46}},"27":{"start":{"line":28,"column":0},"end":{"line":28,"column":3}},"28":{"start":{"line":29,"column":0},"end":{"line":29,"column":63}},"29":{"start":{"line":30,"column":0},"end":{"line":30,"column":35}},"30":{"start":{"line":31,"column":0},"end":{"line":31,"column":67}},"31":{"start":{"line":32,"column":0},"end":{"line":32,"column":16}},"32":{"start":{"line":33,"column":0},"end":{"line":33,"column":3}},"33":{"start":{"line":34,"column":0},"end":{"line":34,"column":0}},"34":{"start":{"line":35,"column":0},"end":{"line":35,"column":7}},"35":{"start":{"line":36,"column":0},"end":{"line":36,"column":44}},"36":{"start":{"line":37,"column":0},"end":{"line":37,"column":36}},"37":{"start":{"line":38,"column":0},"end":{"line":38,"column":0}},"38":{"start":{"line":39,"column":0},"end":{"line":39,"column":47}},"39":{"start":{"line":40,"column":0},"end":{"line":40,"column":9}},"40":{"start":{"line":41,"column":0},"end":{"line":41,"column":36}},"41":{"start":{"line":42,"column":0},"end":{"line":42,"column":13}},"42":{"start":{"line":43,"column":0},"end":{"line":43,"column":24}},"43":{"start":{"line":44,"column":0},"end":{"line":44,"column":5}},"44":{"start":{"line":45,"column":0},"end":{"line":45,"column":19}},"45":{"start":{"line":46,"column":0},"end":{"line":46,"column":75}},"46":{"start":{"line":47,"column":0},"end":{"line":47,"column":16}},"47":{"start":{"line":48,"column":0},"end":{"line":48,"column":3}},"48":{"start":{"line":49,"column":0},"end":{"line":49,"column":2}},"49":{"start":{"line":50,"column":0},"end":{"line":50,"column":0}},"50":{"start":{"line":51,"column":0},"end":{"line":51,"column":3}},"51":{"start":{"line":52,"column":0},"end":{"line":52,"column":44}},"52":{"start":{"line":53,"column":0},"end":{"line":53,"column":3}},"53":{"start":{"line":54,"column":0},"end":{"line":54,"column":63}},"54":{"start":{"line":55,"column":0},"end":{"line":55,"column":35}},"55":{"start":{"line":56,"column":0},"end":{"line":56,"column":67}},"56":{"start":{"line":57,"column":0},"end":{"line":57,"column":17}},"57":{"start":{"line":58,"column":0},"end":{"line":58,"column":3}},"58":{"start":{"line":59,"column":0},"end":{"line":59,"column":0}},"59":{"start":{"line":60,"column":0},"end":{"line":60,"column":7}},"60":{"start":{"line":61,"column":0},"end":{"line":61,"column":81}},"61":{"start":{"line":62,"column":0},"end":{"line":62,"column":42}},"62":{"start":{"line":63,"column":0},"end":{"line":63,"column":16}},"63":{"start":{"line":64,"column":0},"end":{"line":64,"column":19}},"64":{"start":{"line":65,"column":0},"end":{"line":65,"column":72}},"65":{"start":{"line":66,"column":0},"end":{"line":66,"column":57}},"66":{"start":{"line":67,"column":0},"end":{"line":67,"column":12}},"67":{"start":{"line":68,"column":0},"end":{"line":68,"column":77}},"68":{"start":{"line":69,"column":0},"end":{"line":69,"column":5}},"69":{"start":{"line":70,"column":0},"end":{"line":70,"column":17}},"70":{"start":{"line":71,"column":0},"end":{"line":71,"column":3}},"71":{"start":{"line":72,"column":0},"end":{"line":72,"column":2}},"72":{"start":{"line":73,"column":0},"end":{"line":73,"column":0}},"73":{"start":{"line":74,"column":0},"end":{"line":74,"column":3}},"74":{"start":{"line":75,"column":0},"end":{"line":75,"column":32}},"75":{"start":{"line":76,"column":0},"end":{"line":76,"column":3}},"76":{"start":{"line":77,"column":0},"end":{"line":77,"column":53}},"77":{"start":{"line":78,"column":0},"end":{"line":78,"column":35}},"78":{"start":{"line":79,"column":0},"end":{"line":79,"column":17}},"79":{"start":{"line":80,"column":0},"end":{"line":80,"column":3}},"80":{"start":{"line":81,"column":0},"end":{"line":81,"column":0}},"81":{"start":{"line":82,"column":0},"end":{"line":82,"column":7}},"82":{"start":{"line":83,"column":0},"end":{"line":83,"column":33}},"83":{"start":{"line":84,"column":0},"end":{"line":84,"column":16}},"84":{"start":{"line":85,"column":0},"end":{"line":85,"column":19}},"85":{"start":{"line":86,"column":0},"end":{"line":86,"column":78}},"86":{"start":{"line":87,"column":0},"end":{"line":87,"column":17}},"87":{"start":{"line":88,"column":0},"end":{"line":88,"column":3}},"88":{"start":{"line":89,"column":0},"end":{"line":89,"column":2}},"89":{"start":{"line":90,"column":0},"end":{"line":90,"column":0}},"90":{"start":{"line":91,"column":0},"end":{"line":91,"column":3}},"91":{"start":{"line":92,"column":0},"end":{"line":92,"column":43}},"92":{"start":{"line":93,"column":0},"end":{"line":93,"column":3}},"93":{"start":{"line":94,"column":0},"end":{"line":94,"column":64}},"94":{"start":{"line":95,"column":0},"end":{"line":95,"column":40}},"95":{"start":{"line":96,"column":0},"end":{"line":96,"column":2}}},"s":{"0":1,"1":1,"2":1,"3":1,"4":1,"5":1,"6":0,"7":0,"8":0,"9":1,"10":1,"11":1,"12":1,"13":1,"14":1,"15":30,"16":30,"17":30,"18":30,"19":30,"20":30,"21":5,"22":5,"23":30,"24":1,"25":1,"26":1,"27":1,"28":1,"29":15,"30":0,"31":0,"32":0,"33":15,"34":15,"35":15,"36":15,"37":3,"38":3,"39":3,"40":3,"41":15,"42":1,"43":1,"44":15,"45":2,"46":2,"47":2,"48":15,"49":1,"50":1,"51":1,"52":1,"53":1,"54":8,"55":3,"56":3,"57":3,"58":5,"59":5,"60":8,"61":8,"62":8,"63":8,"64":0,"65":0,"66":0,"67":0,"68":0,"69":0,"70":0,"71":8,"72":1,"73":1,"74":1,"75":1,"76":1,"77":5,"78":1,"79":1,"80":4,"81":4,"82":4,"83":4,"84":5,"85":0,"86":0,"87":0,"88":5,"89":1,"90":1,"91":1,"92":1,"93":1,"94":22,"95":22},"branchMap":{"0":{"type":"branch","line":15,"loc":{"start":{"line":15,"column":39},"end":{"line":24,"column":2}},"locations":[{"start":{"line":15,"column":39},"end":{"line":24,"column":2}}]},"1":{"type":"branch","line":21,"loc":{"start":{"line":21,"column":2},"end":{"line":23,"column":3}},"locations":[{"start":{"line":21,"column":2},"end":{"line":23,"column":3}}]},"2":{"type":"branch","line":29,"loc":{"start":{"line":29,"column":23},"end":{"line":49,"column":2}},"locations":[{"start":{"line":29,"column":23},"end":{"line":49,"column":2}}]},"3":{"type":"branch","line":30,"loc":{"start":{"line":30,"column":34},"end":{"line":33,"column":3}},"locations":[{"start":{"line":30,"column":34},"end":{"line":33,"column":3}}]},"4":{"type":"branch","line":37,"loc":{"start":{"line":37,"column":24},"end":{"line":37,"column":36}},"locations":[{"start":{"line":37,"column":24},"end":{"line":37,"column":36}}]},"5":{"type":"branch","line":37,"loc":{"start":{"line":37,"column":31},"end":{"line":42,"column":12}},"locations":[{"start":{"line":37,"column":31},"end":{"line":42,"column":12}}]},"6":{"type":"branch","line":42,"loc":{"start":{"line":42,"column":4},"end":{"line":44,"column":5}},"locations":[{"start":{"line":42,"column":4},"end":{"line":44,"column":5}}]},"7":{"type":"branch","line":45,"loc":{"start":{"line":45,"column":2},"end":{"line":48,"column":3}},"locations":[{"start":{"line":45,"column":2},"end":{"line":48,"column":3}}]},"8":{"type":"branch","line":54,"loc":{"start":{"line":54,"column":23},"end":{"line":72,"column":2}},"locations":[{"start":{"line":54,"column":23},"end":{"line":72,"column":2}}]},"9":{"type":"branch","line":55,"loc":{"start":{"line":55,"column":34},"end":{"line":61,"column":51}},"locations":[{"start":{"line":55,"column":34},"end":{"line":61,"column":51}}]},"10":{"type":"branch","line":55,"loc":{"start":{"line":55,"column":34},"end":{"line":58,"column":3}},"locations":[{"start":{"line":55,"column":34},"end":{"line":58,"column":3}}]},"11":{"type":"branch","line":58,"loc":{"start":{"line":58,"column":2},"end":{"line":61,"column":51}},"locations":[{"start":{"line":58,"column":2},"end":{"line":61,"column":51}}]},"12":{"type":"branch","line":61,"loc":{"start":{"line":61,"column":40},"end":{"line":61,"column":59}},"locations":[{"start":{"line":61,"column":40},"end":{"line":61,"column":59}}]},"13":{"type":"branch","line":61,"loc":{"start":{"line":61,"column":51},"end":{"line":61,"column":81}},"locations":[{"start":{"line":61,"column":51},"end":{"line":61,"column":81}}]},"14":{"type":"branch","line":64,"loc":{"start":{"line":64,"column":2},"end":{"line":71,"column":3}},"locations":[{"start":{"line":64,"column":2},"end":{"line":71,"column":3}}]},"15":{"type":"branch","line":77,"loc":{"start":{"line":77,"column":26},"end":{"line":89,"column":2}},"locations":[{"start":{"line":77,"column":26},"end":{"line":89,"column":2}}]},"16":{"type":"branch","line":78,"loc":{"start":{"line":78,"column":34},"end":{"line":80,"column":3}},"locations":[{"start":{"line":78,"column":34},"end":{"line":80,"column":3}}]},"17":{"type":"branch","line":80,"loc":{"start":{"line":80,"column":2},"end":{"line":85,"column":11}},"locations":[{"start":{"line":80,"column":2},"end":{"line":85,"column":11}}]},"18":{"type":"branch","line":85,"loc":{"start":{"line":85,"column":2},"end":{"line":88,"column":3}},"locations":[{"start":{"line":85,"column":2},"end":{"line":88,"column":3}}]},"19":{"type":"branch","line":94,"loc":{"start":{"line":94,"column":34},"end":{"line":96,"column":2}},"locations":[{"start":{"line":94,"column":34},"end":{"line":96,"column":2}}]}},"b":{"0":[30],"1":[5],"2":[15],"3":[0],"4":[10],"5":[3],"6":[1],"7":[2],"8":[8],"9":[6],"10":[3],"11":[5],"12":[1],"13":[4],"14":[0],"15":[5],"16":[1],"17":[4],"18":[0],"19":[22]},"fnMap":{"0":{"name":"LocalStorageError","decl":{"start":{"line":6,"column":2},"end":{"line":9,"column":3}},"loc":{"start":{"line":6,"column":2},"end":{"line":9,"column":3}},"line":6},"1":{"name":"isLocalStorageAvailable","decl":{"start":{"line":15,"column":39},"end":{"line":24,"column":2}},"loc":{"start":{"line":15,"column":39},"end":{"line":24,"column":2}},"line":15},"2":{"name":"getItem","decl":{"start":{"line":29,"column":23},"end":{"line":49,"column":2}},"loc":{"start":{"line":29,"column":23},"end":{"line":49,"column":2}},"line":29},"3":{"name":"setItem","decl":{"start":{"line":54,"column":23},"end":{"line":72,"column":2}},"loc":{"start":{"line":54,"column":23},"end":{"line":72,"column":2}},"line":54},"4":{"name":"removeItem","decl":{"start":{"line":77,"column":26},"end":{"line":89,"column":2}},"loc":{"start":{"line":77,"column":26},"end":{"line":89,"column":2}},"line":77},"5":{"name":"getAlertStorageKey","decl":{"start":{"line":94,"column":34},"end":{"line":96,"column":2}},"loc":{"start":{"line":94,"column":34},"end":{"line":96,"column":2}},"line":94}},"f":{"0":0,"1":30,"2":15,"3":8,"4":5,"5":22}}
}
