<?xml version="1.0" encoding="UTF-8"?>
<coverage generated="1765488710289" clover="3.2.0">
  <project timestamp="1765488710289" name="All files">
    <metrics statements="673" coveredstatements="498" conditionals="340" coveredconditionals="235" methods="181" coveredmethods="111" elements="1194" coveredelements="844" complexity="0" loc="673" ncloc="673" packages="11" files="39" classes="39"/>
    <package name="src">
      <metrics statements="1" coveredstatements="1" conditionals="0" coveredconditionals="0" methods="0" coveredmethods="0"/>
      <file name="config.ts" path="C:\Users\brian\Documents\django-core\.worktrees\025-notifications-hub-ui\packages\notifications-hub\src\config.ts">
        <metrics statements="1" coveredstatements="1" conditionals="0" coveredconditionals="0" methods="0" coveredmethods="0"/>
        <line num="9" count="5" type="stmt"/>
      </file>
    </package>
    <package name="src.components.ErrorBoundary">
      <metrics statements="14" coveredstatements="13" conditionals="5" coveredconditionals="4" methods="5" coveredmethods="5"/>
      <file name="ErrorBoundary.tsx" path="C:\Users\brian\Documents\django-core\.worktrees\025-notifications-hub-ui\packages\notifications-hub\src\components\ErrorBoundary\ErrorBoundary.tsx">
        <metrics statements="13" coveredstatements="12" conditionals="5" coveredconditionals="4" methods="4" coveredmethods="4"/>
        <line num="1" count="1" type="stmt"/>
        <line num="29" count="1" type="stmt"/>
        <line num="31" count="5" type="stmt"/>
        <line num="32" count="4" type="stmt"/>
        <line num="40" count="4" type="stmt"/>
        <line num="48" count="2" type="stmt"/>
        <line num="51" count="2" type="cond" truecount="0" falsecount="1"/>
        <line num="52" count="0" type="stmt"/>
        <line num="57" count="8" type="cond" truecount="1" falsecount="0"/>
        <line num="59" count="4" type="cond" truecount="1" falsecount="0"/>
        <line num="60" count="2" type="stmt"/>
        <line num="64" count="2" type="stmt"/>
        <line num="101" count="4" type="stmt"/>
      </file>
      <file name="index.ts" path="C:\Users\brian\Documents\django-core\.worktrees\025-notifications-hub-ui\packages\notifications-hub\src\components\ErrorBoundary\index.ts">
        <metrics statements="1" coveredstatements="1" conditionals="0" coveredconditionals="0" methods="1" coveredmethods="1"/>
        <line num="1" count="3" type="stmt"/>
      </file>
    </package>
    <package name="src.components.NotificationList">
      <metrics statements="88" coveredstatements="68" conditionals="65" coveredconditionals="40" methods="26" coveredmethods="17"/>
      <file name="NotificationActions.tsx" path="C:\Users\brian\Documents\django-core\.worktrees\025-notifications-hub-ui\packages\notifications-hub\src\components\NotificationList\NotificationActions.tsx">
        <metrics statements="12" coveredstatements="12" conditionals="7" coveredconditionals="7" methods="5" coveredmethods="5"/>
        <line num="1" count="5" type="stmt"/>
        <line num="28" count="5" type="stmt"/>
        <line num="32" count="67" type="stmt"/>
        <line num="33" count="7" type="stmt"/>
        <line num="34" count="7" type="cond" truecount="1" falsecount="0"/>
        <line num="35" count="6" type="stmt"/>
        <line num="39" count="67" type="stmt"/>
        <line num="46" count="1" type="stmt"/>
        <line num="65" count="2" type="stmt"/>
        <line num="66" count="2" type="stmt"/>
        <line num="69" count="1" type="stmt"/>
        <line num="70" count="1" type="stmt"/>
      </file>
      <file name="NotificationItem.tsx" path="C:\Users\brian\Documents\django-core\.worktrees\025-notifications-hub-ui\packages\notifications-hub\src\components\NotificationList\NotificationItem.tsx">
        <metrics statements="28" coveredstatements="20" conditionals="27" coveredconditionals="12" methods="6" coveredmethods="5"/>
        <line num="1" count="4" type="stmt"/>
        <line num="3" count="4" type="stmt"/>
        <line num="4" count="4" type="stmt"/>
        <line num="37" count="4" type="stmt"/>
        <line num="42" count="50" type="stmt"/>
        <line num="43" count="7" type="cond" truecount="1" falsecount="0"/>
        <line num="44" count="6" type="stmt"/>
        <line num="48" count="50" type="stmt"/>
        <line num="49" count="3" type="cond" truecount="1" falsecount="0"/>
        <line num="50" count="2" type="stmt"/>
        <line num="55" count="50" type="stmt"/>
        <line num="56" count="50" type="stmt"/>
        <line num="57" count="50" type="stmt"/>
        <line num="59" count="0" type="stmt"/>
        <line num="64" count="50" type="stmt"/>
        <line num="72" count="50" type="cond" truecount="1" falsecount="1"/>
        <line num="74" count="50" type="stmt"/>
        <line num="91" count="5" type="cond" truecount="3" falsecount="0"/>
        <line num="92" count="4" type="stmt"/>
        <line num="93" count="4" type="stmt"/>
        <line num="193" count="0" type="cond" truecount="0" falsecount="4"/>
        <line num="196" count="0" type="stmt"/>
        <line num="200" count="0" type="stmt"/>
        <line num="201" count="0" type="stmt"/>
        <line num="205" count="0" type="cond" truecount="0" falsecount="6"/>
        <line num="214" count="0" type="cond" truecount="0" falsecount="2"/>
        <line num="217" count="0" type="cond" truecount="0" falsecount="2"/>
        <line num="224" count="4" type="stmt"/>
      </file>
      <file name="NotificationList.tsx" path="C:\Users\brian\Documents\django-core\.worktrees\025-notifications-hub-ui\packages\notifications-hub\src\components\NotificationList\NotificationList.tsx">
        <metrics statements="13" coveredstatements="11" conditionals="13" coveredconditionals="13" methods="3" coveredmethods="1"/>
        <line num="1" count="2" type="stmt"/>
        <line num="3" count="2" type="stmt"/>
        <line num="4" count="2" type="stmt"/>
        <line num="59" count="2" type="stmt"/>
        <line num="73" count="31" type="cond" truecount="3" falsecount="0"/>
        <line num="74" count="10" type="stmt"/>
        <line num="82" count="21" type="cond" truecount="1" falsecount="0"/>
        <line num="83" count="5" type="stmt"/>
        <line num="151" count="0" type="stmt"/>
        <line num="154" count="0" type="stmt"/>
        <line num="165" count="16" type="cond" truecount="1" falsecount="0"/>
        <line num="166" count="10" type="stmt"/>
        <line num="227" count="6" type="stmt"/>
      </file>
      <file name="NotificationSkeleton.tsx" path="C:\Users\brian\Documents\django-core\.worktrees\025-notifications-hub-ui\packages\notifications-hub\src\components\NotificationList\NotificationSkeleton.tsx">
        <metrics statements="4" coveredstatements="4" conditionals="1" coveredconditionals="1" methods="2" coveredmethods="2"/>
        <line num="1" count="3" type="stmt"/>
        <line num="21" count="3" type="cond" truecount="1" falsecount="0"/>
        <line num="22" count="18" type="stmt"/>
        <line num="25" count="67" type="stmt"/>
      </file>
      <file name="VirtualizedList.tsx" path="C:\Users\brian\Documents\django-core\.worktrees\025-notifications-hub-ui\packages\notifications-hub\src\components\NotificationList\VirtualizedList.tsx">
        <metrics statements="26" coveredstatements="16" conditionals="17" coveredconditionals="7" methods="5" coveredmethods="3"/>
        <line num="1" count="2" type="stmt"/>
        <line num="2" count="2" type="stmt"/>
        <line num="4" count="2" type="stmt"/>
        <line num="53" count="2" type="stmt"/>
        <line num="55" count="2" type="stmt"/>
        <line num="66" count="10" type="stmt"/>
        <line num="67" count="10" type="stmt"/>
        <line num="70" count="10" type="stmt"/>
        <line num="71" count="0" type="stmt"/>
        <line num="74" count="0" type="cond" truecount="0" falsecount="1"/>
        <line num="75" count="0" type="stmt"/>
        <line num="83" count="0" type="cond" truecount="0" falsecount="5"/>
        <line num="84" count="0" type="stmt"/>
        <line num="89" count="10" type="stmt"/>
        <line num="90" count="10" type="cond" truecount="2" falsecount="1"/>
        <line num="91" count="10" type="stmt"/>
        <line num="94" count="0" type="stmt"/>
        <line num="100" count="0" type="stmt"/>
        <line num="102" count="0" type="stmt"/>
        <line num="103" count="0" type="stmt"/>
        <line num="108" count="10" type="stmt"/>
        <line num="109" count="22" type="stmt"/>
        <line num="111" count="22" type="cond" truecount="0" falsecount="1"/>
        <line num="112" count="0" type="stmt"/>
        <line num="115" count="22" type="stmt"/>
        <line num="126" count="10" type="stmt"/>
      </file>
      <file name="index.ts" path="C:\Users\brian\Documents\django-core\.worktrees\025-notifications-hub-ui\packages\notifications-hub\src\components\NotificationList\index.ts">
        <metrics statements="5" coveredstatements="5" conditionals="0" coveredconditionals="0" methods="5" coveredmethods="1"/>
        <line num="10" count="1" type="stmt"/>
        <line num="13" count="1" type="stmt"/>
        <line num="16" count="1" type="stmt"/>
        <line num="19" count="1" type="stmt"/>
        <line num="22" count="17" type="stmt"/>
      </file>
    </package>
    <package name="src.components.NotificationPanel">
      <metrics statements="79" coveredstatements="64" conditionals="53" coveredconditionals="49" methods="31" coveredmethods="21"/>
      <file name="NotificationPanel.tsx" path="C:\Users\brian\Documents\django-core\.worktrees\025-notifications-hub-ui\packages\notifications-hub\src\components\NotificationPanel\NotificationPanel.tsx">
        <metrics statements="30" coveredstatements="30" conditionals="24" coveredconditionals="22" methods="8" coveredmethods="7"/>
        <line num="1" count="2" type="stmt"/>
        <line num="3" count="2" type="stmt"/>
        <line num="4" count="2" type="stmt"/>
        <line num="5" count="2" type="stmt"/>
        <line num="90" count="2" type="stmt"/>
        <line num="107" count="85" type="stmt"/>
        <line num="108" count="85" type="stmt"/>
        <line num="111" count="85" type="stmt"/>
        <line num="112" count="44" type="stmt"/>
        <line num="113" count="9" type="cond" truecount="3" falsecount="0"/>
        <line num="114" count="3" type="stmt"/>
        <line num="118" count="44" type="cond" truecount="1" falsecount="0"/>
        <line num="119" count="41" type="stmt"/>
        <line num="122" count="44" type="stmt"/>
        <line num="123" count="44" type="stmt"/>
        <line num="128" count="85" type="stmt"/>
        <line num="129" count="44" type="cond" truecount="3" falsecount="0"/>
        <line num="130" count="41" type="stmt"/>
        <line num="135" count="85" type="stmt"/>
        <line num="136" count="44" type="cond" truecount="2" falsecount="0"/>
        <line num="137" count="41" type="stmt"/>
        <line num="139" count="41" type="stmt"/>
        <line num="140" count="41" type="stmt"/>
        <line num="142" count="3" type="stmt"/>
        <line num="147" count="85" type="cond" truecount="3" falsecount="0"/>
        <line num="148" count="3" type="stmt"/>
        <line num="152" count="82" type="stmt"/>
        <line num="153" count="82" type="cond" truecount="2" falsecount="0"/>
        <line num="154" count="82" type="stmt"/>
        <line num="156" count="82" type="stmt"/>
      </file>
      <file name="PanelFooter.tsx" path="C:\Users\brian\Documents\django-core\.worktrees\025-notifications-hub-ui\packages\notifications-hub\src\components\NotificationPanel\PanelFooter.tsx">
        <metrics statements="28" coveredstatements="22" conditionals="16" coveredconditionals="16" methods="11" coveredmethods="7"/>
        <line num="1" count="1" type="stmt"/>
        <line num="31" count="1" type="stmt"/>
        <line num="36" count="36" type="stmt"/>
        <line num="38" count="36" type="stmt"/>
        <line num="40" count="12" type="cond" truecount="2" falsecount="0"/>
        <line num="41" count="10" type="stmt"/>
        <line num="43" count="2" type="stmt"/>
        <line num="47" count="36" type="stmt"/>
        <line num="48" count="1" type="stmt"/>
        <line num="49" count="1" type="stmt"/>
        <line num="52" count="36" type="stmt"/>
        <line num="53" count="3" type="stmt"/>
        <line num="57" count="36" type="cond" truecount="1" falsecount="0"/>
        <line num="58" count="1" type="stmt"/>
        <line num="61" count="35" type="stmt"/>
        <line num="87" count="1" type="cond" truecount="1" falsecount="0"/>
        <line num="88" count="1" type="stmt"/>
        <line num="89" count="1" type="stmt"/>
        <line num="93" count="1" type="cond" truecount="1" falsecount="0"/>
        <line num="94" count="1" type="stmt"/>
        <line num="95" count="1" type="stmt"/>
        <line num="133" count="4" type="stmt"/>
        <line num="171" count="0" type="stmt"/>
        <line num="172" count="0" type="stmt"/>
        <line num="175" count="0" type="stmt"/>
        <line num="176" count="0" type="stmt"/>
        <line num="195" count="0" type="stmt"/>
        <line num="198" count="0" type="stmt"/>
      </file>
      <file name="PanelHeader.tsx" path="C:\Users\brian\Documents\django-core\.worktrees\025-notifications-hub-ui\packages\notifications-hub\src\components\NotificationPanel\PanelHeader.tsx">
        <metrics statements="18" coveredstatements="12" conditionals="13" coveredconditionals="11" methods="9" coveredmethods="7"/>
        <line num="1" count="1" type="stmt"/>
        <line num="41" count="1" type="stmt"/>
        <line num="48" count="20" type="stmt"/>
        <line num="88" count="1" type="stmt"/>
        <line num="89" count="1" type="stmt"/>
        <line num="92" count="1" type="stmt"/>
        <line num="93" count="1" type="stmt"/>
        <line num="122" count="2" type="stmt"/>
        <line num="127" count="1" type="stmt"/>
        <line num="132" count="1" type="stmt"/>
        <line num="146" count="1" type="stmt"/>
        <line num="147" count="60" type="stmt"/>
        <line num="163" count="0" type="cond" truecount="0" falsecount="1"/>
        <line num="164" count="0" type="stmt"/>
        <line num="165" count="0" type="stmt"/>
        <line num="169" count="0" type="cond" truecount="0" falsecount="1"/>
        <line num="170" count="0" type="stmt"/>
        <line num="171" count="0" type="stmt"/>
      </file>
      <file name="index.ts" path="C:\Users\brian\Documents\django-core\.worktrees\025-notifications-hub-ui\packages\notifications-hub\src\components\NotificationPanel\index.ts">
        <metrics statements="3" coveredstatements="0" conditionals="0" coveredconditionals="0" methods="3" coveredmethods="0"/>
        <line num="7" count="0" type="stmt"/>
        <line num="10" count="0" type="stmt"/>
        <line num="13" count="0" type="stmt"/>
      </file>
    </package>
    <package name="src.components.PerformanceMonitor">
      <metrics statements="15" coveredstatements="0" conditionals="10" coveredconditionals="0" methods="4" coveredmethods="0"/>
      <file name="PerformanceMonitor.tsx" path="C:\Users\brian\Documents\django-core\.worktrees\025-notifications-hub-ui\packages\notifications-hub\src\components\PerformanceMonitor\PerformanceMonitor.tsx">
        <metrics statements="14" coveredstatements="0" conditionals="10" coveredconditionals="0" methods="3" coveredmethods="0"/>
        <line num="1" count="0" type="stmt"/>
        <line num="45" count="0" type="stmt"/>
        <line num="48" count="0" type="stmt"/>
        <line num="57" count="0" type="cond" truecount="0" falsecount="1"/>
        <line num="58" count="0" type="stmt"/>
        <line num="72" count="0" type="cond" truecount="0" falsecount="1"/>
        <line num="74" count="0" type="stmt"/>
        <line num="75" count="0" type="cond" truecount="0" falsecount="3"/>
        <line num="76" count="0" type="stmt"/>
        <line num="87" count="0" type="stmt"/>
        <line num="94" count="0" type="cond" truecount="0" falsecount="1"/>
        <line num="95" count="0" type="stmt"/>
        <line num="98" count="0" type="stmt"/>
        <line num="100" count="0" type="stmt"/>
      </file>
      <file name="index.ts" path="C:\Users\brian\Documents\django-core\.worktrees\025-notifications-hub-ui\packages\notifications-hub\src\components\PerformanceMonitor\index.ts">
        <metrics statements="1" coveredstatements="0" conditionals="0" coveredconditionals="0" methods="1" coveredmethods="0"/>
        <line num="1" count="0" type="stmt"/>
      </file>
    </package>
    <package name="src.components.ToastHost">
      <metrics statements="69" coveredstatements="64" conditionals="23" coveredconditionals="22" methods="29" coveredmethods="25"/>
      <file name="Toast.tsx" path="C:\Users\brian\Documents\django-core\.worktrees\025-notifications-hub-ui\packages\notifications-hub\src\components\ToastHost\Toast.tsx">
        <metrics statements="11" coveredstatements="11" conditionals="10" coveredconditionals="10" methods="4" coveredmethods="4"/>
        <line num="1" count="2" type="stmt"/>
        <line num="28" count="2" type="stmt"/>
        <line num="35" count="25" type="stmt"/>
        <line num="36" count="1" type="stmt"/>
        <line num="39" count="25" type="stmt"/>
        <line num="40" count="1" type="cond" truecount="1" falsecount="0"/>
        <line num="41" count="1" type="stmt"/>
        <line num="46" count="25" type="stmt"/>
        <line num="69" count="25" type="stmt"/>
        <line num="81" count="25" type="stmt"/>
        <line num="100" count="1" type="stmt"/>
      </file>
      <file name="ToastContainer.tsx" path="C:\Users\brian\Documents\django-core\.worktrees\025-notifications-hub-ui\packages\notifications-hub\src\components\ToastHost\ToastContainer.tsx">
        <metrics statements="9" coveredstatements="9" conditionals="0" coveredconditionals="0" methods="2" coveredmethods="2"/>
        <line num="1" count="1" type="stmt"/>
        <line num="28" count="1" type="stmt"/>
        <line num="29" count="13" type="stmt"/>
        <line num="30" count="13" type="stmt"/>
        <line num="39" count="13" type="stmt"/>
        <line num="68" count="13" type="stmt"/>
        <line num="74" count="13" type="stmt"/>
        <line num="79" count="13" type="stmt"/>
        <line num="81" count="13" type="stmt"/>
      </file>
      <file name="ToastHost.tsx" path="C:\Users\brian\Documents\django-core\.worktrees\025-notifications-hub-ui\packages\notifications-hub\src\components\ToastHost\ToastHost.tsx">
        <metrics statements="46" coveredstatements="44" conditionals="13" coveredconditionals="12" methods="20" coveredmethods="19"/>
        <line num="1" count="1" type="stmt"/>
        <line num="3" count="1" type="stmt"/>
        <line num="4" count="1" type="stmt"/>
        <line num="30" count="1" type="stmt"/>
        <line num="62" count="1" type="stmt"/>
        <line num="68" count="41" type="stmt"/>
        <line num="69" count="41" type="stmt"/>
        <line num="72" count="41" type="stmt"/>
        <line num="73" count="51" type="cond" truecount="5" falsecount="1"/>
        <line num="75" count="37" type="stmt"/>
        <line num="77" count="7" type="stmt"/>
        <line num="79" count="3" type="stmt"/>
        <line num="82" count="4" type="stmt"/>
        <line num="84" count="0" type="stmt"/>
        <line num="89" count="41" type="stmt"/>
        <line num="90" count="74" type="stmt"/>
        <line num="94" count="41" type="stmt"/>
        <line num="95" count="20" type="stmt"/>
        <line num="96" count="5" type="stmt"/>
        <line num="97" count="5" type="cond" truecount="1" falsecount="0"/>
        <line num="98" count="5" type="stmt"/>
        <line num="99" count="5" type="stmt"/>
        <line num="101" count="0" type="stmt"/>
        <line num="106" count="41" type="stmt"/>
        <line num="108" count="20" type="stmt"/>
        <line num="109" count="20" type="stmt"/>
        <line num="115" count="41" type="stmt"/>
        <line num="116" count="18" type="stmt"/>
        <line num="118" count="18" type="stmt"/>
        <line num="119" count="23" type="stmt"/>
        <line num="122" count="23" type="cond" truecount="3" falsecount="0"/>
        <line num="123" count="21" type="stmt"/>
        <line num="124" count="19" type="stmt"/>
        <line num="127" count="21" type="stmt"/>
        <line num="132" count="23" type="stmt"/>
        <line num="133" count="18" type="stmt"/>
        <line num="134" count="1" type="cond" truecount="1" falsecount="0"/>
        <line num="135" count="1" type="stmt"/>
        <line num="139" count="22" type="stmt"/>
        <line num="142" count="18" type="stmt"/>
        <line num="143" count="18" type="stmt"/>
        <line num="148" count="41" type="stmt"/>
        <line num="150" count="41" type="cond" truecount="1" falsecount="0"/>
        <line num="151" count="4" type="stmt"/>
        <line num="154" count="37" type="stmt"/>
        <line num="157" count="51" type="stmt"/>
      </file>
      <file name="index.ts" path="C:\Users\brian\Documents\django-core\.worktrees\025-notifications-hub-ui\packages\notifications-hub\src\components\ToastHost\index.ts">
        <metrics statements="3" coveredstatements="0" conditionals="0" coveredconditionals="0" methods="3" coveredmethods="0"/>
        <line num="10" count="0" type="stmt"/>
        <line num="13" count="0" type="stmt"/>
        <line num="16" count="0" type="stmt"/>
      </file>
    </package>
    <package name="src.components.UnreadBadge">
      <metrics statements="14" coveredstatements="13" conditionals="15" coveredconditionals="15" methods="2" coveredmethods="1"/>
      <file name="UnreadBadge.tsx" path="C:\Users\brian\Documents\django-core\.worktrees\025-notifications-hub-ui\packages\notifications-hub\src\components\UnreadBadge\UnreadBadge.tsx">
        <metrics statements="13" coveredstatements="13" conditionals="15" coveredconditionals="15" methods="1" coveredmethods="1"/>
        <line num="1" count="1" type="stmt"/>
        <line num="2" count="1" type="stmt"/>
        <line num="54" count="1" type="stmt"/>
        <line num="60" count="25" type="stmt"/>
        <line num="63" count="25" type="cond" truecount="2" falsecount="0"/>
        <line num="66" count="25" type="cond" truecount="4" falsecount="0"/>
        <line num="67" count="4" type="stmt"/>
        <line num="71" count="21" type="cond" truecount="1" falsecount="0"/>
        <line num="72" count="3" type="stmt"/>
        <line num="80" count="18" type="cond" truecount="1" falsecount="0"/>
        <line num="81" count="6" type="stmt"/>
        <line num="100" count="12" type="cond" truecount="2" falsecount="0"/>
        <line num="102" count="12" type="stmt"/>
      </file>
      <file name="index.ts" path="C:\Users\brian\Documents\django-core\.worktrees\025-notifications-hub-ui\packages\notifications-hub\src\components\UnreadBadge\index.ts">
        <metrics statements="1" coveredstatements="0" conditionals="0" coveredconditionals="0" methods="1" coveredmethods="0"/>
        <line num="1" count="0" type="stmt"/>
      </file>
    </package>
    <package name="src.config">
      <metrics statements="2" coveredstatements="0" conditionals="0" coveredconditionals="0" methods="1" coveredmethods="0"/>
      <file name="defaultNotificationMappings.ts" path="C:\Users\brian\Documents\django-core\.worktrees\025-notifications-hub-ui\packages\notifications-hub\src\config\defaultNotificationMappings.ts">
        <metrics statements="1" coveredstatements="0" conditionals="0" coveredconditionals="0" methods="0" coveredmethods="0"/>
        <line num="3" count="0" type="stmt"/>
      </file>
      <file name="types.ts" path="C:\Users\brian\Documents\django-core\.worktrees\025-notifications-hub-ui\packages\notifications-hub\src\config\types.ts">
        <metrics statements="1" coveredstatements="0" conditionals="0" coveredconditionals="0" methods="1" coveredmethods="0"/>
        <line num="1" count="0" type="stmt"/>
      </file>
    </package>
    <package name="src.context">
      <metrics statements="224" coveredstatements="143" conditionals="95" coveredconditionals="46" methods="45" coveredmethods="23"/>
      <file name="NotificationsContext.tsx" path="C:\Users\brian\Documents\django-core\.worktrees\025-notifications-hub-ui\packages\notifications-hub\src\context\NotificationsContext.tsx">
        <metrics statements="2" coveredstatements="2" conditionals="0" coveredconditionals="0" methods="0" coveredmethods="0"/>
        <line num="1" count="10" type="stmt"/>
        <line num="73" count="10" type="stmt"/>
      </file>
      <file name="NotificationsProvider.tsx" path="C:\Users\brian\Documents\django-core\.worktrees\025-notifications-hub-ui\packages\notifications-hub\src\context\NotificationsProvider.tsx">
        <metrics statements="147" coveredstatements="79" conditionals="43" coveredconditionals="7" methods="25" coveredmethods="11"/>
        <line num="1" count="9" type="stmt"/>
        <line num="2" count="9" type="stmt"/>
        <line num="3" count="9" type="stmt"/>
        <line num="4" count="9" type="stmt"/>
        <line num="5" count="9" type="stmt"/>
        <line num="7" count="9" type="stmt"/>
        <line num="8" count="9" type="stmt"/>
        <line num="9" count="9" type="stmt"/>
        <line num="10" count="9" type="stmt"/>
        <line num="18" count="9" type="stmt"/>
        <line num="23" count="384" type="stmt"/>
        <line num="24" count="384" type="stmt"/>
        <line num="25" count="384" type="stmt"/>
        <line num="28" count="384" type="stmt"/>
        <line num="29" count="384" type="stmt"/>
        <line num="32" count="384" type="stmt"/>
        <line num="33" count="76" type="stmt"/>
        <line num="34" count="76" type="stmt"/>
        <line num="37" count="76" type="stmt"/>
        <line num="38" count="48" type="cond" truecount="0" falsecount="1"/>
        <line num="39" count="0" type="stmt"/>
        <line num="40" count="0" type="stmt"/>
        <line num="43" count="48" type="stmt"/>
        <line num="45" count="48" type="stmt"/>
        <line num="46" count="48" type="stmt"/>
        <line num="56" count="27" type="stmt"/>
        <line num="58" count="55" type="stmt"/>
        <line num="60" count="27" type="stmt"/>
        <line num="70" count="7" type="stmt"/>
        <line num="71" count="7" type="stmt"/>
        <line num="74" count="7" type="stmt"/>
        <line num="77" count="7" type="cond" truecount="1" falsecount="0"/>
        <line num="78" count="2" type="stmt"/>
        <line num="83" count="7" type="stmt"/>
        <line num="86" count="7" type="stmt"/>
        <line num="106" count="76" type="stmt"/>
        <line num="107" count="0" type="cond" truecount="0" falsecount="4"/>
        <line num="109" count="0" type="cond" truecount="0" falsecount="1"/>
        <line num="110" count="0" type="stmt"/>
        <line num="112" count="0" type="stmt"/>
        <line num="115" count="0" type="stmt"/>
        <line num="117" count="0" type="stmt"/>
        <line num="118" count="0" type="stmt"/>
        <line num="121" count="0" type="stmt"/>
        <line num="127" count="0" type="stmt"/>
        <line num="137" count="0" type="stmt"/>
        <line num="139" count="0" type="stmt"/>
        <line num="141" count="0" type="stmt"/>
        <line num="151" count="0" type="stmt"/>
        <line num="158" count="0" type="stmt"/>
        <line num="159" count="0" type="stmt"/>
        <line num="162" count="0" type="stmt"/>
        <line num="164" count="0" type="stmt"/>
        <line num="167" count="0" type="stmt"/>
        <line num="187" count="76" type="stmt"/>
        <line num="189" count="0" type="stmt"/>
        <line num="190" count="0" type="stmt"/>
        <line num="194" count="76" type="stmt"/>
        <line num="195" count="8" type="stmt"/>
        <line num="196" count="6" type="cond" truecount="0" falsecount="1"/>
        <line num="197" count="0" type="stmt"/>
        <line num="198" count="0" type="stmt"/>
        <line num="201" count="6" type="stmt"/>
        <line num="204" count="6" type="stmt"/>
        <line num="209" count="6" type="stmt"/>
        <line num="210" count="6" type="stmt"/>
        <line num="211" count="2" type="stmt"/>
        <line num="214" count="4" type="stmt"/>
        <line num="215" count="4" type="stmt"/>
        <line num="218" count="4" type="stmt"/>
        <line num="221" count="4" type="stmt"/>
        <line num="227" count="4" type="stmt"/>
        <line num="247" count="76" type="stmt"/>
        <line num="248" count="0" type="stmt"/>
        <line num="249" count="0" type="cond" truecount="0" falsecount="1"/>
        <line num="250" count="0" type="stmt"/>
        <line num="251" count="0" type="stmt"/>
        <line num="254" count="0" type="stmt"/>
        <line num="257" count="0" type="stmt"/>
        <line num="262" count="0" type="stmt"/>
        <line num="263" count="0" type="stmt"/>
        <line num="264" count="0" type="stmt"/>
        <line num="267" count="0" type="stmt"/>
        <line num="268" count="0" type="stmt"/>
        <line num="271" count="0" type="stmt"/>
        <line num="274" count="0" type="stmt"/>
        <line num="280" count="0" type="stmt"/>
        <line num="300" count="76" type="stmt"/>
        <line num="301" count="0" type="cond" truecount="0" falsecount="1"/>
        <line num="302" count="0" type="stmt"/>
        <line num="303" count="0" type="stmt"/>
        <line num="306" count="0" type="stmt"/>
        <line num="307" count="0" type="stmt"/>
        <line num="316" count="0" type="stmt"/>
        <line num="319" count="0" type="stmt"/>
        <line num="321" count="0" type="stmt"/>
        <line num="322" count="0" type="stmt"/>
        <line num="326" count="76" type="stmt"/>
        <line num="327" count="0" type="stmt"/>
        <line num="330" count="76" type="stmt"/>
        <line num="331" count="0" type="stmt"/>
        <line num="334" count="76" type="stmt"/>
        <line num="335" count="0" type="stmt"/>
        <line num="338" count="76" type="stmt"/>
        <line num="339" count="0" type="cond" truecount="0" falsecount="2"/>
        <line num="340" count="0" type="stmt"/>
        <line num="342" count="0" type="stmt"/>
        <line num="346" count="76" type="stmt"/>
        <line num="347" count="0" type="stmt"/>
        <line num="350" count="76" type="stmt"/>
        <line num="351" count="0" type="stmt"/>
        <line num="352" count="0" type="cond" truecount="0" falsecount="1"/>
        <line num="353" count="0" type="stmt"/>
        <line num="354" count="0" type="stmt"/>
        <line num="358" count="76" type="stmt"/>
        <line num="359" count="21" type="stmt"/>
        <line num="364" count="76" type="stmt"/>
        <line num="365" count="24" type="cond" truecount="1" falsecount="1"/>
        <line num="367" count="24" type="stmt"/>
        <line num="368" count="24" type="cond" truecount="0" falsecount="1"/>
        <line num="370" count="24" type="stmt"/>
        <line num="371" count="0" type="cond" truecount="0" falsecount="3"/>
        <line num="372" count="0" type="stmt"/>
        <line num="378" count="24" type="stmt"/>
        <line num="381" count="24" type="stmt"/>
        <line num="384" count="24" type="stmt"/>
        <line num="385" count="0" type="cond" truecount="0" falsecount="2"/>
        <line num="386" count="0" type="cond" truecount="0" falsecount="1"/>
        <line num="387" count="0" type="stmt"/>
        <line num="388" count="0" type="stmt"/>
        <line num="390" count="0" type="cond" truecount="0" falsecount="3"/>
        <line num="391" count="0" type="stmt"/>
        <line num="395" count="24" type="stmt"/>
        <line num="397" count="24" type="stmt"/>
        <line num="398" count="24" type="cond" truecount="1" falsecount="0"/>
        <line num="399" count="24" type="stmt"/>
        <line num="401" count="24" type="stmt"/>
        <line num="406" count="76" type="stmt"/>
        <line num="407" count="24" type="stmt"/>
        <line num="408" count="24" type="stmt"/>
        <line num="412" count="76" type="stmt"/>
        <line num="413" count="21" type="cond" truecount="1" falsecount="1"/>
        <line num="414" count="0" type="stmt"/>
        <line num="415" count="0" type="stmt"/>
        <line num="417" count="21" type="stmt"/>
        <line num="421" count="76" type="stmt"/>
        <line num="439" count="76" type="stmt"/>
      </file>
      <file name="apiClient.ts" path="C:\Users\brian\Documents\django-core\.worktrees\025-notifications-hub-ui\packages\notifications-hub\src\context\apiClient.ts">
        <metrics statements="44" coveredstatements="35" conditionals="30" coveredconditionals="18" methods="11" coveredmethods="7"/>
        <line num="11" count="5" type="stmt"/>
        <line num="54" count="18" type="stmt"/>
        <line num="55" count="18" type="stmt"/>
        <line num="56" count="18" type="stmt"/>
        <line num="57" count="18" type="cond" truecount="0" falsecount="1"/>
        <line num="58" count="0" type="cond" truecount="0" falsecount="2"/>
        <line num="60" count="18" type="stmt"/>
        <line num="67" count="22" type="stmt"/>
        <line num="68" count="22" type="stmt"/>
        <line num="70" count="22" type="stmt"/>
        <line num="71" count="22" type="stmt"/>
        <line num="72" count="6" type="cond" truecount="1" falsecount="2"/>
        <line num="73" count="6" type="stmt"/>
        <line num="74" count="6" type="stmt"/>
        <line num="76" count="16" type="stmt"/>
        <line num="79" count="22" type="stmt"/>
        <line num="94" count="97" type="stmt"/>
        <line num="100" count="97" type="cond" truecount="4" falsecount="1"/>
        <line num="101" count="18" type="stmt"/>
        <line num="102" count="18" type="cond" truecount="1" falsecount="1"/>
        <line num="103" count="0" type="stmt"/>
        <line num="105" count="18" type="stmt"/>
        <line num="109" count="97" type="stmt"/>
        <line num="115" count="51" type="cond" truecount="1" falsecount="0"/>
        <line num="116" count="22" type="stmt"/>
        <line num="120" count="29" type="cond" truecount="0" falsecount="1"/>
        <line num="121" count="0" type="stmt"/>
        <line num="124" count="29" type="stmt"/>
        <line num="132" count="5" type="stmt"/>
        <line num="136" count="48" type="stmt"/>
        <line num="145" count="48" type="stmt"/>
        <line num="147" count="79" type="stmt"/>
        <line num="155" count="5" type="stmt"/>
        <line num="160" count="6" type="stmt"/>
        <line num="162" count="6" type="stmt"/>
        <line num="163" count="18" type="stmt"/>
        <line num="179" count="5" type="stmt"/>
        <line num="183" count="0" type="stmt"/>
        <line num="185" count="0" type="stmt"/>
        <line num="186" count="0" type="stmt"/>
        <line num="202" count="5" type="stmt"/>
        <line num="207" count="0" type="stmt"/>
        <line num="212" count="0" type="stmt"/>
        <line num="214" count="0" type="stmt"/>
      </file>
      <file name="index.ts" path="C:\Users\brian\Documents\django-core\.worktrees\025-notifications-hub-ui\packages\notifications-hub\src\context\index.ts">
        <metrics statements="3" coveredstatements="0" conditionals="0" coveredconditionals="0" methods="4" coveredmethods="0"/>
        <line num="1" count="0" type="stmt"/>
        <line num="2" count="0" type="stmt"/>
        <line num="3" count="0" type="stmt"/>
      </file>
      <file name="notificationsReducer.ts" path="C:\Users\brian\Documents\django-core\.worktrees\025-notifications-hub-ui\packages\notifications-hub\src\context\notificationsReducer.ts">
        <metrics statements="28" coveredstatements="27" conditionals="22" coveredconditionals="21" methods="5" coveredmethods="5"/>
        <line num="21" count="10" type="stmt"/>
        <line num="41" count="10" type="stmt"/>
        <line num="45" count="144" type="cond" truecount="15" falsecount="1"/>
        <line num="47" count="49" type="stmt"/>
        <line num="50" count="29" type="stmt"/>
        <line num="51" count="29" type="stmt"/>
        <line num="61" count="55" type="stmt"/>
        <line num="67" count="5" type="stmt"/>
        <line num="70" count="1" type="stmt"/>
        <line num="73" count="2" type="stmt"/>
        <line num="74" count="2" type="stmt"/>
        <line num="88" count="8" type="stmt"/>
        <line num="89" count="8" type="stmt"/>
        <line num="92" count="20" type="cond" truecount="2" falsecount="0"/>
        <line num="99" count="3" type="stmt"/>
        <line num="102" count="6" type="stmt"/>
        <line num="103" count="6" type="stmt"/>
        <line num="106" count="14" type="cond" truecount="2" falsecount="0"/>
        <line num="114" count="2" type="stmt"/>
        <line num="121" count="25" type="stmt"/>
        <line num="128" count="10" type="stmt"/>
        <line num="133" count="10" type="stmt"/>
        <line num="140" count="1" type="stmt"/>
        <line num="142" count="2" type="stmt"/>
        <line num="146" count="1" type="stmt"/>
        <line num="149" count="1" type="stmt"/>
        <line num="152" count="1" type="stmt"/>
        <line num="155" count="0" type="stmt"/>
      </file>
    </package>
    <package name="src.hooks">
      <metrics statements="33" coveredstatements="26" conditionals="4" coveredconditionals="4" methods="8" coveredmethods="4"/>
      <file name="index.ts" path="C:\Users\brian\Documents\django-core\.worktrees\025-notifications-hub-ui\packages\notifications-hub\src\hooks\index.ts">
        <metrics statements="4" coveredstatements="0" conditionals="0" coveredconditionals="0" methods="4" coveredmethods="0"/>
        <line num="8" count="0" type="stmt"/>
        <line num="9" count="0" type="stmt"/>
        <line num="10" count="0" type="stmt"/>
        <line num="11" count="0" type="stmt"/>
      </file>
      <file name="useNotifications.ts" path="C:\Users\brian\Documents\django-core\.worktrees\025-notifications-hub-ui\packages\notifications-hub\src\hooks\useNotifications.ts">
        <metrics statements="7" coveredstatements="7" conditionals="1" coveredconditionals="1" methods="1" coveredmethods="1"/>
        <line num="1" count="5" type="stmt"/>
        <line num="2" count="5" type="stmt"/>
        <line num="25" count="5" type="stmt"/>
        <line num="26" count="82" type="stmt"/>
        <line num="28" count="82" type="cond" truecount="1" falsecount="0"/>
        <line num="29" count="8" type="stmt"/>
        <line num="35" count="74" type="stmt"/>
      </file>
      <file name="useNotificationsActions.ts" path="C:\Users\brian\Documents\django-core\.worktrees\025-notifications-hub-ui\packages\notifications-hub\src\hooks\useNotificationsActions.ts">
        <metrics statements="8" coveredstatements="6" conditionals="1" coveredconditionals="1" methods="1" coveredmethods="1"/>
        <line num="1" count="1" type="stmt"/>
        <line num="2" count="1" type="stmt"/>
        <line num="25" count="1" type="stmt"/>
        <line num="26" count="8" type="stmt"/>
        <line num="28" count="8" type="cond" truecount="1" falsecount="0"/>
        <line num="29" count="8" type="stmt"/>
        <line num="51" count="0" type="stmt"/>
        <line num="53" count="0" type="stmt"/>
      </file>
      <file name="usePolling.ts" path="C:\Users\brian\Documents\django-core\.worktrees\025-notifications-hub-ui\packages\notifications-hub\src\hooks\usePolling.ts">
        <metrics statements="7" coveredstatements="6" conditionals="1" coveredconditionals="1" methods="1" coveredmethods="1"/>
        <line num="1" count="1" type="stmt"/>
        <line num="2" count="1" type="stmt"/>
        <line num="25" count="1" type="stmt"/>
        <line num="30" count="8" type="stmt"/>
        <line num="32" count="8" type="cond" truecount="1" falsecount="0"/>
        <line num="33" count="8" type="stmt"/>
        <line num="39" count="0" type="stmt"/>
      </file>
      <file name="useUnreadCount.ts" path="C:\Users\brian\Documents\django-core\.worktrees\025-notifications-hub-ui\packages\notifications-hub\src\hooks\useUnreadCount.ts">
        <metrics statements="7" coveredstatements="7" conditionals="1" coveredconditionals="1" methods="1" coveredmethods="1"/>
        <line num="1" count="4" type="stmt"/>
        <line num="2" count="4" type="stmt"/>
        <line num="22" count="4" type="stmt"/>
        <line num="23" count="51" type="stmt"/>
        <line num="25" count="51" type="cond" truecount="1" falsecount="0"/>
        <line num="26" count="8" type="stmt"/>
        <line num="32" count="43" type="stmt"/>
      </file>
    </package>
    <package name="src.utils">
      <metrics statements="134" coveredstatements="106" conditionals="70" coveredconditionals="55" methods="30" coveredmethods="15"/>
      <file name="errorHandler.ts" path="C:\Users\brian\Documents\django-core\.worktrees\025-notifications-hub-ui\packages\notifications-hub\src\utils\errorHandler.ts">
        <metrics statements="39" coveredstatements="22" conditionals="27" coveredconditionals="14" methods="8" coveredmethods="6"/>
        <line num="25" count="8" type="cond" truecount="6" falsecount="4"/>
        <line num="27" count="0" type="stmt"/>
        <line num="29" count="2" type="stmt"/>
        <line num="31" count="2" type="stmt"/>
        <line num="33" count="0" type="stmt"/>
        <line num="35" count="0" type="stmt"/>
        <line num="40" count="4" type="stmt"/>
        <line num="42" count="0" type="cond" truecount="0" falsecount="2"/>
        <line num="43" count="0" type="stmt"/>
        <line num="44" count="0" type="cond" truecount="0" falsecount="1"/>
        <line num="45" count="0" type="stmt"/>
        <line num="47" count="0" type="stmt"/>
        <line num="58" count="8" type="cond" truecount="4" falsecount="0"/>
        <line num="59" count="4" type="stmt"/>
        <line num="60" count="4" type="cond" truecount="1" falsecount="1"/>
        <line num="61" count="4" type="stmt"/>
        <line num="62" count="0" type="cond" truecount="0" falsecount="2"/>
        <line num="63" count="0" type="stmt"/>
        <line num="64" count="0" type="cond" truecount="0" falsecount="1"/>
        <line num="65" count="0" type="stmt"/>
        <line num="67" count="0" type="stmt"/>
        <line num="79" count="8" type="cond" truecount="2" falsecount="0"/>
        <line num="88" count="9" type="stmt"/>
        <line num="90" count="11" type="stmt"/>
        <line num="92" count="11" type="cond" truecount="1" falsecount="0"/>
        <line num="93" count="8" type="stmt"/>
        <line num="103" count="3" type="stmt"/>
        <line num="120" count="9" type="stmt"/>
        <line num="121" count="7" type="stmt"/>
        <line num="122" count="7" type="stmt"/>
        <line num="131" count="9" type="stmt"/>
        <line num="132" count="0" type="stmt"/>
        <line num="133" count="0" type="stmt"/>
        <line num="142" count="9" type="stmt"/>
        <line num="143" count="0" type="stmt"/>
        <line num="144" count="0" type="cond" truecount="0" falsecount="2"/>
        <line num="154" count="9" type="stmt"/>
        <line num="158" count="11" type="stmt"/>
        <line num="160" count="11" type="stmt"/>
      </file>
      <file name="formatTimestamp.ts" path="C:\Users\brian\Documents\django-core\.worktrees\025-notifications-hub-ui\packages\notifications-hub\src\utils\formatTimestamp.ts">
        <metrics statements="15" coveredstatements="13" conditionals="5" coveredconditionals="5" methods="1" coveredmethods="1"/>
        <line num="1" count="1" type="stmt"/>
        <line num="3" count="1" type="cond" truecount="1" falsecount="0"/>
        <line num="4" count="9" type="stmt"/>
        <line num="5" count="9" type="stmt"/>
        <line num="7" count="9" type="cond" truecount="1" falsecount="0"/>
        <line num="8" count="3" type="stmt"/>
        <line num="11" count="6" type="cond" truecount="1" falsecount="0"/>
        <line num="13" count="3" type="stmt"/>
        <line num="17" count="3" type="cond" truecount="1" falsecount="0"/>
        <line num="18" count="1" type="stmt"/>
        <line num="20" count="2" type="cond" truecount="1" falsecount="0"/>
        <line num="21" count="1" type="stmt"/>
        <line num="23" count="1" type="stmt"/>
        <line num="25" count="0" type="stmt"/>
        <line num="26" count="0" type="stmt"/>
      </file>
      <file name="index.ts" path="C:\Users\brian\Documents\django-core\.worktrees\025-notifications-hub-ui\packages\notifications-hub\src\utils\index.ts">
        <metrics statements="5" coveredstatements="0" conditionals="0" coveredconditionals="0" methods="11" coveredmethods="0"/>
        <line num="1" count="0" type="stmt"/>
        <line num="2" count="0" type="stmt"/>
        <line num="3" count="0" type="stmt"/>
        <line num="4" count="0" type="stmt"/>
        <line num="5" count="0" type="stmt"/>
      </file>
      <file name="notificationMapper.ts" path="C:\Users\brian\Documents\django-core\.worktrees\025-notifications-hub-ui\packages\notifications-hub\src\utils\notificationMapper.ts">
        <metrics statements="11" coveredstatements="11" conditionals="7" coveredconditionals="7" methods="2" coveredmethods="2"/>
        <line num="3" count="1" type="stmt"/>
        <line num="7" count="8" type="stmt"/>
        <line num="14" count="8" type="cond" truecount="2" falsecount="0"/>
        <line num="17" count="8" type="stmt"/>
        <line num="23" count="8" type="stmt"/>
        <line num="29" count="8" type="cond" truecount="3" falsecount="0"/>
        <line num="30" count="2" type="stmt"/>
        <line num="33" count="8" type="stmt"/>
        <line num="36" count="1" type="stmt"/>
        <line num="37" count="10" type="stmt"/>
        <line num="44" count="10" type="cond" truecount="2" falsecount="0"/>
      </file>
      <file name="retryWithBackoff.ts" path="C:\Users\brian\Documents\django-core\.worktrees\025-notifications-hub-ui\packages\notifications-hub\src\utils\retryWithBackoff.ts">
        <metrics statements="29" coveredstatements="26" conditionals="10" coveredconditionals="9" methods="6" coveredmethods="4"/>
        <line num="31" count="56" type="stmt"/>
        <line num="32" count="56" type="stmt"/>
        <line num="33" count="56" type="stmt"/>
        <line num="43" count="67" type="stmt"/>
        <line num="46" count="67" type="cond" truecount="1" falsecount="0"/>
        <line num="47" count="45" type="stmt"/>
        <line num="52" count="22" type="cond" truecount="2" falsecount="0"/>
        <line num="63" count="5" type="stmt"/>
        <line num="72" count="54" type="stmt"/>
        <line num="76" count="54" type="stmt"/>
        <line num="77" count="97" type="stmt"/>
        <line num="78" count="97" type="stmt"/>
        <line num="80" count="67" type="stmt"/>
        <line num="83" count="67" type="cond" truecount="1" falsecount="0"/>
        <line num="84" count="4" type="stmt"/>
        <line num="85" count="4" type="stmt"/>
        <line num="89" count="63" type="cond" truecount="1" falsecount="0"/>
        <line num="90" count="7" type="stmt"/>
        <line num="91" count="7" type="stmt"/>
        <line num="95" count="56" type="stmt"/>
        <line num="96" count="56" type="stmt"/>
        <line num="98" count="56" type="stmt"/>
        <line num="103" count="56" type="cond" truecount="0" falsecount="1"/>
        <line num="104" count="0" type="stmt"/>
        <line num="108" count="56" type="stmt"/>
        <line num="113" count="7" type="stmt"/>
        <line num="123" count="5" type="stmt"/>
        <line num="127" count="0" type="stmt"/>
        <line num="132" count="0" type="stmt"/>
      </file>
      <file name="validateNotification.ts" path="C:\Users\brian\Documents\django-core\.worktrees\025-notifications-hub-ui\packages\notifications-hub\src\utils\validateNotification.ts">
        <metrics statements="35" coveredstatements="34" conditionals="21" coveredconditionals="20" methods="2" coveredmethods="2"/>
        <line num="3" count="10" type="stmt"/>
        <line num="12" count="12" type="stmt"/>
        <line num="29" count="10" type="stmt"/>
        <line num="30" count="73" type="stmt"/>
        <line num="32" count="73" type="cond" truecount="3" falsecount="0"/>
        <line num="33" count="3" type="stmt"/>
        <line num="34" count="2" type="stmt"/>
        <line num="37" count="70" type="cond" truecount="3" falsecount="0"/>
        <line num="38" count="1" type="stmt"/>
        <line num="39" count="1" type="stmt"/>
        <line num="42" count="69" type="cond" truecount="3" falsecount="0"/>
        <line num="43" count="3" type="stmt"/>
        <line num="44" count="3" type="stmt"/>
        <line num="47" count="66" type="cond" truecount="3" falsecount="0"/>
        <line num="48" count="1" type="stmt"/>
        <line num="49" count="1" type="stmt"/>
        <line num="52" count="65" type="cond" truecount="3" falsecount="0"/>
        <line num="53" count="1" type="stmt"/>
        <line num="54" count="1" type="stmt"/>
        <line num="58" count="64" type="cond" truecount="1" falsecount="0"/>
        <line num="59" count="1" type="stmt"/>
        <line num="65" count="1" type="stmt"/>
        <line num="69" count="64" type="stmt"/>
        <line num="70" count="64" type="cond" truecount="1" falsecount="0"/>
        <line num="71" count="3" type="stmt"/>
        <line num="72" count="3" type="stmt"/>
        <line num="76" count="61" type="cond" truecount="1" falsecount="0"/>
        <line num="77" count="1" type="stmt"/>
        <line num="83" count="1" type="stmt"/>
        <line num="85" count="61" type="cond" truecount="1" falsecount="0"/>
        <line num="86" count="1" type="stmt"/>
        <line num="92" count="1" type="stmt"/>
        <line num="95" count="61" type="stmt"/>
        <line num="97" count="1" type="stmt"/>
        <line num="102" count="0" type="stmt"/>
      </file>
    </package>
  </project>
</coverage>
