{"C:\\Users\\brian\\Documents\\django-core\\.worktrees\\025-notifications-hub-ui\\packages\\notifications-hub\\src\\config.ts": {"path":"C:\\Users\\brian\\Documents\\django-core\\.worktrees\\025-notifications-hub-ui\\packages\\notifications-hub\\src\\config.ts","statementMap":{"0":{"start":{"line":9,"column":13},"end":{"line":58,"column":2}}},"fnMap":{},"branchMap":{},"s":{"0":5},"f":{},"b":{}}
,"C:\\Users\\brian\\Documents\\django-core\\.worktrees\\025-notifications-hub-ui\\packages\\notifications-hub\\src\\components\\ErrorBoundary\\ErrorBoundary.tsx": {"path":"C:\\Users\\brian\\Documents\\django-core\\.worktrees\\025-notifications-hub-ui\\packages\\notifications-hub\\src\\components\\ErrorBoundary\\ErrorBoundary.tsx","statementMap":{"0":{"start":{"line":1,"column":0},"end":{"line":1,"column":52}},"1":{"start":{"line":31,"column":4},"end":{"line":31,"column":17}},"2":{"start":{"line":32,"column":4},"end":{"line":35,"column":6}},"3":{"start":{"line":40,"column":4},"end":{"line":43,"column":6}},"4":{"start":{"line":48,"column":4},"end":{"line":48,"column":73}},"5":{"start":{"line":51,"column":4},"end":{"line":53,"column":5}},"6":{"start":{"line":52,"column":6},"end":{"line":52,"column":43}},"7":{"start":{"line":57,"column":4},"end":{"line":99,"column":5}},"8":{"start":{"line":59,"column":6},"end":{"line":61,"column":7}},"9":{"start":{"line":60,"column":8},"end":{"line":60,"column":35}},"10":{"start":{"line":64,"column":6},"end":{"line":98,"column":8}},"11":{"start":{"line":101,"column":4},"end":{"line":101,"column":31}},"12":{"start":{"line":29,"column":0},"end":{"line":29,"column":13}}},"fnMap":{"0":{"name":"(anonymous_6)","decl":{"start":{"line":30,"column":2},"end":{"line":30,"column":14}},"loc":{"start":{"line":30,"column":39},"end":{"line":36,"column":3}}},"1":{"name":"(anonymous_7)","decl":{"start":{"line":38,"column":2},"end":{"line":38,"column":8}},"loc":{"start":{"line":38,"column":46},"end":{"line":44,"column":3}}},"2":{"name":"(anonymous_8)","decl":{"start":{"line":46,"column":2},"end":{"line":46,"column":19}},"loc":{"start":{"line":46,"column":60},"end":{"line":54,"column":3}}},"3":{"name":"(anonymous_9)","decl":{"start":{"line":56,"column":2},"end":{"line":56,"column":8}},"loc":{"start":{"line":56,"column":8},"end":{"line":102,"column":3}}}},"branchMap":{"0":{"loc":{"start":{"line":51,"column":4},"end":{"line":53,"column":5}},"type":"if","locations":[{"start":{"line":51,"column":4},"end":{"line":53,"column":5}}]},"1":{"loc":{"start":{"line":57,"column":4},"end":{"line":99,"column":5}},"type":"if","locations":[{"start":{"line":57,"column":4},"end":{"line":99,"column":5}}]},"2":{"loc":{"start":{"line":59,"column":6},"end":{"line":61,"column":7}},"type":"if","locations":[{"start":{"line":59,"column":6},"end":{"line":61,"column":7}}]},"3":{"loc":{"start":{"line":80,"column":11},"end":{"line":95,"column":null}},"type":"binary-expr","locations":[{"start":{"line":80,"column":11},"end":{"line":80,"column":27}},{"start":{"line":81,"column":12},"end":{"line":94,"column":null}}]}},"s":{"0":1,"1":5,"2":4,"3":4,"4":2,"5":2,"6":0,"7":8,"8":4,"9":2,"10":2,"11":4,"12":1},"f":{"0":5,"1":4,"2":2,"3":8},"b":{"0":[0],"1":[4],"2":[2],"3":[2,2]}}
,"C:\\Users\\brian\\Documents\\django-core\\.worktrees\\025-notifications-hub-ui\\packages\\notifications-hub\\src\\components\\ErrorBoundary\\index.ts": {"path":"C:\\Users\\brian\\Documents\\django-core\\.worktrees\\025-notifications-hub-ui\\packages\\notifications-hub\\src\\components\\ErrorBoundary\\index.ts","statementMap":{"0":{"start":{"line":1,"column":0},"end":{"line":1,"column":9}},"1":{"start":{"line":1,"column":9},"end":{"line":1,"column":48}}},"fnMap":{"0":{"name":"(anonymous_0)","decl":{"start":{"line":1,"column":9},"end":{"line":1,"column":22}},"loc":{"start":{"line":1,"column":9},"end":{"line":1,"column":48}}}},"branchMap":{},"s":{"0":1,"1":3},"f":{"0":2},"b":{}}
,"C:\\Users\\brian\\Documents\\django-core\\.worktrees\\025-notifications-hub-ui\\packages\\notifications-hub\\src\\components\\NotificationList\\NotificationActions.tsx": {"path":"C:\\Users\\brian\\Documents\\django-core\\.worktrees\\025-notifications-hub-ui\\packages\\notifications-hub\\src\\components\\NotificationList\\NotificationActions.tsx","statementMap":{"0":{"start":{"line":1,"column":0},"end":{"line":1,"column":26}},"1":{"start":{"line":28,"column":71},"end":{"line":121,"column":1}},"2":{"start":{"line":32,"column":30},"end":{"line":37,"column":3}},"3":{"start":{"line":33,"column":4},"end":{"line":33,"column":24}},"4":{"start":{"line":34,"column":4},"end":{"line":36,"column":5}},"5":{"start":{"line":35,"column":6},"end":{"line":35,"column":37}},"6":{"start":{"line":39,"column":2},"end":{"line":120,"column":4}},"7":{"start":{"line":46,"column":22},"end":{"line":46,"column":41}},"8":{"start":{"line":65,"column":10},"end":{"line":65,"column":60}},"9":{"start":{"line":66,"column":10},"end":{"line":66,"column":56}},"10":{"start":{"line":69,"column":10},"end":{"line":69,"column":60}},"11":{"start":{"line":70,"column":10},"end":{"line":70,"column":56}},"12":{"start":{"line":28,"column":13},"end":{"line":28,"column":71}}},"fnMap":{"0":{"name":"(anonymous_1)","decl":{"start":{"line":28,"column":71},"end":{"line":28,"column":72}},"loc":{"start":{"line":31,"column":5},"end":{"line":121,"column":1}}},"1":{"name":"(anonymous_2)","decl":{"start":{"line":32,"column":30},"end":{"line":32,"column":31}},"loc":{"start":{"line":32,"column":54},"end":{"line":37,"column":3}}},"2":{"name":"(anonymous_3)","decl":{"start":{"line":46,"column":15},"end":{"line":46,"column":16}},"loc":{"start":{"line":46,"column":22},"end":{"line":46,"column":41}}},"3":{"name":"(anonymous_4)","decl":{"start":{"line":64,"column":22},"end":{"line":64,"column":23}},"loc":{"start":{"line":64,"column":28},"end":{"line":67,"column":9}}},"4":{"name":"(anonymous_5)","decl":{"start":{"line":68,"column":22},"end":{"line":68,"column":23}},"loc":{"start":{"line":68,"column":28},"end":{"line":71,"column":9}}}},"branchMap":{"0":{"loc":{"start":{"line":34,"column":4},"end":{"line":36,"column":5}},"type":"if","locations":[{"start":{"line":34,"column":4},"end":{"line":36,"column":5}}]},"1":{"loc":{"start":{"line":72,"column":20},"end":{"line":72,"column":73}},"type":"cond-expr","locations":[{"start":{"line":72,"column":40},"end":{"line":72,"column":56}},{"start":{"line":72,"column":59},"end":{"line":72,"column":73}}]},"2":{"loc":{"start":{"line":73,"column":15},"end":{"line":73,"column":68}},"type":"cond-expr","locations":[{"start":{"line":73,"column":35},"end":{"line":73,"column":51}},{"start":{"line":73,"column":54},"end":{"line":73,"column":68}}]},"3":{"loc":{"start":{"line":75,"column":9},"end":{"line":116,"column":null}},"type":"cond-expr","locations":[{"start":{"line":77,"column":10},"end":{"line":91,"column":null}},{"start":{"line":95,"column":10},"end":{"line":115,"column":null}}]}},"s":{"0":5,"1":5,"2":67,"3":7,"4":7,"5":6,"6":67,"7":1,"8":2,"9":2,"10":1,"11":1,"12":5},"f":{"0":67,"1":7,"2":1,"3":2,"4":1},"b":{"0":[6],"1":[6,61],"2":[6,61],"3":[6,61]}}
,"C:\\Users\\brian\\Documents\\django-core\\.worktrees\\025-notifications-hub-ui\\packages\\notifications-hub\\src\\components\\NotificationList\\NotificationItem.tsx": {"path":"C:\\Users\\brian\\Documents\\django-core\\.worktrees\\025-notifications-hub-ui\\packages\\notifications-hub\\src\\components\\NotificationList\\NotificationItem.tsx","statementMap":{"0":{"start":{"line":1,"column":0},"end":{"line":1,"column":26}},"1":{"start":{"line":3,"column":0},"end":{"line":3,"column":47}},"2":{"start":{"line":4,"column":0},"end":{"line":4,"column":60}},"3":{"start":{"line":37,"column":67},"end":{"line":172,"column":1}},"4":{"start":{"line":42,"column":22},"end":{"line":46,"column":3}},"5":{"start":{"line":43,"column":4},"end":{"line":45,"column":5}},"6":{"start":{"line":44,"column":6},"end":{"line":44,"column":28}},"7":{"start":{"line":48,"column":25},"end":{"line":52,"column":3}},"8":{"start":{"line":49,"column":4},"end":{"line":51,"column":5}},"9":{"start":{"line":50,"column":6},"end":{"line":50,"column":37}},"10":{"start":{"line":55,"column":24},"end":{"line":61,"column":30}},"11":{"start":{"line":56,"column":4},"end":{"line":60,"column":5}},"12":{"start":{"line":57,"column":6},"end":{"line":57,"column":88}},"13":{"start":{"line":59,"column":6},"end":{"line":59,"column":36}},"14":{"start":{"line":64,"column":49},"end":{"line":70,"column":4}},"15":{"start":{"line":72,"column":20},"end":{"line":72,"column":70}},"16":{"start":{"line":74,"column":2},"end":{"line":171,"column":4}},"17":{"start":{"line":91,"column":8},"end":{"line":94,"column":9}},"18":{"start":{"line":92,"column":10},"end":{"line":92,"column":29}},"19":{"start":{"line":93,"column":10},"end":{"line":93,"column":24}},"20":{"start":{"line":193,"column":2},"end":{"line":197,"column":3}},"21":{"start":{"line":196,"column":4},"end":{"line":196,"column":16}},"22":{"start":{"line":200,"column":20},"end":{"line":200,"column":42}},"23":{"start":{"line":201,"column":20},"end":{"line":201,"column":42}},"24":{"start":{"line":205,"column":4},"end":{"line":210,"column":47}},"25":{"start":{"line":214,"column":4},"end":{"line":215,"column":49}},"26":{"start":{"line":217,"column":2},"end":{"line":217,"column":45}},"27":{"start":{"line":224,"column":13},"end":{"line":224,"column":85}}},"fnMap":{"0":{"name":"(anonymous_1)","decl":{"start":{"line":37,"column":67},"end":{"line":37,"column":68}},"loc":{"start":{"line":41,"column":5},"end":{"line":172,"column":1}}},"1":{"name":"(anonymous_2)","decl":{"start":{"line":42,"column":22},"end":{"line":42,"column":25}},"loc":{"start":{"line":42,"column":27},"end":{"line":46,"column":3}}},"2":{"name":"(anonymous_3)","decl":{"start":{"line":48,"column":25},"end":{"line":48,"column":26}},"loc":{"start":{"line":48,"column":43},"end":{"line":52,"column":3}}},"3":{"name":"(anonymous_4)","decl":{"start":{"line":55,"column":38},"end":{"line":55,"column":41}},"loc":{"start":{"line":55,"column":43},"end":{"line":61,"column":3}}},"4":{"name":"(anonymous_5)","decl":{"start":{"line":90,"column":17},"end":{"line":90,"column":18}},"loc":{"start":{"line":90,"column":23},"end":{"line":95,"column":7}}},"5":{"name":"arePropsEqual","decl":{"start":{"line":188,"column":9},"end":{"line":188,"column":22}},"loc":{"start":{"line":190,"column":34},"end":{"line":218,"column":1}}}},"branchMap":{"0":{"loc":{"start":{"line":43,"column":4},"end":{"line":45,"column":5}},"type":"if","locations":[{"start":{"line":43,"column":4},"end":{"line":45,"column":5}}]},"1":{"loc":{"start":{"line":49,"column":4},"end":{"line":51,"column":5}},"type":"if","locations":[{"start":{"line":49,"column":4},"end":{"line":51,"column":5}}]},"2":{"loc":{"start":{"line":72,"column":20},"end":{"line":72,"column":70}},"type":"binary-expr","locations":[{"start":{"line":72,"column":20},"end":{"line":72,"column":57}},{"start":{"line":72,"column":61},"end":{"line":72,"column":70}}]},"3":{"loc":{"start":{"line":80,"column":25},"end":{"line":80,"column":66}},"type":"cond-expr","locations":[{"start":{"line":80,"column":45},"end":{"line":80,"column":54}},{"start":{"line":80,"column":57},"end":{"line":80,"column":66}}]},"4":{"loc":{"start":{"line":91,"column":8},"end":{"line":94,"column":9}},"type":"if","locations":[{"start":{"line":91,"column":8},"end":{"line":94,"column":9}}]},"5":{"loc":{"start":{"line":91,"column":12},"end":{"line":91,"column":46}},"type":"binary-expr","locations":[{"start":{"line":91,"column":12},"end":{"line":91,"column":29}},{"start":{"line":91,"column":33},"end":{"line":91,"column":46}}]},"6":{"loc":{"start":{"line":96,"column":58},"end":{"line":96,"column":95}},"type":"cond-expr","locations":[{"start":{"line":96,"column":78},"end":{"line":96,"column":84}},{"start":{"line":96,"column":87},"end":{"line":96,"column":95}}]},"7":{"loc":{"start":{"line":126,"column":28},"end":{"line":126,"column":65}},"type":"cond-expr","locations":[{"start":{"line":126,"column":48},"end":{"line":126,"column":56}},{"start":{"line":126,"column":59},"end":{"line":126,"column":65}}]},"8":{"loc":{"start":{"line":193,"column":2},"end":{"line":197,"column":3}},"type":"if","locations":[{"start":{"line":193,"column":2},"end":{"line":197,"column":3}}]},"9":{"loc":{"start":{"line":193,"column":6},"end":{"line":195,"column":51}},"type":"binary-expr","locations":[{"start":{"line":193,"column":6},"end":{"line":193,"column":55}},{"start":{"line":194,"column":6},"end":{"line":194,"column":45}},{"start":{"line":195,"column":6},"end":{"line":195,"column":51}}]},"10":{"loc":{"start":{"line":205,"column":4},"end":{"line":210,"column":47}},"type":"binary-expr","locations":[{"start":{"line":205,"column":4},"end":{"line":205,"column":33}},{"start":{"line":206,"column":4},"end":{"line":206,"column":37}},{"start":{"line":207,"column":4},"end":{"line":207,"column":39}},{"start":{"line":208,"column":4},"end":{"line":208,"column":43}},{"start":{"line":209,"column":4},"end":{"line":209,"column":45}},{"start":{"line":210,"column":4},"end":{"line":210,"column":47}}]},"11":{"loc":{"start":{"line":214,"column":4},"end":{"line":215,"column":49}},"type":"binary-expr","locations":[{"start":{"line":214,"column":4},"end":{"line":214,"column":43}},{"start":{"line":215,"column":4},"end":{"line":215,"column":49}}]},"12":{"loc":{"start":{"line":217,"column":9},"end":{"line":217,"column":44}},"type":"binary-expr","locations":[{"start":{"line":217,"column":9},"end":{"line":217,"column":26}},{"start":{"line":217,"column":30},"end":{"line":217,"column":44}}]}},"s":{"0":4,"1":4,"2":4,"3":4,"4":50,"5":7,"6":6,"7":50,"8":3,"9":2,"10":50,"11":50,"12":50,"13":0,"14":50,"15":50,"16":50,"17":5,"18":4,"19":4,"20":0,"21":0,"22":0,"23":0,"24":0,"25":0,"26":0,"27":4},"f":{"0":50,"1":7,"2":3,"3":50,"4":5,"5":0},"b":{"0":[6],"1":[2],"2":[50,0],"3":[2,48],"4":[4],"5":[5,3],"6":[2,48],"7":[2,48],"8":[0],"9":[0,0,0],"10":[0,0,0,0,0,0],"11":[0,0],"12":[0,0]}}
,"C:\\Users\\brian\\Documents\\django-core\\.worktrees\\025-notifications-hub-ui\\packages\\notifications-hub\\src\\components\\NotificationList\\NotificationList.tsx": {"path":"C:\\Users\\brian\\Documents\\django-core\\.worktrees\\025-notifications-hub-ui\\packages\\notifications-hub\\src\\components\\NotificationList\\NotificationList.tsx","statementMap":{"0":{"start":{"line":1,"column":0},"end":{"line":1,"column":26}},"1":{"start":{"line":3,"column":0},"end":{"line":3,"column":62}},"2":{"start":{"line":4,"column":0},"end":{"line":4,"column":52}},"3":{"start":{"line":59,"column":65},"end":{"line":239,"column":1}},"4":{"start":{"line":73,"column":2},"end":{"line":79,"column":3}},"5":{"start":{"line":74,"column":4},"end":{"line":78,"column":6}},"6":{"start":{"line":82,"column":2},"end":{"line":162,"column":3}},"7":{"start":{"line":83,"column":4},"end":{"line":161,"column":6}},"8":{"start":{"line":151,"column":14},"end":{"line":151,"column":64}},"9":{"start":{"line":154,"column":14},"end":{"line":154,"column":64}},"10":{"start":{"line":165,"column":2},"end":{"line":224,"column":3}},"11":{"start":{"line":166,"column":4},"end":{"line":223,"column":6}},"12":{"start":{"line":227,"column":2},"end":{"line":238,"column":4}},"13":{"start":{"line":59,"column":13},"end":{"line":59,"column":65}}},"fnMap":{"0":{"name":"(anonymous_1)","decl":{"start":{"line":59,"column":65},"end":{"line":59,"column":66}},"loc":{"start":{"line":71,"column":5},"end":{"line":239,"column":1}}},"1":{"name":"(anonymous_2)","decl":{"start":{"line":150,"column":26},"end":{"line":150,"column":27}},"loc":{"start":{"line":150,"column":32},"end":{"line":152,"column":13}}},"2":{"name":"(anonymous_3)","decl":{"start":{"line":153,"column":26},"end":{"line":153,"column":27}},"loc":{"start":{"line":153,"column":32},"end":{"line":155,"column":13}}}},"branchMap":{"0":{"loc":{"start":{"line":63,"column":2},"end":{"line":63,"column":14}},"type":"default-arg","locations":[{"start":{"line":63,"column":11},"end":{"line":63,"column":14}}]},"1":{"loc":{"start":{"line":64,"column":2},"end":{"line":64,"column":16}},"type":"default-arg","locations":[{"start":{"line":64,"column":10},"end":{"line":64,"column":16}}]},"2":{"loc":{"start":{"line":69,"column":2},"end":{"line":69,"column":17}},"type":"default-arg","locations":[{"start":{"line":69,"column":12},"end":{"line":69,"column":17}}]},"3":{"loc":{"start":{"line":70,"column":2},"end":{"line":70,"column":23}},"type":"default-arg","locations":[{"start":{"line":70,"column":18},"end":{"line":70,"column":23}}]},"4":{"loc":{"start":{"line":73,"column":2},"end":{"line":79,"column":3}},"type":"if","locations":[{"start":{"line":73,"column":2},"end":{"line":79,"column":3}}]},"5":{"loc":{"start":{"line":73,"column":6},"end":{"line":73,"column":43}},"type":"binary-expr","locations":[{"start":{"line":73,"column":6},"end":{"line":73,"column":13}},{"start":{"line":73,"column":17},"end":{"line":73,"column":43}}]},"6":{"loc":{"start":{"line":82,"column":2},"end":{"line":162,"column":3}},"type":"if","locations":[{"start":{"line":82,"column":2},"end":{"line":162,"column":3}}]},"7":{"loc":{"start":{"line":132,"column":13},"end":{"line":132,"column":60}},"type":"binary-expr","locations":[{"start":{"line":132,"column":13},"end":{"line":132,"column":26}},{"start":{"line":132,"column":30},"end":{"line":132,"column":60}}]},"8":{"loc":{"start":{"line":136,"column":9},"end":{"line":158,"column":null}},"type":"binary-expr","locations":[{"start":{"line":136,"column":9},"end":{"line":136,"column":16}},{"start":{"line":137,"column":10},"end":{"line":155,"column":null}}]},"9":{"loc":{"start":{"line":165,"column":2},"end":{"line":224,"column":3}},"type":"if","locations":[{"start":{"line":165,"column":2},"end":{"line":224,"column":3}}]}},"s":{"0":2,"1":2,"2":2,"3":2,"4":31,"5":10,"6":21,"7":5,"8":0,"9":0,"10":16,"11":10,"12":6,"13":2},"f":{"0":31,"1":0,"2":0},"b":{"0":[30],"1":[30],"2":[15],"3":[15],"4":[10],"5":[31,11],"6":[5],"7":[5,1],"8":[5,1],"9":[10]}}
,"C:\\Users\\brian\\Documents\\django-core\\.worktrees\\025-notifications-hub-ui\\packages\\notifications-hub\\src\\components\\NotificationList\\NotificationSkeleton.tsx": {"path":"C:\\Users\\brian\\Documents\\django-core\\.worktrees\\025-notifications-hub-ui\\packages\\notifications-hub\\src\\components\\NotificationList\\NotificationSkeleton.tsx","statementMap":{"0":{"start":{"line":1,"column":0},"end":{"line":1,"column":26}},"1":{"start":{"line":21,"column":73},"end":{"line":84,"column":1}},"2":{"start":{"line":22,"column":2},"end":{"line":83,"column":4}},"3":{"start":{"line":25,"column":8},"end":{"line":26,"column":null}},"4":{"start":{"line":21,"column":13},"end":{"line":21,"column":73}}},"fnMap":{"0":{"name":"(anonymous_1)","decl":{"start":{"line":21,"column":73},"end":{"line":21,"column":74}},"loc":{"start":{"line":21,"column":90},"end":{"line":84,"column":1}}},"1":{"name":"(anonymous_2)","decl":{"start":{"line":24,"column":40},"end":{"line":24,"column":41}},"loc":{"start":{"line":25,"column":8},"end":{"line":26,"column":null}}}},"branchMap":{"0":{"loc":{"start":{"line":21,"column":76},"end":{"line":21,"column":84}},"type":"default-arg","locations":[{"start":{"line":21,"column":83},"end":{"line":21,"column":84}}]}},"s":{"0":3,"1":3,"2":18,"3":67,"4":3},"f":{"0":18,"1":67},"b":{"0":[1]}}
,"C:\\Users\\brian\\Documents\\django-core\\.worktrees\\025-notifications-hub-ui\\packages\\notifications-hub\\src\\components\\NotificationList\\VirtualizedList.tsx": {"path":"C:\\Users\\brian\\Documents\\django-core\\.worktrees\\025-notifications-hub-ui\\packages\\notifications-hub\\src\\components\\NotificationList\\VirtualizedList.tsx","statementMap":{"0":{"start":{"line":1,"column":0},"end":{"line":1,"column":62}},"1":{"start":{"line":2,"column":0},"end":{"line":2,"column":70}},"2":{"start":{"line":4,"column":0},"end":{"line":4,"column":54}},"3":{"start":{"line":53,"column":20},"end":{"line":53,"column":22}},"4":{"start":{"line":55,"column":63},"end":{"line":170,"column":1}},"5":{"start":{"line":66,"column":22},"end":{"line":66,"column":57}},"6":{"start":{"line":67,"column":18},"end":{"line":67,"column":52}},"7":{"start":{"line":70,"column":29},"end":{"line":86,"column":42}},"8":{"start":{"line":71,"column":20},"end":{"line":71,"column":27}},"9":{"start":{"line":74,"column":4},"end":{"line":80,"column":5}},"10":{"start":{"line":75,"column":6},"end":{"line":79,"column":9}},"11":{"start":{"line":83,"column":4},"end":{"line":85,"column":5}},"12":{"start":{"line":84,"column":6},"end":{"line":84,"column":19}},"13":{"start":{"line":89,"column":2},"end":{"line":105,"column":36}},"14":{"start":{"line":90,"column":4},"end":{"line":92,"column":5}},"15":{"start":{"line":91,"column":6},"end":{"line":91,"column":13}},"16":{"start":{"line":94,"column":21},"end":{"line":98,"column":6}},"17":{"start":{"line":100,"column":4},"end":{"line":100,"column":42}},"18":{"start":{"line":102,"column":4},"end":{"line":104,"column":6}},"19":{"start":{"line":103,"column":6},"end":{"line":103,"column":28}},"20":{"start":{"line":108,"column":49},"end":{"line":124,"column":3}},"21":{"start":{"line":109,"column":25},"end":{"line":109,"column":45}},"22":{"start":{"line":111,"column":4},"end":{"line":113,"column":5}},"23":{"start":{"line":112,"column":6},"end":{"line":112,"column":18}},"24":{"start":{"line":115,"column":4},"end":{"line":123,"column":6}},"25":{"start":{"line":126,"column":2},"end":{"line":169,"column":4}},"26":{"start":{"line":55,"column":13},"end":{"line":55,"column":63}}},"fnMap":{"0":{"name":"(anonymous_6)","decl":{"start":{"line":55,"column":63},"end":{"line":55,"column":64}},"loc":{"start":{"line":64,"column":5},"end":{"line":170,"column":1}}},"1":{"name":"(anonymous_7)","decl":{"start":{"line":70,"column":41},"end":{"line":70,"column":42}},"loc":{"start":{"line":70,"column":82},"end":{"line":86,"column":3}}},"2":{"name":"(anonymous_8)","decl":{"start":{"line":89,"column":12},"end":{"line":89,"column":15}},"loc":{"start":{"line":89,"column":17},"end":{"line":105,"column":3}}},"3":{"name":"(anonymous_9)","decl":{"start":{"line":102,"column":11},"end":{"line":102,"column":14}},"loc":{"start":{"line":102,"column":16},"end":{"line":104,"column":5}}},"4":{"name":"(anonymous_10)","decl":{"start":{"line":108,"column":49},"end":{"line":108,"column":50}},"loc":{"start":{"line":108,"column":70},"end":{"line":124,"column":3}}}},"branchMap":{"0":{"loc":{"start":{"line":58,"column":2},"end":{"line":58,"column":16}},"type":"default-arg","locations":[{"start":{"line":58,"column":10},"end":{"line":58,"column":16}}]},"1":{"loc":{"start":{"line":62,"column":2},"end":{"line":62,"column":17}},"type":"default-arg","locations":[{"start":{"line":62,"column":12},"end":{"line":62,"column":17}}]},"2":{"loc":{"start":{"line":63,"column":2},"end":{"line":63,"column":23}},"type":"default-arg","locations":[{"start":{"line":63,"column":18},"end":{"line":63,"column":23}}]},"3":{"loc":{"start":{"line":74,"column":4},"end":{"line":80,"column":5}},"type":"if","locations":[{"start":{"line":74,"column":4},"end":{"line":80,"column":5}}]},"4":{"loc":{"start":{"line":83,"column":4},"end":{"line":85,"column":5}},"type":"if","locations":[{"start":{"line":83,"column":4},"end":{"line":85,"column":5}}]},"5":{"loc":{"start":{"line":83,"column":8},"end":{"line":83,"column":71}},"type":"binary-expr","locations":[{"start":{"line":83,"column":8},"end":{"line":83,"column":28}},{"start":{"line":83,"column":32},"end":{"line":83,"column":39}},{"start":{"line":83,"column":43},"end":{"line":83,"column":57}},{"start":{"line":83,"column":61},"end":{"line":83,"column":71}}]},"6":{"loc":{"start":{"line":90,"column":4},"end":{"line":92,"column":5}},"type":"if","locations":[{"start":{"line":90,"column":4},"end":{"line":92,"column":5}}]},"7":{"loc":{"start":{"line":90,"column":8},"end":{"line":90,"column":40}},"type":"binary-expr","locations":[{"start":{"line":90,"column":8},"end":{"line":90,"column":28}},{"start":{"line":90,"column":32},"end":{"line":90,"column":40}}]},"8":{"loc":{"start":{"line":111,"column":4},"end":{"line":113,"column":5}},"type":"if","locations":[{"start":{"line":111,"column":4},"end":{"line":113,"column":5}}]},"9":{"loc":{"start":{"line":140,"column":7},"end":{"line":151,"column":null}},"type":"binary-expr","locations":[{"start":{"line":140,"column":7},"end":{"line":140,"column":14}},{"start":{"line":141,"column":8},"end":{"line":150,"column":null}}]},"10":{"loc":{"start":{"line":155,"column":7},"end":{"line":166,"column":null}},"type":"binary-expr","locations":[{"start":{"line":155,"column":7},"end":{"line":155,"column":20}},{"start":{"line":156,"column":8},"end":{"line":163,"column":null}}]}},"s":{"0":2,"1":2,"2":2,"3":2,"4":2,"5":10,"6":10,"7":10,"8":0,"9":0,"10":0,"11":0,"12":0,"13":10,"14":10,"15":10,"16":0,"17":0,"18":0,"19":0,"20":10,"21":22,"22":22,"23":0,"24":22,"25":10,"26":2},"f":{"0":10,"1":0,"2":10,"3":0,"4":22},"b":{"0":[8],"1":[10],"2":[10],"3":[0],"4":[0],"5":[0,0,0,0],"6":[10],"7":[10,0],"8":[0],"9":[10,0],"10":[10,0]}}
,"C:\\Users\\brian\\Documents\\django-core\\.worktrees\\025-notifications-hub-ui\\packages\\notifications-hub\\src\\components\\NotificationList\\index.ts": {"path":"C:\\Users\\brian\\Documents\\django-core\\.worktrees\\025-notifications-hub-ui\\packages\\notifications-hub\\src\\components\\NotificationList\\index.ts","statementMap":{"0":{"start":{"line":10,"column":0},"end":{"line":10,"column":9}},"1":{"start":{"line":10,"column":9},"end":{"line":10,"column":62}},"2":{"start":{"line":13,"column":0},"end":{"line":13,"column":9}},"3":{"start":{"line":13,"column":9},"end":{"line":13,"column":54}},"4":{"start":{"line":16,"column":0},"end":{"line":16,"column":9}},"5":{"start":{"line":16,"column":9},"end":{"line":16,"column":60}},"6":{"start":{"line":19,"column":0},"end":{"line":19,"column":9}},"7":{"start":{"line":19,"column":9},"end":{"line":19,"column":52}},"8":{"start":{"line":22,"column":0},"end":{"line":22,"column":9}},"9":{"start":{"line":22,"column":9},"end":{"line":22,"column":54}}},"fnMap":{"0":{"name":"(anonymous_0)","decl":{"start":{"line":10,"column":9},"end":{"line":10,"column":29}},"loc":{"start":{"line":10,"column":9},"end":{"line":10,"column":62}}},"1":{"name":"(anonymous_1)","decl":{"start":{"line":13,"column":9},"end":{"line":13,"column":25}},"loc":{"start":{"line":13,"column":9},"end":{"line":13,"column":54}}},"2":{"name":"(anonymous_2)","decl":{"start":{"line":16,"column":9},"end":{"line":16,"column":28}},"loc":{"start":{"line":16,"column":9},"end":{"line":16,"column":60}}},"3":{"name":"(anonymous_3)","decl":{"start":{"line":19,"column":9},"end":{"line":19,"column":24}},"loc":{"start":{"line":19,"column":9},"end":{"line":19,"column":52}}},"4":{"name":"(anonymous_4)","decl":{"start":{"line":22,"column":9},"end":{"line":22,"column":25}},"loc":{"start":{"line":22,"column":9},"end":{"line":22,"column":54}}}},"branchMap":{},"s":{"0":1,"1":1,"2":1,"3":1,"4":1,"5":1,"6":1,"7":1,"8":1,"9":17},"f":{"0":0,"1":0,"2":0,"3":0,"4":16},"b":{}}
,"C:\\Users\\brian\\Documents\\django-core\\.worktrees\\025-notifications-hub-ui\\packages\\notifications-hub\\src\\components\\NotificationPanel\\NotificationPanel.tsx": {"path":"C:\\Users\\brian\\Documents\\django-core\\.worktrees\\025-notifications-hub-ui\\packages\\notifications-hub\\src\\components\\NotificationPanel\\NotificationPanel.tsx","statementMap":{"0":{"start":{"line":1,"column":0},"end":{"line":1,"column":26}},"1":{"start":{"line":3,"column":0},"end":{"line":3,"column":64}},"2":{"start":{"line":4,"column":0},"end":{"line":4,"column":44}},"3":{"start":{"line":5,"column":0},"end":{"line":5,"column":72}},"4":{"start":{"line":90,"column":67},"end":{"line":232,"column":1}},"5":{"start":{"line":107,"column":19},"end":{"line":107,"column":53}},"6":{"start":{"line":108,"column":40},"end":{"line":108,"column":61}},"7":{"start":{"line":111,"column":2},"end":{"line":125,"column":22}},"8":{"start":{"line":112,"column":26},"end":{"line":116,"column":5}},"9":{"start":{"line":113,"column":6},"end":{"line":115,"column":7}},"10":{"start":{"line":114,"column":8},"end":{"line":114,"column":18}},"11":{"start":{"line":118,"column":4},"end":{"line":120,"column":5}},"12":{"start":{"line":119,"column":6},"end":{"line":119,"column":58}},"13":{"start":{"line":122,"column":4},"end":{"line":124,"column":6}},"14":{"start":{"line":123,"column":6},"end":{"line":123,"column":61}},"15":{"start":{"line":128,"column":2},"end":{"line":132,"column":13}},"16":{"start":{"line":129,"column":4},"end":{"line":131,"column":5}},"17":{"start":{"line":130,"column":6},"end":{"line":130,"column":31}},"18":{"start":{"line":135,"column":2},"end":{"line":144,"column":13}},"19":{"start":{"line":136,"column":4},"end":{"line":143,"column":5}},"20":{"start":{"line":137,"column":6},"end":{"line":137,"column":27}},"21":{"start":{"line":139,"column":20},"end":{"line":139,"column":64}},"22":{"start":{"line":139,"column":37},"end":{"line":139,"column":58}},"23":{"start":{"line":140,"column":6},"end":{"line":140,"column":39}},"24":{"start":{"line":140,"column":19},"end":{"line":140,"column":38}},"25":{"start":{"line":142,"column":6},"end":{"line":142,"column":28}},"26":{"start":{"line":147,"column":2},"end":{"line":149,"column":3}},"27":{"start":{"line":148,"column":4},"end":{"line":148,"column":16}},"28":{"start":{"line":152,"column":21},"end":{"line":152,"column":28}},"29":{"start":{"line":153,"column":20},"end":{"line":153,"column":83}},"30":{"start":{"line":154,"column":18},"end":{"line":154,"column":33}},"31":{"start":{"line":156,"column":2},"end":{"line":231,"column":4}},"32":{"start":{"line":90,"column":13},"end":{"line":90,"column":67}}},"fnMap":{"0":{"name":"(anonymous_1)","decl":{"start":{"line":90,"column":67},"end":{"line":90,"column":68}},"loc":{"start":{"line":106,"column":5},"end":{"line":232,"column":1}}},"1":{"name":"(anonymous_2)","decl":{"start":{"line":111,"column":18},"end":{"line":111,"column":21}},"loc":{"start":{"line":111,"column":23},"end":{"line":125,"column":3}}},"2":{"name":"(anonymous_3)","decl":{"start":{"line":112,"column":26},"end":{"line":112,"column":27}},"loc":{"start":{"line":112,"column":47},"end":{"line":116,"column":5}}},"3":{"name":"(anonymous_4)","decl":{"start":{"line":122,"column":11},"end":{"line":122,"column":14}},"loc":{"start":{"line":122,"column":16},"end":{"line":124,"column":5}}},"4":{"name":"(anonymous_5)","decl":{"start":{"line":128,"column":18},"end":{"line":128,"column":21}},"loc":{"start":{"line":128,"column":23},"end":{"line":132,"column":3}}},"5":{"name":"(anonymous_6)","decl":{"start":{"line":135,"column":18},"end":{"line":135,"column":21}},"loc":{"start":{"line":135,"column":23},"end":{"line":144,"column":3}}},"6":{"name":"(anonymous_7)","decl":{"start":{"line":139,"column":31},"end":{"line":139,"column":34}},"loc":{"start":{"line":139,"column":37},"end":{"line":139,"column":58}}},"7":{"name":"(anonymous_8)","decl":{"start":{"line":140,"column":13},"end":{"line":140,"column":16}},"loc":{"start":{"line":140,"column":19},"end":{"line":140,"column":38}}}},"branchMap":{"0":{"loc":{"start":{"line":92,"column":2},"end":{"line":92,"column":20}},"type":"default-arg","locations":[{"start":{"line":92,"column":13},"end":{"line":92,"column":20}}]},"1":{"loc":{"start":{"line":105,"column":2},"end":{"line":105,"column":29}},"type":"default-arg","locations":[{"start":{"line":105,"column":24},"end":{"line":105,"column":29}}]},"2":{"loc":{"start":{"line":113,"column":6},"end":{"line":115,"column":7}},"type":"if","locations":[{"start":{"line":113,"column":6},"end":{"line":115,"column":7}}]},"3":{"loc":{"start":{"line":113,"column":10},"end":{"line":113,"column":36}},"type":"binary-expr","locations":[{"start":{"line":113,"column":10},"end":{"line":113,"column":28}},{"start":{"line":113,"column":32},"end":{"line":113,"column":36}}]},"4":{"loc":{"start":{"line":118,"column":4},"end":{"line":120,"column":5}},"type":"if","locations":[{"start":{"line":118,"column":4},"end":{"line":120,"column":5}}]},"5":{"loc":{"start":{"line":129,"column":4},"end":{"line":131,"column":5}},"type":"if","locations":[{"start":{"line":129,"column":4},"end":{"line":131,"column":5}}]},"6":{"loc":{"start":{"line":129,"column":8},"end":{"line":129,"column":32}},"type":"binary-expr","locations":[{"start":{"line":129,"column":8},"end":{"line":129,"column":12}},{"start":{"line":129,"column":16},"end":{"line":129,"column":32}}]},"7":{"loc":{"start":{"line":136,"column":4},"end":{"line":143,"column":5}},"type":"if","locations":[{"start":{"line":136,"column":4},"end":{"line":143,"column":5}},{"start":{"line":141,"column":11},"end":{"line":143,"column":5}}]},"8":{"loc":{"start":{"line":147,"column":2},"end":{"line":149,"column":3}},"type":"if","locations":[{"start":{"line":147,"column":2},"end":{"line":149,"column":3}}]},"9":{"loc":{"start":{"line":147,"column":6},"end":{"line":147,"column":27}},"type":"binary-expr","locations":[{"start":{"line":147,"column":6},"end":{"line":147,"column":11}},{"start":{"line":147,"column":15},"end":{"line":147,"column":27}}]},"10":{"loc":{"start":{"line":153,"column":20},"end":{"line":153,"column":83}},"type":"cond-expr","locations":[{"start":{"line":153,"column":43},"end":{"line":153,"column":61}},{"start":{"line":153,"column":64},"end":{"line":153,"column":83}}]},"11":{"loc":{"start":{"line":167,"column":19},"end":{"line":167,"column":31}},"type":"cond-expr","locations":[{"start":{"line":167,"column":26},"end":{"line":167,"column":27}},{"start":{"line":167,"column":30},"end":{"line":167,"column":31}}]},"12":{"loc":{"start":{"line":180,"column":20},"end":{"line":180,"column":44}},"type":"binary-expr","locations":[{"start":{"line":180,"column":20},"end":{"line":180,"column":25}},{"start":{"line":180,"column":29},"end":{"line":180,"column":44}}]},"13":{"loc":{"start":{"line":190,"column":21},"end":{"line":192,"column":44}},"type":"cond-expr","locations":[{"start":{"line":191,"column":14},"end":{"line":191,"column":45}},{"start":{"line":192,"column":14},"end":{"line":192,"column":44}}]},"14":{"loc":{"start":{"line":193,"column":21},"end":{"line":193,"column":47}},"type":"cond-expr","locations":[{"start":{"line":193,"column":28},"end":{"line":193,"column":35}},{"start":{"line":193,"column":38},"end":{"line":193,"column":47}}]}},"s":{"0":2,"1":2,"2":2,"3":2,"4":2,"5":85,"6":85,"7":85,"8":44,"9":9,"10":3,"11":44,"12":41,"13":44,"14":44,"15":85,"16":44,"17":41,"18":85,"19":44,"20":41,"21":41,"22":0,"23":41,"24":41,"25":3,"26":85,"27":3,"28":82,"29":82,"30":82,"31":82,"32":2},"f":{"0":85,"1":44,"2":9,"3":44,"4":44,"5":44,"6":0,"7":41},"b":{"0":[58],"1":[83],"2":[3],"3":[9,3],"4":[41],"5":[41],"6":[44,41],"7":[41,3],"8":[3],"9":[85,3],"10":[76,6],"11":[82,0],"12":[82,76],"13":[76,6],"14":[82,0]}}
,"C:\\Users\\brian\\Documents\\django-core\\.worktrees\\025-notifications-hub-ui\\packages\\notifications-hub\\src\\components\\NotificationPanel\\PanelFooter.tsx": {"path":"C:\\Users\\brian\\Documents\\django-core\\.worktrees\\025-notifications-hub-ui\\packages\\notifications-hub\\src\\components\\NotificationPanel\\PanelFooter.tsx","statementMap":{"0":{"start":{"line":1,"column":0},"end":{"line":1,"column":26}},"1":{"start":{"line":31,"column":55},"end":{"line":210,"column":1}},"2":{"start":{"line":36,"column":50},"end":{"line":36,"column":71}},"3":{"start":{"line":38,"column":22},"end":{"line":45,"column":3}},"4":{"start":{"line":40,"column":4},"end":{"line":44,"column":5}},"5":{"start":{"line":41,"column":6},"end":{"line":41,"column":32}},"6":{"start":{"line":43,"column":6},"end":{"line":43,"column":22}},"7":{"start":{"line":47,"column":24},"end":{"line":50,"column":3}},"8":{"start":{"line":48,"column":4},"end":{"line":48,"column":31}},"9":{"start":{"line":49,"column":4},"end":{"line":49,"column":20}},"10":{"start":{"line":52,"column":23},"end":{"line":54,"column":3}},"11":{"start":{"line":53,"column":4},"end":{"line":53,"column":31}},"12":{"start":{"line":57,"column":2},"end":{"line":59,"column":3}},"13":{"start":{"line":58,"column":4},"end":{"line":58,"column":16}},"14":{"start":{"line":61,"column":2},"end":{"line":209,"column":4}},"15":{"start":{"line":87,"column":12},"end":{"line":90,"column":13}},"16":{"start":{"line":88,"column":14},"end":{"line":88,"column":64}},"17":{"start":{"line":89,"column":14},"end":{"line":89,"column":60}},"18":{"start":{"line":93,"column":12},"end":{"line":96,"column":13}},"19":{"start":{"line":94,"column":14},"end":{"line":94,"column":64}},"20":{"start":{"line":95,"column":14},"end":{"line":95,"column":60}},"21":{"start":{"line":133,"column":28},"end":{"line":133,"column":47}},"22":{"start":{"line":171,"column":18},"end":{"line":171,"column":68}},"23":{"start":{"line":172,"column":18},"end":{"line":172,"column":64}},"24":{"start":{"line":175,"column":18},"end":{"line":175,"column":72}},"25":{"start":{"line":176,"column":18},"end":{"line":176,"column":64}},"26":{"start":{"line":195,"column":18},"end":{"line":195,"column":68}},"27":{"start":{"line":198,"column":18},"end":{"line":198,"column":68}},"28":{"start":{"line":31,"column":13},"end":{"line":31,"column":55}}},"fnMap":{"0":{"name":"(anonymous_1)","decl":{"start":{"line":31,"column":55},"end":{"line":31,"column":56}},"loc":{"start":{"line":35,"column":5},"end":{"line":210,"column":1}}},"1":{"name":"(anonymous_2)","decl":{"start":{"line":38,"column":22},"end":{"line":38,"column":25}},"loc":{"start":{"line":38,"column":27},"end":{"line":45,"column":3}}},"2":{"name":"(anonymous_3)","decl":{"start":{"line":47,"column":24},"end":{"line":47,"column":27}},"loc":{"start":{"line":47,"column":29},"end":{"line":50,"column":3}}},"3":{"name":"(anonymous_4)","decl":{"start":{"line":52,"column":23},"end":{"line":52,"column":26}},"loc":{"start":{"line":52,"column":28},"end":{"line":54,"column":3}}},"4":{"name":"(anonymous_5)","decl":{"start":{"line":86,"column":24},"end":{"line":86,"column":25}},"loc":{"start":{"line":86,"column":30},"end":{"line":91,"column":11}}},"5":{"name":"(anonymous_6)","decl":{"start":{"line":92,"column":24},"end":{"line":92,"column":25}},"loc":{"start":{"line":92,"column":30},"end":{"line":97,"column":11}}},"6":{"name":"(anonymous_7)","decl":{"start":{"line":133,"column":21},"end":{"line":133,"column":22}},"loc":{"start":{"line":133,"column":28},"end":{"line":133,"column":47}}},"7":{"name":"(anonymous_8)","decl":{"start":{"line":170,"column":30},"end":{"line":170,"column":31}},"loc":{"start":{"line":170,"column":36},"end":{"line":173,"column":17}}},"8":{"name":"(anonymous_9)","decl":{"start":{"line":174,"column":30},"end":{"line":174,"column":31}},"loc":{"start":{"line":174,"column":36},"end":{"line":177,"column":17}}},"9":{"name":"(anonymous_10)","decl":{"start":{"line":194,"column":30},"end":{"line":194,"column":31}},"loc":{"start":{"line":194,"column":36},"end":{"line":196,"column":17}}},"10":{"name":"(anonymous_11)","decl":{"start":{"line":197,"column":30},"end":{"line":197,"column":31}},"loc":{"start":{"line":197,"column":36},"end":{"line":199,"column":17}}}},"branchMap":{"0":{"loc":{"start":{"line":34,"column":2},"end":{"line":34,"column":18}},"type":"default-arg","locations":[{"start":{"line":34,"column":13},"end":{"line":34,"column":18}}]},"1":{"loc":{"start":{"line":40,"column":4},"end":{"line":44,"column":5}},"type":"if","locations":[{"start":{"line":40,"column":4},"end":{"line":44,"column":5}},{"start":{"line":42,"column":11},"end":{"line":44,"column":5}}]},"2":{"loc":{"start":{"line":57,"column":2},"end":{"line":59,"column":3}},"type":"if","locations":[{"start":{"line":57,"column":2},"end":{"line":59,"column":3}}]},"3":{"loc":{"start":{"line":78,"column":19},"end":{"line":78,"column":51}},"type":"cond-expr","locations":[{"start":{"line":78,"column":30},"end":{"line":78,"column":39}},{"start":{"line":78,"column":42},"end":{"line":78,"column":51}}]},"4":{"loc":{"start":{"line":79,"column":29},"end":{"line":79,"column":61}},"type":"cond-expr","locations":[{"start":{"line":79,"column":40},"end":{"line":79,"column":49}},{"start":{"line":79,"column":52},"end":{"line":79,"column":61}}]},"5":{"loc":{"start":{"line":81,"column":25},"end":{"line":81,"column":57}},"type":"cond-expr","locations":[{"start":{"line":81,"column":36},"end":{"line":81,"column":45}},{"start":{"line":81,"column":48},"end":{"line":81,"column":57}}]},"6":{"loc":{"start":{"line":83,"column":20},"end":{"line":83,"column":56}},"type":"cond-expr","locations":[{"start":{"line":83,"column":31},"end":{"line":83,"column":44}},{"start":{"line":83,"column":47},"end":{"line":83,"column":56}}]},"7":{"loc":{"start":{"line":87,"column":12},"end":{"line":90,"column":13}},"type":"if","locations":[{"start":{"line":87,"column":12},"end":{"line":90,"column":13}}]},"8":{"loc":{"start":{"line":93,"column":12},"end":{"line":96,"column":13}},"type":"if","locations":[{"start":{"line":93,"column":12},"end":{"line":96,"column":13}}]},"9":{"loc":{"start":{"line":105,"column":7},"end":{"line":206,"column":null}},"type":"binary-expr","locations":[{"start":{"line":105,"column":7},"end":{"line":105,"column":23}},{"start":{"line":106,"column":8},"end":{"line":205,"column":null}}]}},"s":{"0":1,"1":1,"2":36,"3":36,"4":12,"5":10,"6":2,"7":36,"8":1,"9":1,"10":36,"11":3,"12":36,"13":1,"14":35,"15":1,"16":1,"17":1,"18":1,"19":1,"20":1,"21":4,"22":0,"23":0,"24":0,"25":0,"26":0,"27":0,"28":1},"f":{"0":36,"1":12,"2":1,"3":3,"4":1,"5":1,"6":4,"7":0,"8":0,"9":0,"10":0},"b":{"0":[32],"1":[10,2],"2":[1],"3":[4,31],"4":[4,31],"5":[4,31],"6":[4,31],"7":[1],"8":[1],"9":[35,10]}}
,"C:\\Users\\brian\\Documents\\django-core\\.worktrees\\025-notifications-hub-ui\\packages\\notifications-hub\\src\\components\\NotificationPanel\\PanelHeader.tsx": {"path":"C:\\Users\\brian\\Documents\\django-core\\.worktrees\\025-notifications-hub-ui\\packages\\notifications-hub\\src\\components\\NotificationPanel\\PanelHeader.tsx","statementMap":{"0":{"start":{"line":1,"column":0},"end":{"line":1,"column":26}},"1":{"start":{"line":41,"column":55},"end":{"line":137,"column":1}},"2":{"start":{"line":48,"column":2},"end":{"line":136,"column":4}},"3":{"start":{"line":88,"column":12},"end":{"line":88,"column":62}},"4":{"start":{"line":89,"column":12},"end":{"line":89,"column":58}},"5":{"start":{"line":92,"column":12},"end":{"line":92,"column":62}},"6":{"start":{"line":93,"column":12},"end":{"line":93,"column":58}},"7":{"start":{"line":122,"column":25},"end":{"line":122,"column":46}},"8":{"start":{"line":127,"column":25},"end":{"line":127,"column":49}},"9":{"start":{"line":132,"column":25},"end":{"line":132,"column":47}},"10":{"start":{"line":41,"column":13},"end":{"line":41,"column":55}},"11":{"start":{"line":146,"column":50},"end":{"line":179,"column":1}},"12":{"start":{"line":147,"column":2},"end":{"line":178,"column":4}},"13":{"start":{"line":163,"column":8},"end":{"line":166,"column":9}},"14":{"start":{"line":164,"column":10},"end":{"line":164,"column":60}},"15":{"start":{"line":165,"column":10},"end":{"line":165,"column":56}},"16":{"start":{"line":169,"column":8},"end":{"line":172,"column":9}},"17":{"start":{"line":170,"column":10},"end":{"line":170,"column":64}},"18":{"start":{"line":171,"column":10},"end":{"line":171,"column":56}}},"fnMap":{"0":{"name":"(anonymous_1)","decl":{"start":{"line":41,"column":55},"end":{"line":41,"column":56}},"loc":{"start":{"line":47,"column":5},"end":{"line":137,"column":1}}},"1":{"name":"(anonymous_2)","decl":{"start":{"line":87,"column":24},"end":{"line":87,"column":25}},"loc":{"start":{"line":87,"column":30},"end":{"line":90,"column":11}}},"2":{"name":"(anonymous_3)","decl":{"start":{"line":91,"column":24},"end":{"line":91,"column":25}},"loc":{"start":{"line":91,"column":30},"end":{"line":94,"column":11}}},"3":{"name":"(anonymous_4)","decl":{"start":{"line":122,"column":19},"end":{"line":122,"column":22}},"loc":{"start":{"line":122,"column":25},"end":{"line":122,"column":46}}},"4":{"name":"(anonymous_5)","decl":{"start":{"line":127,"column":19},"end":{"line":127,"column":22}},"loc":{"start":{"line":127,"column":25},"end":{"line":127,"column":49}}},"5":{"name":"(anonymous_6)","decl":{"start":{"line":132,"column":19},"end":{"line":132,"column":22}},"loc":{"start":{"line":132,"column":25},"end":{"line":132,"column":47}}},"6":{"name":"(anonymous_7)","decl":{"start":{"line":146,"column":50},"end":{"line":146,"column":51}},"loc":{"start":{"line":146,"column":83},"end":{"line":179,"column":1}}},"7":{"name":"(anonymous_8)","decl":{"start":{"line":162,"column":20},"end":{"line":162,"column":21}},"loc":{"start":{"line":162,"column":26},"end":{"line":167,"column":7}}},"8":{"name":"(anonymous_9)","decl":{"start":{"line":168,"column":20},"end":{"line":168,"column":21}},"loc":{"start":{"line":168,"column":26},"end":{"line":173,"column":7}}}},"branchMap":{"0":{"loc":{"start":{"line":42,"column":2},"end":{"line":42,"column":25}},"type":"default-arg","locations":[{"start":{"line":42,"column":10},"end":{"line":42,"column":25}}]},"1":{"loc":{"start":{"line":125,"column":27},"end":{"line":125,"column":68}},"type":"cond-expr","locations":[{"start":{"line":125,"column":45},"end":{"line":125,"column":63}},{"start":{"line":125,"column":66},"end":{"line":125,"column":68}}]},"2":{"loc":{"start":{"line":153,"column":20},"end":{"line":153,"column":48}},"type":"cond-expr","locations":[{"start":{"line":153,"column":31},"end":{"line":153,"column":37}},{"start":{"line":153,"column":40},"end":{"line":153,"column":48}}]},"3":{"loc":{"start":{"line":154,"column":15},"end":{"line":154,"column":47}},"type":"cond-expr","locations":[{"start":{"line":154,"column":26},"end":{"line":154,"column":35}},{"start":{"line":154,"column":38},"end":{"line":154,"column":47}}]},"4":{"loc":{"start":{"line":155,"column":25},"end":{"line":155,"column":61}},"type":"cond-expr","locations":[{"start":{"line":155,"column":36},"end":{"line":155,"column":45}},{"start":{"line":155,"column":48},"end":{"line":155,"column":61}}]},"5":{"loc":{"start":{"line":157,"column":21},"end":{"line":157,"column":53}},"type":"cond-expr","locations":[{"start":{"line":157,"column":32},"end":{"line":157,"column":41}},{"start":{"line":157,"column":44},"end":{"line":157,"column":53}}]},"6":{"loc":{"start":{"line":163,"column":8},"end":{"line":166,"column":9}},"type":"if","locations":[{"start":{"line":163,"column":8},"end":{"line":166,"column":9}}]},"7":{"loc":{"start":{"line":169,"column":8},"end":{"line":172,"column":9}},"type":"if","locations":[{"start":{"line":169,"column":8},"end":{"line":172,"column":9}}]}},"s":{"0":1,"1":1,"2":20,"3":1,"4":1,"5":1,"6":1,"7":2,"8":1,"9":1,"10":1,"11":1,"12":60,"13":0,"14":0,"15":0,"16":0,"17":0,"18":0},"f":{"0":20,"1":1,"2":1,"3":2,"4":1,"5":1,"6":60,"7":0,"8":0},"b":{"0":[19],"1":[19,1],"2":[20,40],"3":[20,40],"4":[20,40],"5":[20,40],"6":[0],"7":[0]}}
,"C:\\Users\\brian\\Documents\\django-core\\.worktrees\\025-notifications-hub-ui\\packages\\notifications-hub\\src\\components\\NotificationPanel\\index.ts": {"path":"C:\\Users\\brian\\Documents\\django-core\\.worktrees\\025-notifications-hub-ui\\packages\\notifications-hub\\src\\components\\NotificationPanel\\index.ts","statementMap":{"0":{"start":{"line":7,"column":0},"end":{"line":7,"column":9}},"1":{"start":{"line":7,"column":9},"end":{"line":7,"column":44}},"2":{"start":{"line":10,"column":0},"end":{"line":10,"column":9}},"3":{"start":{"line":10,"column":9},"end":{"line":10,"column":44}},"4":{"start":{"line":13,"column":0},"end":{"line":13,"column":9}},"5":{"start":{"line":13,"column":9},"end":{"line":13,"column":56}}},"fnMap":{"0":{"name":"(anonymous_0)","decl":{"start":{"line":7,"column":9},"end":{"line":7,"column":20}},"loc":{"start":{"line":7,"column":9},"end":{"line":7,"column":44}}},"1":{"name":"(anonymous_1)","decl":{"start":{"line":10,"column":9},"end":{"line":10,"column":20}},"loc":{"start":{"line":10,"column":9},"end":{"line":10,"column":44}}},"2":{"name":"(anonymous_2)","decl":{"start":{"line":13,"column":9},"end":{"line":13,"column":26}},"loc":{"start":{"line":13,"column":9},"end":{"line":13,"column":56}}}},"branchMap":{},"s":{"0":0,"1":0,"2":0,"3":0,"4":0,"5":0},"f":{"0":0,"1":0,"2":0},"b":{}}
,"C:\\Users\\brian\\Documents\\django-core\\.worktrees\\025-notifications-hub-ui\\packages\\notifications-hub\\src\\components\\PerformanceMonitor\\PerformanceMonitor.tsx": {"path":"C:\\Users\\brian\\Documents\\django-core\\.worktrees\\025-notifications-hub-ui\\packages\\notifications-hub\\src\\components\\PerformanceMonitor\\PerformanceMonitor.tsx","statementMap":{"0":{"start":{"line":1,"column":0},"end":{"line":1,"column":66}},"1":{"start":{"line":45,"column":31},"end":{"line":85,"column":1}},"2":{"start":{"line":48,"column":2},"end":{"line":84,"column":4}},"3":{"start":{"line":57,"column":4},"end":{"line":69,"column":5}},"4":{"start":{"line":58,"column":6},"end":{"line":68,"column":9}},"5":{"start":{"line":72,"column":4},"end":{"line":83,"column":5}},"6":{"start":{"line":74,"column":24},"end":{"line":74,"column":43}},"7":{"start":{"line":75,"column":6},"end":{"line":82,"column":7}},"8":{"start":{"line":76,"column":8},"end":{"line":81,"column":11}},"9":{"start":{"line":87,"column":69},"end":{"line":105,"column":1}},"10":{"start":{"line":94,"column":2},"end":{"line":96,"column":3}},"11":{"start":{"line":95,"column":4},"end":{"line":95,"column":27}},"12":{"start":{"line":98,"column":19},"end":{"line":98,"column":56}},"13":{"start":{"line":100,"column":2},"end":{"line":104,"column":4}},"14":{"start":{"line":87,"column":13},"end":{"line":87,"column":69}}},"fnMap":{"0":{"name":"(anonymous_6)","decl":{"start":{"line":45,"column":31},"end":{"line":45,"column":null}},"loc":{"start":{"line":47,"column":30},"end":{"line":85,"column":1}}},"1":{"name":"(anonymous_7)","decl":{"start":{"line":48,"column":9},"end":{"line":48,"column":null}},"loc":{"start":{"line":55,"column":6},"end":{"line":84,"column":3}}},"2":{"name":"(anonymous_8)","decl":{"start":{"line":87,"column":69},"end":{"line":87,"column":70}},"loc":{"start":{"line":92,"column":5},"end":{"line":105,"column":1}}}},"branchMap":{"0":{"loc":{"start":{"line":57,"column":4},"end":{"line":69,"column":5}},"type":"if","locations":[{"start":{"line":57,"column":4},"end":{"line":69,"column":5}}]},"1":{"loc":{"start":{"line":62,"column":21},"end":{"line":64,"column":29}},"type":"cond-expr","locations":[{"start":{"line":63,"column":12},"end":{"line":63,"column":79}},{"start":{"line":64,"column":12},"end":{"line":64,"column":29}}]},"2":{"loc":{"start":{"line":72,"column":4},"end":{"line":83,"column":5}},"type":"if","locations":[{"start":{"line":72,"column":4},"end":{"line":83,"column":5}}]},"3":{"loc":{"start":{"line":75,"column":6},"end":{"line":82,"column":7}},"type":"if","locations":[{"start":{"line":75,"column":6},"end":{"line":82,"column":7}}]},"4":{"loc":{"start":{"line":75,"column":10},"end":{"line":75,"column":54}},"type":"binary-expr","locations":[{"start":{"line":75,"column":10},"end":{"line":75,"column":19}},{"start":{"line":75,"column":23},"end":{"line":75,"column":54}}]},"5":{"loc":{"start":{"line":90,"column":2},"end":{"line":90,"column":50}},"type":"default-arg","locations":[{"start":{"line":90,"column":12},"end":{"line":90,"column":50}}]},"6":{"loc":{"start":{"line":91,"column":2},"end":{"line":91,"column":20}},"type":"default-arg","locations":[{"start":{"line":91,"column":18},"end":{"line":91,"column":20}}]},"7":{"loc":{"start":{"line":94,"column":2},"end":{"line":96,"column":3}},"type":"if","locations":[{"start":{"line":94,"column":2},"end":{"line":96,"column":3}}]}},"s":{"0":0,"1":0,"2":0,"3":0,"4":0,"5":0,"6":0,"7":0,"8":0,"9":0,"10":0,"11":0,"12":0,"13":0,"14":0},"f":{"0":0,"1":0,"2":0},"b":{"0":[0],"1":[0,0],"2":[0],"3":[0],"4":[0,0],"5":[0],"6":[0],"7":[0]}}
,"C:\\Users\\brian\\Documents\\django-core\\.worktrees\\025-notifications-hub-ui\\packages\\notifications-hub\\src\\components\\PerformanceMonitor\\index.ts": {"path":"C:\\Users\\brian\\Documents\\django-core\\.worktrees\\025-notifications-hub-ui\\packages\\notifications-hub\\src\\components\\PerformanceMonitor\\index.ts","statementMap":{"0":{"start":{"line":1,"column":0},"end":{"line":1,"column":9}},"1":{"start":{"line":1,"column":9},"end":{"line":1,"column":58}}},"fnMap":{"0":{"name":"(anonymous_0)","decl":{"start":{"line":1,"column":9},"end":{"line":1,"column":27}},"loc":{"start":{"line":1,"column":9},"end":{"line":1,"column":58}}}},"branchMap":{},"s":{"0":0,"1":0},"f":{"0":0},"b":{}}
,"C:\\Users\\brian\\Documents\\django-core\\.worktrees\\025-notifications-hub-ui\\packages\\notifications-hub\\src\\components\\ToastHost\\Toast.tsx": {"path":"C:\\Users\\brian\\Documents\\django-core\\.worktrees\\025-notifications-hub-ui\\packages\\notifications-hub\\src\\components\\ToastHost\\Toast.tsx","statementMap":{"0":{"start":{"line":28,"column":0},"end":{"line":28,"column":16}},"1":{"start":{"line":1,"column":0},"end":{"line":1,"column":26}},"2":{"start":{"line":35,"column":24},"end":{"line":37,"column":3}},"3":{"start":{"line":36,"column":4},"end":{"line":36,"column":31}},"4":{"start":{"line":39,"column":28},"end":{"line":43,"column":3}},"5":{"start":{"line":40,"column":4},"end":{"line":42,"column":5}},"6":{"start":{"line":41,"column":6},"end":{"line":41,"column":42}},"7":{"start":{"line":46,"column":61},"end":{"line":67,"column":4}},"8":{"start":{"line":69,"column":41},"end":{"line":79,"column":4}},"9":{"start":{"line":81,"column":2},"end":{"line":138,"column":4}},"10":{"start":{"line":100,"column":29},"end":{"line":100,"column":74}}},"fnMap":{"0":{"name":"Toast","decl":{"start":{"line":28,"column":16},"end":{"line":28,"column":21}},"loc":{"start":{"line":34,"column":13},"end":{"line":139,"column":1}}},"1":{"name":"(anonymous_2)","decl":{"start":{"line":35,"column":24},"end":{"line":35,"column":27}},"loc":{"start":{"line":35,"column":29},"end":{"line":37,"column":3}}},"2":{"name":"(anonymous_3)","decl":{"start":{"line":39,"column":28},"end":{"line":39,"column":29}},"loc":{"start":{"line":39,"column":49},"end":{"line":43,"column":3}}},"3":{"name":"(anonymous_4)","decl":{"start":{"line":100,"column":23},"end":{"line":100,"column":26}},"loc":{"start":{"line":100,"column":29},"end":{"line":100,"column":74}}}},"branchMap":{"0":{"loc":{"start":{"line":32,"column":2},"end":{"line":32,"column":18}},"type":"default-arg","locations":[{"start":{"line":32,"column":12},"end":{"line":32,"column":18}}]},"1":{"loc":{"start":{"line":40,"column":4},"end":{"line":42,"column":5}},"type":"if","locations":[{"start":{"line":40,"column":4},"end":{"line":42,"column":5}}]},"2":{"loc":{"start":{"line":85,"column":17},"end":{"line":85,"column":61}},"type":"cond-expr","locations":[{"start":{"line":85,"column":39},"end":{"line":85,"column":50}},{"start":{"line":85,"column":53},"end":{"line":85,"column":61}}]},"3":{"loc":{"start":{"line":92,"column":9},"end":{"line":95,"column":null}},"type":"binary-expr","locations":[{"start":{"line":92,"column":9},"end":{"line":92,"column":29}},{"start":{"line":93,"column":10},"end":{"line":94,"column":null}}]},"4":{"loc":{"start":{"line":97,"column":9},"end":{"line":115,"column":null}},"type":"binary-expr","locations":[{"start":{"line":97,"column":9},"end":{"line":97,"column":28}},{"start":{"line":98,"column":10},"end":{"line":114,"column":null}}]},"5":{"loc":{"start":{"line":118,"column":7},"end":{"line":135,"column":null}},"type":"binary-expr","locations":[{"start":{"line":118,"column":7},"end":{"line":118,"column":24}},{"start":{"line":119,"column":8},"end":{"line":132,"column":null}}]}},"s":{"0":2,"1":2,"2":25,"3":1,"4":25,"5":1,"6":1,"7":25,"8":25,"9":25,"10":1},"f":{"0":25,"1":1,"2":1,"3":1},"b":{"0":[13],"1":[1],"2":[3,22],"3":[25,24],"4":[25,3],"5":[25,24]}}
,"C:\\Users\\brian\\Documents\\django-core\\.worktrees\\025-notifications-hub-ui\\packages\\notifications-hub\\src\\components\\ToastHost\\ToastContainer.tsx": {"path":"C:\\Users\\brian\\Documents\\django-core\\.worktrees\\025-notifications-hub-ui\\packages\\notifications-hub\\src\\components\\ToastHost\\ToastContainer.tsx","statementMap":{"0":{"start":{"line":28,"column":0},"end":{"line":28,"column":16}},"1":{"start":{"line":1,"column":0},"end":{"line":1,"column":26}},"2":{"start":{"line":29,"column":28},"end":{"line":72,"column":3}},"3":{"start":{"line":30,"column":44},"end":{"line":36,"column":6}},"4":{"start":{"line":39,"column":68},"end":{"line":66,"column":6}},"5":{"start":{"line":68,"column":4},"end":{"line":71,"column":6}},"6":{"start":{"line":74,"column":46},"end":{"line":76,"column":4}},"7":{"start":{"line":79,"column":27},"end":{"line":79,"column":54}},"8":{"start":{"line":81,"column":2},"end":{"line":108,"column":4}}},"fnMap":{"0":{"name":"ToastContainer","decl":{"start":{"line":28,"column":16},"end":{"line":28,"column":30}},"loc":{"start":{"line":28,"column":74},"end":{"line":109,"column":1}}},"1":{"name":"(anonymous_2)","decl":{"start":{"line":29,"column":28},"end":{"line":29,"column":52}},"loc":{"start":{"line":29,"column":54},"end":{"line":72,"column":3}}}},"branchMap":{},"s":{"0":1,"1":1,"2":13,"3":13,"4":13,"5":13,"6":13,"7":13,"8":13},"f":{"0":13,"1":13},"b":{}}
,"C:\\Users\\brian\\Documents\\django-core\\.worktrees\\025-notifications-hub-ui\\packages\\notifications-hub\\src\\components\\ToastHost\\ToastHost.tsx": {"path":"C:\\Users\\brian\\Documents\\django-core\\.worktrees\\025-notifications-hub-ui\\packages\\notifications-hub\\src\\components\\ToastHost\\ToastHost.tsx","statementMap":{"0":{"start":{"line":62,"column":0},"end":{"line":62,"column":16}},"1":{"start":{"line":1,"column":0},"end":{"line":1,"column":64}},"2":{"start":{"line":3,"column":0},"end":{"line":3,"column":32}},"3":{"start":{"line":4,"column":0},"end":{"line":4,"column":65}},"4":{"start":{"line":30,"column":50},"end":{"line":40,"column":2}},"5":{"start":{"line":68,"column":23},"end":{"line":68,"column":55}},"6":{"start":{"line":69,"column":30},"end":{"line":69,"column":56}},"7":{"start":{"line":72,"column":29},"end":{"line":86,"column":3}},"8":{"start":{"line":73,"column":4},"end":{"line":85,"column":5}},"9":{"start":{"line":75,"column":8},"end":{"line":75,"column":22}},"10":{"start":{"line":77,"column":8},"end":{"line":77,"column":25}},"11":{"start":{"line":79,"column":8},"end":{"line":79,"column":25}},"12":{"start":{"line":82,"column":8},"end":{"line":82,"column":23}},"13":{"start":{"line":84,"column":8},"end":{"line":84,"column":22}},"14":{"start":{"line":89,"column":22},"end":{"line":91,"column":3}},"15":{"start":{"line":90,"column":4},"end":{"line":90,"column":50}},"16":{"start":{"line":94,"column":21},"end":{"line":103,"column":8}},"17":{"start":{"line":95,"column":4},"end":{"line":102,"column":7}},"18":{"start":{"line":96,"column":20},"end":{"line":96,"column":61}},"19":{"start":{"line":96,"column":37},"end":{"line":96,"column":60}},"20":{"start":{"line":97,"column":6},"end":{"line":100,"column":7}},"21":{"start":{"line":98,"column":8},"end":{"line":98,"column":43}},"22":{"start":{"line":99,"column":8},"end":{"line":99,"column":59}},"23":{"start":{"line":99,"column":34},"end":{"line":99,"column":57}},"24":{"start":{"line":101,"column":6},"end":{"line":101,"column":18}},"25":{"start":{"line":106,"column":24},"end":{"line":111,"column":null}},"26":{"start":{"line":108,"column":6},"end":{"line":108,"column":21}},"27":{"start":{"line":109,"column":6},"end":{"line":109,"column":20}},"28":{"start":{"line":115,"column":2},"end":{"line":145,"column":47}},"29":{"start":{"line":116,"column":33},"end":{"line":116,"column":80}},"30":{"start":{"line":118,"column":4},"end":{"line":129,"column":7}},"31":{"start":{"line":119,"column":23},"end":{"line":119,"column":57}},"32":{"start":{"line":122,"column":6},"end":{"line":128,"column":7}},"33":{"start":{"line":122,"column":51},"end":{"line":122,"column":75}},"34":{"start":{"line":123,"column":24},"end":{"line":125,"column":20}},"35":{"start":{"line":124,"column":10},"end":{"line":124,"column":41}},"36":{"start":{"line":127,"column":8},"end":{"line":127,"column":73}},"37":{"start":{"line":127,"column":28},"end":{"line":127,"column":71}},"38":{"start":{"line":132,"column":23},"end":{"line":132,"column":69}},"39":{"start":{"line":132,"column":63},"end":{"line":132,"column":67}},"40":{"start":{"line":133,"column":4},"end":{"line":137,"column":7}},"41":{"start":{"line":134,"column":6},"end":{"line":136,"column":7}},"42":{"start":{"line":135,"column":8},"end":{"line":135,"column":43}},"43":{"start":{"line":139,"column":4},"end":{"line":139,"column":66}},"44":{"start":{"line":139,"column":24},"end":{"line":139,"column":64}},"45":{"start":{"line":139,"column":43},"end":{"line":139,"column":63}},"46":{"start":{"line":142,"column":4},"end":{"line":144,"column":6}},"47":{"start":{"line":143,"column":6},"end":{"line":143,"column":68}},"48":{"start":{"line":143,"column":32},"end":{"line":143,"column":66}},"49":{"start":{"line":148,"column":24},"end":{"line":148,"column":71}},"50":{"start":{"line":150,"column":2},"end":{"line":152,"column":3}},"51":{"start":{"line":151,"column":4},"end":{"line":151,"column":16}},"52":{"start":{"line":154,"column":2},"end":{"line":168,"column":4}},"53":{"start":{"line":157,"column":8},"end":{"line":157,"column":35}}},"fnMap":{"0":{"name":"ToastHost","decl":{"start":{"line":62,"column":16},"end":{"line":62,"column":25}},"loc":{"start":{"line":67,"column":17},"end":{"line":169,"column":1}}},"1":{"name":"(anonymous_7)","decl":{"start":{"line":72,"column":29},"end":{"line":72,"column":30}},"loc":{"start":{"line":72,"column":106},"end":{"line":86,"column":3}}},"2":{"name":"(anonymous_8)","decl":{"start":{"line":89,"column":22},"end":{"line":89,"column":23}},"loc":{"start":{"line":89,"column":72},"end":{"line":91,"column":3}}},"3":{"name":"(anonymous_9)","decl":{"start":{"line":94,"column":33},"end":{"line":94,"column":34}},"loc":{"start":{"line":94,"column":60},"end":{"line":103,"column":3}}},"4":{"name":"(anonymous_10)","decl":{"start":{"line":95,"column":14},"end":{"line":95,"column":15}},"loc":{"start":{"line":95,"column":23},"end":{"line":102,"column":5}}},"5":{"name":"(anonymous_11)","decl":{"start":{"line":96,"column":30},"end":{"line":96,"column":31}},"loc":{"start":{"line":96,"column":37},"end":{"line":96,"column":60}}},"6":{"name":"(anonymous_12)","decl":{"start":{"line":99,"column":27},"end":{"line":99,"column":28}},"loc":{"start":{"line":99,"column":34},"end":{"line":99,"column":57}}},"7":{"name":"(anonymous_13)","decl":{"start":{"line":107,"column":4},"end":{"line":107,"column":5}},"loc":{"start":{"line":107,"column":19},"end":{"line":110,"column":5}}},"8":{"name":"(anonymous_14)","decl":{"start":{"line":115,"column":12},"end":{"line":115,"column":15}},"loc":{"start":{"line":115,"column":17},"end":{"line":145,"column":3}}},"9":{"name":"(anonymous_15)","decl":{"start":{"line":118,"column":33},"end":{"line":118,"column":34}},"loc":{"start":{"line":118,"column":50},"end":{"line":129,"column":5}}},"10":{"name":"(anonymous_16)","decl":{"start":{"line":122,"column":44},"end":{"line":122,"column":45}},"loc":{"start":{"line":122,"column":51},"end":{"line":122,"column":75}}},"11":{"name":"(anonymous_17)","decl":{"start":{"line":123,"column":42},"end":{"line":123,"column":45}},"loc":{"start":{"line":123,"column":47},"end":{"line":125,"column":9}}},"12":{"name":"(anonymous_18)","decl":{"start":{"line":127,"column":18},"end":{"line":127,"column":19}},"loc":{"start":{"line":127,"column":28},"end":{"line":127,"column":71}}},"13":{"name":"(anonymous_19)","decl":{"start":{"line":132,"column":56},"end":{"line":132,"column":57}},"loc":{"start":{"line":132,"column":63},"end":{"line":132,"column":67}}},"14":{"name":"(anonymous_20)","decl":{"start":{"line":133,"column":19},"end":{"line":133,"column":20}},"loc":{"start":{"line":133,"column":29},"end":{"line":137,"column":5}}},"15":{"name":"(anonymous_21)","decl":{"start":{"line":139,"column":14},"end":{"line":139,"column":15}},"loc":{"start":{"line":139,"column":24},"end":{"line":139,"column":64}}},"16":{"name":"(anonymous_22)","decl":{"start":{"line":139,"column":36},"end":{"line":139,"column":37}},"loc":{"start":{"line":139,"column":43},"end":{"line":139,"column":63}}},"17":{"name":"(anonymous_23)","decl":{"start":{"line":142,"column":11},"end":{"line":142,"column":14}},"loc":{"start":{"line":142,"column":16},"end":{"line":144,"column":5}}},"18":{"name":"(anonymous_24)","decl":{"start":{"line":143,"column":21},"end":{"line":143,"column":22}},"loc":{"start":{"line":143,"column":32},"end":{"line":143,"column":66}}},"19":{"name":"(anonymous_25)","decl":{"start":{"line":156,"column":25},"end":{"line":156,"column":26}},"loc":{"start":{"line":157,"column":8},"end":{"line":157,"column":35}}}},"branchMap":{"0":{"loc":{"start":{"line":66,"column":2},"end":{"line":66,"column":13}},"type":"default-arg","locations":[{"start":{"line":66,"column":11},"end":{"line":66,"column":13}}]},"1":{"loc":{"start":{"line":73,"column":4},"end":{"line":85,"column":5}},"type":"switch","locations":[{"start":{"line":74,"column":6},"end":{"line":75,"column":22}},{"start":{"line":76,"column":6},"end":{"line":77,"column":25}},{"start":{"line":78,"column":6},"end":{"line":79,"column":25}},{"start":{"line":80,"column":6},"end":{"line":80,"column":19}},{"start":{"line":81,"column":6},"end":{"line":82,"column":23}},{"start":{"line":83,"column":6},"end":{"line":84,"column":22}}]},"2":{"loc":{"start":{"line":97,"column":6},"end":{"line":100,"column":7}},"type":"if","locations":[{"start":{"line":97,"column":6},"end":{"line":100,"column":7}}]},"3":{"loc":{"start":{"line":122,"column":6},"end":{"line":128,"column":7}},"type":"if","locations":[{"start":{"line":122,"column":6},"end":{"line":128,"column":7}}]},"4":{"loc":{"start":{"line":122,"column":10},"end":{"line":122,"column":76}},"type":"binary-expr","locations":[{"start":{"line":122,"column":10},"end":{"line":122,"column":27}},{"start":{"line":122,"column":31},"end":{"line":122,"column":76}}]},"5":{"loc":{"start":{"line":134,"column":6},"end":{"line":136,"column":7}},"type":"if","locations":[{"start":{"line":134,"column":6},"end":{"line":136,"column":7}}]},"6":{"loc":{"start":{"line":150,"column":2},"end":{"line":152,"column":3}},"type":"if","locations":[{"start":{"line":150,"column":2},"end":{"line":152,"column":3}}]}},"s":{"0":1,"1":1,"2":1,"3":1,"4":1,"5":41,"6":41,"7":41,"8":51,"9":37,"10":7,"11":3,"12":4,"13":0,"14":41,"15":74,"16":41,"17":20,"18":5,"19":5,"20":5,"21":5,"22":5,"23":5,"24":0,"25":41,"26":20,"27":20,"28":41,"29":18,"30":18,"31":23,"32":23,"33":0,"34":21,"35":19,"36":21,"37":21,"38":18,"39":23,"40":18,"41":1,"42":1,"43":18,"44":18,"45":22,"46":18,"47":18,"48":1,"49":41,"50":41,"51":4,"52":37,"53":51},"f":{"0":41,"1":51,"2":74,"3":20,"4":5,"5":5,"6":5,"7":20,"8":18,"9":23,"10":0,"11":19,"12":21,"13":23,"14":1,"15":18,"16":22,"17":18,"18":1,"19":51},"b":{"0":[34],"1":[37,7,3,2,4,0],"2":[5],"3":[21],"4":[23,21],"5":[1],"6":[4]}}
,"C:\\Users\\brian\\Documents\\django-core\\.worktrees\\025-notifications-hub-ui\\packages\\notifications-hub\\src\\components\\ToastHost\\index.ts": {"path":"C:\\Users\\brian\\Documents\\django-core\\.worktrees\\025-notifications-hub-ui\\packages\\notifications-hub\\src\\components\\ToastHost\\index.ts","statementMap":{"0":{"start":{"line":10,"column":0},"end":{"line":10,"column":9}},"1":{"start":{"line":10,"column":9},"end":{"line":10,"column":32}},"2":{"start":{"line":13,"column":0},"end":{"line":13,"column":9}},"3":{"start":{"line":13,"column":9},"end":{"line":13,"column":50}},"4":{"start":{"line":16,"column":0},"end":{"line":16,"column":9}},"5":{"start":{"line":16,"column":9},"end":{"line":16,"column":40}}},"fnMap":{"0":{"name":"(anonymous_0)","decl":{"start":{"line":10,"column":9},"end":{"line":10,"column":14}},"loc":{"start":{"line":10,"column":9},"end":{"line":10,"column":32}}},"1":{"name":"(anonymous_1)","decl":{"start":{"line":13,"column":9},"end":{"line":13,"column":23}},"loc":{"start":{"line":13,"column":9},"end":{"line":13,"column":50}}},"2":{"name":"(anonymous_2)","decl":{"start":{"line":16,"column":9},"end":{"line":16,"column":18}},"loc":{"start":{"line":16,"column":9},"end":{"line":16,"column":40}}}},"branchMap":{},"s":{"0":0,"1":0,"2":0,"3":0,"4":0,"5":0},"f":{"0":0,"1":0,"2":0},"b":{}}
,"C:\\Users\\brian\\Documents\\django-core\\.worktrees\\025-notifications-hub-ui\\packages\\notifications-hub\\src\\components\\UnreadBadge\\UnreadBadge.tsx": {"path":"C:\\Users\\brian\\Documents\\django-core\\.worktrees\\025-notifications-hub-ui\\packages\\notifications-hub\\src\\components\\UnreadBadge\\UnreadBadge.tsx","statementMap":{"0":{"start":{"line":54,"column":0},"end":{"line":54,"column":16}},"1":{"start":{"line":1,"column":0},"end":{"line":1,"column":68}},"2":{"start":{"line":2,"column":0},"end":{"line":2,"column":56}},"3":{"start":{"line":60,"column":29},"end":{"line":60,"column":45}},"4":{"start":{"line":63,"column":26},"end":{"line":63,"column":47}},"5":{"start":{"line":66,"column":2},"end":{"line":68,"column":3}},"6":{"start":{"line":67,"column":4},"end":{"line":67,"column":16}},"7":{"start":{"line":71,"column":2},"end":{"line":77,"column":3}},"8":{"start":{"line":72,"column":4},"end":{"line":76,"column":6}},"9":{"start":{"line":80,"column":2},"end":{"line":97,"column":3}},"10":{"start":{"line":81,"column":4},"end":{"line":96,"column":6}},"11":{"start":{"line":100,"column":23},"end":{"line":100,"column":85}},"12":{"start":{"line":102,"column":2},"end":{"line":106,"column":4}}},"fnMap":{"0":{"name":"UnreadBadge","decl":{"start":{"line":54,"column":16},"end":{"line":54,"column":27}},"loc":{"start":{"line":59,"column":19},"end":{"line":107,"column":1}}}},"branchMap":{"0":{"loc":{"start":{"line":55,"column":2},"end":{"line":55,"column":19}},"type":"default-arg","locations":[{"start":{"line":55,"column":12},"end":{"line":55,"column":19}}]},"1":{"loc":{"start":{"line":56,"column":2},"end":{"line":56,"column":10}},"type":"default-arg","locations":[{"start":{"line":56,"column":8},"end":{"line":56,"column":10}}]},"2":{"loc":{"start":{"line":57,"column":2},"end":{"line":57,"column":18}},"type":"default-arg","locations":[{"start":{"line":57,"column":13},"end":{"line":57,"column":18}}]},"3":{"loc":{"start":{"line":63,"column":26},"end":{"line":63,"column":47}},"type":"cond-expr","locations":[{"start":{"line":63,"column":38},"end":{"line":63,"column":39}},{"start":{"line":63,"column":42},"end":{"line":63,"column":47}}]},"4":{"loc":{"start":{"line":66,"column":2},"end":{"line":68,"column":3}},"type":"if","locations":[{"start":{"line":66,"column":2},"end":{"line":68,"column":3}}]},"5":{"loc":{"start":{"line":66,"column":6},"end":{"line":66,"column":52}},"type":"binary-expr","locations":[{"start":{"line":66,"column":6},"end":{"line":66,"column":14}},{"start":{"line":66,"column":18},"end":{"line":66,"column":39}},{"start":{"line":66,"column":43},"end":{"line":66,"column":52}}]},"6":{"loc":{"start":{"line":71,"column":2},"end":{"line":77,"column":3}},"type":"if","locations":[{"start":{"line":71,"column":2},"end":{"line":77,"column":3}}]},"7":{"loc":{"start":{"line":80,"column":2},"end":{"line":97,"column":3}},"type":"if","locations":[{"start":{"line":80,"column":2},"end":{"line":97,"column":3}}]},"8":{"loc":{"start":{"line":92,"column":61},"end":{"line":92,"column":93}},"type":"cond-expr","locations":[{"start":{"line":92,"column":85},"end":{"line":92,"column":88}},{"start":{"line":92,"column":91},"end":{"line":92,"column":93}}]},"9":{"loc":{"start":{"line":100,"column":23},"end":{"line":100,"column":85}},"type":"cond-expr","locations":[{"start":{"line":100,"column":47},"end":{"line":100,"column":56}},{"start":{"line":100,"column":59},"end":{"line":100,"column":85}}]}},"s":{"0":1,"1":1,"2":1,"3":25,"4":25,"5":25,"6":4,"7":21,"8":3,"9":18,"10":6,"11":12,"12":12},"f":{"0":25},"b":{"0":[3],"1":[19],"2":[21],"3":[1,24],"4":[4],"5":[25,22,6],"6":[3],"7":[6],"8":[5,1],"9":[7,5]}}
,"C:\\Users\\brian\\Documents\\django-core\\.worktrees\\025-notifications-hub-ui\\packages\\notifications-hub\\src\\components\\UnreadBadge\\index.ts": {"path":"C:\\Users\\brian\\Documents\\django-core\\.worktrees\\025-notifications-hub-ui\\packages\\notifications-hub\\src\\components\\UnreadBadge\\index.ts","statementMap":{"0":{"start":{"line":1,"column":0},"end":{"line":1,"column":9}},"1":{"start":{"line":1,"column":9},"end":{"line":1,"column":44}}},"fnMap":{"0":{"name":"(anonymous_0)","decl":{"start":{"line":1,"column":9},"end":{"line":1,"column":20}},"loc":{"start":{"line":1,"column":9},"end":{"line":1,"column":44}}}},"branchMap":{},"s":{"0":0,"1":0},"f":{"0":0},"b":{}}
,"C:\\Users\\brian\\Documents\\django-core\\.worktrees\\025-notifications-hub-ui\\packages\\notifications-hub\\src\\config\\defaultNotificationMappings.ts": {"path":"C:\\Users\\brian\\Documents\\django-core\\.worktrees\\025-notifications-hub-ui\\packages\\notifications-hub\\src\\config\\defaultNotificationMappings.ts","statementMap":{"0":{"start":{"line":3,"column":13},"end":{"line":52,"column":2}}},"fnMap":{},"branchMap":{},"s":{"0":0},"f":{},"b":{}}
,"C:\\Users\\brian\\Documents\\django-core\\.worktrees\\025-notifications-hub-ui\\packages\\notifications-hub\\src\\config\\types.ts": {"path":"C:\\Users\\brian\\Documents\\django-core\\.worktrees\\025-notifications-hub-ui\\packages\\notifications-hub\\src\\config\\types.ts","statementMap":{"0":{"start":{"line":1,"column":0},"end":{"line":1,"column":9}},"1":{"start":{"line":1,"column":9},"end":{"line":1,"column":76}}},"fnMap":{"0":{"name":"(anonymous_0)","decl":{"start":{"line":1,"column":9},"end":{"line":1,"column":36}},"loc":{"start":{"line":1,"column":9},"end":{"line":1,"column":76}}}},"branchMap":{},"s":{"0":0,"1":0},"f":{"0":0},"b":{}}
,"C:\\Users\\brian\\Documents\\django-core\\.worktrees\\025-notifications-hub-ui\\packages\\notifications-hub\\src\\context\\NotificationsContext.tsx": {"path":"C:\\Users\\brian\\Documents\\django-core\\.worktrees\\025-notifications-hub-ui\\packages\\notifications-hub\\src\\context\\NotificationsContext.tsx","statementMap":{"0":{"start":{"line":1,"column":0},"end":{"line":1,"column":45}},"1":{"start":{"line":73,"column":13},"end":{"line":73,"column":100}}},"fnMap":{},"branchMap":{},"s":{"0":10,"1":10},"f":{},"b":{}}
,"C:\\Users\\brian\\Documents\\django-core\\.worktrees\\025-notifications-hub-ui\\packages\\notifications-hub\\src\\context\\NotificationsProvider.tsx": {"path":"C:\\Users\\brian\\Documents\\django-core\\.worktrees\\025-notifications-hub-ui\\packages\\notifications-hub\\src\\context\\NotificationsProvider.tsx","statementMap":{"0":{"start":{"line":18,"column":0},"end":{"line":18,"column":16}},"1":{"start":{"line":1,"column":0},"end":{"line":1,"column":74}},"2":{"start":{"line":2,"column":0},"end":{"line":2,"column":47}},"3":{"start":{"line":3,"column":0},"end":{"line":3,"column":67}},"4":{"start":{"line":4,"column":0},"end":{"line":4,"column":82}},"5":{"start":{"line":5,"column":0},"end":{"line":5,"column":76}},"6":{"start":{"line":7,"column":0},"end":{"line":7,"column":55}},"7":{"start":{"line":8,"column":0},"end":{"line":8,"column":35}},"8":{"start":{"line":9,"column":0},"end":{"line":9,"column":97}},"9":{"start":{"line":10,"column":0},"end":{"line":10,"column":68}},"10":{"start":{"line":23,"column":28},"end":{"line":23,"column":74}},"11":{"start":{"line":24,"column":29},"end":{"line":24,"column":64}},"12":{"start":{"line":25,"column":29},"end":{"line":25,"column":41}},"13":{"start":{"line":28,"column":33},"end":{"line":28,"column":42}},"14":{"start":{"line":29,"column":26},"end":{"line":29,"column":56}},"15":{"start":{"line":32,"column":22},"end":{"line":32,"column":42}},"16":{"start":{"line":33,"column":16},"end":{"line":33,"column":40}},"17":{"start":{"line":34,"column":20},"end":{"line":34,"column":39}},"18":{"start":{"line":37,"column":29},"end":{"line":103,"column":135}},"19":{"start":{"line":38,"column":4},"end":{"line":41,"column":5}},"20":{"start":{"line":39,"column":6},"end":{"line":39,"column":74}},"21":{"start":{"line":40,"column":6},"end":{"line":40,"column":13}},"22":{"start":{"line":43,"column":4},"end":{"line":43,"column":38}},"23":{"start":{"line":45,"column":4},"end":{"line":102,"column":5}},"24":{"start":{"line":46,"column":23},"end":{"line":53,"column":8}},"25":{"start":{"line":56,"column":33},"end":{"line":58,"column":62}},"26":{"start":{"line":58,"column":51},"end":{"line":58,"column":61}},"27":{"start":{"line":60,"column":6},"end":{"line":67,"column":9}},"28":{"start":{"line":70,"column":22},"end":{"line":70,"column":82}},"29":{"start":{"line":71,"column":6},"end":{"line":71,"column":69}},"30":{"start":{"line":74,"column":24},"end":{"line":74,"column":51}},"31":{"start":{"line":77,"column":6},"end":{"line":81,"column":7}},"32":{"start":{"line":78,"column":8},"end":{"line":78,"column":84}},"33":{"start":{"line":83,"column":6},"end":{"line":83,"column":65}},"34":{"start":{"line":86,"column":6},"end":{"line":101,"column":9}},"35":{"start":{"line":106,"column":19},"end":{"line":184,"column":208}},"36":{"start":{"line":107,"column":4},"end":{"line":113,"column":5}},"37":{"start":{"line":109,"column":6},"end":{"line":111,"column":7}},"38":{"start":{"line":110,"column":8},"end":{"line":110,"column":73}},"39":{"start":{"line":112,"column":6},"end":{"line":112,"column":13}},"40":{"start":{"line":115,"column":4},"end":{"line":115,"column":42}},"41":{"start":{"line":117,"column":4},"end":{"line":183,"column":5}},"42":{"start":{"line":118,"column":23},"end":{"line":118,"column":48}},"43":{"start":{"line":121,"column":6},"end":{"line":125,"column":9}},"44":{"start":{"line":127,"column":23},"end":{"line":134,"column":8}},"45":{"start":{"line":137,"column":33},"end":{"line":139,"column":62}},"46":{"start":{"line":139,"column":51},"end":{"line":139,"column":61}},"47":{"start":{"line":141,"column":6},"end":{"line":148,"column":9}},"48":{"start":{"line":151,"column":6},"end":{"line":155,"column":9}},"49":{"start":{"line":158,"column":22},"end":{"line":158,"column":72}},"50":{"start":{"line":159,"column":6},"end":{"line":159,"column":73}},"51":{"start":{"line":162,"column":24},"end":{"line":162,"column":51}},"52":{"start":{"line":164,"column":6},"end":{"line":164,"column":65}},"53":{"start":{"line":167,"column":6},"end":{"line":182,"column":9}},"54":{"start":{"line":187,"column":18},"end":{"line":191,"column":26}},"55":{"start":{"line":189,"column":4},"end":{"line":189,"column":53}},"56":{"start":{"line":190,"column":4},"end":{"line":190,"column":31}},"57":{"start":{"line":194,"column":21},"end":{"line":244,"column":46}},"58":{"start":{"line":195,"column":25},"end":{"line":195,"column":67}},"59":{"start":{"line":195,"column":55},"end":{"line":195,"column":66}},"60":{"start":{"line":196,"column":4},"end":{"line":199,"column":5}},"61":{"start":{"line":197,"column":6},"end":{"line":197,"column":72}},"62":{"start":{"line":198,"column":6},"end":{"line":198,"column":13}},"63":{"start":{"line":201,"column":25},"end":{"line":201,"column":42}},"64":{"start":{"line":204,"column":4},"end":{"line":207,"column":7}},"65":{"start":{"line":209,"column":4},"end":{"line":243,"column":5}},"66":{"start":{"line":210,"column":6},"end":{"line":210,"column":62}},"67":{"start":{"line":211,"column":6},"end":{"line":211,"column":63}},"68":{"start":{"line":214,"column":22},"end":{"line":214,"column":75}},"69":{"start":{"line":215,"column":6},"end":{"line":215,"column":81}},"70":{"start":{"line":218,"column":24},"end":{"line":218,"column":51}},"71":{"start":{"line":221,"column":6},"end":{"line":224,"column":9}},"72":{"start":{"line":227,"column":6},"end":{"line":242,"column":9}},"73":{"start":{"line":247,"column":23},"end":{"line":297,"column":46}},"74":{"start":{"line":248,"column":25},"end":{"line":248,"column":67}},"75":{"start":{"line":248,"column":55},"end":{"line":248,"column":66}},"76":{"start":{"line":249,"column":4},"end":{"line":252,"column":5}},"77":{"start":{"line":250,"column":6},"end":{"line":250,"column":72}},"78":{"start":{"line":251,"column":6},"end":{"line":251,"column":13}},"79":{"start":{"line":254,"column":25},"end":{"line":254,"column":42}},"80":{"start":{"line":257,"column":4},"end":{"line":260,"column":7}},"81":{"start":{"line":262,"column":4},"end":{"line":296,"column":5}},"82":{"start":{"line":263,"column":6},"end":{"line":263,"column":63}},"83":{"start":{"line":264,"column":6},"end":{"line":264,"column":63}},"84":{"start":{"
[...]
\\notifications-hub\\src\\utils\\formatTimestamp.ts": {"path":"C:\\Users\\brian\\Documents\\django-core\\.worktrees\\025-notifications-hub-ui\\packages\\notifications-hub\\src\\utils\\formatTimestamp.ts","statementMap":{"0":{"start":{"line":3,"column":0},"end":{"line":3,"column":16}},"1":{"start":{"line":1,"column":0},"end":{"line":1,"column":77}},"2":{"start":{"line":4,"column":2},"end":{"line":27,"column":3}},"3":{"start":{"line":5,"column":17},"end":{"line":5,"column":36}},"4":{"start":{"line":7,"column":4},"end":{"line":9,"column":5}},"5":{"start":{"line":8,"column":6},"end":{"line":8,"column":28}},"6":{"start":{"line":11,"column":4},"end":{"line":14,"column":5}},"7":{"start":{"line":13,"column":6},"end":{"line":13,"column":60}},"8":{"start":{"line":17,"column":4},"end":{"line":19,"column":5}},"9":{"start":{"line":18,"column":6},"end":{"line":18,"column":50}},"10":{"start":{"line":20,"column":4},"end":{"line":22,"column":5}},"11":{"start":{"line":21,"column":6},"end":{"line":21,"column":54}},"12":{"start":{"line":23,"column":4},"end":{"line":23,"column":53}},"13":{"start":{"line":25,"column":4},"end":{"line":25,"column":61}},"14":{"start":{"line":26,"column":4},"end":{"line":26,"column":21}}},"fnMap":{"0":{"name":"formatTimestamp","decl":{"start":{"line":3,"column":16},"end":{"line":3,"column":31}},"loc":{"start":{"line":3,"column":93},"end":{"line":28,"column":1}}}},"branchMap":{"0":{"loc":{"start":{"line":3,"column":51},"end":{"line":3,"column":93}},"type":"default-arg","locations":[{"start":{"line":3,"column":83},"end":{"line":3,"column":93}}]},"1":{"loc":{"start":{"line":7,"column":4},"end":{"line":9,"column":5}},"type":"if","locations":[{"start":{"line":7,"column":4},"end":{"line":9,"column":5}}]},"2":{"loc":{"start":{"line":11,"column":4},"end":{"line":14,"column":5}},"type":"if","locations":[{"start":{"line":11,"column":4},"end":{"line":14,"column":5}}]},"3":{"loc":{"start":{"line":17,"column":4},"end":{"line":19,"column":5}},"type":"if","locations":[{"start":{"line":17,"column":4},"end":{"line":19,"column":5}}]},"4":{"loc":{"start":{"line":20,"column":4},"end":{"line":22,"column":5}},"type":"if","locations":[{"start":{"line":20,"column":4},"end":{"line":22,"column":5}}]}},"s":{"0":1,"1":1,"2":9,"3":9,"4":9,"5":3,"6":6,"7":3,"8":3,"9":1,"10":2,"11":1,"12":1,"13":0,"14":0},"f":{"0":9},"b":{"0":[4],"1":[3],"2":[3],"3":[1],"4":[1]}}
,"C:\\Users\\brian\\Documents\\django-core\\.worktrees\\025-notifications-hub-ui\\packages\\notifications-hub\\src\\utils\\index.ts": {"path":"C:\\Users\\brian\\Documents\\django-core\\.worktrees\\025-notifications-hub-ui\\packages\\notifications-hub\\src\\utils\\index.ts","statementMap":{"0":{"start":{"line":1,"column":0},"end":{"line":1,"column":9}},"1":{"start":{"line":1,"column":9},"end":{"line":1,"column":62}},"2":{"start":{"line":2,"column":0},"end":{"line":2,"column":9}},"3":{"start":{"line":2,"column":9},"end":{"line":2,"column":52}},"4":{"start":{"line":3,"column":0},"end":{"line":3,"column":9}},"5":{"start":{"line":3,"column":9},"end":{"line":3,"column":35}},"6":{"start":{"line":3,"column":35},"end":{"line":3,"column":81}},"7":{"start":{"line":4,"column":0},"end":{"line":4,"column":9}},"8":{"start":{"line":4,"column":9},"end":{"line":4,"column":22}},"9":{"start":{"line":4,"column":22},"end":{"line":4,"column":45}},"10":{"start":{"line":4,"column":45},"end":{"line":4,"column":67}},"11":{"start":{"line":4,"column":67},"end":{"line":4,"column":82}},"12":{"start":{"line":4,"column":82},"end":{"line":4,"column":128}},"13":{"start":{"line":5,"column":0},"end":{"line":5,"column":9}},"14":{"start":{"line":5,"column":9},"end":{"line":5,"column":27}},"15":{"start":{"line":5,"column":27},"end":{"line":5,"column":66}}},"fnMap":{"0":{"name":"(anonymous_0)","decl":{"start":{"line":1,"column":9},"end":{"line":1,"column":29}},"loc":{"start":{"line":1,"column":9},"end":{"line":1,"column":62}}},"1":{"name":"(anonymous_1)","decl":{"start":{"line":2,"column":9},"end":{"line":2,"column":24}},"loc":{"start":{"line":2,"column":9},"end":{"line":2,"column":52}}},"2":{"name":"(anonymous_2)","decl":{"start":{"line":3,"column":9},"end":{"line":3,"column":33}},"loc":{"start":{"line":3,"column":9},"end":{"line":3,"column":35}}},"3":{"name":"(anonymous_3)","decl":{"start":{"line":3,"column":35},"end":{"line":3,"column":50}},"loc":{"start":{"line":3,"column":35},"end":{"line":3,"column":81}}},"4":{"name":"(anonymous_4)","decl":{"start":{"line":4,"column":9},"end":{"line":4,"column":20}},"loc":{"start":{"line":4,"column":9},"end":{"line":4,"column":22}}},"5":{"name":"(anonymous_5)","decl":{"start":{"line":4,"column":22},"end":{"line":4,"column":43}},"loc":{"start":{"line":4,"column":22},"end":{"line":4,"column":45}}},"6":{"name":"(anonymous_6)","decl":{"start":{"line":4,"column":45},"end":{"line":4,"column":65}},"loc":{"start":{"line":4,"column":45},"end":{"line":4,"column":67}}},"7":{"name":"(anonymous_7)","decl":{"start":{"line":4,"column":67},"end":{"line":4,"column":80}},"loc":{"start":{"line":4,"column":67},"end":{"line":4,"column":82}}},"8":{"name":"(anonymous_8)","decl":{"start":{"line":4,"column":82},"end":{"line":4,"column":103}},"loc":{"start":{"line":4,"column":82},"end":{"line":4,"column":128}}},"9":{"name":"(anonymous_9)","decl":{"start":{"line":5,"column":9},"end":{"line":5,"column":25}},"loc":{"start":{"line":5,"column":9},"end":{"line":5,"column":27}}},"10":{"name":"(anonymous_10)","decl":{"start":{"line":5,"column":27},"end":{"line":5,"column":37}},"loc":{"start":{"line":5,"column":27},"end":{"line":5,"column":66}}}},"branchMap":{},"s":{"0":0,"1":0,"2":0,"3":0,"4":0,"5":0,"6":0,"7":0,"8":0,"9":0,"10":0,"11":0,"12":0,"13":0,"14":0,"15":0},"f":{"0":0,"1":0,"2":0,"3":0,"4":0,"5":0,"6":0,"7":0,"8":0,"9":0,"10":0},"b":{}}
,"C:\\Users\\brian\\Documents\\django-core\\.worktrees\\025-notifications-hub-ui\\packages\\notifications-hub\\src\\utils\\notificationMapper.ts": {"path":"C:\\Users\\brian\\Documents\\django-core\\.worktrees\\025-notifications-hub-ui\\packages\\notifications-hub\\src\\utils\\notificationMapper.ts","statementMap":{"0":{"start":{"line":3,"column":0},"end":{"line":3,"column":16}},"1":{"start":{"line":36,"column":0},"end":{"line":36,"column":16}},"2":{"start":{"line":7,"column":51},"end":{"line":12,"column":4}},"3":{"start":{"line":14,"column":21},"end":{"line":14,"column":58}},"4":{"start":{"line":17,"column":51},"end":{"line":20,"column":4}},"5":{"start":{"line":23,"column":17},"end":{"line":26,"column":4}},"6":{"start":{"line":29,"column":2},"end":{"line":31,"column":3}},"7":{"start":{"line":30,"column":4},"end":{"line":30,"column":45}},"8":{"start":{"line":33,"column":2},"end":{"line":33,"column":16}},"9":{"start":{"line":37,"column":72},"end":{"line":43,"column":4}},"10":{"start":{"line":44,"column":2},"end":{"line":44,"column":33}}},"fnMap":{"0":{"name":"applyNotificationMapping","decl":{"start":{"line":3,"column":16},"end":{"line":3,"column":40}},"loc":{"start":{"line":5,"column":39},"end":{"line":34,"column":1}}},"1":{"name":"getToastVariant","decl":{"start":{"line":36,"column":16},"end":{"line":36,"column":31}},"loc":{"start":{"line":36,"column":48},"end":{"line":45,"column":1}}}},"branchMap":{"0":{"loc":{"start":{"line":14,"column":21},"end":{"line":14,"column":58}},"type":"binary-expr","locations":[{"start":{"line":14,"column":21},"end":{"line":14,"column":52}},{"start":{"line":14,"column":56},"end":{"line":14,"column":58}}]},"1":{"loc":{"start":{"line":29,"column":2},"end":{"line":31,"column":3}},"type":"if","locations":[{"start":{"line":29,"column":2},"end":{"line":31,"column":3}}]},"2":{"loc":{"start":{"line":29,"column":6},"end":{"line":29,"column":80}},"type":"binary-expr","locations":[{"start":{"line":29,"column":6},"end":{"line":29,"column":28}},{"start":{"line":29,"column":32},"end":{"line":29,"column":80}}]},"3":{"loc":{"start":{"line":44,"column":9},"end":{"line":44,"column":32}},"type":"binary-expr","locations":[{"start":{"line":44,"column":9},"end":{"line":44,"column":22}},{"start":{"line":44,"column":26},"end":{"line":44,"column":32}}]}},"s":{"0":1,"1":1,"2":8,"3":8,"4":8,"5":8,"6":8,"7":2,"8":8,"9":10,"10":10},"f":{"0":8,"1":10},"b":{"0":[8,3],"1":[2],"2":[8,2],"3":[10,5]}}
,"C:\\Users\\brian\\Documents\\django-core\\.worktrees\\025-notifications-hub-ui\\packages\\notifications-hub\\src\\utils\\retryWithBackoff.ts": {"path":"C:\\Users\\brian\\Documents\\django-core\\.worktrees\\025-notifications-hub-ui\\packages\\notifications-hub\\src\\utils\\retryWithBackoff.ts","statementMap":{"0":{"start":{"line":63,"column":0},"end":{"line":63,"column":7}},"1":{"start":{"line":123,"column":0},"end":{"line":123,"column":7}},"2":{"start":{"line":31,"column":17},"end":{"line":31,"column":38}},"3":{"start":{"line":32,"column":23},"end":{"line":32,"column":55}},"4":{"start":{"line":33,"column":2},"end":{"line":33,"column":42}},"5":{"start":{"line":43,"column":19},"end":{"line":43,"column":36}},"6":{"start":{"line":46,"column":2},"end":{"line":48,"column":3}},"7":{"start":{"line":47,"column":4},"end":{"line":47,"column":16}},"8":{"start":{"line":52,"column":2},"end":{"line":52,"column":59}},"9":{"start":{"line":72,"column":6},"end":{"line":72,"column":13}},"10":{"start":{"line":76,"column":2},"end":{"line":110,"column":3}},"11":{"start":{"line":76,"column":21},"end":{"line":76,"column":22}},"12":{"start":{"line":77,"column":4},"end":{"line":109,"column":5}},"13":{"start":{"line":78,"column":6},"end":{"line":78,"column":24}},"14":{"start":{"line":80,"column":6},"end":{"line":80,"column":33}},"15":{"start":{"line":83,"column":6},"end":{"line":86,"column":7}},"16":{"start":{"line":84,"column":8},"end":{"line":84,"column":83}},"17":{"start":{"line":85,"column":8},"end":{"line":85,"column":20}},"18":{"start":{"line":89,"column":6},"end":{"line":92,"column":7}},"19":{"start":{"line":90,"column":8},"end":{"line":90,"column":67}},"20":{"start":{"line":91,"column":8},"end":{"line":91,"column":14}},"21":{"start":{"line":95,"column":31},"end":{"line":95,"column":63}},"22":{"start":{"line":96,"column":30},"end":{"line":96,"column":72}},"23":{"start":{"line":98,"column":6},"end":{"line":100,"column":8}},"24":{"start":{"line":103,"column":6},"end":{"line":105,"column":7}},"25":{"start":{"line":104,"column":8},"end":{"line":104,"column":57}},"26":{"start":{"line":108,"column":6},"end":{"line":108,"column":75}},"27":{"start":{"line":108,"column":37},"end":{"line":108,"column":73}},"28":{"start":{"line":113,"column":2},"end":{"line":113,"column":18}},"29":{"start":{"line":127,"column":2},"end":{"line":134,"column":5}},"30":{"start":{"line":132,"column":6},"end":{"line":132,"column":83}}},"fnMap":{"0":{"name":"addJitter","decl":{"start":{"line":30,"column":9},"end":{"line":30,"column":18}},"loc":{"start":{"line":30,"column":55},"end":{"line":34,"column":1}}},"1":{"name":"shouldRetryError","decl":{"start":{"line":42,"column":9},"end":{"line":42,"column":25}},"loc":{"start":{"line":42,"column":38},"end":{"line":53,"column":1}}},"2":{"name":"retryWithBackoff","decl":{"start":{"line":63,"column":22},"end":{"line":63,"column":38}},"loc":{"start":{"line":65,"column":28},"end":{"line":114,"column":1}}},"3":{"name":"(anonymous_3)","decl":{"start":{"line":108,"column":24},"end":{"line":108,"column":25}},"loc":{"start":{"line":108,"column":37},"end":{"line":108,"column":73}}},"4":{"name":"retryFetch","decl":{"start":{"line":123,"column":22},"end":{"line":123,"column":32}},"loc":{"start":{"line":125,"column":17},"end":{"line":135,"column":1}}},"5":{"name":"(anonymous_5)","decl":{"start":{"line":131,"column":13},"end":{"line":131,"column":14}},"loc":{"start":{"line":131,"column":39},"end":{"line":133,"column":5}}}},"branchMap":{"0":{"loc":{"start":{"line":46,"column":2},"end":{"line":48,"column":3}},"type":"if","locations":[{"start":{"line":46,"column":2},"end":{"line":48,"column":3}}]},"1":{"loc":{"start":{"line":52,"column":9},"end":{"line":52,"column":58}},"type":"binary-expr","locations":[{"start":{"line":52,"column":9},"end":{"line":52,"column":31}},{"start":{"line":52,"column":35},"end":{"line":52,"column":58}}]},"2":{"loc":{"start":{"line":65,"column":2},"end":{"line":65,"column":28}},"type":"default-arg","locations":[{"start":{"line":65,"column":26},"end":{"line":65,"column":28}}]},"3":{"loc":{"start":{"line":68,"column":4},"end":{"line":68,"column":18}},"type":"default-arg","locations":[{"start":{"line":68,"column":17},"end":{"line":68,"column":18}}]},"4":{"loc":{"start":{"line":69,"column":4},"end":{"line":69,"column":20}},"type":"default-arg","locations":[{"start":{"line":69,"column":16},"end":{"line":69,"column":20}}]},"5":{"loc":{"start":{"line":70,"column":4},"end":{"line":70,"column":23}},"type":"default-arg","locations":[{"start":{"line":70,"column":20},"end":{"line":70,"column":23}}]},"6":{"loc":{"start":{"line":83,"column":6},"end":{"line":86,"column":7}},"type":"if","locations":[{"start":{"line":83,"column":6},"end":{"line":86,"column":7}}]},"7":{"loc":{"start":{"line":89,"column":6},"end":{"line":92,"column":7}},"type":"if","locations":[{"start":{"line":89,"column":6},"end":{"line":92,"column":7}}]},"8":{"loc":{"start":{"line":103,"column":6},"end":{"line":105,"column":7}},"type":"if","locations":[{"start":{"line":103,"column":6},"end":{"line":105,"column":7}}]}},"s":{"0":5,"1":5,"2":56,"3":56,"4":56,"5":67,"6":67,"7":45,"8":22,"9":54,"10":54,"11":54,"12":97,"13":97,"14":67,"15":67,"16":4,"17":4,"18":63,"19":7,"20":7,"21":56,"22":56,"23":56,"24":56,"25":0,"26":56,"27":56,"28":7,"29":0,"30":0},"f":{"0":56,"1":67,"2":54,"3":56,"4":0,"5":0},"b":{"0":[45],"1":[22,4],"2":[54],"3":[54],"4":[54],"5":[54],"6":[4],"7":[7],"8":[0]}}
,"C:\\Users\\brian\\Documents\\django-core\\.worktrees\\025-notifications-hub-ui\\packages\\notifications-hub\\src\\utils\\validateNotification.ts": {"path":"C:\\Users\\brian\\Documents\\django-core\\.worktrees\\025-notifications-hub-ui\\packages\\notifications-hub\\src\\utils\\validateNotification.ts","statementMap":{"0":{"start":{"line":29,"column":0},"end":{"line":29,"column":16}},"1":{"start":{"line":3,"column":48},"end":{"line":3,"column":99}},"2":{"start":{"line":12,"column":2},"end":{"line":17,"column":5}},"3":{"start":{"line":30,"column":2},"end":{"line":103,"column":3}},"4":{"start":{"line":32,"column":4},"end":{"line":35,"column":5}},"5":{"start":{"line":33,"column":6},"end":{"line":33,"column":68}},"6":{"start":{"line":34,"column":6},"end":{"line":34,"column":18}},"7":{"start":{"line":37,"column":4},"end":{"line":40,"column":5}},"8":{"start":{"line":38,"column":6},"end":{"line":38,"column":70}},"9":{"start":{"line":39,"column":6},"end":{"line":39,"column":18}},"10":{"start":{"line":42,"column":4},"end":{"line":45,"column":5}},"11":{"start":{"line":43,"column":6},"end":{"line":43,"column":71}},"12":{"start":{"line":44,"column":6},"end":{"line":44,"column":18}},"13":{"start":{"line":47,"column":4},"end":{"line":50,"column":5}},"14":{"start":{"line":48,"column":6},"end":{"line":48,"column":73}},"15":{"start":{"line":49,"column":6},"end":{"line":49,"column":18}},"16":{"start":{"line":52,"column":4},"end":{"line":55,"column":5}},"17":{"start":{"line":53,"column":6},"end":{"line":53,"column":75}},"18":{"start":{"line":54,"column":6},"end":{"line":54,"column":18}},"19":{"start":{"line":58,"column":4},"end":{"line":66,"column":5}},"20":{"start":{"line":59,"column":6},"end":{"line":64,"column":9}},"21":{"start":{"line":65,"column":6},"end":{"line":65,"column":29}},"22":{"start":{"line":69,"column":22},"end":{"line":69,"column":46}},"23":{"start":{"line":70,"column":4},"end":{"line":73,"column":5}},"24":{"start":{"line":71,"column":6},"end":{"line":71,"column":74}},"25":{"start":{"line":72,"column":6},"end":{"line":72,"column":18}},"26":{"start":{"line":76,"column":4},"end":{"line":84,"column":5}},"27":{"start":{"line":77,"column":6},"end":{"line":82,"column":9}},"28":{"start":{"line":83,"column":6},"end":{"line":83,"column":56}},"29":{"start":{"line":85,"column":4},"end":{"line":93,"column":5}},"30":{"start":{"line":86,"column":6},"end":{"line":91,"column":9}},"31":{"start":{"line":92,"column":6},"end":{"line":92,"column":60}},"32":{"start":{"line":95,"column":4},"end":{"line":95,"column":32}},"33":{"start":{"line":97,"column":4},"end":{"line":101,"column":7}},"34":{"start":{"line":102,"column":4},"end":{"line":102,"column":16}}},"fnMap":{"0":{"name":"logMalformedNotification","decl":{"start":{"line":11,"column":9},"end":{"line":11,"column":33}},"loc":{"start":{"line":11,"column":59},"end":{"line":18,"column":1}}},"1":{"name":"validateNotification","decl":{"start":{"line":29,"column":16},"end":{"line":29,"column":36}},"loc":{"start":{"line":29,"column":46},"end":{"line":104,"column":1}}}},"branchMap":{"0":{"loc":{"start":{"line":32,"column":4},"end":{"line":35,"column":5}},"type":"if","locations":[{"start":{"line":32,"column":4},"end":{"line":35,"column":5}}]},"1":{"loc":{"start":{"line":32,"column":8},"end":{"line":32,"column":47}},"type":"binary-expr","locations":[{"start":{"line":32,"column":8},"end":{"line":32,"column":16}},{"start":{"line":32,"column":20},"end":{"line":32,"column":47}}]},"2":{"loc":{"start":{"line":37,"column":4},"end":{"line":40,"column":5}},"type":"if","locations":[{"start":{"line":37,"column":4},"end":{"line":40,"column":5}}]},"3":{"loc":{"start":{"line":37,"column":8},"end":{"line":37,"column":51}},"type":"binary-expr","locations":[{"start":{"line":37,"column":8},"end":{"line":37,"column":18}},{"start":{"line":37,"column":22},"end":{"line":37,"column":51}}]},"4":{"loc":{"start":{"line":42,"column":4},"end":{"line":45,"column":5}},"type":"if","locations":[{"start":{"line":42,"column":4},"end":{"line":45,"column":5}}]},"5":{"loc":{"start":{"line":42,"column":8},"end":{"line":42,"column":53}},"type":"binary-expr","locations":[{"start":{"line":42,"column":8},"end":{"line":42,"column":19}},{"start":{"line":42,"column":23},"end":{"line":42,"column":53}}]},"6":{"loc":{"start":{"line":47,"column":4},"end":{"line":50,"column":5}},"type":"if","locations":[{"start":{"line":47,"column":4},"end":{"line":50,"column":5}}]},"7":{"loc":{"start":{"line":47,"column":8},"end":{"line":47,"column":57}},"type":"binary-expr","locations":[{"start":{"line":47,"column":8},"end":{"line":47,"column":21}},{"start":{"line":47,"column":25},"end":{"line":47,"column":57}}]},"8":{"loc":{"start":{"line":52,"column":4},"end":{"line":55,"column":5}},"type":"if","locations":[{"start":{"line":52,"column":4},"end":{"line":55,"column":5}}]},"9":{"loc":{"start":{"line":52,"column":8},"end":{"line":52,"column":61}},"type":"binary-expr","locations":[{"start":{"line":52,"column":8},"end":{"line":52,"column":23}},{"start":{"line":52,"column":27},"end":{"line":52,"column":61}}]},"10":{"loc":{"start":{"line":58,"column":4},"end":{"line":66,"column":5}},"type":"if","locations":[{"start":{"line":58,"column":4},"end":{"line":66,"column":5}}]},"11":{"loc":{"start":{"line":70,"column":4},"end":{"line":73,"column":5}},"type":"if","locations":[{"start":{"line":70,"column":4},"end":{"line":73,"column":5}}]},"12":{"loc":{"start":{"line":76,"column":4},"end":{"line":84,"column":5}},"type":"if","locations":[{"start":{"line":76,"column":4},"end":{"line":84,"column":5}}]},"13":{"loc":{"start":{"line":85,"column":4},"end":{"line":93,"column":5}},"type":"if","locations":[{"start":{"line":85,"column":4},"end":{"line":93,"column":5}}]},"14":{"loc":{"start":{"line":99,"column":13},"end":{"line":99,"column":67}},"type":"cond-expr","locations":[{"start":{"line":99,"column":38},"end":{"line":99,"column":51}},{"start":{"line":99,"column":54},"end":{"line":99,"column":67}}]}},"s":{"0":10,"1":10,"2":12,"3":73,"4":73,"5":3,"6":2,"7":70,"8":1,"9":1,"10":69,"11":3,"12":3,"13":66,"14":1,"15":1,"16":65,"17":1,"18":1,"19":64,"20":1,"21":1,"22":64,"23":64,"24":3,"25":3,"26":61,"27":1,"28":1,"29":61,"30":1,"31":1,"32":61,"33":1,"34":0},"f":{"0":12,"1":73},"b":{"0":[3],"1":[73,71],"2":[1],"3":[70,69],"4":[3],"5":[69,66],"6":[1],"7":[66,65],"8":[1],"9":[65,64],"10":[1],"11":[3],"12":[1],"13":[1],"14":[1,0]}}
}
