TN:
SF:src\config.ts
FNF:0
FNH:0
DA:9,5
LF:1
LH:1
BRF:0
BRH:0
end_of_record
TN:
SF:src\components\ErrorBoundary\ErrorBoundary.tsx
FN:30,(anonymous_6)
FN:38,(anonymous_7)
FN:46,(anonymous_8)
FN:56,(anonymous_9)
FNF:4
FNH:4
FNDA:5,(anonymous_6)
FNDA:4,(anonymous_7)
FNDA:2,(anonymous_8)
FNDA:8,(anonymous_9)
DA:1,1
DA:29,1
DA:31,5
DA:32,4
DA:40,4
DA:48,2
DA:51,2
DA:52,0
DA:57,8
DA:59,4
DA:60,2
DA:64,2
DA:101,4
LF:13
LH:12
BRDA:51,0,0,0
BRDA:57,1,0,4
BRDA:59,2,0,2
BRDA:80,3,0,2
BRDA:80,3,1,2
BRF:5
BRH:4
end_of_record
TN:
SF:src\components\ErrorBoundary\index.ts
FN:1,(anonymous_0)
FNF:1
FNH:1
FNDA:2,(anonymous_0)
DA:1,3
LF:1
LH:1
BRF:0
BRH:0
end_of_record
TN:
SF:src\components\NotificationList\NotificationActions.tsx
FN:28,(anonymous_1)
FN:32,(anonymous_2)
FN:46,(anonymous_3)
FN:64,(anonymous_4)
FN:68,(anonymous_5)
FNF:5
FNH:5
FNDA:67,(anonymous_1)
FNDA:7,(anonymous_2)
FNDA:1,(anonymous_3)
FNDA:2,(anonymous_4)
FNDA:1,(anonymous_5)
DA:1,5
DA:28,5
DA:32,67
DA:33,7
DA:34,7
DA:35,6
DA:39,67
DA:46,1
DA:65,2
DA:66,2
DA:69,1
DA:70,1
LF:12
LH:12
BRDA:34,0,0,6
BRDA:72,1,0,6
BRDA:72,1,1,61
BRDA:73,2,0,6
BRDA:73,2,1,61
BRDA:75,3,0,6
BRDA:75,3,1,61
BRF:7
BRH:7
end_of_record
TN:
SF:src\components\NotificationList\NotificationItem.tsx
FN:37,(anonymous_1)
FN:42,(anonymous_2)
FN:48,(anonymous_3)
FN:55,(anonymous_4)
FN:90,(anonymous_5)
FN:188,arePropsEqual
FNF:6
FNH:5
FNDA:50,(anonymous_1)
FNDA:7,(anonymous_2)
FNDA:3,(anonymous_3)
FNDA:50,(anonymous_4)
FNDA:5,(anonymous_5)
FNDA:0,arePropsEqual
DA:1,4
DA:3,4
DA:4,4
DA:37,4
DA:42,50
DA:43,7
DA:44,6
DA:48,50
DA:49,3
DA:50,2
DA:55,50
DA:56,50
DA:57,50
DA:59,0
DA:64,50
DA:72,50
DA:74,50
DA:91,5
DA:92,4
DA:93,4
DA:193,0
DA:196,0
DA:200,0
DA:201,0
DA:205,0
DA:214,0
DA:217,0
DA:224,4
LF:28
LH:20
BRDA:43,0,0,6
BRDA:49,1,0,2
BRDA:72,2,0,50
BRDA:72,2,1,0
BRDA:80,3,0,2
BRDA:80,3,1,48
BRDA:91,4,0,4
BRDA:91,5,0,5
BRDA:91,5,1,3
BRDA:96,6,0,2
BRDA:96,6,1,48
BRDA:126,7,0,2
BRDA:126,7,1,48
BRDA:193,8,0,0
BRDA:193,9,0,0
BRDA:193,9,1,0
BRDA:193,9,2,0
BRDA:205,10,0,0
BRDA:205,10,1,0
BRDA:205,10,2,0
BRDA:205,10,3,0
BRDA:205,10,4,0
BRDA:205,10,5,0
BRDA:214,11,0,0
BRDA:214,11,1,0
BRDA:217,12,0,0
BRDA:217,12,1,0
BRF:27
BRH:12
end_of_record
TN:
SF:src\components\NotificationList\NotificationList.tsx
FN:59,(anonymous_1)
FN:150,(anonymous_2)
FN:153,(anonymous_3)
FNF:3
FNH:1
FNDA:31,(anonymous_1)
FNDA:0,(anonymous_2)
FNDA:0,(anonymous_3)
DA:1,2
DA:3,2
DA:4,2
DA:59,2
DA:73,31
DA:74,10
DA:82,21
DA:83,5
DA:151,0
DA:154,0
DA:165,16
DA:166,10
DA:227,6
LF:13
LH:11
BRDA:63,0,0,30
BRDA:64,1,0,30
BRDA:69,2,0,15
BRDA:70,3,0,15
BRDA:73,4,0,10
BRDA:73,5,0,31
BRDA:73,5,1,11
BRDA:82,6,0,5
BRDA:132,7,0,5
BRDA:132,7,1,1
BRDA:136,8,0,5
BRDA:136,8,1,1
BRDA:165,9,0,10
BRF:13
BRH:13
end_of_record
TN:
SF:src\components\NotificationList\NotificationSkeleton.tsx
FN:21,(anonymous_1)
FN:24,(anonymous_2)
FNF:2
FNH:2
FNDA:18,(anonymous_1)
FNDA:67,(anonymous_2)
DA:1,3
DA:21,3
DA:22,18
DA:25,67
LF:4
LH:4
BRDA:21,0,0,1
BRF:1
BRH:1
end_of_record
TN:
SF:src\components\NotificationList\VirtualizedList.tsx
FN:55,(anonymous_6)
FN:70,(anonymous_7)
FN:89,(anonymous_8)
FN:102,(anonymous_9)
FN:108,(anonymous_10)
FNF:5
FNH:3
FNDA:10,(anonymous_6)
FNDA:0,(anonymous_7)
FNDA:10,(anonymous_8)
FNDA:0,(anonymous_9)
FNDA:22,(anonymous_10)
DA:1,2
DA:2,2
DA:4,2
DA:53,2
DA:55,2
DA:66,10
DA:67,10
DA:70,10
DA:71,0
DA:74,0
DA:75,0
DA:83,0
DA:84,0
DA:89,10
DA:90,10
DA:91,10
DA:94,0
DA:100,0
DA:102,0
DA:103,0
DA:108,10
DA:109,22
DA:111,22
DA:112,0
DA:115,22
DA:126,10
LF:26
LH:16
BRDA:58,0,0,8
BRDA:62,1,0,10
BRDA:63,2,0,10
BRDA:74,3,0,0
BRDA:83,4,0,0
BRDA:83,5,0,0
BRDA:83,5,1,0
BRDA:83,5,2,0
BRDA:83,5,3,0
BRDA:90,6,0,10
BRDA:90,7,0,10
BRDA:90,7,1,0
BRDA:111,8,0,0
BRDA:140,9,0,10
BRDA:140,9,1,0
BRDA:155,10,0,10
BRDA:155,10,1,0
BRF:17
BRH:7
end_of_record
TN:
SF:src\components\NotificationList\index.ts
FN:10,(anonymous_0)
FN:13,(anonymous_1)
FN:16,(anonymous_2)
FN:19,(anonymous_3)
FN:22,(anonymous_4)
FNF:5
FNH:1
FNDA:0,(anonymous_0)
FNDA:0,(anonymous_1)
FNDA:0,(anonymous_2)
FNDA:0,(anonymous_3)
FNDA:16,(anonymous_4)
DA:10,1
DA:13,1
DA:16,1
DA:19,1
DA:22,17
LF:5
LH:5
BRF:0
BRH:0
end_of_record
TN:
SF:src\components\NotificationPanel\NotificationPanel.tsx
FN:90,(anonymous_1)
FN:111,(anonymous_2)
FN:112,(anonymous_3)
FN:122,(anonymous_4)
FN:128,(anonymous_5)
FN:135,(anonymous_6)
FN:139,(anonymous_7)
FN:140,(anonymous_8)
FNF:8
FNH:7
FNDA:85,(anonymous_1)
FNDA:44,(anonymous_2)
FNDA:9,(anonymous_3)
FNDA:44,(anonymous_4)
FNDA:44,(anonymous_5)
FNDA:44,(anonymous_6)
FNDA:0,(anonymous_7)
FNDA:41,(anonymous_8)
DA:1,2
DA:3,2
DA:4,2
DA:5,2
DA:90,2
DA:107,85
DA:108,85
DA:111,85
DA:112,44
DA:113,9
DA:114,3
DA:118,44
DA:119,41
DA:122,44
DA:123,44
DA:128,85
DA:129,44
DA:130,41
DA:135,85
DA:136,44
DA:137,41
DA:139,41
DA:140,41
DA:142,3
DA:147,85
DA:148,3
DA:152,82
DA:153,82
DA:154,82
DA:156,82
LF:30
LH:30
BRDA:92,0,0,58
BRDA:105,1,0,83
BRDA:113,2,0,3
BRDA:113,3,0,9
BRDA:113,3,1,3
BRDA:118,4,0,41
BRDA:129,5,0,41
BRDA:129,6,0,44
BRDA:129,6,1,41
BRDA:136,7,0,41
BRDA:136,7,1,3
BRDA:147,8,0,3
BRDA:147,9,0,85
BRDA:147,9,1,3
BRDA:153,10,0,76
BRDA:153,10,1,6
BRDA:167,11,0,82
BRDA:167,11,1,0
BRDA:180,12,0,82
BRDA:180,12,1,76
BRDA:190,13,0,76
BRDA:190,13,1,6
BRDA:193,14,0,82
BRDA:193,14,1,0
BRF:24
BRH:22
end_of_record
TN:
SF:src\components\NotificationPanel\PanelFooter.tsx
FN:31,(anonymous_1)
FN:38,(anonymous_2)
FN:47,(anonymous_3)
FN:52,(anonymous_4)
FN:86,(anonymous_5)
FN:92,(anonymous_6)
FN:133,(anonymous_7)
FN:170,(anonymous_8)
FN:174,(anonymous_9)
FN:194,(anonymous_10)
FN:197,(anonymous_11)
FNF:11
FNH:7
FNDA:36,(anonymous_1)
FNDA:12,(anonymous_2)
FNDA:1,(anonymous_3)
FNDA:3,(anonymous_4)
FNDA:1,(anonymous_5)
FNDA:1,(anonymous_6)
FNDA:4,(anonymous_7)
FNDA:0,(anonymous_8)
FNDA:0,(anonymous_9)
FNDA:0,(anonymous_10)
FNDA:0,(anonymous_11)
DA:1,1
DA:31,1
DA:36,36
DA:38,36
DA:40,12
DA:41,10
DA:43,2
DA:47,36
DA:48,1
DA:49,1
DA:52,36
DA:53,3
DA:57,36
DA:58,1
DA:61,35
DA:87,1
DA:88,1
DA:89,1
DA:93,1
DA:94,1
DA:95,1
DA:133,4
DA:171,0
DA:172,0
DA:175,0
DA:176,0
DA:195,0
DA:198,0
LF:28
LH:22
BRDA:34,0,0,32
BRDA:40,1,0,10
BRDA:40,1,1,2
BRDA:57,2,0,1
BRDA:78,3,0,4
BRDA:78,3,1,31
BRDA:79,4,0,4
BRDA:79,4,1,31
BRDA:81,5,0,4
BRDA:81,5,1,31
BRDA:83,6,0,4
BRDA:83,6,1,31
BRDA:87,7,0,1
BRDA:93,8,0,1
BRDA:105,9,0,35
BRDA:105,9,1,10
BRF:16
BRH:16
end_of_record
TN:
SF:src\components\NotificationPanel\PanelHeader.tsx
FN:41,(anonymous_1)
FN:87,(anonymous_2)
FN:91,(anonymous_3)
FN:122,(anonymous_4)
FN:127,(anonymous_5)
FN:132,(anonymous_6)
FN:146,(anonymous_7)
FN:162,(anonymous_8)
FN:168,(anonymous_9)
FNF:9
FNH:7
FNDA:20,(anonymous_1)
FNDA:1,(anonymous_2)
FNDA:1,(anonymous_3)
FNDA:2,(anonymous_4)
FNDA:1,(anonymous_5)
FNDA:1,(anonymous_6)
FNDA:60,(anonymous_7)
FNDA:0,(anonymous_8)
FNDA:0,(anonymous_9)
DA:1,1
DA:41,1
DA:48,20
DA:88,1
DA:89,1
DA:92,1
DA:93,1
DA:122,2
DA:127,1
DA:132,1
DA:146,1
DA:147,60
DA:163,0
DA:164,0
DA:165,0
DA:169,0
DA:170,0
DA:171,0
LF:18
LH:12
BRDA:42,0,0,19
BRDA:125,1,0,19
BRDA:125,1,1,1
BRDA:153,2,0,20
BRDA:153,2,1,40
BRDA:154,3,0,20
BRDA:154,3,1,40
BRDA:155,4,0,20
BRDA:155,4,1,40
BRDA:157,5,0,20
BRDA:157,5,1,40
BRDA:163,6,0,0
BRDA:169,7,0,0
BRF:13
BRH:11
end_of_record
TN:
SF:src\components\NotificationPanel\index.ts
FN:7,(anonymous_0)
FN:10,(anonymous_1)
FN:13,(anonymous_2)
FNF:3
FNH:0
FNDA:0,(anonymous_0)
FNDA:0,(anonymous_1)
FNDA:0,(anonymous_2)
DA:7,0
DA:10,0
DA:13,0
LF:3
LH:0
BRF:0
BRH:0
end_of_record
TN:
SF:src\components\PerformanceMonitor\PerformanceMonitor.tsx
FN:45,(anonymous_6)
FN:48,(anonymous_7)
FN:87,(anonymous_8)
FNF:3
FNH:0
FNDA:0,(anonymous_6)
FNDA:0,(anonymous_7)
FNDA:0,(anonymous_8)
DA:1,0
DA:45,0
DA:48,0
DA:57,0
DA:58,0
DA:72,0
DA:74,0
DA:75,0
DA:76,0
DA:87,0
DA:94,0
DA:95,0
DA:98,0
DA:100,0
LF:14
LH:0
BRDA:57,0,0,0
BRDA:62,1,0,0
BRDA:62,1,1,0
BRDA:72,2,0,0
BRDA:75,3,0,0
BRDA:75,4,0,0
BRDA:75,4,1,0
BRDA:90,5,0,0
BRDA:91,6,0,0
BRDA:94,7,0,0
BRF:10
BRH:0
end_of_record
TN:
SF:src\components\PerformanceMonitor\index.ts
FN:1,(anonymous_0)
FNF:1
FNH:0
FNDA:0,(anonymous_0)
DA:1,0
LF:1
LH:0
BRF:0
BRH:0
end_of_record
TN:
SF:src\components\ToastHost\Toast.tsx
FN:28,Toast
FN:35,(anonymous_2)
FN:39,(anonymous_3)
FN:100,(anonymous_4)
FNF:4
FNH:4
FNDA:25,Toast
FNDA:1,(anonymous_2)
FNDA:1,(anonymous_3)
FNDA:1,(anonymous_4)
DA:1,2
DA:28,2
DA:35,25
DA:36,1
DA:39,25
DA:40,1
DA:41,1
DA:46,25
DA:69,25
DA:81,25
DA:100,1
LF:11
LH:11
BRDA:32,0,0,13
BRDA:40,1,0,1
BRDA:85,2,0,3
BRDA:85,2,1,22
BRDA:92,3,0,25
BRDA:92,3,1,24
BRDA:97,4,0,25
BRDA:97,4,1,3
BRDA:118,5,0,25
BRDA:118,5,1,24
BRF:10
BRH:10
end_of_record
TN:
SF:src\components\ToastHost\ToastContainer.tsx
FN:28,ToastContainer
FN:29,(anonymous_2)
FNF:2
FNH:2
FNDA:13,ToastContainer
FNDA:13,(anonymous_2)
DA:1,1
DA:28,1
DA:29,13
DA:30,13
DA:39,13
DA:68,13
DA:74,13
DA:79,13
DA:81,13
LF:9
LH:9
BRF:0
BRH:0
end_of_record
TN:
SF:src\components\ToastHost\ToastHost.tsx
FN:62,ToastHost
FN:72,(anonymous_7)
FN:89,(anonymous_8)
FN:94,(anonymous_9)
FN:95,(anonymous_10)
FN:96,(anonymous_11)
FN:99,(anonymous_12)
FN:107,(anonymous_13)
FN:115,(anonymous_14)
FN:118,(anonymous_15)
FN:122,(anonymous_16)
FN:123,(anonymous_17)
FN:127,(anonymous_18)
FN:132,(anonymous_19)
FN:133,(anonymous_20)
FN:139,(anonymous_21)
FN:139,(anonymous_22)
FN:142,(anonymous_23)
FN:143,(anonymous_24)
FN:156,(anonymous_25)
FNF:20
FNH:19
FNDA:41,ToastHost
FNDA:51,(anonymous_7)
FNDA:74,(anonymous_8)
FNDA:20,(anonymous_9)
FNDA:5,(anonymous_10)
FNDA:5,(anonymous_11)
FNDA:5,(anonymous_12)
FNDA:20,(anonymous_13)
FNDA:18,(anonymous_14)
FNDA:23,(anonymous_15)
FNDA:0,(anonymous_16)
FNDA:19,(anonymous_17)
FNDA:21,(anonymous_18)
FNDA:23,(anonymous_19)
FNDA:1,(anonymous_20)
FNDA:18,(anonymous_21)
FNDA:22,(anonymous_22)
FNDA:18,(anonymous_23)
FNDA:1,(anonymous_24)
FNDA:51,(anonymous_25)
DA:1,1
DA:3,1
DA:4,1
DA:30,1
DA:62,1
DA:68,41
DA:69,41
DA:72,41
DA:73,51
DA:75,37
DA:77,7
DA:79,3
DA:82,4
DA:84,0
DA:89,41
DA:90,74
DA:94,41
DA:95,20
DA:96,5
DA:97,5
DA:98,5
DA:99,5
DA:101,0
DA:106,41
DA:108,20
DA:109,20
DA:115,41
DA:116,18
DA:118,18
DA:119,23
DA:122,23
DA:123,21
DA:124,19
DA:127,21
DA:132,23
DA:133,18
DA:134,1
DA:135,1
DA:139,22
DA:142,18
DA:143,18
DA:148,41
DA:150,41
DA:151,4
DA:154,37
DA:157,51
LF:46
LH:44
BRDA:66,0,0,34
BRDA:73,1,0,37
BRDA:73,1,1,7
BRDA:73,1,2,3
BRDA:73,1,3,2
BRDA:73,1,4,4
BRDA:73,1,5,0
BRDA:97,2,0,5
BRDA:122,3,0,21
BRDA:122,4,0,23
BRDA:122,4,1,21
BRDA:134,5,0,1
BRDA:150,6,0,4
BRF:13
BRH:12
end_of_record
TN:
SF:src\components\ToastHost\index.ts
FN:10,(anonymous_0)
FN:13,(anonymous_1)
FN:16,(anonymous_2)
FNF:3
FNH:0
FNDA:0,(anonymous_0)
FNDA:0,(anonymous_1)
FNDA:0,(anonymous_2)
DA:10,0
DA:13,0
DA:16,0
LF:3
LH:0
BRF:0
BRH:0
end_of_record
TN:
SF:src\components\UnreadBadge\UnreadBadge.tsx
FN:54,UnreadBadge
FNF:1
FNH:1
FNDA:25,UnreadBadge
DA:1,1
DA:2,1
DA:54,1
DA:60,25
DA:63,25
DA:66,25
DA:67,4
DA:71,21
DA:72,3
DA:80,18
DA:81,6
DA:100,12
DA:102,12
LF:13
LH:13
BRDA:55,0,0,3
BRDA:56,1,0,19
BRDA:57,2,0,21
BRDA:63,3,0,1
BRDA:63,3,1,24
BRDA:66,4,0,4
BRDA:66,5,0,25
BRDA:66,5,1,22
BRDA:66,5,2,6
BRDA:71,6,0,3
BRDA:80,7,0,6
BRDA:92,8,0,5
BRDA:92,8,1,1
BRDA:100,9,0,7
BRDA:100,9,1,5
BRF:15
BRH:15
end_of_record
TN:
SF:src\components\UnreadBadge\index.ts
FN:1,(anonymous_0)
FNF:1
FNH:0
FNDA:0,(anonymous_0)
DA:1,0
LF:1
LH:0
BRF:0
BRH:0
end_of_record
TN:
SF:src\config\defaultNotificationMappings.ts
FNF:0
FNH:0
DA:3,0
LF:1
LH:0
BRF:0
BRH:0
end_of_record
TN:
SF:src\config\types.ts
FN:1,(anonymous_0)
FNF:1
FNH:0
FNDA:0,(anonymous_0)
DA:1,0
LF:1
LH:0
BRF:0
BRH:0
end_of_record
TN:
SF:src\context\NotificationsContext.tsx
FNF:0
FNH:0
DA:1,10
DA:73,10
LF:2
LH:2
BRF:0
BRH:0
end_of_record
TN:
SF:src\context\NotificationsProvider.tsx
FN:18,NotificationsProvider
FN:37,(anonymous_7)
FN:58,(anonymous_8)
FN:106,(anonymous_9)
FN:139,(anonymous_10)
FN:187,(anonymous_11)
FN:194,(anonymous_12)
FN:195,(anonymous_13)
FN:247,(anonymous_14)
FN:248,(anonymous_15)
FN:300,(anonymous_16)
FN:326,(anonymous_17)
FN:330,(anonymous_18)
FN:334,(anonymous_19)
FN:338,(anonymous_20)
FN:346,(anonymous_21)
FN:350,(anonymous_22)
FN:358,(anonymous_23)
FN:364,(anonymous_24)
FN:367,(anonymous_25)
FN:370,(anonymous_26)
FN:384,(anonymous_27)
FN:397,(anonymous_28)
FN:406,(anonymous_29)
FN:412,(anonymous_30)
FNF:25
FNH:11
FNDA:384,NotificationsProvider
FNDA:48,(anonymous_7)
FNDA:55,(anonymous_8)
FNDA:0,(anonymous_9)
FNDA:0,(anonymous_10)
FNDA:0,(anonymous_11)
FNDA:6,(anonymous_12)
FNDA:8,(anonymous_13)
FNDA:0,(anonymous_14)
FNDA:0,(anonymous_15)
FNDA:0,(anonymous_16)
FNDA:0,(anonymous_17)
FNDA:0,(anonymous_18)
FNDA:0,(anonymous_19)
FNDA:0,(anonymous_20)
FNDA:0,(anonymous_21)
FNDA:0,(anonymous_22)
FNDA:21,(anonymous_23)
FNDA:24,(anonymous_24)
FNDA:24,(anonymous_25)
FNDA:0,(anonymous_26)
FNDA:0,(anonymous_27)
FNDA:24,(anonymous_28)
FNDA:24,(anonymous_29)
FNDA:21,(anonymous_30)
DA:1,9
DA:2,9
DA:3,9
DA:4,9
DA:5,9
DA:7,9
DA:8,9
DA:9,9
DA:10,9
DA:18,9
DA:23,384
DA:24,384
DA:25,384
DA:28,384
DA:29,384
DA:32,384
DA:33,76
DA:34,76
DA:37,76
DA:38,48
DA:39,0
DA:40,0
DA:43,48
DA:45,48
DA:46,48
DA:56,27
DA:58,55
DA:60,27
DA:70,7
DA:71,7
DA:74,7
DA:77,7
DA:78,2
DA:83,7
DA:86,7
DA:106,76
DA:107,0
DA:109,0
DA:110,0
DA:112,0
DA:115,0
DA:117,0
DA:118,0
DA:121,0
DA:127,0
DA:137,0
DA:139,0
DA:141,0
DA:151,0
DA:158,0
DA:159,0
DA:162,0
DA:164,0
DA:167,0
DA:187,76
DA:189,0
DA:190,0
DA:194,76
DA:195,8
DA:196,6
DA:197,0
DA:198,0
DA:201,6
DA:204,6
DA:209,6
DA:210,6
DA:211,2
DA:214,4
DA:215,4
DA:218,4
DA:221,4
DA:227,4
DA:247,76
DA:248,0
DA:249,0
DA:250,0
DA:251,0
DA:254,0
DA:257,0
DA:262,0
DA:263,0
DA:264,0
DA:267,0
DA:268,0
DA:271,0
DA:274,0
DA:280,0
DA:300,76
DA:301,0
DA:302,0
DA:303,0
DA:306,0
DA:307,0
DA:316,0
DA:319,0
DA:321,0
DA:322,0
DA:326,76
DA:327,0
DA:330,76
DA:331,0
DA:334,76
DA:335,0
DA:338,76
DA:339,0
DA:340,0
DA:342,0
DA:346,76
DA:347,0
DA:350,76
DA:351,0
DA:352,0
DA:353,0
DA:354,0
DA:358,76
DA:359,21
DA:364,76
DA:365,24
DA:367,24
DA:368,24
DA:370,24
DA:371,0
DA:372,0
DA:378,24
DA:381,24
DA:384,24
DA:385,0
DA:386,0
DA:387,0
DA:388,0
DA:390,0
DA:391,0
DA:395,24
DA:397,24
DA:398,24
DA:399,24
DA:401,24
DA:406,76
DA:407,24
DA:408,24
DA:412,76
DA:413,21
DA:414,0
DA:415,0
DA:417,21
DA:421,76
DA:439,76
LF:147
LH:79
BRDA:21,0,0,384
BRDA:38,1,0,0
BRDA:77,2,0,2
BRDA:97,3,0,7
BRDA:97,3,1,0
BRDA:107,4,0,0
BRDA:107,5,0,0
BRDA:107,5,1,0
BRDA:107,5,2,0
BRDA:109,6,0,0
BRDA:145,7,0,0
BRDA:145,7,1,0
BRDA:154,8,0,0
BRDA:154,8,1,0
BRDA:178,9,0,0
BRDA:178,9,1,0
BRDA:196,10,0,0
BRDA:238,11,0,4
BRDA:238,11,1,0
BRDA:249,12,0,0
BRDA:291,13,0,0
BRDA:291,13,1,0
BRDA:301,14,0,0
BRDA:312,15,0,0
BRDA:312,15,1,0
BRDA:339,16,0,0
BRDA:339,16,1,0
BRDA:352,17,0,0
BRDA:365,18,0,24
BRDA:365,18,1,0
BRDA:368,19,0,0
BRDA:371,20,0,0
BRDA:371,21,0,0
BRDA:371,21,1,0
BRDA:385,22,0,0
BRDA:385,22,1,0
BRDA:386,23,0,0
BRDA:390,24,0,0
BRDA:390,25,0,0
BRDA:390,25,1,0
BRDA:398,26,0,24
BRDA:413,27,0,0
BRDA:413,27,1,21
BRF:43
BRH:7
end_of_record
TN:
SF:src\context\apiClient.ts
FN:53,getCSRFToken
FN:66,createApiError
FN:89,apiRequest
FN:132,fetchNotifications
FN:147,(anonymous_4)
FN:155,updateReadStatus
FN:162,(anonymous_6)
FN:179,markAllRead
FN:185,(anonymous_8)
FN:202,getUnreadCount
FN:214,(anonymous_10)
FNF:11
FNH:7
FNDA:18,getCSRFToken
FNDA:22,createApiError
FNDA:97,apiRequest
FNDA:48,fetchNotifications
FNDA:79,(anonymous_4)
FNDA:6,updateReadStatus
FNDA:18,(anonymous_6)
FNDA:0,markAllRead
FNDA:0,(anonymous_8)
FNDA:0,getUnreadCount
FNDA:0,(anonymous_10)
DA:11,5
DA:54,18
DA:55,18
DA:56,18
DA:57,18
DA:58,0
DA:60,18
DA:67,22
DA:68,22
DA:70,22
DA:71,22
DA:72,6
DA:73,6
DA:74,6
DA:76,16
DA:79,22
DA:94,97
DA:100,97
DA:101,18
DA:102,18
DA:103,0
DA:105,18
DA:109,97
DA:115,51
DA:116,22
DA:120,29
DA:121,0
DA:124,29
DA:132,5
DA:136,48
DA:145,48
DA:147,79
DA:155,5
DA:160,6
DA:162,6
DA:163,18
DA:179,5
DA:183,0
DA:185,0
DA:186,0
DA:202,5
DA:207,0
DA:212,0
DA:214,0
LF:44
LH:35
BRDA:57,0,0,0
BRDA:58,1,0,0
BRDA:58,1,1,0
BRDA:72,2,0,6
BRDA:72,2,1,0
BRDA:72,2,2,0
BRDA:91,3,0,79
BRDA:92,4,0,79
BRDA:100,5,0,18
BRDA:100,6,0,97
BRDA:100,6,1,18
BRDA:100,6,2,18
BRDA:100,6,3,0
BRDA:102,7,0,0
BRDA:102,7,1,18
BRDA:115,8,0,22
BRDA:120,9,0,0
BRDA:138,10,0,48
BRDA:138,10,1,2
BRDA:139,11,0,48
BRDA:139,11,1,48
BRDA:139,11,2,0
BRDA:140,12,0,48
BRDA:140,12,1,0
BRDA:141,13,0,48
BRDA:141,13,1,48
BRDA:142,14,0,48
BRDA:142,14,1,48
BRDA:209,15,0,0
BRDA:209,15,1,0
BRF:30
BRH:18
end_of_record
TN:
SF:src\context\index.ts
FN:1,(anonymous_0)
FN:2,(anonymous_1)
FN:3,(anonymous_2)
FN:3,(anonymous_3)
FNF:4
FNH:0
FNDA:0,(anonymous_0)
FNDA:0,(anonymous_1)
FNDA:0,(anonymous_2)
FNDA:0,(anonymous_3)
DA:1,0
DA:2,0
DA:3,0
LF:3
LH:0
BRF:0
BRH:0
end_of_record
TN:
SF:src\context\notificationsReducer.ts
FN:41,notificationsReducer
FN:61,(anonymous_1)
FN:91,(anonymous_2)
FN:105,(anonymous_3)
FN:142,(anonymous_4)
FNF:5
FNH:5
FNDA:144,notificationsReducer
FNDA:55,(anonymous_1)
FNDA:20,(anonymous_2)
FNDA:14,(anonymous_3)
FNDA:2,(anonymous_4)
DA:21,10
DA:41,10
DA:45,144
DA:47,49
DA:50,29
DA:51,29
DA:61,55
DA:67,5
DA:70,1
DA:73,2
DA:74,2
DA:88,8
DA:89,8
DA:92,20
DA:99,3
DA:102,6
DA:103,6
DA:106,14
DA:114,2
DA:121,25
DA:128,10
DA:133,10
DA:140,1
DA:142,2
DA:146,1
DA:149,1
DA:152,1
DA:155,0
LF:28
LH:27
BRDA:45,0,0,49
BRDA:45,0,1,29
BRDA:45,0,2,5
BRDA:45,0,3,1
BRDA:45,0,4,2
BRDA:45,0,5,8
BRDA:45,0,6,3
BRDA:45,0,7,6
BRDA:45,0,8,2
BRDA:45,0,9,25
BRDA:45,0,10,10
BRDA:45,0,11,1
BRDA:45,0,12,1
BRDA:45,0,13,1
BRDA:45,0,14,1
BRDA:45,0,15,0
BRDA:92,1,0,8
BRDA:92,1,1,12
BRDA:106,2,0,6
BRDA:106,2,1,8
BRDA:108,3,0,1
BRDA:108,3,1,5
BRF:22
BRH:21
end_of_record
TN:
SF:src\hooks\index.ts
FN:8,(anonymous_0)
FN:9,(anonymous_1)
FN:10,(anonymous_2)
FN:11,(anonymous_3)
FNF:4
FNH:0
FNDA:0,(anonymous_0)
FNDA:0,(anonymous_1)
FNDA:0,(anonymous_2)
FNDA:0,(anonymous_3)
DA:8,0
DA:9,0
DA:10,0
DA:11,0
LF:4
LH:0
BRF:0
BRH:0
end_of_record
TN:
SF:src\hooks\useNotifications.ts
FN:25,useNotifications
FNF:1
FNH:1
FNDA:82,useNotifications
DA:1,5
DA:2,5
DA:25,5
DA:26,82
DA:28,82
DA:29,8
DA:35,74
LF:7
LH:7
BRDA:28,0,0,8
BRF:1
BRH:1
end_of_record
TN:
SF:src\hooks\useNotificationsActions.ts
FN:25,useNotificationsActions
FNF:1
FNH:1
FNDA:8,useNotificationsActions
DA:1,1
DA:2,1
DA:25,1
DA:26,8
DA:28,8
DA:29,8
DA:51,0
DA:53,0
LF:8
LH:6
BRDA:28,0,0,8
BRF:1
BRH:1
end_of_record
TN:
SF:src\hooks\usePolling.ts
FN:25,usePolling
FNF:1
FNH:1
FNDA:8,usePolling
DA:1,1
DA:2,1
DA:25,1
DA:30,8
DA:32,8
DA:33,8
DA:39,0
LF:7
LH:6
BRDA:32,0,0,8
BRF:1
BRH:1
end_of_record
TN:
SF:src\hooks\useUnreadCount.ts
FN:22,useUnreadCount
FNF:1
FNH:1
FNDA:51,useUnreadCount
DA:1,4
DA:2,4
DA:22,4
DA:23,51
DA:25,51
DA:26,8
DA:32,43
LF:7
LH:7
BRDA:25,0,0,8
BRF:1
BRH:1
end_of_record
TN:
SF:src\utils\errorHandler.ts
FN:24,getMessageForStatus
FN:57,getSeverityForStatus
FN:76,shouldRetry
FN:88,handleError
FN:120,isAuthenticationError
FN:131,isAuthorizationError
FN:142,isServerError
FN:154,formatErrorForLogging
FNF:8
FNH:6
FNDA:8,getMessageForStatus
FNDA:8,getSeverityForStatus
FNDA:8,shouldRetry
FNDA:11,handleError
FNDA:7,isAuthenticationError
FNDA:0,isAuthorizationError
FNDA:0,isServerError
FNDA:11,formatErrorForLogging
DA:25,8
DA:27,0
DA:29,2
DA:31,2
DA:33,0
DA:35,0
DA:40,4
DA:42,0
DA:43,0
DA:44,0
DA:45,0
DA:47,0
DA:58,8
DA:59,4
DA:60,4
DA:61,4
DA:62,0
DA:63,0
DA:64,0
DA:65,0
DA:67,0
DA:79,8
DA:88,9
DA:90,11
DA:92,11
DA:93,8
DA:103,3
DA:120,9
DA:121,7
DA:122,7
DA:131,9
DA:132,0
DA:133,0
DA:142,9
DA:143,0
DA:144,0
DA:154,9
DA:158,11
DA:160,11
LF:39
LH:22
BRDA:25,0,0,0
BRDA:25,0,1,2
BRDA:25,0,2,2
BRDA:25,0,3,0
BRDA:25,0,4,0
BRDA:25,0,5,4
BRDA:25,0,6,4
BRDA:25,0,7,4
BRDA:25,0,8,4
BRDA:25,0,9,0
BRDA:42,1,0,0
BRDA:42,1,1,0
BRDA:44,2,0,0
BRDA:58,3,0,4
BRDA:58,3,1,4
BRDA:58,4,0,8
BRDA:58,4,1,6
BRDA:60,5,0,4
BRDA:60,5,1,0
BRDA:62,6,0,0
BRDA:62,6,1,0
BRDA:64,7,0,0
BRDA:79,8,0,8
BRDA:79,8,1,4
BRDA:92,9,0,8
BRDA:144,10,0,0
BRDA:144,10,1,0
BRF:27
BRH:14
end_of_record
TN:
SF:src\utils\formatTimestamp.ts
FN:3,formatTimestamp
FNF:1
FNH:1
FNDA:9,formatTimestamp
DA:1,1
DA:3,1
DA:4,9
DA:5,9
DA:7,9
DA:8,3
DA:11,6
DA:13,3
DA:17,3
DA:18,1
DA:20,2
DA:21,1
DA:23,1
DA:25,0
DA:26,0
LF:15
LH:13
BRDA:3,0,0,4
BRDA:7,1,0,3
BRDA:11,2,0,3
BRDA:17,3,0,1
BRDA:20,4,0,1
BRF:5
BRH:5
end_of_record
TN:
SF:src\utils\index.ts
FN:1,(anonymous_0)
FN:2,(anonymous_1)
FN:3,(anonymous_2)
FN:3,(anonymous_3)
FN:4,(anonymous_4)
FN:4,(anonymous_5)
FN:4,(anonymous_6)
FN:4,(anonymous_7)
FN:4,(anonymous_8)
FN:5,(anonymous_9)
FN:5,(anonymous_10)
FNF:11
FNH:0
FNDA:0,(anonymous_0)
FNDA:0,(anonymous_1)
FNDA:0,(anonymous_2)
FNDA:0,(anonymous_3)
FNDA:0,(anonymous_4)
FNDA:0,(anonymous_5)
FNDA:0,(anonymous_6)
FNDA:0,(anonymous_7)
FNDA:0,(anonymous_8)
FNDA:0,(anonymous_9)
FNDA:0,(anonymous_10)
DA:1,0
DA:2,0
DA:3,0
DA:4,0
DA:5,0
LF:5
LH:0
BRF:0
BRH:0
end_of_record
TN:
SF:src\utils\notificationMapper.ts
FN:3,applyNotificationMapping
FN:36,getToastVariant
FNF:2
FNH:2
FNDA:8,applyNotificationMapping
FNDA:10,getToastVariant
DA:3,1
DA:7,8
DA:14,8
DA:17,8
DA:23,8
DA:29,8
DA:30,2
DA:33,8
DA:36,1
DA:37,10
DA:44,10
LF:11
LH:11
BRDA:14,0,0,8
BRDA:14,0,1,3
BRDA:29,1,0,2
BRDA:29,2,0,8
BRDA:29,2,1,2
BRDA:44,3,0,10
BRDA:44,3,1,5
BRF:7
BRH:7
end_of_record
TN:
SF:src\utils\retryWithBackoff.ts
FN:30,addJitter
FN:42,shouldRetryError
FN:63,retryWithBackoff
FN:108,(anonymous_3)
FN:123,retryFetch
FN:131,(anonymous_5)
FNF:6
FNH:4
FNDA:56,addJitter
FNDA:67,shouldRetryError
FNDA:54,retryWithBackoff
FNDA:56,(anonymous_3)
FNDA:0,retryFetch
FNDA:0,(anonymous_5)
DA:31,56
DA:32,56
DA:33,56
DA:43,67
DA:46,67
DA:47,45
DA:52,22
DA:63,5
DA:72,54
DA:76,54
DA:77,97
DA:78,97
DA:80,67
DA:83,67
DA:84,4
DA:85,4
DA:89,63
DA:90,7
DA:91,7
DA:95,56
DA:96,56
DA:98,56
DA:103,56
DA:104,0
DA:108,56
DA:113,7
DA:123,5
DA:127,0
DA:132,0
LF:29
LH:26
BRDA:46,0,0,45
BRDA:52,1,0,22
BRDA:52,1,1,4
BRDA:65,2,0,54
BRDA:68,3,0,54
BRDA:69,4,0,54
BRDA:70,5,0,54
BRDA:83,6,0,4
BRDA:89,7,0,7
BRDA:103,8,0,0
BRF:10
BRH:9
end_of_record
TN:
SF:src\utils\validateNotification.ts
FN:11,logMalformedNotification
FN:29,validateNotification
FNF:2
FNH:2
FNDA:12,logMalformedNotification
FNDA:73,validateNotification
DA:3,10
DA:12,12
DA:29,10
DA:30,73
DA:32,73
DA:33,3
DA:34,2
DA:37,70
DA:38,1
DA:39,1
DA:42,69
DA:43,3
DA:44,3
DA:47,66
DA:48,1
DA:49,1
DA:52,65
DA:53,1
DA:54,1
DA:58,64
DA:59,1
DA:65,1
DA:69,64
DA:70,64
DA:71,3
DA:72,3
DA:76,61
DA:77,1
DA:83,1
DA:85,61
DA:86,1
DA:92,1
DA:95,61
DA:97,1
DA:102,0
LF:35
LH:34
BRDA:32,0,0,3
BRDA:32,1,0,73
BRDA:32,1,1,71
BRDA:37,2,0,1
BRDA:37,3,0,70
BRDA:37,3,1,69
BRDA:42,4,0,3
BRDA:42,5,0,69
BRDA:42,5,1,66
BRDA:47,6,0,1
BRDA:47,7,0,66
BRDA:47,7,1,65
BRDA:52,8,0,1
BRDA:52,9,0,65
BRDA:52,9,1,64
BRDA:58,10,0,1
BRDA:70,11,0,3
BRDA:76,12,0,1
BRDA:85,13,0,1
BRDA:99,14,0,1
BRDA:99,14,1,0
BRF:21
BRH:20
end_of_record
