<?xml version="1.0" encoding="UTF-8"?>
<coverage generated="1765297752609" clover="3.2.0">
  <project timestamp="1765297752609" name="All files">
    <metrics statements="577" coveredstatements="335" conditionals="315" coveredconditionals="111" methods="93" coveredmethods="58" elements="985" coveredelements="504" complexity="0" loc="577" ncloc="577" packages="6" files="26" classes="26"/>
    <package name="__tests__.mocks">
      <metrics statements="37" coveredstatements="20" conditionals="15" coveredconditionals="6" methods="7" coveredmethods="4"/>
      <file name="handlers.ts" path="C:\Users\brian\Documents\django-core\.worktrees\023-core-auth-identity\packages\auth\src\__tests__\mocks\handlers.ts">
        <metrics statements="34" coveredstatements="17" conditionals="15" coveredconditionals="6" methods="7" coveredmethods="4"/>
        <line num="1" count="1" type="stmt"/>
        <line num="10" count="1" type="stmt"/>
        <line num="13" count="1" type="stmt"/>
        <line num="20" count="1" type="stmt"/>
        <line num="22" count="1" type="stmt"/>
        <line num="25" count="5" type="stmt"/>
        <line num="27" count="5" type="cond" truecount="3" falsecount="0"/>
        <line num="28" count="3" type="stmt"/>
        <line num="35" count="2" type="stmt"/>
        <line num="45" count="8" type="stmt"/>
        <line num="53" count="1" type="stmt"/>
        <line num="61" count="0" type="stmt"/>
        <line num="64" count="0" type="stmt"/>
        <line num="72" count="0" type="stmt"/>
        <line num="80" count="0" type="cond" truecount="0" falsecount="1"/>
        <line num="81" count="0" type="stmt"/>
        <line num="93" count="0" type="cond" truecount="0" falsecount="1"/>
        <line num="94" count="0" type="stmt"/>
        <line num="106" count="0" type="stmt"/>
        <line num="114" count="1" type="stmt"/>
        <line num="121" count="1" type="cond" truecount="1" falsecount="2"/>
        <line num="122" count="0" type="stmt"/>
        <line num="134" count="1" type="stmt"/>
        <line num="140" count="1" type="stmt"/>
        <line num="148" count="0" type="stmt"/>
        <line num="155" count="0" type="cond" truecount="0" falsecount="1"/>
        <line num="156" count="0" type="stmt"/>
        <line num="168" count="0" type="cond" truecount="0" falsecount="1"/>
        <line num="169" count="0" type="stmt"/>
        <line num="181" count="0" type="cond" truecount="0" falsecount="1"/>
        <line num="182" count="0" type="stmt"/>
        <line num="194" count="0" type="stmt"/>
        <line num="202" count="8" type="stmt"/>
        <line num="203" count="3" type="stmt"/>
      </file>
      <file name="server.ts" path="C:\Users\brian\Documents\django-core\.worktrees\023-core-auth-identity\packages\auth\src\__tests__\mocks\server.ts">
        <metrics statements="3" coveredstatements="3" conditionals="0" coveredconditionals="0" methods="0" coveredmethods="0"/>
        <line num="1" count="1" type="stmt"/>
        <line num="2" count="1" type="stmt"/>
        <line num="10" count="10" type="stmt"/>
      </file>
    </package>
    <package name="components">
      <metrics statements="66" coveredstatements="42" conditionals="20" coveredconditionals="6" methods="11" coveredmethods="9"/>
      <file name="AuthProvider.tsx" path="C:\Users\brian\Documents\django-core\.worktrees\023-core-auth-identity\packages\auth\src\components\AuthProvider.tsx">
        <metrics statements="59" coveredstatements="39" conditionals="20" coveredconditionals="6" methods="11" coveredmethods="9"/>
        <line num="12" count="1" type="stmt"/>
        <line num="14" count="1" type="stmt"/>
        <line num="15" count="1" type="stmt"/>
        <line num="16" count="1" type="stmt"/>
        <line num="53" count="316" type="stmt"/>
        <line num="93" count="14" type="stmt"/>
        <line num="98" count="34" type="stmt"/>
        <line num="106" count="34" type="stmt"/>
        <line num="107" count="34" type="stmt"/>
        <line num="110" count="34" type="stmt"/>
        <line num="116" count="34" type="stmt"/>
        <line num="118" count="8" type="cond" truecount="1" falsecount="2"/>
        <line num="119" count="0" type="stmt"/>
        <line num="120" count="0" type="stmt"/>
        <line num="124" count="8" type="cond" truecount="0" falsecount="1"/>
        <line num="125" count="0" type="stmt"/>
        <line num="126" count="0" type="stmt"/>
        <line num="129" count="8" type="stmt"/>
        <line num="130" count="8" type="stmt"/>
        <line num="132" count="8" type="stmt"/>
        <line num="133" count="8" type="stmt"/>
        <line num="134" count="8" type="stmt"/>
        <line num="136" count="8" type="cond" truecount="0" falsecount="1"/>
        <line num="138" count="0" type="cond" truecount="0" falsecount="1"/>
        <line num="139" count="0" type="stmt"/>
        <line num="146" count="0" type="stmt"/>
        <line num="150" count="0" type="stmt"/>
        <line num="151" count="0" type="stmt"/>
        <line num="158" count="0" type="stmt"/>
        <line num="161" count="8" type="stmt"/>
        <line num="162" count="8" type="cond" truecount="1" falsecount="1"/>
        <line num="164" count="8" type="stmt"/>
        <line num="172" count="8" type="stmt"/>
        <line num="174" count="0" type="stmt"/>
        <line num="185" count="0" type="stmt"/>
        <line num="187" count="8" type="stmt"/>
        <line num="194" count="34" type="stmt"/>
        <line num="195" count="1" type="stmt"/>
        <line num="208" count="34" type="stmt"/>
        <line num="209" count="2" type="stmt"/>
        <line num="212" count="2" type="cond" truecount="0" falsecount="1"/>
        <line num="213" count="0" type="stmt"/>
        <line num="214" count="0" type="stmt"/>
        <line num="217" count="2" type="stmt"/>
        <line num="223" count="2" type="stmt"/>
        <line num="229" count="34" type="stmt"/>
        <line num="230" count="4" type="stmt"/>
        <line num="242" count="34" type="stmt"/>
        <line num="243" count="8" type="cond" truecount="1" falsecount="1"/>
        <line num="244" count="8" type="stmt"/>
        <line num="247" count="0" type="stmt"/>
        <line num="262" count="34" type="stmt"/>
        <line num="263" count="23" type="cond" truecount="1" falsecount="0"/>
        <line num="265" count="0" type="cond" truecount="0" falsecount="2"/>
        <line num="266" count="0" type="stmt"/>
        <line num="267" count="0" type="cond" truecount="0" falsecount="1"/>
        <line num="268" count="0" type="stmt"/>
        <line num="272" count="0" type="stmt"/>
        <line num="275" count="34" type="stmt"/>
      </file>
      <file name="index.ts" path="C:\Users\brian\Documents\django-core\.worktrees\023-core-auth-identity\packages\auth\src\components\index.ts">
        <metrics statements="7" coveredstatements="3" conditionals="0" coveredconditionals="0" methods="0" coveredmethods="0"/>
        <line num="5" count="1" type="stmt"/>
        <line num="6" count="11" type="stmt"/>
        <line num="9" count="0" type="stmt"/>
        <line num="10" count="0" type="stmt"/>
        <line num="11" count="0" type="stmt"/>
        <line num="12" count="0" type="stmt"/>
        <line num="15" count="3" type="stmt"/>
      </file>
    </package>
    <package name="components.forms">
      <metrics statements="192" coveredstatements="104" conditionals="154" coveredconditionals="68" methods="37" coveredmethods="22"/>
      <file name="ConfirmPasswordResetForm.tsx" path="C:\Users\brian\Documents\django-core\.worktrees\023-core-auth-identity\packages\auth\src\components\forms\ConfirmPasswordResetForm.tsx">
        <metrics statements="52" coveredstatements="4" conditionals="43" coveredconditionals="0" methods="8" coveredmethods="0"/>
        <line num="6" count="1" type="stmt"/>
        <line num="7" count="1" type="stmt"/>
        <line num="97" count="1" type="stmt"/>
        <line num="141" count="1" type="stmt"/>
        <line num="148" count="0" type="stmt"/>
        <line num="149" count="0" type="stmt"/>
        <line num="150" count="0" type="stmt"/>
        <line num="154" count="0" type="stmt"/>
        <line num="156" count="0" type="stmt"/>
        <line num="161" count="0" type="stmt"/>
        <line num="162" count="0" type="cond" truecount="0" falsecount="1"/>
        <line num="163" count="0" type="stmt"/>
        <line num="165" count="0" type="cond" truecount="0" falsecount="1"/>
        <line num="166" count="0" type="stmt"/>
        <line num="168" count="0" type="cond" truecount="0" falsecount="1"/>
        <line num="169" count="0" type="stmt"/>
        <line num="171" count="0" type="stmt"/>
        <line num="177" count="0" type="stmt"/>
        <line num="178" count="0" type="cond" truecount="0" falsecount="1"/>
        <line num="179" count="0" type="stmt"/>
        <line num="181" count="0" type="cond" truecount="0" falsecount="1"/>
        <line num="182" count="0" type="stmt"/>
        <line num="184" count="0" type="stmt"/>
        <line num="190" count="0" type="stmt"/>
        <line num="191" count="0" type="stmt"/>
        <line num="192" count="0" type="stmt"/>
        <line num="193" count="0" type="stmt"/>
        <line num="199" count="0" type="stmt"/>
        <line num="200" count="0" type="stmt"/>
        <line num="201" count="0" type="stmt"/>
        <line num="202" count="0" type="stmt"/>
        <line num="208" count="0" type="stmt"/>
        <line num="209" count="0" type="stmt"/>
        <line num="212" count="0" type="stmt"/>
        <line num="215" count="0" type="stmt"/>
        <line num="216" count="0" type="stmt"/>
        <line num="217" count="0" type="cond" truecount="0" falsecount="1"/>
        <line num="219" count="0" type="stmt"/>
        <line num="220" count="0" type="cond" truecount="0" falsecount="1"/>
        <line num="222" count="0" type="cond" truecount="0" falsecount="1"/>
        <line num="223" count="0" type="stmt"/>
        <line num="224" count="0" type="stmt"/>
        <line num="228" count="0" type="stmt"/>
        <line num="230" count="0" type="stmt"/>
        <line num="231" count="0" type="stmt"/>
        <line num="232" count="0" type="cond" truecount="0" falsecount="1"/>
        <line num="233" count="0" type="stmt"/>
        <line num="236" count="0" type="cond" truecount="0" falsecount="1"/>
        <line num="237" count="0" type="stmt"/>
        <line num="243" count="0" type="cond" truecount="0" falsecount="1"/>
        <line num="269" count="0" type="stmt"/>
        <line num="285" count="0" type="stmt"/>
      </file>
      <file name="ProfileForm.tsx" path="C:\Users\brian\Documents\django-core\.worktrees\023-core-auth-identity\packages\auth\src\components\forms\ProfileForm.tsx">
        <metrics statements="37" coveredstatements="32" conditionals="41" coveredconditionals="30" methods="8" coveredmethods="8"/>
        <line num="1" count="1" type="stmt"/>
        <line num="2" count="1" type="stmt"/>
        <line num="3" count="1" type="stmt"/>
        <line num="33" count="1" type="cond" truecount="1" falsecount="0"/>
        <line num="34" count="81" type="stmt"/>
        <line num="78" count="1" type="stmt"/>
        <line num="79" count="2" type="stmt"/>
        <line num="121" count="5" type="stmt"/>
        <line num="122" count="30" type="stmt"/>
        <line num="123" count="29" type="cond" truecount="1" falsecount="1"/>
        <line num="124" count="29" type="cond" truecount="1" falsecount="1"/>
        <line num="125" count="29" type="stmt"/>
        <line num="126" count="29" type="stmt"/>
        <line num="127" count="29" type="stmt"/>
        <line num="130" count="29" type="stmt"/>
        <line num="131" count="3" type="cond" truecount="1" falsecount="0"/>
        <line num="132" count="3" type="cond" truecount="1" falsecount="1"/>
        <line num="133" count="3" type="cond" truecount="1" falsecount="1"/>
        <line num="137" count="29" type="stmt"/>
        <line num="138" count="1" type="stmt"/>
        <line num="141" count="1" type="stmt"/>
        <line num="142" count="1" type="cond" truecount="0" falsecount="1"/>
        <line num="143" count="0" type="stmt"/>
        <line num="145" count="1" type="cond" truecount="0" falsecount="1"/>
        <line num="146" count="0" type="stmt"/>
        <line num="148" count="1" type="cond" truecount="0" falsecount="1"/>
        <line num="149" count="0" type="stmt"/>
        <line num="152" count="1" type="cond" truecount="0" falsecount="1"/>
        <line num="153" count="0" type="stmt"/>
        <line num="154" count="0" type="stmt"/>
        <line num="157" count="1" type="stmt"/>
        <line num="159" count="1" type="stmt"/>
        <line num="160" count="1" type="stmt"/>
        <line num="166" count="1" type="stmt"/>
        <line num="189" count="5" type="stmt"/>
        <line num="198" count="4" type="stmt"/>
        <line num="208" count="12" type="stmt"/>
      </file>
      <file name="RequestPasswordResetForm.tsx" path="C:\Users\brian\Documents\django-core\.worktrees\023-core-auth-identity\packages\auth\src\components\forms\RequestPasswordResetForm.tsx">
        <metrics statements="38" coveredstatements="6" conditionals="27" coveredconditionals="0" methods="6" coveredmethods="0"/>
        <line num="18" count="1" type="stmt"/>
        <line num="19" count="1" type="stmt"/>
        <line num="93" count="1" type="stmt"/>
        <line num="94" count="0" type="stmt"/>
        <line num="99" count="0" type="stmt"/>
        <line num="142" count="1" type="stmt"/>
        <line num="147" count="1" type="stmt"/>
        <line num="152" count="1" type="stmt"/>
        <line num="157" count="0" type="stmt"/>
        <line num="158" count="0" type="stmt"/>
        <line num="159" count="0" type="stmt"/>
        <line num="160" count="0" type="stmt"/>
        <line num="165" count="0" type="stmt"/>
        <line num="166" count="0" type="cond" truecount="0" falsecount="1"/>
        <line num="167" count="0" type="cond" truecount="0" falsecount="1"/>
        <line num="168" count="0" type="stmt"/>
        <line num="174" count="0" type="stmt"/>
        <line num="175" count="0" type="stmt"/>
        <line num="176" count="0" type="stmt"/>
        <line num="177" count="0" type="stmt"/>
        <line num="183" count="0" type="stmt"/>
        <line num="185" count="0" type="stmt"/>
        <line num="186" count="0" type="cond" truecount="0" falsecount="1"/>
        <line num="187" count="0" type="stmt"/>
        <line num="188" count="0" type="stmt"/>
        <line num="197" count="0" type="stmt"/>
        <line num="199" count="0" type="stmt"/>
        <line num="202" count="0" type="stmt"/>
        <line num="203" count="0" type="cond" truecount="0" falsecount="1"/>
        <line num="204" count="0" type="stmt"/>
        <line num="205" count="0" type="stmt"/>
        <line num="206" count="0" type="stmt"/>
        <line num="209" count="0" type="stmt"/>
        <line num="211" count="0" type="stmt"/>
        <line num="212" count="0" type="stmt"/>
        <line num="213" count="0" type="stmt"/>
        <line num="215" count="0" type="stmt"/>
        <line num="222" count="0" type="cond" truecount="0" falsecount="1"/>
      </file>
      <file name="SignInForm.tsx" path="C:\Users\brian\Documents\django-core\.worktrees\023-core-auth-identity\packages\auth\src\components\forms\SignInForm.tsx">
        <metrics statements="61" coveredstatements="58" conditionals="43" coveredconditionals="38" methods="15" coveredmethods="14"/>
        <line num="19" count="1" type="stmt"/>
        <line num="20" count="1" type="stmt"/>
        <line num="148" count="1" type="stmt"/>
        <line num="153" count="1" type="stmt"/>
        <line num="158" count="9" type="stmt"/>
        <line num="164" count="246" type="stmt"/>
        <line num="166" count="246" type="stmt"/>
        <line num="167" count="246" type="stmt"/>
        <line num="168" count="246" type="stmt"/>
        <line num="169" count="246" type="stmt"/>
        <line num="174" count="246" type="stmt"/>
        <line num="175" count="18" type="cond" truecount="1" falsecount="0"/>
        <line num="176" count="2" type="stmt"/>
        <line num="178" count="16" type="cond" truecount="1" falsecount="0"/>
        <line num="179" count="6" type="stmt"/>
        <line num="181" count="10" type="stmt"/>
        <line num="187" count="246" type="stmt"/>
        <line num="188" count="13" type="cond" truecount="1" falsecount="0"/>
        <line num="189" count="3" type="stmt"/>
        <line num="191" count="10" type="cond" truecount="0" falsecount="1"/>
        <line num="192" count="0" type="stmt"/>
        <line num="194" count="10" type="stmt"/>
        <line num="200" count="246" type="stmt"/>
        <line num="202" count="116" type="stmt"/>
        <line num="203" count="116" type="stmt"/>
        <line num="204" count="116" type="stmt"/>
        <line num="206" count="116" type="cond" truecount="1" falsecount="0"/>
        <line num="207" count="4" type="stmt"/>
        <line num="208" count="4" type="stmt"/>
        <line num="217" count="246" type="stmt"/>
        <line num="219" count="81" type="stmt"/>
        <line num="220" count="81" type="stmt"/>
        <line num="221" count="81" type="stmt"/>
        <line num="223" count="81" type="cond" truecount="0" falsecount="1"/>
        <line num="224" count="0" type="stmt"/>
        <line num="225" count="0" type="stmt"/>
        <line num="234" count="246" type="stmt"/>
        <line num="235" count="6" type="stmt"/>
        <line num="236" count="6" type="stmt"/>
        <line num="237" count="6" type="stmt"/>
        <line num="240" count="246" type="stmt"/>
        <line num="241" count="5" type="stmt"/>
        <line num="242" count="5" type="stmt"/>
        <line num="243" count="5" type="stmt"/>
        <line num="249" count="246" type="stmt"/>
        <line num="251" count="8" type="stmt"/>
        <line num="254" count="8" type="stmt"/>
        <line num="257" count="8" type="stmt"/>
        <line num="258" count="8" type="stmt"/>
        <line num="260" count="8" type="cond" truecount="3" falsecount="0"/>
        <line num="261" count="3" type="stmt"/>
        <line num="265" count="3" type="stmt"/>
        <line num="269" count="5" type="stmt"/>
        <line num="271" count="5" type="stmt"/>
        <line num="272" count="5" type="stmt"/>
        <line num="273" count="3" type="stmt"/>
        <line num="275" count="2" type="stmt"/>
        <line num="282" count="246" type="cond" truecount="2" falsecount="0"/>
        <line num="283" count="246" type="cond" truecount="2" falsecount="0"/>
        <line num="284" count="246" type="cond" truecount="2" falsecount="0"/>
        <line num="292" count="2" type="stmt"/>
      </file>
      <file name="index.ts" path="C:\Users\brian\Documents\django-core\.worktrees\023-core-auth-identity\packages\auth\src\components\forms\index.ts">
        <metrics statements="4" coveredstatements="4" conditionals="0" coveredconditionals="0" methods="0" coveredmethods="0"/>
        <line num="5" count="1" type="stmt"/>
        <line num="6" count="1" type="stmt"/>
        <line num="7" count="1" type="stmt"/>
        <line num="8" count="1" type="stmt"/>
      </file>
    </package>
    <package name="components.pages">
      <metrics statements="46" coveredstatements="37" conditionals="31" coveredconditionals="11" methods="11" coveredmethods="8"/>
      <file name="ConfirmPasswordResetPage.tsx" path="C:\Users\brian\Documents\django-core\.worktrees\023-core-auth-identity\packages\auth\src\components\pages\ConfirmPasswordResetPage.tsx">
        <metrics statements="4" coveredstatements="3" conditionals="10" coveredconditionals="0" methods="1" coveredmethods="0"/>
        <line num="17" count="1" type="stmt"/>
        <line num="18" count="1" type="stmt"/>
        <line num="99" count="1" type="stmt"/>
        <line num="105" count="0" type="cond" truecount="0" falsecount="3"/>
      </file>
      <file name="ProfilePage.tsx" path="C:\Users\brian\Documents\django-core\.worktrees\023-core-auth-identity\packages\auth\src\components\pages\ProfilePage.tsx">
        <metrics statements="9" coveredstatements="9" conditionals="7" coveredconditionals="6" methods="2" coveredmethods="2"/>
        <line num="1" count="1" type="stmt"/>
        <line num="2" count="1" type="stmt"/>
        <line num="3" count="1" type="stmt"/>
        <line num="4" count="1" type="stmt"/>
        <line num="20" count="3" type="stmt"/>
        <line num="21" count="6" type="stmt"/>
        <line num="22" count="5" type="stmt"/>
        <line num="24" count="5" type="cond" truecount="0" falsecount="1"/>
        <line num="67" count="1" type="stmt"/>
      </file>
      <file name="RequestPasswordResetPage.tsx" path="C:\Users\brian\Documents\django-core\.worktrees\023-core-auth-identity\packages\auth\src\components\pages\RequestPasswordResetPage.tsx">
        <metrics statements="3" coveredstatements="3" conditionals="1" coveredconditionals="0" methods="1" coveredmethods="0"/>
        <line num="16" count="1" type="stmt"/>
        <line num="17" count="1" type="stmt"/>
        <line num="68" count="1" type="stmt"/>
      </file>
      <file name="SignInPage.tsx" path="C:\Users\brian\Documents\django-core\.worktrees\023-core-auth-identity\packages\auth\src\components\pages\SignInPage.tsx">
        <metrics statements="26" coveredstatements="18" conditionals="13" coveredconditionals="5" methods="7" coveredmethods="6"/>
        <line num="22" count="1" type="stmt"/>
        <line num="23" count="1" type="stmt"/>
        <line num="87" count="0" type="cond" truecount="0" falsecount="1"/>
        <line num="90" count="0" type="cond" truecount="0" falsecount="3"/>
        <line num="91" count="0" type="stmt"/>
        <line num="95" count="0" type="cond" truecount="0" falsecount="1"/>
        <line num="96" count="0" type="stmt"/>
        <line num="99" count="0" type="stmt"/>
        <line num="107" count="9" type="cond" truecount="0" falsecount="1"/>
        <line num="108" count="0" type="stmt"/>
        <line num="111" count="9" type="stmt"/>
        <line num="112" count="9" type="stmt"/>
        <line num="114" count="9" type="cond" truecount="1" falsecount="2"/>
        <line num="115" count="0" type="stmt"/>
        <line num="118" count="9" type="stmt"/>
        <line num="124" count="11" type="stmt"/>
        <line num="129" count="9" type="stmt"/>
        <line num="134" count="9" type="stmt"/>
        <line num="136" count="3" type="stmt"/>
        <line num="139" count="3" type="stmt"/>
        <line num="140" count="3" type="cond" truecount="1" falsecount="0"/>
        <line num="141" count="3" type="stmt"/>
        <line num="151" count="9" type="stmt"/>
        <line num="152" count="2" type="stmt"/>
        <line num="156" count="9" type="stmt"/>
        <line num="157" count="9" type="stmt"/>
      </file>
      <file name="index.ts" path="C:\Users\brian\Documents\django-core\.worktrees\023-core-auth-identity\packages\auth\src\components\pages\index.ts">
        <metrics statements="4" coveredstatements="4" conditionals="0" coveredconditionals="0" methods="0" coveredmethods="0"/>
        <line num="5" count="11" type="stmt"/>
        <line num="6" count="1" type="stmt"/>
        <line num="7" count="1" type="stmt"/>
        <line num="8" count="3" type="stmt"/>
      </file>
    </package>
    <package name="hooks">
      <metrics statements="181" coveredstatements="103" conditionals="46" coveredconditionals="8" methods="16" coveredmethods="9"/>
      <file name="index.ts" path="C:\Users\brian\Documents\django-core\.worktrees\023-core-auth-identity\packages\auth\src\hooks\index.ts">
        <metrics statements="8" coveredstatements="8" conditionals="0" coveredconditionals="0" methods="0" coveredmethods="0"/>
        <line num="5" count="1" type="stmt"/>
        <line num="6" count="1" type="stmt"/>
        <line num="7" count="1" type="stmt"/>
        <line num="8" count="1" type="stmt"/>
        <line num="9" count="1" type="stmt"/>
        <line num="10" count="1" type="stmt"/>
        <line num="11" count="1" type="stmt"/>
        <line num="12" count="1" type="stmt"/>
      </file>
      <file name="useAuth.ts" path="C:\Users\brian\Documents\django-core\.worktrees\023-core-auth-identity\packages\auth\src\hooks\useAuth.ts">
        <metrics statements="7" coveredstatements="6" conditionals="1" coveredconditionals="0" methods="1" coveredmethods="1"/>
        <line num="16" count="1" type="stmt"/>
        <line num="17" count="1" type="stmt"/>
        <line num="19" count="311" type="stmt"/>
        <line num="20" count="311" type="stmt"/>
        <line num="22" count="309" type="cond" truecount="0" falsecount="1"/>
        <line num="23" count="0" type="stmt"/>
        <line num="26" count="309" type="stmt"/>
      </file>
      <file name="useAuthStatus.ts" path="C:\Users\brian\Documents\django-core\.worktrees\023-core-auth-identity\packages\auth\src\hooks\useAuthStatus.ts">
        <metrics statements="4" coveredstatements="1" conditionals="0" coveredconditionals="0" methods="1" coveredmethods="0"/>
        <line num="16" count="1" type="stmt"/>
        <line num="25" count="0" type="stmt"/>
        <line num="26" count="0" type="stmt"/>
        <line num="28" count="0" type="stmt"/>
      </file>
      <file name="useConfirmPasswordReset.ts" path="C:\Users\brian\Documents\django-core\.worktrees\023-core-auth-identity\packages\auth\src\hooks\useConfirmPasswordReset.ts">
        <metrics statements="30" coveredstatements="3" conditionals="7" coveredconditionals="0" methods="3" coveredmethods="0"/>
        <line num="22" count="1" type="stmt"/>
        <line num="23" count="1" type="stmt"/>
        <line num="24" count="1" type="stmt"/>
        <line num="57" count="0" type="stmt"/>
        <line num="58" count="0" type="stmt"/>
        <line num="59" count="0" type="stmt"/>
        <line num="60" count="0" type="stmt"/>
        <line num="61" count="0" type="stmt"/>
        <line num="63" count="0" type="stmt"/>
        <line num="64" count="0" type="stmt"/>
        <line num="65" count="0" type="stmt"/>
        <line num="68" count="0" type="stmt"/>
        <line num="70" count="0" type="stmt"/>
        <line num="71" count="0" type="stmt"/>
        <line num="72" count="0" type="stmt"/>
        <line num="74" count="0" type="stmt"/>
        <line num="75" count="0" type="stmt"/>
        <line num="76" count="0" type="stmt"/>
        <line num="85" count="0" type="cond" truecount="0" falsecount="1"/>
        <line num="86" count="0" type="stmt"/>
        <line num="87" count="0" type="stmt"/>
        <line num="88" count="0" type="stmt"/>
        <line num="92" count="0" type="stmt"/>
        <line num="95" count="0" type="cond" truecount="0" falsecount="4"/>
        <line num="96" count="0" type="stmt"/>
        <line num="100" count="0" type="stmt"/>
        <line num="105" count="0" type="stmt"/>
        <line num="106" count="0" type="stmt"/>
        <line num="108" count="0" type="stmt"/>
        <line num="114" count="0" type="stmt"/>
      </file>
      <file name="useCurrentUser.ts" path="C:\Users\brian\Documents\django-core\.worktrees\023-core-auth-identity\packages\auth\src\hooks\useCurrentUser.ts">
        <metrics statements="4" coveredstatements="4" conditionals="0" coveredconditionals="0" methods="1" coveredmethods="1"/>
        <line num="21" count="1" type="stmt"/>
        <line num="24" count="36" type="stmt"/>
        <line num="25" count="36" type="stmt"/>
        <line num="26" count="34" type="stmt"/>
      </file>
      <file name="useRequestPasswordReset.ts" path="C:\Users\brian\Documents\django-core\.worktrees\023-core-auth-identity\packages\auth\src\hooks\useRequestPasswordReset.ts">
        <metrics statements="30" coveredstatements="3" conditionals="7" coveredconditionals="0" methods="3" coveredmethods="0"/>
        <line num="22" count="1" type="stmt"/>
        <line num="23" count="1" type="stmt"/>
        <line num="24" count="1" type="stmt"/>
        <line num="58" count="0" type="stmt"/>
        <line num="59" count="0" type="stmt"/>
        <line num="60" count="0" type="stmt"/>
        <line num="61" count="0" type="stmt"/>
        <line num="62" count="0" type="stmt"/>
        <line num="64" count="0" type="stmt"/>
        <line num="65" count="0" type="stmt"/>
        <line num="66" count="0" type="stmt"/>
        <line num="69" count="0" type="stmt"/>
        <line num="71" count="0" type="stmt"/>
        <line num="72" count="0" type="stmt"/>
        <line num="73" count="0" type="stmt"/>
        <line num="75" count="0" type="stmt"/>
        <line num="76" count="0" type="stmt"/>
        <line num="77" count="0" type="stmt"/>
        <line num="82" count="0" type="cond" truecount="0" falsecount="1"/>
        <line num="83" count="0" type="stmt"/>
        <line num="84" count="0" type="stmt"/>
        <line num="85" count="0" type="stmt"/>
        <line num="89" count="0" type="stmt"/>
        <line num="92" count="0" type="cond" truecount="0" falsecount="4"/>
        <line num="93" count="0" type="stmt"/>
        <line num="97" count="0" type="stmt"/>
        <line num="102" count="0" type="stmt"/>
        <line num="103" count="0" type="stmt"/>
        <line num="105" count="0" type="stmt"/>
        <line num="111" count="0" type="stmt"/>
      </file>
      <file name="useSignIn.ts" path="C:\Users\brian\Documents\django-core\.worktrees\023-core-auth-identity\packages\auth\src\hooks\useSignIn.ts">
        <metrics statements="30" coveredstatements="27" conditionals="9" coveredconditionals="6" methods="3" coveredmethods="3"/>
        <line num="22" count="1" type="stmt"/>
        <line num="23" count="1" type="stmt"/>
        <line num="24" count="1" type="stmt"/>
        <line num="53" count="246" type="stmt"/>
        <line num="54" count="246" type="stmt"/>
        <line num="55" count="246" type="stmt"/>
        <line num="56" count="246" type="stmt"/>
        <line num="58" count="246" type="stmt"/>
        <line num="59" count="197" type="stmt"/>
        <line num="62" count="246" type="stmt"/>
        <line num="64" count="5" type="stmt"/>
        <line num="65" count="5" type="stmt"/>
        <line num="67" count="5" type="stmt"/>
        <line num="68" count="5" type="stmt"/>
        <line num="69" count="5" type="stmt"/>
        <line num="74" count="5" type="cond" truecount="1" falsecount="0"/>
        <line num="75" count="2" type="stmt"/>
        <line num="76" count="2" type="stmt"/>
        <line num="77" count="2" type="stmt"/>
        <line num="80" count="3" type="stmt"/>
        <line num="81" count="3" type="cond" truecount="1" falsecount="1"/>
        <line num="84" count="3" type="stmt"/>
        <line num="86" count="3" type="stmt"/>
        <line num="89" count="2" type="cond" truecount="4" falsecount="0"/>
        <line num="90" count="2" type="stmt"/>
        <line num="94" count="0" type="stmt"/>
        <line num="99" count="0" type="stmt"/>
        <line num="100" count="0" type="stmt"/>
        <line num="102" count="5" type="stmt"/>
        <line num="108" count="246" type="stmt"/>
      </file>
      <file name="useSignOut.ts" path="C:\Users\brian\Documents\django-core\.worktrees\023-core-auth-identity\packages\auth\src\hooks\useSignOut.ts">
        <metrics statements="31" coveredstatements="24" conditionals="12" coveredconditionals="1" methods="2" coveredmethods="2"/>
        <line num="10" count="1" type="stmt"/>
        <line num="11" count="1" type="stmt"/>
        <line num="12" count="1" type="stmt"/>
        <line num="67" count="5" type="stmt"/>
        <line num="68" count="5" type="stmt"/>
        <line num="70" count="5" type="cond" truecount="0" falsecount="1"/>
        <line num="71" count="0" type="stmt"/>
        <line num="74" count="5" type="stmt"/>
        <line num="75" count="5" type="stmt"/>
        <line num="76" count="5" type="stmt"/>
        <line num="77" count="5" type="stmt"/>
        <line num="79" count="5" type="stmt"/>
        <line num="81" count="1" type="cond" truecount="0" falsecount="1"/>
        <line num="82" count="0" type="stmt"/>
        <line num="85" count="1" type="stmt"/>
        <line num="86" count="1" type="stmt"/>
        <line num="87" count="1" type="stmt"/>
        <line num="89" count="1" type="stmt"/>
        <line num="90" count="1" type="stmt"/>
        <line num="91" count="1" type="stmt"/>
        <line num="97" count="0" type="cond" truecount="0" falsecount="6"/>
        <line num="99" count="0" type="stmt"/>
        <line num="103" count="0" type="stmt"/>
        <line num="104" count="0" type="stmt"/>
        <line num="109" count="0" type="stmt"/>
        <line num="114" count="1" type="stmt"/>
        <line num="115" count="1" type="stmt"/>
        <line num="116" count="1" type="stmt"/>
        <line num="120" count="1" type="cond" truecount="1" falsecount="1"/>
        <line num="121" count="1" type="stmt"/>
        <line num="125" count="5" type="stmt"/>
      </file>
      <file name="useUpdateProfile.ts" path="C:\Users\brian\Documents\django-core\.worktrees\023-core-auth-identity\packages\auth\src\hooks\useUpdateProfile.ts">
        <metrics statements="37" coveredstatements="27" conditionals="10" coveredconditionals="1" methods="2" coveredmethods="2"/>
        <line num="1" count="1" type="stmt"/>
        <line num="2" count="1" type="stmt"/>
        <line num="3" count="1" type="stmt"/>
        <line num="63" count="29" type="stmt"/>
        <line num="64" count="29" type="stmt"/>
        <line num="65" count="29" type="stmt"/>
        <line num="66" count="29" type="stmt"/>
        <line num="67" count="29" type="stmt"/>
        <line num="70" count="29" type="stmt"/>
        <line num="72" count="29" type="stmt"/>
        <line num="75" count="1" type="cond" truecount="0" falsecount="1"/>
        <line num="76" count="0" type="stmt"/>
        <line num="79" count="1" type="stmt"/>
        <line num="80" count="1" type="stmt"/>
        <line num="81" count="1" type="stmt"/>
        <line num="82" count="1" type="stmt"/>
        <line num="84" count="1" type="stmt"/>
        <line num="85" count="1" type="stmt"/>
        <line num="86" count="1" type="stmt"/>
        <line num="91" count="1" type="cond" truecount="0" falsecount="1"/>
        <line num="92" count="0" type="stmt"/>
        <line num="93" count="0" type="stmt"/>
        <line num="94" count="0" type="stmt"/>
        <line num="97" count="1" type="stmt"/>
        <line num="98" count="1" type="cond" truecount="1" falsecount="1"/>
        <line num="101" count="1" type="stmt"/>
        <line num="102" count="1" type="stmt"/>
        <line num="104" count="1" type="stmt"/>
        <line num="107" count="0" type="cond" truecount="0" falsecount="4"/>
        <line num="108" count="0" type="stmt"/>
        <line num="109" count="0" type="stmt"/>
        <line num="113" count="0" type="stmt"/>
        <line num="118" count="0" type="stmt"/>
        <line num="119" count="0" type="stmt"/>
        <line num="121" count="1" type="stmt"/>
        <line num="122" count="1" type="stmt"/>
        <line num="128" count="29" type="stmt"/>
      </file>
    </package>
    <package name="lib">
      <metrics statements="55" coveredstatements="29" conditionals="49" coveredconditionals="12" methods="11" coveredmethods="6"/>
      <file name="apiClient.ts" path="C:\Users\brian\Documents\django-core\.worktrees\023-core-auth-identity\packages\auth\src\lib\apiClient.ts">
        <metrics statements="17" coveredstatements="12" conditionals="11" coveredconditionals="3" methods="4" coveredmethods="2"/>
        <line num="16" count="0" type="stmt"/>
        <line num="17" count="15" type="cond" truecount="0" falsecount="1"/>
        <line num="19" count="15" type="stmt"/>
        <line num="20" count="15" type="cond" truecount="1" falsecount="1"/>
        <line num="36" count="15" type="stmt"/>
        <line num="40" count="15" type="stmt"/>
        <line num="42" count="15" type="stmt"/>
        <line num="45" count="15" type="cond" truecount="0" falsecount="1"/>
        <line num="46" count="0" type="stmt"/>
        <line num="47" count="0" type="stmt"/>
        <line num="48" count="0" type="stmt"/>
        <line num="53" count="15" type="cond" truecount="1" falsecount="0"/>
        <line num="54" count="15" type="stmt"/>
        <line num="58" count="15" type="cond" truecount="1" falsecount="4"/>
        <line num="59" count="0" type="stmt"/>
        <line num="62" count="15" type="stmt"/>
        <line num="68" count="15" type="stmt"/>
      </file>
      <file name="errorNormalizer.ts" path="C:\Users\brian\Documents\django-core\.worktrees\023-core-auth-identity\packages\auth\src\lib\errorNormalizer.ts">
        <metrics statements="23" coveredstatements="15" conditionals="25" coveredconditionals="7" methods="3" coveredmethods="3"/>
        <line num="43" count="2" type="stmt"/>
        <line num="44" count="2" type="stmt"/>
        <line num="46" count="2" type="stmt"/>
        <line num="47" count="2" type="stmt"/>
        <line num="50" count="2" type="cond" truecount="1" falsecount="2"/>
        <line num="51" count="0" type="stmt"/>
        <line num="53" count="0" type="stmt"/>
        <line num="61" count="2" type="stmt"/>
        <line num="62" count="2" type="cond" truecount="2" falsecount="0"/>
        <line num="64" count="2" type="cond" truecount="1" falsecount="0"/>
        <line num="65" count="2" type="stmt"/>
        <line num="66" count="2" type="stmt"/>
        <line num="68" count="2" type="stmt"/>
        <line num="69" count="2" type="cond" truecount="1" falsecount="0"/>
        <line num="71" count="2" type="cond" truecount="2" falsecount="2"/>
        <line num="72" count="2" type="stmt"/>
        <line num="74" count="0" type="stmt"/>
        <line num="79" count="2" type="stmt"/>
        <line num="87" count="0" type="cond" truecount="0" falsecount="3"/>
        <line num="88" count="0" type="cond" truecount="0" falsecount="1"/>
        <line num="89" count="0" type="stmt"/>
        <line num="97" count="0" type="stmt"/>
        <line num="104" count="0" type="stmt"/>
      </file>
      <file name="redirectHelper.ts" path="C:\Users\brian\Documents\django-core\.worktrees\023-core-auth-identity\packages\auth\src\lib\redirectHelper.ts">
        <metrics statements="15" coveredstatements="2" conditionals="13" coveredconditionals="2" methods="4" coveredmethods="1"/>
        <line num="25" count="0" type="stmt"/>
        <line num="26" count="0" type="cond" truecount="0" falsecount="4"/>
        <line num="27" count="0" type="cond" truecount="0" falsecount="2"/>
        <line num="28" count="0" type="stmt"/>
        <line num="29" count="0" type="stmt"/>
        <line num="49" count="0" type="cond" truecount="0" falsecount="1"/>
        <line num="50" count="0" type="cond" truecount="0" falsecount="1"/>
        <line num="52" count="0" type="stmt"/>
        <line num="53" count="0" type="cond" truecount="0" falsecount="2"/>
        <line num="69" count="4" type="stmt"/>
        <line num="70" count="4" type="cond" truecount="2" falsecount="0"/>
        <line num="85" count="0" type="stmt"/>
        <line num="86" count="0" type="cond" truecount="0" falsecount="1"/>
        <line num="88" count="0" type="stmt"/>
        <line num="89" count="0" type="stmt"/>
      </file>
    </package>
  </project>
</coverage>
