<?xml version="1.0" encoding="UTF-8"?>
<coverage generated="1765221982530" clover="3.2.0">
  <project timestamp="1765221982530" name="All files">
    <metrics statements="120" coveredstatements="101" conditionals="62" coveredconditionals="49" methods="25" coveredmethods="17" elements="207" coveredelements="167" complexity="0" loc="120" ncloc="120" packages="3" files="8" classes="8"/>
    <package name="components">
      <metrics statements="50" coveredstatements="37" conditionals="16" coveredconditionals="8" methods="11" coveredmethods="5"/>
      <file name="AuthProvider.tsx" path="C:\Users\brian\Documents\django-core\.worktrees\023-core-auth-identity\packages\auth\src\components\AuthProvider.tsx">
        <metrics statements="50" coveredstatements="37" conditionals="16" coveredconditionals="8" methods="11" coveredmethods="5"/>
        <line num="12" count="2" type="stmt"/>
        <line num="14" count="2" type="stmt"/>
        <line num="15" count="2" type="stmt"/>
        <line num="16" count="2" type="stmt"/>
        <line num="48" count="19" type="stmt"/>
        <line num="88" count="5" type="stmt"/>
        <line num="93" count="14" type="stmt"/>
        <line num="101" count="14" type="stmt"/>
        <line num="102" count="14" type="stmt"/>
        <line num="107" count="14" type="stmt"/>
        <line num="108" count="4" type="stmt"/>
        <line num="110" count="4" type="stmt"/>
        <line num="111" count="4" type="stmt"/>
        <line num="112" count="4" type="stmt"/>
        <line num="114" count="3" type="cond" truecount="1" falsecount="0"/>
        <line num="116" count="2" type="cond" truecount="1" falsecount="0"/>
        <line num="117" count="1" type="stmt"/>
        <line num="124" count="1" type="stmt"/>
        <line num="128" count="1" type="stmt"/>
        <line num="129" count="1" type="stmt"/>
        <line num="136" count="1" type="stmt"/>
        <line num="139" count="1" type="stmt"/>
        <line num="140" count="1" type="cond" truecount="1" falsecount="1"/>
        <line num="142" count="1" type="stmt"/>
        <line num="150" count="1" type="stmt"/>
        <line num="152" count="1" type="stmt"/>
        <line num="163" count="1" type="stmt"/>
        <line num="170" count="14" type="stmt"/>
        <line num="171" count="0" type="stmt"/>
        <line num="184" count="14" type="stmt"/>
        <line num="185" count="0" type="stmt"/>
        <line num="188" count="0" type="cond" truecount="0" falsecount="1"/>
        <line num="189" count="0" type="stmt"/>
        <line num="190" count="0" type="stmt"/>
        <line num="193" count="0" type="stmt"/>
        <line num="199" count="0" type="stmt"/>
        <line num="205" count="14" type="stmt"/>
        <line num="206" count="0" type="stmt"/>
        <line num="218" count="14" type="stmt"/>
        <line num="219" count="5" type="cond" truecount="2" falsecount="0"/>
        <line num="220" count="4" type="stmt"/>
        <line num="223" count="1" type="stmt"/>
        <line num="236" count="14" type="stmt"/>
        <line num="237" count="10" type="cond" truecount="1" falsecount="0"/>
        <line num="239" count="0" type="cond" truecount="0" falsecount="2"/>
        <line num="240" count="0" type="stmt"/>
        <line num="241" count="0" type="cond" truecount="0" falsecount="1"/>
        <line num="242" count="0" type="stmt"/>
        <line num="246" count="0" type="stmt"/>
        <line num="249" count="14" type="stmt"/>
      </file>
    </package>
    <package name="hooks">
      <metrics statements="18" coveredstatements="12" conditionals="1" coveredconditionals="1" methods="3" coveredmethods="1"/>
      <file name="index.ts" path="C:\Users\brian\Documents\django-core\.worktrees\023-core-auth-identity\packages\auth\src\hooks\index.ts">
        <metrics statements="3" coveredstatements="3" conditionals="0" coveredconditionals="0" methods="0" coveredmethods="0"/>
        <line num="5" count="1" type="stmt"/>
        <line num="6" count="1" type="stmt"/>
        <line num="7" count="1" type="stmt"/>
      </file>
      <file name="useAuth.ts" path="C:\Users\brian\Documents\django-core\.worktrees\023-core-auth-identity\packages\auth\src\hooks\useAuth.ts">
        <metrics statements="7" coveredstatements="7" conditionals="1" coveredconditionals="1" methods="1" coveredmethods="1"/>
        <line num="16" count="2" type="stmt"/>
        <line num="17" count="2" type="stmt"/>
        <line num="19" count="19" type="stmt"/>
        <line num="20" count="19" type="stmt"/>
        <line num="22" count="18" type="cond" truecount="1" falsecount="0"/>
        <line num="23" count="4" type="stmt"/>
        <line num="26" count="14" type="stmt"/>
      </file>
      <file name="useAuthStatus.ts" path="C:\Users\brian\Documents\django-core\.worktrees\023-core-auth-identity\packages\auth\src\hooks\useAuthStatus.ts">
        <metrics statements="4" coveredstatements="1" conditionals="0" coveredconditionals="0" methods="1" coveredmethods="0"/>
        <line num="16" count="1" type="stmt"/>
        <line num="25" count="0" type="stmt"/>
        <line num="26" count="0" type="stmt"/>
        <line num="28" count="0" type="stmt"/>
      </file>
      <file name="useCurrentUser.ts" path="C:\Users\brian\Documents\django-core\.worktrees\023-core-auth-identity\packages\auth\src\hooks\useCurrentUser.ts">
        <metrics statements="4" coveredstatements="1" conditionals="0" coveredconditionals="0" methods="1" coveredmethods="0"/>
        <line num="21" count="1" type="stmt"/>
        <line num="24" count="0" type="stmt"/>
        <line num="25" count="0" type="stmt"/>
        <line num="26" count="0" type="stmt"/>
      </file>
    </package>
    <package name="lib">
      <metrics statements="52" coveredstatements="52" conditionals="45" coveredconditionals="40" methods="11" coveredmethods="11"/>
      <file name="apiClient.ts" path="C:\Users\brian\Documents\django-core\.worktrees\023-core-auth-identity\packages\auth\src\lib\apiClient.ts">
        <metrics statements="17" coveredstatements="17" conditionals="11" coveredconditionals="10" methods="4" coveredmethods="4"/>
        <line num="16" count="3" type="stmt"/>
        <line num="17" count="17" type="cond" truecount="0" falsecount="1"/>
        <line num="19" count="17" type="stmt"/>
        <line num="20" count="17" type="cond" truecount="2" falsecount="0"/>
        <line num="36" count="14" type="stmt"/>
        <line num="40" count="14" type="stmt"/>
        <line num="42" count="14" type="stmt"/>
        <line num="45" count="14" type="cond" truecount="1" falsecount="0"/>
        <line num="46" count="2" type="stmt"/>
        <line num="47" count="2" type="stmt"/>
        <line num="48" count="2" type="stmt"/>
        <line num="53" count="14" type="cond" truecount="1" falsecount="0"/>
        <line num="54" count="13" type="stmt"/>
        <line num="58" count="14" type="cond" truecount="5" falsecount="0"/>
        <line num="59" count="7" type="stmt"/>
        <line num="62" count="14" type="stmt"/>
        <line num="68" count="14" type="stmt"/>
      </file>
      <file name="errorNormalizer.ts" path="C:\Users\brian\Documents\django-core\.worktrees\023-core-auth-identity\packages\auth\src\lib\errorNormalizer.ts">
        <metrics statements="20" coveredstatements="20" conditionals="21" coveredconditionals="20" methods="3" coveredmethods="3"/>
        <line num="43" count="15" type="stmt"/>
        <line num="44" count="15" type="stmt"/>
        <line num="46" count="15" type="stmt"/>
        <line num="47" count="15" type="stmt"/>
        <line num="50" count="11" type="cond" truecount="3" falsecount="0"/>
        <line num="51" count="5" type="stmt"/>
        <line num="53" count="5" type="stmt"/>
        <line num="61" count="6" type="stmt"/>
        <line num="62" count="5" type="cond" truecount="2" falsecount="0"/>
        <line num="64" count="6" type="cond" truecount="1" falsecount="0"/>
        <line num="65" count="2" type="stmt"/>
        <line num="66" count="2" type="stmt"/>
        <line num="67" count="3" type="cond" truecount="1" falsecount="0"/>
        <line num="68" count="3" type="stmt"/>
        <line num="71" count="2" type="stmt"/>
        <line num="79" count="4" type="cond" truecount="3" falsecount="0"/>
        <line num="80" count="4" type="cond" truecount="1" falsecount="0"/>
        <line num="81" count="3" type="stmt"/>
        <line num="89" count="1" type="stmt"/>
        <line num="96" count="4" type="stmt"/>
      </file>
      <file name="redirectHelper.ts" path="C:\Users\brian\Documents\django-core\.worktrees\023-core-auth-identity\packages\auth\src\lib\redirectHelper.ts">
        <metrics statements="15" coveredstatements="15" conditionals="13" coveredconditionals="10" methods="4" coveredmethods="4"/>
        <line num="25" count="4" type="stmt"/>
        <line num="26" count="6" type="cond" truecount="3" falsecount="1"/>
        <line num="27" count="6" type="cond" truecount="1" falsecount="1"/>
        <line num="28" count="6" type="stmt"/>
        <line num="29" count="6" type="stmt"/>
        <line num="49" count="6" type="cond" truecount="0" falsecount="1"/>
        <line num="50" count="6" type="cond" truecount="1" falsecount="0"/>
        <line num="52" count="5" type="stmt"/>
        <line num="53" count="5" type="cond" truecount="2" falsecount="0"/>
        <line num="69" count="8" type="stmt"/>
        <line num="70" count="8" type="cond" truecount="2" falsecount="0"/>
        <line num="85" count="3" type="stmt"/>
        <line num="86" count="3" type="cond" truecount="1" falsecount="0"/>
        <line num="88" count="2" type="stmt"/>
        <line num="89" count="2" type="stmt"/>
      </file>
    </package>
  </project>
</coverage>
