{"C:\\Users\\brian\\Documents\\django-core\\.worktrees\\023-core-auth-identity\\packages\\auth\\src\\components\\AuthProvider.tsx": {"path":"C:\\Users\\brian\\Documents\\django-core\\.worktrees\\023-core-auth-identity\\packages\\auth\\src\\components\\AuthProvider.tsx","statementMap":{"0":{"start":{"line":48,"column":13},"end":{"line":48,"column":27}},"1":{"start":{"line":88,"column":13},"end":{"line":88,"column":57}},"2":{"start":{"line":12,"column":79},"end":{"line":12,"column":null}},"3":{"start":{"line":14,"column":26},"end":{"line":14,"column":null}},"4":{"start":{"line":15,"column":32},"end":{"line":15,"column":null}},"5":{"start":{"line":16,"column":55},"end":{"line":16,"column":null}},"6":{"start":{"line":48,"column":27},"end":{"line":48,"column":null}},"7":{"start":{"line":88,"column":57},"end":{"line":258,"column":null}},"8":{"start":{"line":93,"column":28},"end":{"line":99,"column":null}},"9":{"start":{"line":101,"column":20},"end":{"line":101,"column":null}},"10":{"start":{"line":102,"column":2},"end":{"line":102,"column":null}},"11":{"start":{"line":107,"column":28},"end":{"line":165,"column":null}},"12":{"start":{"line":108,"column":4},"end":{"line":108,"column":null}},"13":{"start":{"line":108,"column":24},"end":{"line":108,"column":null}},"14":{"start":{"line":110,"column":4},"end":{"line":164,"column":null}},"15":{"start":{"line":111,"column":18},"end":{"line":111,"column":84}},"16":{"start":{"line":112,"column":23},"end":{"line":112,"column":null}},"17":{"start":{"line":114,"column":6},"end":{"line":137,"column":null}},"18":{"start":{"line":116,"column":8},"end":{"line":125,"column":null}},"19":{"start":{"line":117,"column":10},"end":{"line":123,"column":null}},"20":{"start":{"line":124,"column":10},"end":{"line":124,"column":null}},"21":{"start":{"line":128,"column":22},"end":{"line":128,"column":null}},"22":{"start":{"line":129,"column":8},"end":{"line":135,"column":null}},"23":{"start":{"line":136,"column":8},"end":{"line":136,"column":null}},"24":{"start":{"line":139,"column":19},"end":{"line":139,"column":null}},"25":{"start":{"line":140,"column":25},"end":{"line":140,"column":44}},"26":{"start":{"line":142,"column":6},"end":{"line":148,"column":null}},"27":{"start":{"line":150,"column":6},"end":{"line":150,"column":null}},"28":{"start":{"line":152,"column":6},"end":{"line":162,"column":null}},"29":{"start":{"line":163,"column":6},"end":{"line":163,"column":null}},"30":{"start":{"line":170,"column":20},"end":{"line":178,"column":null}},"31":{"start":{"line":171,"column":4},"end":{"line":177,"column":null}},"32":{"start":{"line":184,"column":25},"end":{"line":200,"column":null}},"33":{"start":{"line":185,"column":18},"end":{"line":185,"column":null}},"34":{"start":{"line":188,"column":4},"end":{"line":191,"column":null}},"35":{"start":{"line":189,"column":6},"end":{"line":189,"column":null}},"36":{"start":{"line":190,"column":6},"end":{"line":190,"column":null}},"37":{"start":{"line":193,"column":4},"end":{"line":197,"column":null}},"38":{"start":{"line":193,"column":24},"end":{"line":197,"column":null}},"39":{"start":{"line":199,"column":4},"end":{"line":199,"column":null}},"40":{"start":{"line":205,"column":18},"end":{"line":213,"column":null}},"41":{"start":{"line":206,"column":4},"end":{"line":212,"column":null}},"42":{"start":{"line":218,"column":2},"end":{"line":231,"column":null}},"43":{"start":{"line":219,"column":4},"end":{"line":230,"column":null}},"44":{"start":{"line":220,"column":6},"end":{"line":220,"column":null}},"45":{"start":{"line":223,"column":6},"end":{"line":229,"column":null}},"46":{"start":{"line":236,"column":2},"end":{"line":247,"column":null}},"47":{"start":{"line":237,"column":4},"end":{"line":237,"column":null}},"48":{"start":{"line":237,"column":48},"end":{"line":237,"column":null}},"49":{"start":{"line":239,"column":21},"end":{"line":239,"column":70}},"50":{"start":{"line":240,"column":20},"end":{"line":244,"column":null}},"51":{"start":{"line":241,"column":6},"end":{"line":243,"column":null}},"52":{"start":{"line":242,"column":8},"end":{"line":242,"column":29}},"53":{"start":{"line":246,"column":4},"end":{"line":246,"column":null}},"54":{"start":{"line":246,"column":17},"end":{"line":246,"column":null}},"55":{"start":{"line":249,"column":34},"end":{"line":255,"column":null}}},"fnMap":{"0":{"name":"(anonymous_6)","decl":{"start":{"line":88,"column":57},"end":{"line":88,"column":58}},"loc":{"start":{"line":92,"column":1},"end":{"line":258,"column":null}}},"1":{"name":"(anonymous_7)","decl":{"start":{"line":107,"column":40},"end":{"line":107,"column":null}},"loc":{"start":{"line":107,"column":40},"end":{"line":165,"column":5}}},"2":{"name":"(anonymous_8)","decl":{"start":{"line":108,"column":13},"end":{"line":108,"column":14}},"loc":{"start":{"line":108,"column":24},"end":{"line":108,"column":null}}},"3":{"name":"(anonymous_9)","decl":{"start":{"line":170,"column":32},"end":{"line":170,"column":null}},"loc":{"start":{"line":170,"column":32},"end":{"line":178,"column":5}}},"4":{"name":"(anonymous_10)","decl":{"start":{"line":184,"column":37},"end":{"line":184,"column":44}},"loc":{"start":{"line":184,"column":44},"end":{"line":200,"column":5}}},"5":{"name":"(anonymous_11)","decl":{"start":{"line":193,"column":13},"end":{"line":193,"column":14}},"loc":{"start":{"line":193,"column":24},"end":{"line":197,"column":null}}},"6":{"name":"(anonymous_12)","decl":{"start":{"line":205,"column":30},"end":{"line":205,"column":31}},"loc":{"start":{"line":205,"column":31},"end":{"line":213,"column":5}}},"7":{"name":"(anonymous_13)","decl":{"start":{"line":218,"column":12},"end":{"line":218,"column":null}},"loc":{"start":{"line":218,"column":12},"end":{"line":231,"column":5}}},"8":{"name":"(anonymous_14)","decl":{"start":{"line":236,"column":12},"end":{"line":236,"column":null}},"loc":{"start":{"line":236,"column":12},"end":{"line":247,"column":5}}},"9":{"name":"(anonymous_15)","decl":{"start":{"line":240,"column":32},"end":{"line":240,"column":null}},"loc":{"start":{"line":240,"column":32},"end":{"line":244,"column":7}}},"10":{"name":"(anonymous_16)","decl":{"start":{"line":246,"column":11},"end":{"line":246,"column":17}},"loc":{"start":{"line":246,"column":17},"end":{"line":246,"column":null}}}},"branchMap":{"0":{"loc":{"start":{"line":91,"column":2},"end":{"line":91,"column":25}},"type":"default-arg","locations":[{"start":{"line":91,"column":20},"end":{"line":91,"column":25}}]},"1":{"loc":{"start":{"line":114,"column":6},"end":{"line":137,"column":null}},"type":"if","locations":[{"start":{"line":114,"column":6},"end":{"line":137,"column":null}}]},"2":{"loc":{"start":{"line":116,"column":8},"end":{"line":125,"column":null}},"type":"if","locations":[{"start":{"line":116,"column":8},"end":{"line":125,"column":null}}]},"3":{"loc":{"start":{"line":140,"column":25},"end":{"line":140,"column":44}},"type":"binary-expr","locations":[{"start":{"line":140,"column":25},"end":{"line":140,"column":34}},{"start":{"line":140,"column":38},"end":{"line":140,"column":44}}]},"4":{"loc":{"start":{"line":159,"column":23},"end":{"line":159,"column":76}},"type":"cond-expr","locations":[{"start":{"line":159,"column":46},"end":{"line":159,"column":57}},{"start":{"line":159,"column":60},"end":{"line":159,"column":76}}]},"5":{"loc":{"start":{"line":188,"column":4},"end":{"line":191,"column":null}},"type":"if","locations":[{"start":{"line":188,"column":4},"end":{"line":191,"column":null}}]},"6":{"loc":{"start":{"line":196,"column":14},"end":{"line":196,"column":null}},"type":"cond-expr","locations":[{"start":{"line":196,"column":55},"end":{"line":196,"column":75}},{"start":{"line":196,"column":75},"end":{"line":196,"column":null}}]},"7":{"loc":{"start":{"line":219,"column":4},"end":{"line":230,"column":null}},"type":"if","locations":[{"start":{"line":219,"column":4},"end":{"line":230,"column":null}},{"start":{"line":221,"column":11},"end":{"line":230,"column":null}}]},"8":{"loc":{"start":{"line":237,"column":4},"end":{"line":237,"column":null}},"type":"if","locations":[{"start":{"line":237,"column":4},"end":{"line":237,"column":null}}]},"9":{"loc":{"start":{"line":239,"column":21},"end":{"line":239,"column":70}},"type":"binary-expr","locations":[{"start":{"line":239,"column":21},"end":{"line":239,"column":59}},{"start":{"line":239,"column":63},"end":{"line":239,"column":70}}]},"10":{"loc":{"start":{"line":241,"column":6},"end":{"line":243,"column":null}},"type":"if","locations":[{"start":{"line":241,"column":6},"end":{"line":243,"column":null}}]}},"s":{"0":19,"1":5,"2":2,"3":2,"4":2,"5":2,"6":2,"7":2,"8":14,"9":14,"10":14,"11":14,"12":4,"13":4,"14":4,"15":4,"16":4,"17":3,"18":2,"19":1,"20":1,"21":1,"22":1,"23":1,"24":1,"25":1,"26":1,"27":1,"28":1,"29":1,"30":14,"31":0,"32":14,"33":0,"34":0,"35":0,"36":0,"37":0,"38":0,"39":0,"40":14,"41":0,"42":14,"43":5,"44":4,"45":1,"46":14,"47":10,"48":10,"49":0,"50":0,"51":0,"52":0,"53":0,"54":0,"55":14},"f":{"0":14,"1":4,"2":4,"3":0,"4":0,"5":0,"6":0,"7":5,"8":10,"9":0,"10":0},"b":{"0":[12],"1":[2],"2":[1],"3":[1,0],"4":[1,0],"5":[0],"6":[0,0],"7":[4,1],"8":[10],"9":[0,0],"10":[0]}}
,"C:\\Users\\brian\\Documents\\django-core\\.worktrees\\023-core-auth-identity\\packages\\auth\\src\\hooks\\index.ts": {"path":"C:\\Users\\brian\\Documents\\django-core\\.worktrees\\023-core-auth-identity\\packages\\auth\\src\\hooks\\index.ts","statementMap":{"0":{"start":{"line":5,"column":9},"end":{"line":5,"column":24}},"1":{"start":{"line":6,"column":9},"end":{"line":6,"column":52}},"2":{"start":{"line":7,"column":9},"end":{"line":7,"column":31}},"3":{"start":{"line":5,"column":24},"end":{"line":5,"column":null}},"4":{"start":{"line":6,"column":52},"end":{"line":6,"column":null}},"5":{"start":{"line":7,"column":31},"end":{"line":7,"column":null}}},"fnMap":{},"branchMap":{},"s":{"0":0,"1":0,"2":0,"3":1,"4":1,"5":1},"f":{},"b":{}}
,"C:\\Users\\brian\\Documents\\django-core\\.worktrees\\023-core-auth-identity\\packages\\auth\\src\\hooks\\useAuth.ts": {"path":"C:\\Users\\brian\\Documents\\django-core\\.worktrees\\023-core-auth-identity\\packages\\auth\\src\\hooks\\useAuth.ts","statementMap":{"0":{"start":{"line":19,"column":16},"end":{"line":19,"column":null}},"1":{"start":{"line":16,"column":27},"end":{"line":16,"column":null}},"2":{"start":{"line":17,"column":51},"end":{"line":17,"column":null}},"3":{"start":{"line":20,"column":18},"end":{"line":20,"column":null}},"4":{"start":{"line":22,"column":2},"end":{"line":24,"column":null}},"5":{"start":{"line":23,"column":4},"end":{"line":23,"column":null}},"6":{"start":{"line":26,"column":2},"end":{"line":26,"column":null}}},"fnMap":{"0":{"name":"useAuth","decl":{"start":{"line":19,"column":16},"end":{"line":19,"column":null}},"loc":{"start":{"line":19,"column":16},"end":{"line":27,"column":null}}}},"branchMap":{"0":{"loc":{"start":{"line":22,"column":2},"end":{"line":24,"column":null}},"type":"if","locations":[{"start":{"line":22,"column":2},"end":{"line":24,"column":null}}]}},"s":{"0":19,"1":2,"2":2,"3":19,"4":18,"5":4,"6":14},"f":{"0":19},"b":{"0":[4]}}
,"C:\\Users\\brian\\Documents\\django-core\\.worktrees\\023-core-auth-identity\\packages\\auth\\src\\hooks\\useAuthStatus.ts": {"path":"C:\\Users\\brian\\Documents\\django-core\\.worktrees\\023-core-auth-identity\\packages\\auth\\src\\hooks\\useAuthStatus.ts","statementMap":{"0":{"start":{"line":25,"column":16},"end":{"line":25,"column":null}},"1":{"start":{"line":16,"column":24},"end":{"line":16,"column":null}},"2":{"start":{"line":26,"column":21},"end":{"line":26,"column":null}},"3":{"start":{"line":28,"column":2},"end":{"line":33,"column":null}}},"fnMap":{"0":{"name":"useAuthStatus","decl":{"start":{"line":25,"column":16},"end":{"line":25,"column":null}},"loc":{"start":{"line":25,"column":16},"end":{"line":34,"column":null}}}},"branchMap":{},"s":{"0":0,"1":1,"2":0,"3":0},"f":{"0":0},"b":{}}
,"C:\\Users\\brian\\Documents\\django-core\\.worktrees\\023-core-auth-identity\\packages\\auth\\src\\hooks\\useCurrentUser.ts": {"path":"C:\\Users\\brian\\Documents\\django-core\\.worktrees\\023-core-auth-identity\\packages\\auth\\src\\hooks\\useCurrentUser.ts","statementMap":{"0":{"start":{"line":24,"column":16},"end":{"line":24,"column":null}},"1":{"start":{"line":21,"column":24},"end":{"line":21,"column":null}},"2":{"start":{"line":25,"column":19},"end":{"line":25,"column":null}},"3":{"start":{"line":26,"column":2},"end":{"line":26,"column":null}}},"fnMap":{"0":{"name":"useCurrentUser","decl":{"start":{"line":24,"column":16},"end":{"line":24,"column":null}},"loc":{"start":{"line":24,"column":16},"end":{"line":27,"column":null}}}},"branchMap":{},"s":{"0":0,"1":1,"2":0,"3":0},"f":{"0":0},"b":{}}
,"C:\\Users\\brian\\Documents\\django-core\\.worktrees\\023-core-auth-identity\\packages\\auth\\src\\lib\\apiClient.ts": {"path":"C:\\Users\\brian\\Documents\\django-core\\.worktrees\\023-core-auth-identity\\packages\\auth\\src\\lib\\apiClient.ts","statementMap":{"0":{"start":{"line":36,"column":22},"end":{"line":36,"column":null}},"1":{"start":{"line":16,"column":16},"end":{"line":16,"column":null}},"2":{"start":{"line":17,"column":2},"end":{"line":17,"column":null}},"3":{"start":{"line":17,"column":39},"end":{"line":17,"column":null}},"4":{"start":{"line":19,"column":16},"end":{"line":19,"column":null}},"5":{"start":{"line":20,"column":2},"end":{"line":20,"column":null}},"6":{"start":{"line":40,"column":20},"end":{"line":40,"column":null}},"7":{"start":{"line":42,"column":42},"end":{"line":42,"column":null}},"8":{"start":{"line":45,"column":2},"end":{"line":50,"column":null}},"9":{"start":{"line":46,"column":28},"end":{"line":46,"column":null}},"10":{"start":{"line":47,"column":4},"end":{"line":49,"column":null}},"11":{"start":{"line":48,"column":6},"end":{"line":48,"column":null}},"12":{"start":{"line":53,"column":2},"end":{"line":55,"column":null}},"13":{"start":{"line":53,"column":38},"end":{"line":53,"column":75}},"14":{"start":{"line":54,"column":4},"end":{"line":54,"column":null}},"15":{"start":{"line":58,"column":2},"end":{"line":60,"column":null}},"16":{"start":{"line":59,"column":4},"end":{"line":59,"column":null}},"17":{"start":{"line":62,"column":30},"end":{"line":66,"column":null}},"18":{"start":{"line":68,"column":2},"end":{"line":68,"column":null}}},"fnMap":{"0":{"name":"getCsrfToken","decl":{"start":{"line":16,"column":16},"end":{"line":16,"column":null}},"loc":{"start":{"line":16,"column":16},"end":{"line":21,"column":null}}},"1":{"name":"apiClient","decl":{"start":{"line":36,"column":22},"end":{"line":36,"column":null}},"loc":{"start":{"line":38,"column":27},"end":{"line":69,"column":null}}},"2":{"name":"(anonymous_5)","decl":{"start":{"line":47,"column":28},"end":{"line":47,"column":29}},"loc":{"start":{"line":47,"column":36},"end":{"line":49,"column":null}}},"3":{"name":"(anonymous_6)","decl":{"start":{"line":53,"column":33},"end":{"line":53,"column":38}},"loc":{"start":{"line":53,"column":38},"end":{"line":53,"column":75}}}},"branchMap":{"0":{"loc":{"start":{"line":17,"column":2},"end":{"line":17,"column":null}},"type":"if","locations":[{"start":{"line":17,"column":2},"end":{"line":17,"column":null}}]},"1":{"loc":{"start":{"line":20,"column":9},"end":{"line":20,"column":null}},"type":"cond-expr","locations":[{"start":{"line":20,"column":17},"end":{"line":20,"column":25}},{"start":{"line":20,"column":28},"end":{"line":20,"column":null}}]},"2":{"loc":{"start":{"line":38,"column":2},"end":{"line":38,"column":27}},"type":"default-arg","locations":[{"start":{"line":38,"column":25},"end":{"line":38,"column":27}}]},"3":{"loc":{"start":{"line":45,"column":2},"end":{"line":50,"column":null}},"type":"if","locations":[{"start":{"line":45,"column":2},"end":{"line":50,"column":null}}]},"4":{"loc":{"start":{"line":53,"column":2},"end":{"line":55,"column":null}},"type":"if","locations":[{"start":{"line":53,"column":2},"end":{"line":55,"column":null}}]},"5":{"loc":{"start":{"line":58,"column":2},"end":{"line":60,"column":null}},"type":"if","locations":[{"start":{"line":58,"column":2},"end":{"line":60,"column":null}}]},"6":{"loc":{"start":{"line":58,"column":6},"end":{"line":58,"column":104}},"type":"binary-expr","locations":[{"start":{"line":58,"column":6},"end":{"line":58,"column":19}},{"start":{"line":58,"column":19},"end":{"line":58,"column":104}}]},"7":{"loc":{"start":{"line":58,"column":63},"end":{"line":58,"column":104}},"type":"binary-expr","locations":[{"start":{"line":58,"column":63},"end":{"line":58,"column":96}},{"start":{"line":58,"column":96},"end":{"line":58,"column":104}}]}},"s":{"0":14,"1":3,"2":17,"3":0,"4":17,"5":17,"6":14,"7":14,"8":14,"9":2,"10":2,"11":2,"12":14,"13":2,"14":13,"15":14,"16":7,"17":14,"18":14},"f":{"0":17,"1":14,"2":2,"3":2},"b":{"0":[0],"1":[15,2],"2":[1],"3":[2],"4":[13],"5":[7],"6":[14,13],"7":[13,1]}}
,"C:\\Users\\brian\\Documents\\django-core\\.worktrees\\023-core-auth-identity\\packages\\auth\\src\\lib\\errorNormalizer.ts": {"path":"C:\\Users\\brian\\Documents\\django-core\\.worktrees\\023-core-auth-identity\\packages\\auth\\src\\lib\\errorNormalizer.ts","statementMap":{"0":{"start":{"line":43,"column":22},"end":{"line":43,"column":38}},"1":{"start":{"line":44,"column":17},"end":{"line":44,"column":32}},"2":{"start":{"line":46,"column":2},"end":{"line":101,"column":null}},"3":{"start":{"line":47,"column":17},"end":{"line":47,"column":null}},"4":{"start":{"line":50,"column":4},"end":{"line":58,"column":null}},"5":{"start":{"line":51,"column":23},"end":{"line":51,"column":null}},"6":{"start":{"line":53,"column":6},"end":{"line":57,"column":null}},"7":{"start":{"line":61,"column":27},"end":{"line":62,"column":null}},"8":{"start":{"line":62,"column":15},"end":{"line":62,"column":null}},"9":{"start":{"line":64,"column":4},"end":{"line":76,"column":null}},"10":{"start":{"line":65,"column":52},"end":{"line":65,"column":null}},"11":{"start":{"line":66,"column":6},"end":{"line":70,"column":null}},"12":{"start":{"line":67,"column":8},"end":{"line":69,"column":null}},"13":{"start":{"line":68,"column":10},"end":{"line":68,"column":null}},"14":{"start":{"line":71,"column":6},"end":{"line":75,"column":null}},"15":{"start":{"line":79,"column":20},"end":{"line":79,"column":61}},"16":{"start":{"line":80,"column":4},"end":{"line":86,"column":null}},"17":{"start":{"line":81,"column":6},"end":{"line":85,"column":null}},"18":{"start":{"line":89,"column":4},"end":{"line":93,"column":null}},"19":{"start":{"line":96,"column":4},"end":{"line":100,"column":null}}},"fnMap":{"0":{"name":"errorNormalizer","decl":{"start":{"line":43,"column":22},"end":{"line":43,"column":38}},"loc":{"start":{"line":43,"column":56},"end":{"line":102,"column":null}}},"1":{"name":"(anonymous_2)","decl":{"start":{"line":62,"column":6},"end":{"line":62,"column":7}},"loc":{"start":{"line":62,"column":15},"end":{"line":62,"column":null}}},"2":{"name":"(anonymous_3)","decl":{"start":{"line":66,"column":32},"end":{"line":66,"column":33}},"loc":{"start":{"line":66,"column":33},"end":{"line":70,"column":null}}}},"branchMap":{"0":{"loc":{"start":{"line":50,"column":4},"end":{"line":58,"column":null}},"type":"if","locations":[{"start":{"line":50,"column":4},"end":{"line":58,"column":null}}]},"1":{"loc":{"start":{"line":50,"column":8},"end":{"line":50,"column":45}},"type":"binary-expr","locations":[{"start":{"line":50,"column":8},"end":{"line":50,"column":35}},{"start":{"line":50,"column":35},"end":{"line":50,"column":45}}]},"2":{"loc":{"start":{"line":55,"column":21},"end":{"line":55,"column":null}},"type":"binary-expr","locations":[{"start":{"line":55,"column":21},"end":{"line":55,"column":43}},{"start":{"line":55,"column":47},"end":{"line":55,"column":null}}]},"3":{"loc":{"start":{"line":56,"column":20},"end":{"line":56,"column":74}},"type":"cond-expr","locations":[{"start":{"line":56,"column":45},"end":{"line":56,"column":72}},{"start":{"line":56,"column":72},"end":{"line":56,"column":74}}]},"4":{"loc":{"start":{"line":62,"column":15},"end":{"line":62,"column":null}},"type":"binary-expr","locations":[{"start":{"line":62,"column":15},"end":{"line":62,"column":43}},{"start":{"line":62,"column":43},"end":{"line":62,"column":null}}]},"5":{"loc":{"start":{"line":64,"column":4},"end":{"line":76,"column":null}},"type":"if","locations":[{"start":{"line":64,"column":4},"end":{"line":76,"column":null}}]},"6":{"loc":{"start":{"line":67,"column":8},"end":{"line":69,"column":null}},"type":"if","locations":[{"start":{"line":67,"column":8},"end":{"line":69,"column":null}}]},"7":{"loc":{"start":{"line":79,"column":20},"end":{"line":79,"column":61}},"type":"binary-expr","locations":[{"start":{"line":79,"column":20},"end":{"line":79,"column":32}},{"start":{"line":79,"column":36},"end":{"line":79,"column":46}},{"start":{"line":79,"column":50},"end":{"line":79,"column":61}}]},"8":{"loc":{"start":{"line":80,"column":4},"end":{"line":86,"column":null}},"type":"if","locations":[{"start":{"line":80,"column":4},"end":{"line":86,"column":null}}]},"9":{"loc":{"start":{"line":84,"column":21},"end":{"line":84,"column":85}},"type":"cond-expr","locations":[{"start":{"line":84,"column":51},"end":{"line":84,"column":61}},{"start":{"line":84,"column":61},"end":{"line":84,"column":85}}]},"10":{"loc":{"start":{"line":92,"column":19},"end":{"line":92,"column":62}},"type":"binary-expr","locations":[{"start":{"line":92,"column":19},"end":{"line":92,"column":38}},{"start":{"line":92,"column":42},"end":{"line":92,"column":62}}]},"11":{"loc":{"start":{"line":99,"column":19},"end":{"line":99,"column":73}},"type":"binary-expr","locations":[{"start":{"line":99,"column":19},"end":{"line":99,"column":38}},{"start":{"line":99,"column":42},"end":{"line":99,"column":73}}]}},"s":{"0":15,"1":15,"2":15,"3":15,"4":11,"5":5,"6":5,"7":6,"8":5,"9":6,"10":2,"11":2,"12":3,"13":3,"14":2,"15":4,"16":4,"17":3,"18":1,"19":4},"f":{"0":15,"1":5,"2":3},"b":{"0":[5],"1":[11,5],"2":[5,2],"3":[4,1],"4":[5,2],"5":[2],"6":[3],"7":[4,3,2],"8":[3],"9":[3,0],"10":[1,1],"11":[4,3]}}
,"C:\\Users\\brian\\Documents\\django-core\\.worktrees\\023-core-auth-identity\\packages\\auth\\src\\lib\\redirectHelper.ts": {"path":"C:\\Users\\brian\\Documents\\django-core\\.worktrees\\023-core-auth-identity\\packages\\auth\\src\\lib\\redirectHelper.ts","statementMap":{"0":{"start":{"line":25,"column":16},"end":{"line":25,"column":30}},"1":{"start":{"line":49,"column":16},"end":{"line":49,"column":29}},"2":{"start":{"line":85,"column":16},"end":{"line":85,"column":32}},"3":{"start":{"line":69,"column":16},"end":{"line":69,"column":38}},"4":{"start":{"line":26,"column":20},"end":{"line":26,"column":null}},"5":{"start":{"line":27,"column":14},"end":{"line":27,"column":null}},"6":{"start":{"line":28,"column":2},"end":{"line":28,"column":null}},"7":{"start":{"line":29,"column":2},"end":{"line":29,"column":null}},"8":{"start":{"line":50,"column":2},"end":{"line":50,"column":null}},"9":{"start":{"line":50,"column":37},"end":{"line":50,"column":null}},"10":{"start":{"line":52,"column":17},"end":{"line":52,"column":null}},"11":{"start":{"line":53,"column":2},"end":{"line":53,"column":null}},"12":{"start":{"line":70,"column":2},"end":{"line":70,"column":null}},"13":{"start":{"line":86,"column":2},"end":{"line":86,"column":null}},"14":{"start":{"line":86,"column":37},"end":{"line":86,"column":null}},"15":{"start":{"line":88,"column":19},"end":{"line":88,"column":null}},"16":{"start":{"line":89,"column":2},"end":{"line":89,"column":null}}},"fnMap":{"0":{"name":"buildLoginUrl","decl":{"start":{"line":25,"column":16},"end":{"line":25,"column":30}},"loc":{"start":{"line":25,"column":66},"end":{"line":30,"column":null}}},"1":{"name":"getReturnUrl","decl":{"start":{"line":49,"column":16},"end":{"line":49,"column":29}},"loc":{"start":{"line":49,"column":54},"end":{"line":54,"column":null}}},"2":{"name":"shouldRedirectToLogin","decl":{"start":{"line":69,"column":16},"end":{"line":69,"column":38}},"loc":{"start":{"line":69,"column":52},"end":{"line":71,"column":null}}},"3":{"name":"redirectToLogin","decl":{"start":{"line":85,"column":16},"end":{"line":85,"column":32}},"loc":{"start":{"line":85,"column":49},"end":{"line":90,"column":null}}}},"branchMap":{"0":{"loc":{"start":{"line":26,"column":20},"end":{"line":26,"column":null}},"type":"binary-expr","locations":[{"start":{"line":26,"column":20},"end":{"line":26,"column":33}},{"start":{"line":26,"column":33},"end":{"line":26,"column":94}}]},"1":{"loc":{"start":{"line":26,"column":33},"end":{"line":26,"column":94}},"type":"cond-expr","locations":[{"start":{"line":26,"column":65},"end":{"line":26,"column":89}},{"start":{"line":26,"column":92},"end":{"line":26,"column":94}}]},"2":{"loc":{"start":{"line":27,"column":33},"end":{"line":27,"column":null}},"type":"cond-expr","locations":[{"start":{"line":27,"column":65},"end":{"line":27,"column":87}},{"start":{"line":27,"column":90},"end":{"line":27,"column":null}}]},"3":{"loc":{"start":{"line":49,"column":29},"end":{"line":49,"column":54}},"type":"default-arg","locations":[{"start":{"line":49,"column":51},"end":{"line":49,"column":54}}]},"4":{"loc":{"start":{"line":50,"column":2},"end":{"line":50,"column":null}},"type":"if","locations":[{"start":{"line":50,"column":2},"end":{"line":50,"column":null}}]},"5":{"loc":{"start":{"line":53,"column":9},"end":{"line":53,"column":null}},"type":"binary-expr","locations":[{"start":{"line":53,"column":9},"end":{"line":53,"column":31}},{"start":{"line":53,"column":31},"end":{"line":53,"column":null}}]},"6":{"loc":{"start":{"line":70,"column":9},"end":{"line":70,"column":null}},"type":"binary-expr","locations":[{"start":{"line":70,"column":9},"end":{"line":70,"column":27}},{"start":{"line":70,"column":27},"end":{"line":70,"column":null}}]},"7":{"loc":{"start":{"line":86,"column":2},"end":{"line":86,"column":null}},"type":"if","locations":[{"start":{"line":86,"column":2},"end":{"line":86,"column":null}}]}},"s":{"0":4,"1":6,"2":3,"3":8,"4":6,"5":6,"6":6,"7":6,"8":6,"9":1,"10":5,"11":5,"12":8,"13":3,"14":1,"15":2,"16":2},"f":{"0":6,"1":6,"2":8,"3":3},"b":{"0":[6,3],"1":[3,0],"2":[6,0],"3":[0],"4":[1],"5":[5,2],"6":[8,6],"7":[1]}}
}
