{"C:\\Users\\brian\\Documents\\django-core\\.worktrees\\023-core-auth-identity\\packages\\auth\\src\\__tests__\\mocks\\handlers.ts": {"path":"C:\\Users\\brian\\Documents\\django-core\\.worktrees\\023-core-auth-identity\\packages\\auth\\src\\__tests__\\mocks\\handlers.ts","statementMap":{"0":{"start":{"line":22,"column":13},"end":{"line":22,"column":24}},"1":{"start":{"line":203,"column":13},"end":{"line":203,"column":28}},"2":{"start":{"line":202,"column":13},"end":{"line":202,"column":24}},"3":{"start":{"line":1,"column":21},"end":{"line":1,"column":null}},"4":{"start":{"line":10,"column":17},"end":{"line":10,"column":null}},"5":{"start":{"line":13,"column":18},"end":{"line":18,"column":null}},"6":{"start":{"line":20,"column":22},"end":{"line":20,"column":null}},"7":{"start":{"line":22,"column":24},"end":{"line":199,"column":null}},"8":{"start":{"line":25,"column":17},"end":{"line":25,"column":null}},"9":{"start":{"line":27,"column":4},"end":{"line":32,"column":null}},"10":{"start":{"line":28,"column":6},"end":{"line":31,"column":null}},"11":{"start":{"line":35,"column":4},"end":{"line":39,"column":null}},"12":{"start":{"line":45,"column":4},"end":{"line":48,"column":null}},"13":{"start":{"line":53,"column":4},"end":{"line":56,"column":null}},"14":{"start":{"line":61,"column":17},"end":{"line":61,"column":null}},"15":{"start":{"line":64,"column":4},"end":{"line":67,"column":null}},"16":{"start":{"line":72,"column":17},"end":{"line":72,"column":null}},"17":{"start":{"line":80,"column":4},"end":{"line":90,"column":null}},"18":{"start":{"line":81,"column":6},"end":{"line":88,"column":null}},"19":{"start":{"line":93,"column":4},"end":{"line":103,"column":null}},"20":{"start":{"line":94,"column":6},"end":{"line":101,"column":null}},"21":{"start":{"line":106,"column":4},"end":{"line":109,"column":null}},"22":{"start":{"line":114,"column":17},"end":{"line":114,"column":null}},"23":{"start":{"line":121,"column":4},"end":{"line":131,"column":null}},"24":{"start":{"line":122,"column":6},"end":{"line":129,"column":null}},"25":{"start":{"line":134,"column":24},"end":{"line":138,"column":null}},"26":{"start":{"line":140,"column":4},"end":{"line":143,"column":null}},"27":{"start":{"line":148,"column":17},"end":{"line":148,"column":null}},"28":{"start":{"line":155,"column":4},"end":{"line":165,"column":null}},"29":{"start":{"line":156,"column":6},"end":{"line":163,"column":null}},"30":{"start":{"line":168,"column":4},"end":{"line":178,"column":null}},"31":{"start":{"line":169,"column":6},"end":{"line":176,"column":null}},"32":{"start":{"line":181,"column":4},"end":{"line":191,"column":null}},"33":{"start":{"line":182,"column":6},"end":{"line":189,"column":null}},"34":{"start":{"line":194,"column":4},"end":{"line":197,"column":null}},"35":{"start":{"line":202,"column":24},"end":{"line":202,"column":null}},"36":{"start":{"line":203,"column":28},"end":{"line":203,"column":null}}},"fnMap":{"0":{"name":"(anonymous_4)","decl":{"start":{"line":24,"column":34},"end":{"line":24,"column":41}},"loc":{"start":{"line":24,"column":51},"end":{"line":41,"column":null}}},"1":{"name":"(anonymous_5)","decl":{"start":{"line":44,"column":30},"end":{"line":44,"column":31}},"loc":{"start":{"line":44,"column":41},"end":{"line":49,"column":null}}},"2":{"name":"(anonymous_6)","decl":{"start":{"line":52,"column":35},"end":{"line":52,"column":36}},"loc":{"start":{"line":52,"column":46},"end":{"line":57,"column":null}}},"3":{"name":"(anonymous_7)","decl":{"start":{"line":60,"column":43},"end":{"line":60,"column":50}},"loc":{"start":{"line":60,"column":60},"end":{"line":68,"column":null}}},"4":{"name":"(anonymous_8)","decl":{"start":{"line":71,"column":51},"end":{"line":71,"column":58}},"loc":{"start":{"line":71,"column":68},"end":{"line":110,"column":null}}},"5":{"name":"(anonymous_9)","decl":{"start":{"line":113,"column":37},"end":{"line":113,"column":44}},"loc":{"start":{"line":113,"column":54},"end":{"line":144,"column":null}}},"6":{"name":"(anonymous_10)","decl":{"start":{"line":147,"column":44},"end":{"line":147,"column":51}},"loc":{"start":{"line":147,"column":61},"end":{"line":198,"column":null}}}},"branchMap":{"0":{"loc":{"start":{"line":27,"column":4},"end":{"line":32,"column":null}},"type":"if","locations":[{"start":{"line":27,"column":4},"end":{"line":32,"column":null}}]},"1":{"loc":{"start":{"line":27,"column":8},"end":{"line":27,"column":75}},"type":"binary-expr","locations":[{"start":{"line":27,"column":8},"end":{"line":27,"column":38}},{"start":{"line":27,"column":42},"end":{"line":27,"column":75}}]},"2":{"loc":{"start":{"line":80,"column":4},"end":{"line":90,"column":null}},"type":"if","locations":[{"start":{"line":80,"column":4},"end":{"line":90,"column":null}}]},"3":{"loc":{"start":{"line":93,"column":4},"end":{"line":103,"column":null}},"type":"if","locations":[{"start":{"line":93,"column":4},"end":{"line":103,"column":null}}]},"4":{"loc":{"start":{"line":121,"column":4},"end":{"line":131,"column":null}},"type":"if","locations":[{"start":{"line":121,"column":4},"end":{"line":131,"column":null}}]},"5":{"loc":{"start":{"line":121,"column":8},"end":{"line":121,"column":52}},"type":"binary-expr","locations":[{"start":{"line":121,"column":8},"end":{"line":121,"column":18}},{"start":{"line":121,"column":22},"end":{"line":121,"column":52}}]},"6":{"loc":{"start":{"line":136,"column":18},"end":{"line":136,"column":57}},"type":"binary-expr","locations":[{"start":{"line":136,"column":18},"end":{"line":136,"column":33}},{"start":{"line":136,"column":37},"end":{"line":136,"column":57}}]},"7":{"loc":{"start":{"line":137,"column":17},"end":{"line":137,"column":54}},"type":"binary-expr","locations":[{"start":{"line":137,"column":17},"end":{"line":137,"column":31}},{"start":{"line":137,"column":35},"end":{"line":137,"column":54}}]},"8":{"loc":{"start":{"line":155,"column":4},"end":{"line":165,"column":null}},"type":"if","locations":[{"start":{"line":155,"column":4},"end":{"line":165,"column":null}}]},"9":{"loc":{"start":{"line":168,"column":4},"end":{"line":178,"column":null}},"type":"if","locations":[{"start":{"line":168,"column":4},"end":{"line":178,"column":null}}]},"10":{"loc":{"start":{"line":181,"column":4},"end":{"line":191,"column":null}},"type":"if","locations":[{"start":{"line":181,"column":4},"end":{"line":191,"column":null}}]}},"s":{"0":1,"1":3,"2":8,"3":1,"4":1,"5":1,"6":1,"7":1,"8":5,"9":5,"10":3,"11":2,"12":8,"13":1,"14":0,"15":0,"16":0,"17":0,"18":0,"19":0,"20":0,"21":0,"22":1,"23":1,"24":0,"25":1,"26":1,"27":0,"28":0,"29":0,"30":0,"31":0,"32":0,"33":0,"34":0,"35":1,"36":1},"f":{"0":5,"1":8,"2":1,"3":0,"4":0,"5":1,"6":0},"b":{"0":[3],"1":[5,3],"2":[0],"3":[0],"4":[0],"5":[1,0],"6":[1,0],"7":[1,0],"8":[0],"9":[0],"10":[0]}}
,"C:\\Users\\brian\\Documents\\django-core\\.worktrees\\023-core-auth-identity\\packages\\auth\\src\\__tests__\\mocks\\server.ts": {"path":"C:\\Users\\brian\\Documents\\django-core\\.worktrees\\023-core-auth-identity\\packages\\auth\\src\\__tests__\\mocks\\server.ts","statementMap":{"0":{"start":{"line":10,"column":13},"end":{"line":10,"column":22}},"1":{"start":{"line":1,"column":28},"end":{"line":1,"column":null}},"2":{"start":{"line":2,"column":25},"end":{"line":2,"column":null}},"3":{"start":{"line":10,"column":22},"end":{"line":10,"column":null}}},"fnMap":{},"branchMap":{},"s":{"0":10,"1":1,"2":1,"3":1},"f":{},"b":{}}
,"C:\\Users\\brian\\Documents\\django-core\\.worktrees\\023-core-auth-identity\\packages\\auth\\src\\components\\AuthProvider.tsx": {"path":"C:\\Users\\brian\\Documents\\django-core\\.worktrees\\023-core-auth-identity\\packages\\auth\\src\\components\\AuthProvider.tsx","statementMap":{"0":{"start":{"line":53,"column":13},"end":{"line":53,"column":27}},"1":{"start":{"line":93,"column":13},"end":{"line":93,"column":57}},"2":{"start":{"line":12,"column":79},"end":{"line":12,"column":null}},"3":{"start":{"line":14,"column":26},"end":{"line":14,"column":null}},"4":{"start":{"line":15,"column":32},"end":{"line":15,"column":null}},"5":{"start":{"line":16,"column":55},"end":{"line":16,"column":null}},"6":{"start":{"line":53,"column":27},"end":{"line":53,"column":null}},"7":{"start":{"line":93,"column":57},"end":{"line":285,"column":null}},"8":{"start":{"line":98,"column":28},"end":{"line":104,"column":null}},"9":{"start":{"line":106,"column":20},"end":{"line":106,"column":null}},"10":{"start":{"line":107,"column":2},"end":{"line":107,"column":null}},"11":{"start":{"line":110,"column":33},"end":{"line":110,"column":null}},"12":{"start":{"line":116,"column":28},"end":{"line":189,"column":null}},"13":{"start":{"line":118,"column":4},"end":{"line":121,"column":null}},"14":{"start":{"line":119,"column":6},"end":{"line":119,"column":null}},"15":{"start":{"line":120,"column":6},"end":{"line":120,"column":null}},"16":{"start":{"line":124,"column":4},"end":{"line":127,"column":null}},"17":{"start":{"line":125,"column":6},"end":{"line":125,"column":null}},"18":{"start":{"line":126,"column":6},"end":{"line":126,"column":null}},"19":{"start":{"line":129,"column":4},"end":{"line":129,"column":null}},"20":{"start":{"line":130,"column":4},"end":{"line":130,"column":null}},"21":{"start":{"line":130,"column":24},"end":{"line":130,"column":null}},"22":{"start":{"line":132,"column":4},"end":{"line":188,"column":null}},"23":{"start":{"line":133,"column":18},"end":{"line":133,"column":84}},"24":{"start":{"line":134,"column":23},"end":{"line":134,"column":null}},"25":{"start":{"line":136,"column":6},"end":{"line":159,"column":null}},"26":{"start":{"line":138,"column":8},"end":{"line":147,"column":null}},"27":{"start":{"line":139,"column":10},"end":{"line":145,"column":null}},"28":{"start":{"line":146,"column":10},"end":{"line":146,"column":null}},"29":{"start":{"line":150,"column":22},"end":{"line":150,"column":null}},"30":{"start":{"line":151,"column":8},"end":{"line":157,"column":null}},"31":{"start":{"line":158,"column":8},"end":{"line":158,"column":null}},"32":{"start":{"line":161,"column":19},"end":{"line":161,"column":null}},"33":{"start":{"line":162,"column":25},"end":{"line":162,"column":44}},"34":{"start":{"line":164,"column":6},"end":{"line":170,"column":null}},"35":{"start":{"line":172,"column":6},"end":{"line":172,"column":null}},"36":{"start":{"line":174,"column":6},"end":{"line":184,"column":null}},"37":{"start":{"line":185,"column":6},"end":{"line":185,"column":null}},"38":{"start":{"line":187,"column":6},"end":{"line":187,"column":null}},"39":{"start":{"line":194,"column":20},"end":{"line":202,"column":null}},"40":{"start":{"line":195,"column":4},"end":{"line":201,"column":null}},"41":{"start":{"line":208,"column":25},"end":{"line":224,"column":null}},"42":{"start":{"line":209,"column":18},"end":{"line":209,"column":null}},"43":{"start":{"line":212,"column":4},"end":{"line":215,"column":null}},"44":{"start":{"line":213,"column":6},"end":{"line":213,"column":null}},"45":{"start":{"line":214,"column":6},"end":{"line":214,"column":null}},"46":{"start":{"line":217,"column":4},"end":{"line":221,"column":null}},"47":{"start":{"line":217,"column":24},"end":{"line":221,"column":null}},"48":{"start":{"line":223,"column":4},"end":{"line":223,"column":null}},"49":{"start":{"line":229,"column":18},"end":{"line":237,"column":null}},"50":{"start":{"line":230,"column":4},"end":{"line":236,"column":null}},"51":{"start":{"line":242,"column":2},"end":{"line":257,"column":null}},"52":{"start":{"line":243,"column":4},"end":{"line":254,"column":null}},"53":{"start":{"line":244,"column":6},"end":{"line":244,"column":null}},"54":{"start":{"line":247,"column":6},"end":{"line":253,"column":null}},"55":{"start":{"line":262,"column":2},"end":{"line":273,"column":null}},"56":{"start":{"line":263,"column":4},"end":{"line":263,"column":null}},"57":{"start":{"line":263,"column":48},"end":{"line":263,"column":null}},"58":{"start":{"line":265,"column":21},"end":{"line":265,"column":71}},"59":{"start":{"line":266,"column":20},"end":{"line":270,"column":null}},"60":{"start":{"line":267,"column":6},"end":{"line":269,"column":null}},"61":{"start":{"line":268,"column":8},"end":{"line":268,"column":29}},"62":{"start":{"line":272,"column":4},"end":{"line":272,"column":null}},"63":{"start":{"line":272,"column":17},"end":{"line":272,"column":null}},"64":{"start":{"line":275,"column":34},"end":{"line":282,"column":null}}},"fnMap":{"0":{"name":"(anonymous_6)","decl":{"start":{"line":93,"column":57},"end":{"line":93,"column":58}},"loc":{"start":{"line":97,"column":1},"end":{"line":285,"column":null}}},"1":{"name":"(anonymous_7)","decl":{"start":{"line":116,"column":40},"end":{"line":116,"column":null}},"loc":{"start":{"line":116,"column":40},"end":{"line":189,"column":5}}},"2":{"name":"(anonymous_8)","decl":{"start":{"line":130,"column":13},"end":{"line":130,"column":14}},"loc":{"start":{"line":130,"column":24},"end":{"line":130,"column":null}}},"3":{"name":"(anonymous_9)","decl":{"start":{"line":194,"column":32},"end":{"line":194,"column":null}},"loc":{"start":{"line":194,"column":32},"end":{"line":202,"column":5}}},"4":{"name":"(anonymous_10)","decl":{"start":{"line":208,"column":37},"end":{"line":208,"column":44}},"loc":{"start":{"line":208,"column":44},"end":{"line":224,"column":5}}},"5":{"name":"(anonymous_11)","decl":{"start":{"line":217,"column":13},"end":{"line":217,"column":14}},"loc":{"start":{"line":217,"column":24},"end":{"line":221,"column":null}}},"6":{"name":"(anonymous_12)","decl":{"start":{"line":229,"column":30},"end":{"line":229,"column":31}},"loc":{"start":{"line":229,"column":31},"end":{"line":237,"column":5}}},"7":{"name":"(anonymous_13)","decl":{"start":{"line":242,"column":12},"end":{"line":242,"column":null}},"loc":{"start":{"line":242,"column":12},"end":{"line":257,"column":5}}},"8":{"name":"(anonymous_14)","decl":{"start":{"line":262,"column":12},"end":{"line":262,"column":null}},"loc":{"start":{"line":262,"column":12},"end":{"line":273,"column":5}}},"9":{"name":"(anonymous_15)","decl":{"start":{"line":266,"column":32},"end":{"line":266,"column":null}},"loc":{"start":{"line":266,"column":32},"end":{"line":270,"column":7}}},"10":{"name":"(anonymous_16)","decl":{"start":{"line":272,"column":11},"end":{"line":272,"column":17}},"loc":{"start":{"line":272,"column":17},"end":{"line":272,"column":null}}}},"branchMap":{"0":{"loc":{"start":{"line":96,"column":2},"end":{"line":96,"column":25}},"type":"default-arg","locations":[{"start":{"line":96,"column":20},"end":{"line":96,"column":25}}]},"1":{"loc":{"start":{"line":118,"column":4},"end":{"line":121,"column":null}},"type":"if","locations":[{"start":{"line":118,"column":4},"end":{"line":121,"column":null}}]},"2":{"loc":{"start":{"line":118,"column":8},"end":{"line":118,"column":73}},"type":"binary-expr","locations":[{"start":{"line":118,"column":8},"end":{"line":118,"column":26}},{"start":{"line":118,"column":30},"end":{"line":118,"column":73}}]},"3":{"loc":{"start":{"line":124,"column":4},"end":{"line":127,"column":null}},"type":"if","locations":[{"start":{"line":124,"column":4},"end":{"line":127,"column":null}}]},"4":{"loc":{"start":{"line":136,"column":6},"end":{"line":159,"column":null}},"type":"if","locations":[{"start":{"line":136,"column":6},"end":{"line":159,"column":null}}]},"5":{"loc":{"start":{"line":138,"column":8},"end":{"line":147,"column":null}},"type":"if","locations":[{"start":{"line":138,"column":8},"end":{"line":147,"column":null}}]},"6":{"loc":{"start":{"line":162,"column":25},"end":{"line":162,"column":44}},"type":"binary-expr","locations":[{"start":{"line":162,"column":25},"end":{"line":162,"column":34}},{"start":{"line":162,"column":38},"end":{"line":162,"column":44}}]},"7":{"loc":{"start":{"line":181,"column":23},"end":{"line":181,"column":76}},"type":"cond-expr","locations":[{"start":{"line":181,"column":46},"end":{"line":181,"column":57}},{"start":{"line":181,"column":60},"end":{"line":181,"column":76}}]},"8":{"loc":{"start":{"line":212,"column":4},"end":{"line":215,"column":null}},"type":"if","locations":[{"start":{"line":212,"column":4},"end":{"line":215,"column":null}}]},"9":{"loc":{"start":{"line":220,"column":14},"end":{"line":220,"column":null}},"type":"cond-expr","locations":[{"start":{"line":220,"column":55},"end":{"line":220,"column":75}},{"start":{"line":220,"column":75},"end":{"line":220,"column":null}}]},"10":{"loc":{"start":{"line":243,"column":4},"end":{"line":254,"column":null}},"type":"if","locations":[{"start":{"line":243,"column":4},"end":{"line":254,"column":null}},{"start":{"line":245,"column":11},"end":{"line":254,"column":null}}]},"11":{"loc":{"start":{"line":263,"column":4},"end":{"line":263,"column":null}},"type":"if","locations":[{"start":{"line":263,"column":4},"end":{"line":263,"column":null}}]},"12":{"loc":{"start":{"line":265,"column":21},"end":{"line":265,"column":71}},"type":"binary-expr","locations":[{"start":{"line":265,"column":21},"end":{"line":265,"column":59}},{"start":{"line":265,"column":63},"end":{"line":265,"column":71}}]},"13":{"loc":{"start":{"line":267,"column":6},"end":{"line":269,"column":null}},"type":"if","locations":[{"start":{"line":267,"column":6},"end":{"line":269,"column":null}}]}},"s":{"0":316,"1":14,"2":1,"3":1,"4":1,"5":1,"6":1,"7":1,"8":34,"9":34,"10":34,"11":34,"12":34,"13":8,"14":0,"15":0,"16":8,"17":0,"18":0,"19":8,"20":8,"21":8,"22":8,"23":8,"24":8,"25":8,"26":0,"27":0,"28":0,"29":0,"30":0,"31":0,"32":8,"33":8,"34":8,"35":8,"36":0,"37":0,"38":8,"39":34,"40":1,"41":34,"42":2,"43":2,"44":0,"45":0,"46":2,"47":2,"48":2,"49":34,"50":4,"51":34,"52":8,"53":8,"54":0,"55":34,"56":23,"57":23,"58":0,"59":0,"60":0,"61":0,"62":0,"63":0,"64":34},"f":{"0":34,"1":8,"2":8,"3":1,"4":2,"5":2,"6":4,"7":8,"8":23,"9":0,"10":0},"b":{"0":[34],"1":[0],"2":[8,0],"3":[0],"4":[0],"5":[0],"6":[8,0],"7":[0,0],"8":[0],"9":[0,2],"10":[8,0],"11":[23],"12":[0,0],"13":[0]}}
,"C:\\Users\\brian\\Documents\\django-core\\.worktrees\\023-core-auth-identity\\packages\\auth\\src\\components\\index.ts": {"path":"C:\\Users\\brian\\Documents\\django-core\\.worktrees\\023-core-auth-identity\\packages\\auth\\src\\components\\index.ts","statementMap":{"0":{"start":{"line":11,"column":9},"end":{"line":11,"column":null}},"1":{"start":{"line":12,"column":9},"end":{"line":12,"column":null}},"2":{"start":{"line":15,"column":9},"end":{"line":15,"column":null}},"3":{"start":{"line":9,"column":9},"end":{"line":9,"column":null}},"4":{"start":{"line":10,"column":9},"end":{"line":10,"column":null}},"5":{"start":{"line":5,"column":9},"end":{"line":5,"column":49}},"6":{"start":{"line":6,"column":9},"end":{"line":6,"column":49}},"7":{"start":{"line":5,"column":49},"end":{"line":5,"column":null}},"8":{"start":{"line":6,"column":49},"end":{"line":6,"column":null}}},"fnMap":{},"branchMap":{},"s":{"0":0,"1":0,"2":3,"3":0,"4":0,"5":0,"6":11,"7":1,"8":1},"f":{},"b":{}}
,"C:\\Users\\brian\\Documents\\django-core\\.worktrees\\023-core-auth-identity\\packages\\auth\\src\\components\\forms\\ConfirmPasswordResetForm.tsx": {"path":"C:\\Users\\brian\\Documents\\django-core\\.worktrees\\023-core-auth-identity\\packages\\auth\\src\\components\\forms\\ConfirmPasswordResetForm.tsx","statementMap":{"0":{"start":{"line":141,"column":13},"end":{"line":141,"column":81}},"1":{"start":{"line":6,"column":32},"end":{"line":6,"column":null}},"2":{"start":{"line":7,"column":40},"end":{"line":7,"column":null}},"3":{"start":{"line":97,"column":23},"end":{"line":97,"column":null}},"4":{"start":{"line":141,"column":81},"end":{"line":310,"column":null}},"5":{"start":{"line":148,"column":40},"end":{"line":148,"column":null}},"6":{"start":{"line":149,"column":48},"end":{"line":149,"column":null}},"7":{"start":{"line":150,"column":32},"end":{"line":153,"column":null}},"8":{"start":{"line":154,"column":50},"end":{"line":154,"column":null}},"9":{"start":{"line":156,"column":54},"end":{"line":156,"column":null}},"10":{"start":{"line":161,"column":27},"end":{"line":172,"column":null}},"11":{"start":{"line":162,"column":4},"end":{"line":164,"column":null}},"12":{"start":{"line":163,"column":6},"end":{"line":163,"column":null}},"13":{"start":{"line":165,"column":4},"end":{"line":167,"column":null}},"14":{"start":{"line":166,"column":6},"end":{"line":166,"column":null}},"15":{"start":{"line":168,"column":4},"end":{"line":170,"column":null}},"16":{"start":{"line":169,"column":6},"end":{"line":169,"column":null}},"17":{"start":{"line":171,"column":4},"end":{"line":171,"column":null}},"18":{"start":{"line":177,"column":34},"end":{"line":185,"column":null}},"19":{"start":{"line":178,"column":4},"end":{"line":180,"column":null}},"20":{"start":{"line":179,"column":6},"end":{"line":179,"column":null}},"21":{"start":{"line":181,"column":4},"end":{"line":183,"column":null}},"22":{"start":{"line":182,"column":6},"end":{"line":182,"column":null}},"23":{"start":{"line":184,"column":4},"end":{"line":184,"column":null}},"24":{"start":{"line":190,"column":29},"end":{"line":194,"column":null}},"25":{"start":{"line":191,"column":4},"end":{"line":191,"column":null}},"26":{"start":{"line":192,"column":26},"end":{"line":192,"column":null}},"27":{"start":{"line":193,"column":4},"end":{"line":193,"column":null}},"28":{"start":{"line":199,"column":36},"end":{"line":203,"column":null}},"29":{"start":{"line":200,"column":4},"end":{"line":200,"column":null}},"30":{"start":{"line":201,"column":25},"end":{"line":201,"column":null}},"31":{"start":{"line":202,"column":4},"end":{"line":202,"column":null}},"32":{"start":{"line":208,"column":23},"end":{"line":240,"column":null}},"33":{"start":{"line":209,"column":4},"end":{"line":209,"column":null}},"34":{"start":{"line":212,"column":4},"end":{"line":212,"column":null}},"35":{"start":{"line":215,"column":37},"end":{"line":215,"column":null}},"36":{"start":{"line":216,"column":26},"end":{"line":216,"column":null}},"37":{"start":{"line":217,"column":4},"end":{"line":217,"column":null}},"38":{"start":{"line":217,"column":23},"end":{"line":217,"column":null}},"39":{"start":{"line":219,"column":25},"end":{"line":219,"column":null}},"40":{"start":{"line":220,"column":4},"end":{"line":220,"column":null}},"41":{"start":{"line":220,"column":22},"end":{"line":220,"column":null}},"42":{"start":{"line":222,"column":4},"end":{"line":225,"column":null}},"43":{"start":{"line":223,"column":6},"end":{"line":223,"column":null}},"44":{"start":{"line":224,"column":6},"end":{"line":224,"column":null}},"45":{"start":{"line":228,"column":4},"end":{"line":228,"column":null}},"46":{"start":{"line":230,"column":4},"end":{"line":239,"column":null}},"47":{"start":{"line":231,"column":6},"end":{"line":231,"column":null}},"48":{"start":{"line":232,"column":6},"end":{"line":234,"column":null}},"49":{"start":{"line":233,"column":8},"end":{"line":233,"column":null}},"50":{"start":{"line":236,"column":6},"end":{"line":238,"column":null}},"51":{"start":{"line":237,"column":8},"end":{"line":237,"column":null}},"52":{"start":{"line":243,"column":2},"end":{"line":254,"column":null}},"53":{"start":{"line":269,"column":27},"end":{"line":269,"column":null}},"54":{"start":{"line":285,"column":27},"end":{"line":285,"column":null}}},"fnMap":{"0":{"name":"(anonymous_7)","decl":{"start":{"line":141,"column":81},"end":{"line":141,"column":82}},"loc":{"start":{"line":147,"column":1},"end":{"line":310,"column":null}}},"1":{"name":"(anonymous_8)","decl":{"start":{"line":161,"column":27},"end":{"line":161,"column":28}},"loc":{"start":{"line":161,"column":28},"end":{"line":172,"column":null}}},"2":{"name":"(anonymous_9)","decl":{"start":{"line":177,"column":34},"end":{"line":177,"column":35}},"loc":{"start":{"line":177,"column":53},"end":{"line":185,"column":null}}},"3":{"name":"(anonymous_10)","decl":{"start":{"line":190,"column":29},"end":{"line":190,"column":null}},"loc":{"start":{"line":190,"column":29},"end":{"line":194,"column":null}}},"4":{"name":"(anonymous_11)","decl":{"start":{"line":199,"column":36},"end":{"line":199,"column":null}},"loc":{"start":{"line":199,"column":36},"end":{"line":203,"column":null}}},"5":{"name":"(anonymous_12)","decl":{"start":{"line":208,"column":23},"end":{"line":208,"column":30}},"loc":{"start":{"line":208,"column":30},"end":{"line":240,"column":null}}},"6":{"name":"(anonymous_13)","decl":{"start":{"line":269,"column":20},"end":{"line":269,"column":21}},"loc":{"start":{"line":269,"column":27},"end":{"line":269,"column":null}}},"7":{"name":"(anonymous_14)","decl":{"start":{"line":285,"column":20},"end":{"line":285,"column":21}},"loc":{"start":{"line":285,"column":27},"end":{"line":285,"column":null}}}},"branchMap":{"0":{"loc":{"start":{"line":41,"column":7},"end":{"line":41,"column":21}},"type":"binary-expr","locations":[{"start":{"line":41,"column":7},"end":{"line":41,"column":21}}]},"1":{"loc":{"start":{"line":48,"column":16},"end":{"line":48,"column":null}},"type":"cond-expr","locations":[{"start":{"line":48,"column":24},"end":{"line":48,"column":42}},{"start":{"line":48,"column":42},"end":{"line":48,"column":null}}]},"2":{"loc":{"start":{"line":53,"column":5},"end":{"line":53,"column":14}},"type":"binary-expr","locations":[{"start":{"line":53,"column":5},"end":{"line":53,"column":14}}]},"3":{"loc":{"start":{"line":60,"column":14},"end":{"line":60,"column":null}},"type":"binary-expr","locations":[{"start":{"line":60,"column":14},"end":{"line":60,"column":28}},{"start":{"line":60,"column":32},"end":{"line":60,"column":null}}]},"4":{"loc":{"start":{"line":64,"column":23},"end":{"line":64,"column":null}},"type":"cond-expr","locations":[{"start":{"line":64,"column":51},"end":{"line":64,"column":60}},{"start":{"line":64,"column":60},"end":{"line":64,"column":null}}]},"5":{"loc":{"start":{"line":64,"column":23},"end":{"line":64,"column":51}},"type":"binary-expr","locations":[{"start":{"line":64,"column":23},"end":{"line":64,"column":37}},{"start":{"line":64,"column":41},"end":{"line":64,"column":51}}]},"6":{"loc":{"start":{"line":69,"column":14},"end":{"line":69,"column":null}},"type":"cond-expr","locations":[{"start":{"line":69,"column":42},"end":{"line":69,"column":58}},{"start":{"line":69,"column":58},"end":{"line":69,"column":null}}]},"7":{"loc":{"start":{"line":69,"column":14},"end":{"line":69,"column":42}},"type":"binary-expr","locations":[{"start":{"line":69,"column":14},"end":{"line":69,"column":28}},{"start":{"line":69,"column":32},"end":{"line":69,"column":42}}]},"8":{"loc":{"start":{"line":72,"column":5},"end":{"line":72,"column":null}},"type":"cond-expr","locations":[{"start":{"line":72,"column":15},"end":{"line":72,"column":33}},{"start":{"line":72,"column":33},"end":{"line":72,"column":null}}]},"9":{"loc":{"start":{"line":84,"column":23},"end":{"line":84,"column":null}},"type":"cond-expr","locations":[{"start":{"line":84,"column":47},"end":{"line":84,"column":59}},{"start":{"line":84,"column":59},"end":{"line":84,"column":null}}]},"10":{"loc":{"start":{"line":85,"column":13},"end":{"line":85,"column":null}},"type":"cond-expr","locations":[{"start":{"line":85,"column":37},"end":{"line":85,"column":49}},{"start":{"line":85,"column":49},"end":{"line":85,"column":null}}]},"11":{"loc":{"start":{"line":86,"column":27},"end":{"line":86,"column":74}},"type":"cond-expr","locations":[{"start":{"line":86,"column":51},"end":{"line":86,"column":63}},{"start":{"line":86,"column":63},"end":{"line":86,"column":74}}]},"12":{"loc":{"start":{"line":162,"column":4},"end":{"line":164,"column":null}},"type":"if","locations":[{"start":{"line":162,"column":4},"end":{"line":164,"column":null}}]},"13":{"loc":{"start":{"line":165,"column":4},"end":{"line":167,"column":null}},"type":"if","locations":[{"start":{"line":165,"column":4},"end":{"line":167,"column":null}}]},"14":{"loc":{"start":{"line":168,"column":4},"end":{"line":170,"column":null}},"type":"if","locations":[{"start":{"line":168,"column":4},"end":{"line":170,"column":null}}]},"15":{"loc":{"start":{"line":178,"column":4},"end":{"line":180,"column":null}},"type":"if","locations":[{"start":{"line":178,"column":4},"end":{"line":180,"column":null}}]},"16":{"loc":{"start":{"line":181,"column":4},"end":{"line":183,"column":null}},"type":"if","locations":[{"start":{"line":181,"column":4},"end":{"line":183,"column":null}}]},"17":{"loc":{"start":{"line":217,"column":4},"end":{"line":217,"column":null}},"type":"if","locations":[{"start":{"line":217,"column":4},"end":{"line":217,"column":null}}]},"18":{"loc":{"start":{"line":220,"column":4},"end":{"line":220,"column":null}},"type":"if","locations":[{"start":{"line":220,"column":4},"end":{"line":220,"column":null}}]},"19":{"loc":{"start":{"line":222,"column":4},"end":{"line":225,"column":null}},"type":"if","locations":[{"start":{"line":222,"column":4},"end":{"line":225,"column":null}}]},"20":{"loc":{"start":{"line":232,"column":6},"end":{"line":234,"column":null}},"type":"if","locations":[{"start":{"line":232,"column":6},"end":{"line":234,"column":null}}]},"21":{"loc":{"start":{"line":236,"column":6},"end":{"line":238,"column":null}},"type":"if","locations":[{"start":{"line":236,"column":6},"end":{"line":238,"column":null}}]},"22":{"loc":{"start":{"line":243,"column":2},"end":{"line":254,"column":null}},"type":"if","locations":[{"start":{"line":243,"column":2},"end":{"line":254,"column":null}}]},"23":{"loc":{"start":{"line":260,"column":9},"end":{"line":260,"column":30}},"type":"binary-expr","locations":[{"start":{"line":260,"column":9},"end":{"line":260,"column":30}},{"start":{"line":260,"column":30},"end":{"line":260,"column":null}}]},"24":{"loc":{"start":{"line":272,"column":12},"end":{"line":274,"column":53}},"type":"cond-expr","locations":[{"start":{"line":273,"column":16},"end":{"line":273,"column":44}},{"start":{"line":274,"column":16},"end":{"line":274,"column":53}}]},"25":{"loc":{"start":{"line":272,"column":12},"end":{"line":272,"column":63}},"type":"binary-expr","locations":[{"start":{"line":272,"column":12},"end":{"line":272,"column":31}},{"start":{"line":272,"column":35},"end":{"line":272,"column":63}}]},"26":{"loc":{"start":{"line":288,"column":12},"end":{"line":290,"column":57}},"type":"cond-expr","locations":[{"start":{"line":289,"column":16},"end":{"line":289,"column":48}},{"start":{"line":290,"column":16},"end":{"line":290,"column":57}}]},"27":{"loc":{"start":{"line":288,"column":12},"end":{"line":288,"column":71}},"type":"binary-expr","locations":[{"start":{"line":288,"column":12},"end":{"line":288,"column":35}},{"start":{"line":288,"column":39},"end":{"line":288,"column":71}}]}},"s":{"0":0,"1":1,"2":1,"3":1,"4":1,"5":0,"6":0,"7":0,"8":0,"9":0,"10":0,"11":0,"12":0,"13":0,"14":0,"15":0,"16":0,"17":0,"18":0,"19":0,"20":0,"21":0,"22":0,"23":0,"24":0,"25":0,"26":0,"27":0,"28":0,"29":0,"30":0,"31":0,"32":0,"33":0,"34":0,"35":0,"36":0,"37":0,"38":0,"39":0,"40":0,"41":0,"42":0,"43":0,"44":0,"45":0,"46":0,"47":0,"48":0,"49":0,"50":0,"51":0,"52":0,"53":0,"54":0},"f":{"0":0,"1":0,"2":0,"3":0,"4":0,"5":0,"6":0,"7":0},"b":{"0":[0],"1":[0,0],"2":[0],"3":[0,0],"4":[0,0],"5":[0,0],"6":[0,0],"7":[0,0],"8":[0,0],"9":[0,0],"10":[0,0],"11":[0,0],"12":[0],"13":[0],"14":[0],"15":[0],"16":[0],"17":[0],"18":[0],"19":[0],"20":[0],"21":[0],"22":[0],"23":[0,0],"24":[0,0],"25":[0,0],"26":[0,0],"27":[0,0]}}
,"C:\\Users\\brian\\Documents\\django-core\\.worktrees\\023-core-auth-identity\\packages\\auth\\src\\components\\forms\\ProfileForm.tsx": {"path":"C:\\Users\\brian\\Documents\\django-core\\.worktrees\\023-core-auth-identity\\packages\\auth\\src\\components\\forms\\ProfileForm.tsx","statementMap":{"0":{"start":{"line":121,"column":13},"end":{"line":121,"column":37}},"1":{"start":{"line":1,"column":56},"end":{"line":1,"column":null}},"2":{"start":{"line":2,"column":33},"end":{"line":2,"column":null}},"3":{"start":{"line":3,"column":31},"end":{"line":3,"column":null}},"4":{"start":{"line":33,"column":36},"end":{"line":58,"column":null}},"5":{"start":{"line":34,"column":18},"end":{"line":34,"column":69}},"6":{"start":{"line":78,"column":36},"end":{"line":99,"column":null}},"7":{"start":{"line":79,"column":17},"end":{"line":84,"column":null}},"8":{"start":{"line":121,"column":37},"end":{"line":220,"column":null}},"9":{"start":{"line":122,"column":15},"end":{"line":122,"column":null}},"10":{"start":{"line":123,"column":36},"end":{"line":123,"column":null}},"11":{"start":{"line":124,"column":34},"end":{"line":124,"column":null}},"12":{"start":{"line":125,"column":48},"end":{"line":125,"column":null}},"13":{"start":{"line":126,"column":50},"end":{"line":126,"column":null}},"14":{"start":{"line":127,"column":46},"end":{"line":127,"column":null}},"15":{"start":{"line":130,"column":2},"end":{"line":135,"column":null}},"16":{"start":{"line":131,"column":4},"end":{"line":134,"column":null}},"17":{"start":{"line":132,"column":6},"end":{"line":132,"column":null}},"18":{"start":{"line":133,"column":6},"end":{"line":133,"column":null}},"19":{"start":{"line":137,"column":23},"end":{"line":170,"column":null}},"20":{"start":{"line":138,"column":4},"end":{"line":138,"column":null}},"21":{"start":{"line":141,"column":43},"end":{"line":141,"column":null}},"22":{"start":{"line":142,"column":4},"end":{"line":144,"column":null}},"23":{"start":{"line":143,"column":6},"end":{"line":143,"column":null}},"24":{"start":{"line":145,"column":4},"end":{"line":147,"column":null}},"25":{"start":{"line":146,"column":6},"end":{"line":146,"column":null}},"26":{"start":{"line":148,"column":4},"end":{"line":150,"column":null}},"27":{"start":{"line":149,"column":6},"end":{"line":149,"column":null}},"28":{"start":{"line":152,"column":4},"end":{"line":155,"column":null}},"29":{"start":{"line":153,"column":6},"end":{"line":153,"column":null}},"30":{"start":{"line":154,"column":6},"end":{"line":154,"column":null}},"31":{"start":{"line":157,"column":4},"end":{"line":157,"column":null}},"32":{"start":{"line":159,"column":4},"end":{"line":169,"column":null}},"33":{"start":{"line":160,"column":6},"end":{"line":164,"column":null}},"34":{"start":{"line":166,"column":6},"end":{"line":166,"column":null}},"35":{"start":{"line":189,"column":25},"end":{"line":189,"column":null}},"36":{"start":{"line":198,"column":25},"end":{"line":198,"column":null}},"37":{"start":{"line":208,"column":25},"end":{"line":208,"column":null}}},"fnMap":{"0":{"name":"(anonymous_4)","decl":{"start":{"line":33,"column":36},"end":{"line":33,"column":37}},"loc":{"start":{"line":33,"column":117},"end":{"line":58,"column":null}}},"1":{"name":"(anonymous_6)","decl":{"start":{"line":78,"column":36},"end":{"line":78,"column":37}},"loc":{"start":{"line":78,"column":58},"end":{"line":99,"column":null}}},"2":{"name":"(anonymous_7)","decl":{"start":{"line":121,"column":37},"end":{"line":121,"column":null}},"loc":{"start":{"line":121,"column":37},"end":{"line":220,"column":null}}},"3":{"name":"(anonymous_8)","decl":{"start":{"line":130,"column":18},"end":{"line":130,"column":null}},"loc":{"start":{"line":130,"column":18},"end":{"line":135,"column":5}}},"4":{"name":"(anonymous_9)","decl":{"start":{"line":137,"column":23},"end":{"line":137,"column":30}},"loc":{"start":{"line":137,"column":30},"end":{"line":170,"column":null}}},"5":{"name":"(anonymous_10)","decl":{"start":{"line":189,"column":18},"end":{"line":189,"column":19}},"loc":{"start":{"line":189,"column":25},"end":{"line":189,"column":null}}},"6":{"name":"(anonymous_11)","decl":{"start":{"line":198,"column":18},"end":{"line":198,"column":19}},"loc":{"start":{"line":198,"column":25},"end":{"line":198,"column":null}}},"7":{"name":"(anonymous_12)","decl":{"start":{"line":208,"column":18},"end":{"line":208,"column":19}},"loc":{"start":{"line":208,"column":25},"end":{"line":208,"column":null}}}},"branchMap":{"0":{"loc":{"start":{"line":33,"column":90},"end":{"line":33,"column":103}},"type":"default-arg","locations":[{"start":{"line":33,"column":97},"end":{"line":33,"column":103}}]},"1":{"loc":{"start":{"line":38,"column":17},"end":{"line":38,"column":29}},"type":"binary-expr","locations":[{"start":{"line":38,"column":17},"end":{"line":38,"column":29}}]},"2":{"loc":{"start":{"line":50,"column":18},"end":{"line":50,"column":null}},"type":"cond-expr","locations":[{"start":{"line":50,"column":26},"end":{"line":50,"column":44}},{"start":{"line":50,"column":44},"end":{"line":50,"column":null}}]},"3":{"loc":{"start":{"line":54,"column":7},"end":{"line":54,"column":21}},"type":"binary-expr","locations":[{"start":{"line":54,"column":7},"end":{"line":54,"column":21}}]},"4":{"loc":{"start":{"line":55,"column":7},"end":{"line":55,"column":16}},"type":"binary-expr","locations":[{"start":{"line":55,"column":7},"end":{"line":55,"column":16}}]},"5":{"loc":{"start":{"line":60,"column":41},"end":{"line":60,"column":56}},"type":"default-arg","locations":[{"start":{"line":60,"column":48},"end":{"line":60,"column":56}}]},"6":{"loc":{"start":{"line":63,"column":14},"end":{"line":63,"column":null}},"type":"binary-expr","locations":[{"start":{"line":63,"column":14},"end":{"line":63,"column":26}},{"start":{"line":63,"column":26},"end":{"line":63,"column":null}}]},"7":{"loc":{"start":{"line":67,"column":23},"end":{"line":67,"column":null}},"type":"cond-expr","locations":[{"start":{"line":67,"column":45},"end":{"line":67,"column":54}},{"start":{"line":67,"column":54},"end":{"line":67,"column":null}}]},"8":{"loc":{"start":{"line":67,"column":23},"end":{"line":67,"column":45}},"type":"binary-expr","locations":[{"start":{"line":67,"column":23},"end":{"line":67,"column":34}},{"start":{"line":67,"column":34},"end":{"line":67,"column":45}}]},"9":{"loc":{"start":{"line":71,"column":14},"end":{"line":71,"column":null}},"type":"cond-expr","locations":[{"start":{"line":71,"column":36},"end":{"line":71,"column":52}},{"start":{"line":71,"column":52},"end":{"line":71,"column":null}}]},"10":{"loc":{"start":{"line":71,"column":14},"end":{"line":71,"column":36}},"type":"binary-expr","locations":[{"start":{"line":71,"column":14},"end":{"line":71,"column":25}},{"start":{"line":71,"column":25},"end":{"line":71,"column":36}}]},"11":{"loc":{"start":{"line":74,"column":5},"end":{"line":74,"column":null}},"type":"cond-expr","locations":[{"start":{"line":74,"column":15},"end":{"line":74,"column":30}},{"start":{"line":74,"column":30},"end":{"line":74,"column":null}}]},"12":{"loc":{"start":{"line":123,"column":45},"end":{"line":123,"column":null}},"type":"binary-expr","locations":[{"start":{"line":123,"column":45},"end":{"line":123,"column":65}},{"start":{"line":123,"column":65},"end":{"line":123,"column":null}}]},"13":{"loc":{"start":{"line":124,"column":43},"end":{"line":124,"column":null}},"type":"binary-expr","locations":[{"start":{"line":124,"column":43},"end":{"line":124,"column":62}},{"start":{"line":124,"column":62},"end":{"line":124,"column":null}}]},"14":{"loc":{"start":{"line":131,"column":4},"end":{"line":134,"column":null}},"type":"if","locations":[{"start":{"line":131,"column":4},"end":{"line":134,"column":null}}]},"15":{"loc":{"start":{"line":132,"column":19},"end":{"line":132,"column":null}},"type":"binary-expr","locations":[{"start":{"line":132,"column":19},"end":{"line":132,"column":34}},{"start":{"line":132,"column":38},"end":{"line":132,"column":null}}]},"16":{"loc":{"start":{"line":133,"column":18},"end":{"line":133,"column":null}},"type":"binary-expr","locations":[{"start":{"line":133,"column":18},"end":{"line":133,"column":32}},{"start":{"line":133,"column":36},"end":{"line":133,"column":null}}]},"17":{"loc":{"start":{"line":142,"column":4},"end":{"line":144,"column":null}},"type":"if","locations":[{"start":{"line":142,"column":4},"end":{"line":144,"column":null}}]},"18":{"loc":{"start":{"line":145,"column":4},"end":{"line":147,"column":null}},"type":"if","locations":[{"start":{"line":145,"column":4},"end":{"line":147,"column":null}}]},"19":{"loc":{"start":{"line":148,"column":4},"end":{"line":150,"column":null}},"type":"if","locations":[{"start":{"line":148,"column":4},"end":{"line":150,"column":null}}]},"20":{"loc":{"start":{"line":152,"column":4},"end":{"line":155,"column":null}},"type":"if","locations":[{"start":{"line":152,"column":4},"end":{"line":155,"column":null}}]},"21":{"loc":{"start":{"line":174,"column":7},"end":{"line":174,"column":null}},"type":"binary-expr","locations":[{"start":{"line":174,"column":7},"end":{"line":174,"column":null}}]},"22":{"loc":{"start":{"line":180,"column":7},"end":{"line":180,"column":28}},"type":"binary-expr","locations":[{"start":{"line":180,"column":7},"end":{"line":180,"column":28}},{"start":{"line":180,"column":28},"end":{"line":180,"column":null}}]},"23":{"loc":{"start":{"line":190,"column":15},"end":{"line":190,"column":80}},"type":"binary-expr","locations":[{"start":{"line":190,"column":15},"end":{"line":190,"column":42}},{"start":{"line":190,"column":46},"end":{"line":190,"column":80}}]},"24":{"loc":{"start":{"line":199,"column":15},"end":{"line":199,"column":78}},"type":"binary-expr","locations":[{"start":{"line":199,"column":15},"end":{"line":199,"column":41}},{"start":{"line":199,"column":45},"end":{"line":199,"column":78}}]},"25":{"loc":{"start":{"line":209,"column":15},"end":{"line":209,"column":92}},"type":"binary-expr","locations":[{"start":{"line":209,"column":15},"end":{"line":209,"column":48}},{"start":{"line":209,"column":52},"end":{"line":209,"column":92}}]}},"s":{"0":5,"1":1,"2":1,"3":1,"4":1,"5":81,"6":1,"7":2,"8":1,"9":30,"10":29,"11":29,"12":29,"13":29,"14":29,"15":29,"16":3,"17":3,"18":3,"19":29,"20":1,"21":1,"22":1,"23":0,"24":1,"25":0,"26":1,"27":0,"28":1,"29":0,"30":0,"31":1,"32":1,"33":1,"34":1,"35":5,"36":4,"37":12},"f":{"0":81,"1":2,"2":30,"3":3,"4":1,"5":5,"6":4,"7":12},"b":{"0":[54],"1":[81],"2":[0,81],"3":[81],"4":[81],"5":[0],"6":[27,27],"7":[1,26],"8":[27,26],"9":[1,26],"10":[27,26],"11":[1,26],"12":[29,0],"13":[29,0],"14":[3],"15":[3,0],"16":[3,0],"17":[0],"18":[0],"19":[0],"20":[0],"21":[29],"22":[29,0],"23":[29,29],"24":[29,29],"25":[29,29]}}
,"C:\\Users\\brian\\Documents\\django-core\\.worktrees\\023-core-auth-identity\\packages\\auth\\src\\components\\forms\\RequestPasswordResetForm.tsx": {"path":"C:\\Users\\brian\\Documents\\django-core\\.worktrees\\023-core-auth-identity\\packages\\auth\\src\\components\\forms\\RequestPasswordResetForm.tsx","statementMap":{"0":{"start":{"line":152,"column":13},"end":{"line":152,"column":81}},"1":{"start":{"line":18,"column":61},"end":{"line":18,"column":null}},"2":{"start":{"line":19,"column":40},"end":{"line":19,"column":null}},"3":{"start":{"line":93,"column":36},"end":{"line":116,"column":null}},"4":{"start":{"line":94,"column":17},"end":{"line":98,"column":null}},"5":{"start":{"line":99,"column":16},"end":{"line":99,"column":31}},"6":{"start":{"line":142,"column":20},"end":{"line":142,"column":null}},"7":{"start":{"line":147,"column":24},"end":{"line":147,"column":null}},"8":{"start":{"line":152,"column":81},"end":{"line":259,"column":null}},"9":{"start":{"line":157,"column":28},"end":{"line":157,"column":null}},"10":{"start":{"line":158,"column":32},"end":{"line":158,"column":null}},"11":{"start":{"line":159,"column":50},"end":{"line":159,"column":null}},"12":{"start":{"line":160,"column":54},"end":{"line":160,"column":null}},"13":{"start":{"line":165,"column":24},"end":{"line":169,"column":null}},"14":{"start":{"line":166,"column":4},"end":{"line":166,"column":null}},"15":{"start":{"line":166,"column":16},"end":{"line":166,"column":null}},"16":{"start":{"line":167,"column":4},"end":{"line":167,"column":null}},"17":{"start":{"line":167,"column":34},"end":{"line":167,"column":null}},"18":{"start":{"line":168,"column":4},"end":{"line":168,"column":null}},"19":{"start":{"line":174,"column":21},"end":{"line":178,"column":null}},"20":{"start":{"line":175,"column":4},"end":{"line":175,"column":null}},"21":{"start":{"line":176,"column":23},"end":{"line":176,"column":null}},"22":{"start":{"line":177,"column":4},"end":{"line":177,"column":null}},"23":{"start":{"line":183,"column":28},"end":{"line":191,"column":null}},"24":{"start":{"line":185,"column":6},"end":{"line":185,"column":null}},"25":{"start":{"line":186,"column":6},"end":{"line":189,"column":null}},"26":{"start":{"line":187,"column":27},"end":{"line":187,"column":null}},"27":{"start":{"line":188,"column":8},"end":{"line":188,"column":null}},"28":{"start":{"line":197,"column":23},"end":{"line":218,"column":null}},"29":{"start":{"line":199,"column":6},"end":{"line":199,"column":null}},"30":{"start":{"line":202,"column":25},"end":{"line":202,"column":null}},"31":{"start":{"line":203,"column":6},"end":{"line":207,"column":null}},"32":{"start":{"line":204,"column":8},"end":{"line":204,"column":null}},"33":{"start":{"line":205,"column":8},"end":{"line":205,"column":null}},"34":{"start":{"line":206,"column":8},"end":{"line":206,"column":null}},"35":{"start":{"line":209,"column":6},"end":{"line":209,"column":null}},"36":{"start":{"line":211,"column":6},"end":{"line":216,"column":null}},"37":{"start":{"line":212,"column":8},"end":{"line":212,"column":null}},"38":{"start":{"line":213,"column":8},"end":{"line":213,"column":null}},"39":{"start":{"line":215,"column":8},"end":{"line":215,"column":null}},"40":{"start":{"line":222,"column":2},"end":{"line":230,"column":null}}},"fnMap":{"0":{"name":"(anonymous_6)","decl":{"start":{"line":93,"column":36},"end":{"line":93,"column":37}},"loc":{"start":{"line":93,"column":68},"end":{"line":116,"column":null}}},"1":{"name":"(anonymous_7)","decl":{"start":{"line":152,"column":81},"end":{"line":152,"column":82}},"loc":{"start":{"line":156,"column":1},"end":{"line":259,"column":null}}},"2":{"name":"(anonymous_8)","decl":{"start":{"line":165,"column":36},"end":{"line":165,"column":37}},"loc":{"start":{"line":165,"column":37},"end":{"line":169,"column":5}}},"3":{"name":"(anonymous_9)","decl":{"start":{"line":174,"column":33},"end":{"line":174,"column":null}},"loc":{"start":{"line":174,"column":33},"end":{"line":178,"column":5}}},"4":{"name":"(anonymous_10)","decl":{"start":{"line":184,"column":4},"end":{"line":184,"column":5}},"loc":{"start":{"line":184,"column":5},"end":{"line":190,"column":null}}},"5":{"name":"(anonymous_11)","decl":{"start":{"line":198,"column":4},"end":{"line":198,"column":11}},"loc":{"start":{"line":198,"column":11},"end":{"line":217,"column":null}}}},"branchMap":{"0":{"loc":{"start":{"line":53,"column":15},"end":{"line":53,"column":29}},"type":"binary-expr","locations":[{"start":{"line":53,"column":15},"end":{"line":53,"column":29}}]},"1":{"loc":{"start":{"line":60,"column":16},"end":{"line":60,"column":null}},"type":"cond-expr","locations":[{"start":{"line":60,"column":24},"end":{"line":60,"column":42}},{"start":{"line":60,"column":42},"end":{"line":60,"column":null}}]},"2":{"loc":{"start":{"line":65,"column":5},"end":{"line":65,"column":null}},"type":"binary-expr","locations":[{"start":{"line":65,"column":5},"end":{"line":65,"column":null}}]},"3":{"loc":{"start":{"line":76,"column":14},"end":{"line":76,"column":null}},"type":"binary-expr","locations":[{"start":{"line":76,"column":14},"end":{"line":76,"column":26}},{"start":{"line":76,"column":26},"end":{"line":76,"column":null}}]},"4":{"loc":{"start":{"line":80,"column":23},"end":{"line":80,"column":null}},"type":"cond-expr","locations":[{"start":{"line":80,"column":45},"end":{"line":80,"column":54}},{"start":{"line":80,"column":54},"end":{"line":80,"column":null}}]},"5":{"loc":{"start":{"line":80,"column":23},"end":{"line":80,"column":45}},"type":"binary-expr","locations":[{"start":{"line":80,"column":23},"end":{"line":80,"column":35}},{"start":{"line":80,"column":35},"end":{"line":80,"column":45}}]},"6":{"loc":{"start":{"line":86,"column":14},"end":{"line":86,"column":null}},"type":"cond-expr","locations":[{"start":{"line":86,"column":36},"end":{"line":86,"column":52}},{"start":{"line":86,"column":52},"end":{"line":86,"column":null}}]},"7":{"loc":{"start":{"line":86,"column":14},"end":{"line":86,"column":36}},"type":"binary-expr","locations":[{"start":{"line":86,"column":14},"end":{"line":86,"column":26}},{"start":{"line":86,"column":26},"end":{"line":86,"column":36}}]},"8":{"loc":{"start":{"line":89,"column":5},"end":{"line":89,"column":null}},"type":"cond-expr","locations":[{"start":{"line":89,"column":15},"end":{"line":89,"column":30}},{"start":{"line":89,"column":30},"end":{"line":89,"column":null}}]},"9":{"loc":{"start":{"line":166,"column":4},"end":{"line":166,"column":null}},"type":"if","locations":[{"start":{"line":166,"column":4},"end":{"line":166,"column":null}}]},"10":{"loc":{"start":{"line":167,"column":4},"end":{"line":167,"column":null}},"type":"if","locations":[{"start":{"line":167,"column":4},"end":{"line":167,"column":null}}]},"11":{"loc":{"start":{"line":186,"column":6},"end":{"line":189,"column":null}},"type":"if","locations":[{"start":{"line":186,"column":6},"end":{"line":189,"column":null}}]},"12":{"loc":{"start":{"line":203,"column":6},"end":{"line":207,"column":null}},"type":"if","locations":[{"start":{"line":203,"column":6},"end":{"line":207,"column":null}}]},"13":{"loc":{"start":{"line":222,"column":2},"end":{"line":230,"column":null}},"type":"if","locations":[{"start":{"line":222,"column":2},"end":{"line":230,"column":null}}]},"14":{"loc":{"start":{"line":234,"column":7},"end":{"line":234,"column":28}},"type":"binary-expr","locations":[{"start":{"line":234,"column":7},"end":{"line":234,"column":28}},{"start":{"line":234,"column":28},"end":{"line":234,"column":null}}]},"15":{"loc":{"start":{"line":248,"column":15},"end":{"line":248,"column":70}},"type":"binary-expr","locations":[{"start":{"line":248,"column":15},"end":{"line":248,"column":37}},{"start":{"line":248,"column":41},"end":{"line":248,"column":70}}]},"16":{"loc":{"start":{"line":254,"column":58},"end":{"line":254,"column":95}},"type":"binary-expr","locations":[{"start":{"line":254,"column":58},"end":{"line":254,"column":71}},{"start":{"line":254,"column":71},"end":{"line":254,"column":95}}]}},"s":{"0":0,"1":1,"2":1,"3":1,"4":0,"5":0,"6":1,"7":1,"8":1,"9":0,"10":0,"11":0,"12":0,"13":0,"14":0,"15":0,"16":0,"17":0,"18":0,"19":0,"20":0,"21":0,"22":0,"23":0,"24":0,"25":0,"26":0,"27":0,"28":0,"29":0,"30":0,"31":0,"32":0,"33":0,"34":0,"35":0,"36":0,"37":0,"38":0,"39":0,"40":0},"f":{"0":0,"1":0,"2":0,"3":0,"4":0,"5":0},"b":{"0":[0],"1":[0,0],"2":[0],"3":[0,0],"4":[0,0],"5":[0,0],"6":[0,0],"7":[0,0],"8":[0,0],"9":[0],"10":[0],"11":[0],"12":[0],"13":[0],"14":[0,0],"15":[0,0],"16":[0,0]}}
,"C:\\Users\\brian\\Documents\\django-core\\.worktrees\\023-core-auth-identity\\packages\\auth\\src\\components\\forms\\SignInForm.tsx": {"path":"C:\\Users\\brian\\Documents\\django-core\\.worktrees\\023-core-auth-identity\\packages\\auth\\src\\components\\forms\\SignInForm.tsx","statementMap":{"0":{"start":{"line":158,"column":13},"end":{"line":158,"column":53}},"1":{"start":{"line":19,"column":61},"end":{"line":19,"column":null}},"2":{"start":{"line":20,"column":26},"end":{"line":20,"column":null}},"3":{"start":{"line":148,"column":20},"end":{"line":148,"column":null}},"4":{"start":{"line":153,"column":28},"end":{"line":153,"column":null}},"5":{"start":{"line":158,"column":53},"end":{"line":347,"column":null}},"6":{"start":{"line":164,"column":61},"end":{"line":164,"column":null}},"7":{"start":{"line":166,"column":28},"end":{"line":166,"column":null}},"8":{"start":{"line":167,"column":34},"end":{"line":167,"column":null}},"9":{"start":{"line":168,"column":32},"end":{"line":168,"column":null}},"10":{"start":{"line":169,"column":50},"end":{"line":169,"column":null}},"11":{"start":{"line":174,"column":24},"end":{"line":182,"column":null}},"12":{"start":{"line":175,"column":4},"end":{"line":177,"column":null}},"13":{"start":{"line":176,"column":6},"end":{"line":176,"column":null}},"14":{"start":{"line":178,"column":4},"end":{"line":180,"column":null}},"15":{"start":{"line":179,"column":6},"end":{"line":179,"column":null}},"16":{"start":{"line":181,"column":4},"end":{"line":181,"column":null}},"17":{"start":{"line":187,"column":27},"end":{"line":195,"column":null}},"18":{"start":{"line":188,"column":4},"end":{"line":190,"column":null}},"19":{"start":{"line":189,"column":6},"end":{"line":189,"column":null}},"20":{"start":{"line":191,"column":4},"end":{"line":193,"column":null}},"21":{"start":{"line":192,"column":6},"end":{"line":192,"column":null}},"22":{"start":{"line":194,"column":4},"end":{"line":194,"column":null}},"23":{"start":{"line":200,"column":28},"end":{"line":211,"column":null}},"24":{"start":{"line":202,"column":20},"end":{"line":202,"column":34}},"25":{"start":{"line":203,"column":6},"end":{"line":203,"column":null}},"26":{"start":{"line":204,"column":6},"end":{"line":204,"column":null}},"27":{"start":{"line":206,"column":6},"end":{"line":209,"column":null}},"28":{"start":{"line":207,"column":22},"end":{"line":207,"column":null}},"29":{"start":{"line":208,"column":8},"end":{"line":208,"column":null}},"30":{"start":{"line":208,"column":39},"end":{"line":208,"column":null}},"31":{"start":{"line":217,"column":31},"end":{"line":228,"column":null}},"32":{"start":{"line":219,"column":20},"end":{"line":219,"column":34}},"33":{"start":{"line":220,"column":6},"end":{"line":220,"column":null}},"34":{"start":{"line":221,"column":6},"end":{"line":221,"column":null}},"35":{"start":{"line":223,"column":6},"end":{"line":226,"column":null}},"36":{"start":{"line":224,"column":22},"end":{"line":224,"column":null}},"37":{"start":{"line":225,"column":8},"end":{"line":225,"column":null}},"38":{"start":{"line":225,"column":39},"end":{"line":225,"column":null}},"39":{"start":{"line":234,"column":26},"end":{"line":238,"column":null}},"40":{"start":{"line":235,"column":4},"end":{"line":235,"column":null}},"41":{"start":{"line":235,"column":26},"end":{"line":235,"column":null}},"42":{"start":{"line":236,"column":18},"end":{"line":236,"column":null}},"43":{"start":{"line":237,"column":4},"end":{"line":237,"column":null}},"44":{"start":{"line":237,"column":35},"end":{"line":237,"column":null}},"45":{"start":{"line":240,"column":29},"end":{"line":244,"column":null}},"46":{"start":{"line":241,"column":4},"end":{"line":241,"column":null}},"47":{"start":{"line":241,"column":26},"end":{"line":241,"column":null}},"48":{"start":{"line":242,"column":18},"end":{"line":242,"column":null}},"49":{"start":{"line":243,"column":4},"end":{"line":243,"column":null}},"50":{"start":{"line":243,"column":35},"end":{"line":243,"column":null}},"51":{"start":{"line":249,"column":23},"end":{"line":278,"column":null}},"52":{"start":{"line":251,"column":6},"end":{"line":251,"column":null}},"53":{"start":{"line":254,"column":6},"end":{"line":254,"column":null}},"54":{"start":{"line":257,"column":25},"end":{"line":257,"column":null}},"55":{"start":{"line":258,"column":28},"end":{"line":258,"column":null}},"56":{"start":{"line":260,"column":6},"end":{"line":266,"column":null}},"57":{"start":{"line":261,"column":8},"end":{"line":264,"column":null}},"58":{"start":{"line":265,"column":8},"end":{"line":265,"column":null}},"59":{"start":{"line":269,"column":6},"end":{"line":269,"column":null}},"60":{"start":{"line":271,"column":6},"end":{"line":276,"column":null}},"61":{"start":{"line":272,"column":21},"end":{"line":272,"column":null}},"62":{"start":{"line":273,"column":8},"end":{"line":273,"column":null}},"63":{"start":{"line":275,"column":8},"end":{"line":275,"column":null}},"64":{"start":{"line":282,"column":21},"end":{"line":282,"column":80}},"65":{"start":{"line":283,"column":24},"end":{"line":283,"column":89}},"66":{"start":{"line":284,"column":21},"end":{"line":284,"column":47}},"67":{"start":{"line":292,"column":12},"end":{"line":292,"column":30}}},"fnMap":{"0":{"name":"(anonymous_7)","decl":{"start":{"line":158,"column":53},"end":{"line":158,"column":54}},"loc":{"start":{"line":163,"column":1},"end":{"line":347,"column":null}}},"1":{"name":"(anonymous_8)","decl":{"start":{"line":174,"column":36},"end":{"line":174,"column":37}},"loc":{"start":{"line":174,"column":37},"end":{"line":182,"column":5}}},"2":{"name":"(anonymous_9)","decl":{"start":{"line":187,"column":39},"end":{"line":187,"column":40}},"loc":{"start":{"line":187,"column":40},"end":{"line":195,"column":5}}},"3":{"name":"(anonymous_10)","decl":{"start":{"line":201,"column":4},"end":{"line":201,"column":5}},"loc":{"start":{"line":201,"column":5},"end":{"line":210,"column":null}}},"4":{"name":"(anonymous_11)","decl":{"start":{"line":208,"column":28},"end":{"line":208,"column":29}},"loc":{"start":{"line":208,"column":39},"end":{"line":208,"column":null}}},"5":{"name":"(anonymous_12)","decl":{"start":{"line":218,"column":4},"end":{"line":218,"column":5}},"loc":{"start":{"line":218,"column":5},"end":{"line":227,"column":null}}},"6":{"name":"(anonymous_13)","decl":{"start":{"line":225,"column":28},"end":{"line":225,"column":29}},"loc":{"start":{"line":225,"column":39},"end":{"line":225,"column":null}}},"7":{"name":"(anonymous_14)","decl":{"start":{"line":234,"column":38},"end":{"line":234,"column":null}},"loc":{"start":{"line":234,"column":38},"end":{"line":238,"column":5}}},"8":{"name":"(anonymous_15)","decl":{"start":{"line":235,"column":15},"end":{"line":235,"column":16}},"loc":{"start":{"line":235,"column":26},"end":{"line":235,"column":null}}},"9":{"name":"(anonymous_16)","decl":{"start":{"line":237,"column":24},"end":{"line":237,"column":25}},"loc":{"start":{"line":237,"column":35},"end":{"line":237,"column":null}}},"10":{"name":"(anonymous_17)","decl":{"start":{"line":240,"column":41},"end":{"line":240,"column":null}},"loc":{"start":{"line":240,"column":41},"end":{"line":244,"column":5}}},"11":{"name":"(anonymous_18)","decl":{"start":{"line":241,"column":15},"end":{"line":241,"column":16}},"loc":{"start":{"line":241,"column":26},"end":{"line":241,"column":null}}},"12":{"name":"(anonymous_19)","decl":{"start":{"line":243,"column":24},"end":{"line":243,"column":25}},"loc":{"start":{"line":243,"column":35},"end":{"line":243,"column":null}}},"13":{"name":"(anonymous_20)","decl":{"start":{"line":250,"column":4},"end":{"line":250,"column":11}},"loc":{"start":{"line":250,"column":11},"end":{"line":277,"column":null}}},"14":{"name":"(anonymous_21)","decl":{"start":{"line":291,"column":26},"end":{"line":291,"column":27}},"loc":{"start":{"line":292,"column":12},"end":{"line":292,"column":30}}}},"branchMap":{"0":{"loc":{"start":{"line":59,"column":15},"end":{"line":59,"column":29}},"type":"binary-expr","locations":[{"start":{"line":59,"column":15},"end":{"line":59,"column":29}}]},"1":{"loc":{"start":{"line":66,"column":16},"end":{"line":66,"column":null}},"type":"cond-expr","locations":[{"start":{"line":66,"column":24},"end":{"line":66,"column":42}},{"start":{"line":66,"column":42},"end":{"line":66,"column":null}}]},"2":{"loc":{"start":{"line":71,"column":5},"end":{"line":71,"column":null}},"type":"binary-expr","locations":[{"start":{"line":71,"column":5},"end":{"line":71,"column":null}}]},"3":{"loc":{"start":{"line":85,"column":14},"end":{"line":85,"column":null}},"type":"binary-expr","locations":[{"start":{"line":85,"column":14},"end":{"line":85,"column":26}},{"start":{"line":85,"column":26},"end":{"line":85,"column":null}}]},"4":{"loc":{"start":{"line":89,"column":23},"end":{"line":89,"column":null}},"type":"cond-expr","locations":[{"start":{"line":89,"column":45},"end":{"line":89,"column":54}},{"start":{"line":89,"column":54},"end":{"line":89,"column":null}}]},"5":{"loc":{"start":{"line":89,"column":23},"end":{"line":89,"column":45}},"type":"binary-expr","locations":[{"start":{"line":89,"column":23},"end":{"line":89,"column":35}},{"start":{"line":89,"column":35},"end":{"line":89,"column":45}}]},"6":{"loc":{"start":{"line":95,"column":14},"end":{"line":95,"column":null}},"type":"cond-expr","locations":[{"start":{"line":95,"column":36},"end":{"line":95,"column":52}},{"start":{"line":95,"column":52},"end":{"line":95,"column":null}}]},"7":{"loc":{"start":{"line":95,"column":14},"end":{"line":95,"column":36}},"type":"binary-expr","locations":[{"start":{"line":95,"column":14},"end":{"line":95,"column":26}},{"start":{"line":95,"column":26},"end":{"line":95,"column":36}}]},"8":{"loc":{"start":{"line":98,"column":5},"end":{"line":98,"column":null}},"type":"cond-expr","locations":[{"start":{"line":98,"column":15},"end":{"line":98,"column":33}},{"start":{"line":98,"column":33},"end":{"line":98,"column":null}}]},"9":{"loc":{"start":{"line":108,"column":23},"end":{"line":108,"column":null}},"type":"cond-expr","locations":[{"start":{"line":108,"column":45},"end":{"line":108,"column":54}},{"start":{"line":108,"column":54},"end":{"line":108,"column":null}}]},"10":{"loc":{"start":{"line":109,"column":27},"end":{"line":109,"column":69}},"type":"cond-expr","locations":[{"start":{"line":109,"column":49},"end":{"line":109,"column":58}},{"start":{"line":109,"column":58},"end":{"line":109,"column":69}}]},"11":{"loc":{"start":{"line":111,"column":13},"end":{"line":111,"column":null}},"type":"cond-expr","locations":[{"start":{"line":111,"column":35},"end":{"line":111,"column":44}},{"start":{"line":111,"column":44},"end":{"line":111,"column":null}}]},"12":{"loc":{"start":{"line":175,"column":4},"end":{"line":177,"column":null}},"type":"if","locations":[{"start":{"line":175,"column":4},"end":{"line":177,"column":null}}]},"13":{"loc":{"start":{"line":178,"column":4},"end":{"line":180,"column":null}},"type":"if","locations":[{"start":{"line":178,"column":4},"end":{"line":180,"column":null}}]},"14":{"loc":{"start":{"line":188,"column":4},"end":{"line":190,"column":null}},"type":"if","locations":[{"start":{"line":188,"column":4},"end":{"line":190,"column":null}}]},"15":{"loc":{"start":{"line":191,"column":4},"end":{"line":193,"column":null}},"type":"if","locations":[{"start":{"line":191,"column":4},"end":{"line":193,"column":null}}]},"16":{"loc":{"start":{"line":206,"column":6},"end":{"line":209,"column":null}},"type":"if","locations":[{"start":{"line":206,"column":6},"end":{"line":209,"column":null}}]},"17":{"loc":{"start":{"line":223,"column":6},"end":{"line":226,"column":null}},"type":"if","locations":[{"start":{"line":223,"column":6},"end":{"line":226,"column":null}}]},"18":{"loc":{"start":{"line":260,"column":6},"end":{"line":266,"column":null}},"type":"if","locations":[{"start":{"line":260,"column":6},"end":{"line":266,"column":null}}]},"19":{"loc":{"start":{"line":260,"column":10},"end":{"line":260,"column":39}},"type":"binary-expr","locations":[{"start":{"line":260,"column":10},"end":{"line":260,"column":24}},{"start":{"line":260,"column":24},"end":{"line":260,"column":39}}]},"20":{"loc":{"start":{"line":282,"column":21},"end":{"line":282,"column":80}},"type":"binary-expr","locations":[{"start":{"line":282,"column":21},"end":{"line":282,"column":43}},{"start":{"line":282,"column":47},"end":{"line":282,"column":80}}]},"21":{"loc":{"start":{"line":283,"column":24},"end":{"line":283,"column":89}},"type":"binary-expr","locations":[{"start":{"line":283,"column":24},"end":{"line":283,"column":49}},{"start":{"line":283,"column":53},"end":{"line":283,"column":89}}]},"22":{"loc":{"start":{"line":284,"column":21},"end":{"line":284,"column":47}},"type":"binary-expr","locations":[{"start":{"line":284,"column":21},"end":{"line":284,"column":45}},{"start":{"line":284,"column":45},"end":{"line":284,"column":47}}]},"23":{"loc":{"start":{"line":289,"column":7},"end":{"line":289,"column":null}},"type":"binary-expr","locations":[{"start":{"line":289,"column":7},"end":{"line":289,"column":null}}]},"24":{"loc":{"start":{"line":310,"column":26},"end":{"line":310,"column":null}},"type":"cond-expr","locations":[{"start":{"line":310,"column":39},"end":{"line":310,"column":63}},{"start":{"line":310,"column":63},"end":{"line":310,"column":null}}]},"25":{"loc":{"start":{"line":326,"column":26},"end":{"line":326,"column":null}},"type":"cond-expr","locations":[{"start":{"line":326,"column":42},"end":{"line":326,"column":69}},{"start":{"line":326,"column":69},"end":{"line":326,"column":null}}]},"26":{"loc":{"start":{"line":330,"column":7},"end":{"line":330,"column":null}},"type":"binary-expr","locations":[{"start":{"line":330,"column":7},"end":{"line":330,"column":null}}]}},"s":{"0":9,"1":1,"2":1,"3":1,"4":1,"5":1,"6":246,"7":246,"8":246,"9":246,"10":246,"11":246,"12":18,"13":2,"14":16,"15":6,"16":10,"17":246,"18":13,"19":3,"20":10,"21":0,"22":10,"23":246,"24":116,"25":116,"26":116,"27":116,"28":4,"29":4,"30":4,"31":246,"32":81,"33":81,"34":81,"35":81,"36":0,"37":0,"38":0,"39":246,"40":6,"41":6,"42":6,"43":6,"44":6,"45":246,"46":5,"47":5,"48":5,"49":5,"50":5,"51":246,"52":8,"53":8,"54":8,"55":8,"56":8,"57":3,"58":3,"59":5,"60":5,"61":5,"62":3,"63":2,"64":246,"65":246,"66":246,"67":2},"f":{"0":246,"1":18,"2":13,"3":116,"4":4,"5":81,"6":0,"7":6,"8":6,"9":6,"10":5,"11":5,"12":5,"13":8,"14":2},"b":{"0":[492],"1":[19,473],"2":[492],"3":[246,241],"4":[5,241],"5":[246,241],"6":[5,241],"7":[246,241],"8":[5,241],"9":[2,0],"10":[2,0],"11":[2,0],"12":[2],"13":[6],"14":[3],"15":[0],"16":[4],"17":[0],"18":[3],"19":[8,5],"20":[246,236],"21":[246,237],"22":[246,244],"23":[246],"24":[10,236],"25":[9,237],"26":[246]}}
,"C:\\Users\\brian\\Documents\\django-core\\.worktrees\\023-core-auth-identity\\packages\\auth\\src\\components\\forms\\index.ts": {"path":"C:\\Users\\brian\\Documents\\django-core\\.worktrees\\023-core-auth-identity\\packages\\auth\\src\\components\\forms\\index.ts","statementMap":{"0":{"start":{"line":7,"column":9},"end":{"line":7,"column":77}},"1":{"start":{"line":8,"column":9},"end":{"line":8,"column":28}},"2":{"start":{"line":6,"column":9},"end":{"line":6,"column":77}},"3":{"start":{"line":5,"column":9},"end":{"line":5,"column":49}},"4":{"start":{"line":5,"column":49},"end":{"line":5,"column":null}},"5":{"start":{"line":6,"column":77},"end":{"line":6,"column":null}},"6":{"start":{"line":7,"column":77},"end":{"line":7,"column":null}},"7":{"start":{"line":8,"column":28},"end":{"line":8,"column":null}}},"fnMap":{},"branchMap":{},"s":{"0":0,"1":0,"2":0,"3":0,"4":1,"5":1,"6":1,"7":1},"f":{},"b":{}}
,"C:\\Users\\brian\\Documents\\django-core\\.worktrees\\023-core-auth-identity\\packages\\auth\\src\\components\\pages\\ConfirmPasswordResetPage.tsx": {"path":"C:\\Users\\brian\\Documents\\django-core\\.worktrees\\023-core-auth-identity\\packages\\auth\\src\\components\\pages\\ConfirmPasswordResetPage.tsx","statementMap":{"0":{"start":{"line":99,"column":13},"end":{"line":99,"column":81}},"1":{"start":{"line":17,"column":18},"end":{"line":17,"column":null}},"2":{"start":{"line":18,"column":41},"end":{"line":18,"column":null}},"3":{"start":{"line":99,"column":81},"end":{"line":153,"column":null}},"4":{"start":{"line":105,"column":2},"end":{"line":133,"column":null}}},"fnMap":{"0":{"name":"(anonymous_4)","decl":{"start":{"line":99,"column":81},"end":{"line":99,"column":82}},"loc":{"start":{"line":103,"column":1},"end":{"line":153,"column":null}}}},"branchMap":{"0":{"loc":{"start":{"line":47,"column":5},"end":{"line":47,"column":null}},"type":"binary-expr","locations":[{"start":{"line":47,"column":5},"end":{"line":47,"column":null}}]},"1":{"loc":{"start":{"line":73,"column":23},"end":{"line":73,"column":null}},"type":"cond-expr","locations":[{"start":{"line":73,"column":47},"end":{"line":73,"column":59}},{"start":{"line":73,"column":59},"end":{"line":73,"column":null}}]},"2":{"loc":{"start":{"line":74,"column":13},"end":{"line":74,"column":null}},"type":"cond-expr","locations":[{"start":{"line":74,"column":37},"end":{"line":74,"column":49}},{"start":{"line":74,"column":49},"end":{"line":74,"column":null}}]},"3":{"loc":{"start":{"line":75,"column":27},"end":{"line":75,"column":74}},"type":"cond-expr","locations":[{"start":{"line":75,"column":51},"end":{"line":75,"column":63}},{"start":{"line":75,"column":63},"end":{"line":75,"column":74}}]},"4":{"loc":{"start":{"line":105,"column":2},"end":{"line":133,"column":null}},"type":"if","locations":[{"start":{"line":105,"column":2},"end":{"line":133,"column":null}}]},"5":{"loc":{"start":{"line":105,"column":6},"end":{"line":105,"column":25}},"type":"binary-expr","locations":[{"start":{"line":105,"column":6},"end":{"line":105,"column":17}},{"start":{"line":105,"column":17},"end":{"line":105,"column":25}}]}},"s":{"0":0,"1":1,"2":1,"3":1,"4":0},"f":{"0":0},"b":{"0":[0],"1":[0,0],"2":[0,0],"3":[0,0],"4":[0],"5":[0,0]}}
,"C:\\Users\\brian\\Documents\\django-core\\.worktrees\\023-core-auth-identity\\packages\\auth\\src\\components\\pages\\ProfilePage.tsx": {"path":"C:\\Users\\brian\\Documents\\django-core\\.worktrees\\023-core-auth-identity\\packages\\auth\\src\\components\\pages\\ProfilePage.tsx","statementMap":{"0":{"start":{"line":20,"column":13},"end":{"line":20,"column":37}},"1":{"start":{"line":1,"column":18},"end":{"line":1,"column":null}},"2":{"start":{"line":2,"column":28},"end":{"line":2,"column":null}},"3":{"start":{"line":3,"column":31},"end":{"line":3,"column":null}},"4":{"start":{"line":4,"column":27},"end":{"line":4,"column":null}},"5":{"start":{"line":20,"column":37},"end":{"line":84,"column":null}},"6":{"start":{"line":21,"column":15},"end":{"line":21,"column":null}},"7":{"start":{"line":22,"column":43},"end":{"line":22,"column":null}},"8":{"start":{"line":24,"column":2},"end":{"line":30,"column":null}},"9":{"start":{"line":67,"column":27},"end":{"line":67,"column":null}}},"fnMap":{"0":{"name":"(anonymous_2)","decl":{"start":{"line":20,"column":37},"end":{"line":20,"column":null}},"loc":{"start":{"line":20,"column":37},"end":{"line":84,"column":null}}},"1":{"name":"(anonymous_3)","decl":{"start":{"line":67,"column":21},"end":{"line":67,"column":27}},"loc":{"start":{"line":67,"column":27},"end":{"line":67,"column":null}}}},"branchMap":{"0":{"loc":{"start":{"line":24,"column":2},"end":{"line":30,"column":null}},"type":"if","locations":[{"start":{"line":24,"column":2},"end":{"line":30,"column":null}}]},"1":{"loc":{"start":{"line":71,"column":31},"end":{"line":71,"column":null}},"type":"cond-expr","locations":[{"start":{"line":71,"column":44},"end":{"line":71,"column":53}},{"start":{"line":71,"column":53},"end":{"line":71,"column":null}}]},"2":{"loc":{"start":{"line":75,"column":22},"end":{"line":75,"column":null}},"type":"cond-expr","locations":[{"start":{"line":75,"column":35},"end":{"line":75,"column":51}},{"start":{"line":75,"column":51},"end":{"line":75,"column":null}}]},"3":{"loc":{"start":{"line":78,"column":13},"end":{"line":78,"column":null}},"type":"cond-expr","locations":[{"start":{"line":78,"column":26},"end":{"line":78,"column":45}},{"start":{"line":78,"column":45},"end":{"line":78,"column":null}}]}},"s":{"0":3,"1":1,"2":1,"3":1,"4":1,"5":1,"6":6,"7":5,"8":5,"9":1},"f":{"0":6,"1":1},"b":{"0":[0],"1":[1,4],"2":[1,4],"3":[1,4]}}
,"C:\\Users\\brian\\Documents\\django-core\\.worktrees\\023-core-auth-identity\\packages\\auth\\src\\components\\pages\\RequestPasswordResetPage.tsx": {"path":"C:\\Users\\brian\\Documents\\django-core\\.worktrees\\023-core-auth-identity\\packages\\auth\\src\\components\\pages\\RequestPasswordResetPage.tsx","statementMap":{"0":{"start":{"line":68,"column":13},"end":{"line":68,"column":81}},"1":{"start":{"line":16,"column":18},"end":{"line":16,"column":null}},"2":{"start":{"line":17,"column":41},"end":{"line":17,"column":null}},"3":{"start":{"line":68,"column":81},"end":{"line":102,"column":null}}},"fnMap":{"0":{"name":"(anonymous_3)","decl":{"start":{"line":68,"column":81},"end":{"line":68,"column":82}},"loc":{"start":{"line":70,"column":1},"end":{"line":102,"column":null}}}},"branchMap":{"0":{"loc":{"start":{"line":40,"column":5},"end":{"line":40,"column":null}},"type":"binary-expr","locations":[{"start":{"line":40,"column":5},"end":{"line":40,"column":null}}]}},"s":{"0":0,"1":1,"2":1,"3":1},"f":{"0":0},"b":{"0":[0]}}
,"C:\\Users\\brian\\Documents\\django-core\\.worktrees\\023-core-auth-identity\\packages\\auth\\src\\components\\pages\\SignInPage.tsx": {"path":"C:\\Users\\brian\\Documents\\django-core\\.worktrees\\023-core-auth-identity\\packages\\auth\\src\\components\\pages\\SignInPage.tsx","statementMap":{"0":{"start":{"line":124,"column":13},"end":{"line":124,"column":53}},"1":{"start":{"line":22,"column":46},"end":{"line":22,"column":null}},"2":{"start":{"line":23,"column":27},"end":{"line":23,"column":null}},"3":{"start":{"line":87,"column":2},"end":{"line":87,"column":null}},"4":{"start":{"line":87,"column":12},"end":{"line":87,"column":null}},"5":{"start":{"line":90,"column":2},"end":{"line":92,"column":null}},"6":{"start":{"line":91,"column":4},"end":{"line":91,"column":null}},"7":{"start":{"line":95,"column":2},"end":{"line":97,"column":null}},"8":{"start":{"line":96,"column":4},"end":{"line":96,"column":null}},"9":{"start":{"line":99,"column":2},"end":{"line":99,"column":null}},"10":{"start":{"line":107,"column":2},"end":{"line":109,"column":null}},"11":{"start":{"line":108,"column":4},"end":{"line":108,"column":null}},"12":{"start":{"line":111,"column":17},"end":{"line":111,"column":null}},"13":{"start":{"line":112,"column":15},"end":{"line":112,"column":null}},"14":{"start":{"line":114,"column":2},"end":{"line":116,"column":null}},"15":{"start":{"line":115,"column":4},"end":{"line":115,"column":null}},"16":{"start":{"line":118,"column":2},"end":{"line":118,"column":null}},"17":{"start":{"line":124,"column":53},"end":{"line":169,"column":null}},"18":{"start":{"line":129,"column":22},"end":{"line":129,"column":null}},"19":{"start":{"line":134,"column":24},"end":{"line":145,"column":null}},"20":{"start":{"line":136,"column":6},"end":{"line":136,"column":null}},"21":{"start":{"line":139,"column":6},"end":{"line":143,"column":null}},"22":{"start":{"line":140,"column":8},"end":{"line":142,"column":null}},"23":{"start":{"line":141,"column":10},"end":{"line":141,"column":null}},"24":{"start":{"line":151,"column":22},"end":{"line":153,"column":null}},"25":{"start":{"line":152,"column":4},"end":{"line":152,"column":null}},"26":{"start":{"line":156,"column":2},"end":{"line":158,"column":null}},"27":{"start":{"line":157,"column":4},"end":{"line":157,"column":null}}},"fnMap":{"0":{"name":"isSafeRedirectUrl","decl":{"start":{"line":86,"column":9},"end":{"line":86,"column":27}},"loc":{"start":{"line":86,"column":38},"end":{"line":100,"column":null}}},"1":{"name":"getRedirectUrl","decl":{"start":{"line":105,"column":9},"end":{"line":105,"column":24}},"loc":{"start":{"line":105,"column":42},"end":{"line":119,"column":null}}},"2":{"name":"(anonymous_7)","decl":{"start":{"line":124,"column":53},"end":{"line":124,"column":54}},"loc":{"start":{"line":128,"column":1},"end":{"line":169,"column":null}}},"3":{"name":"(anonymous_8)","decl":{"start":{"line":135,"column":4},"end":{"line":135,"column":5}},"loc":{"start":{"line":135,"column":5},"end":{"line":144,"column":null}}},"4":{"name":"(anonymous_9)","decl":{"start":{"line":139,"column":17},"end":{"line":139,"column":null}},"loc":{"start":{"line":139,"column":17},"end":{"line":143,"column":9}}},"5":{"name":"(anonymous_10)","decl":{"start":{"line":151,"column":34},"end":{"line":151,"column":35}},"loc":{"start":{"line":151,"column":35},"end":{"line":153,"column":5}}},"6":{"name":"(anonymous_11)","decl":{"start":{"line":156,"column":12},"end":{"line":156,"column":null}},"loc":{"start":{"line":156,"column":12},"end":{"line":158,"column":5}}}},"branchMap":{"0":{"loc":{"start":{"line":47,"column":5},"end":{"line":47,"column":null}},"type":"binary-expr","locations":[{"start":{"line":47,"column":5},"end":{"line":47,"column":null}}]},"1":{"loc":{"start":{"line":87,"column":2},"end":{"line":87,"column":null}},"type":"if","locations":[{"start":{"line":87,"column":2},"end":{"line":87,"column":null}}]},"2":{"loc":{"start":{"line":90,"column":2},"end":{"line":92,"column":null}},"type":"if","locations":[{"start":{"line":90,"column":2},"end":{"line":92,"column":null}}]},"3":{"loc":{"start":{"line":90,"column":6},"end":{"line":90,"column":52}},"type":"binary-expr","locations":[{"start":{"line":90,"column":6},"end":{"line":90,"column":30}},{"start":{"line":90,"column":30},"end":{"line":90,"column":52}}]},"4":{"loc":{"start":{"line":95,"column":2},"end":{"line":97,"column":null}},"type":"if","locations":[{"start":{"line":95,"column":2},"end":{"line":97,"column":null}}]},"5":{"loc":{"start":{"line":107,"column":2},"end":{"line":109,"column":null}},"type":"if","locations":[{"start":{"line":107,"column":2},"end":{"line":109,"column":null}}]},"6":{"loc":{"start":{"line":114,"column":2},"end":{"line":116,"column":null}},"type":"if","locations":[{"start":{"line":114,"column":2},"end":{"line":116,"column":null}}]},"7":{"loc":{"start":{"line":114,"column":6},"end":{"line":114,"column":39}},"type":"binary-expr","locations":[{"start":{"line":114,"column":6},"end":{"line":114,"column":14}},{"start":{"line":114,"column":14},"end":{"line":114,"column":39}}]},"8":{"loc":{"start":{"line":125,"column":2},"end":{"line":125,"column":23}},"type":"default-arg","locations":[{"start":{"line":125,"column":20},"end":{"line":125,"column":23}}]},"9":{"loc":{"start":{"line":126,"column":2},"end":{"line":126,"column":40}},"type":"default-arg","locations":[{"start":{"line":126,"column":22},"end":{"line":126,"column":40}}]},"10":{"loc":{"start":{"line":140,"column":8},"end":{"line":142,"column":null}},"type":"if","locations":[{"start":{"line":140,"column":8},"end":{"line":142,"column":null}}]}},"s":{"0":11,"1":1,"2":1,"3":0,"4":0,"5":0,"6":0,"7":0,"8":0,"9":0,"10":9,"11":0,"12":9,"13":9,"14":9,"15":0,"16":9,"17":1,"18":9,"19":9,"20":3,"21":3,"22":3,"23":3,"24":9,"25":2,"26":9,"27":9},"f":{"0":0,"1":9,"2":9,"3":3,"4":3,"5":2,"6":9},"b":{"0":[9],"1":[0],"2":[0],"3":[0,0],"4":[0],"5":[0],"6":[0],"7":[9,0],"8":[9],"9":[9],"10":[3]}}
,"C:\\Users\\brian\\Documents\\django-core\\.worktrees\\023-core-auth-identity\\packages\\auth\\src\\components\\pages\\index.ts": {"path":"C:\\Users\\brian\\Documents\\django-core\\.worktrees\\023-core-auth-identity\\packages\\auth\\src\\components\\pages\\index.ts","statementMap":{"0":{"start":{"line":7,"column":9},"end":{"line":7,"column":77}},"1":{"start":{"line":8,"column":9},"end":{"line":8,"column":28}},"2":{"start":{"line":6,"column":9},"end":{"line":6,"column":77}},"3":{"start":{"line":5,"column":9},"end":{"line":5,"column":49}},"4":{"start":{"line":5,"column":49},"end":{"line":5,"column":null}},"5":{"start":{"line":6,"column":77},"end":{"line":6,"column":null}},"6":{"start":{"line":7,"column":77},"end":{"line":7,"column":null}},"7":{"start":{"line":8,"column":28},"end":{"line":8,"column":null}}},"fnMap":{},"branchMap":{},"s":{"0":0,"1":3,"2":0,"3":11,"4":1,"5":1,"6":1,"7":1},"f":{},"b":{}}
,"C:\\Users\\brian\\Documents\\django-core\\.worktrees\\023-core-auth-identity\\packages\\auth\\src\\hooks\\index.ts": {"path":"C:\\Users\\brian\\Documents\\django-core\\.worktrees\\023-core-auth-identity\\packages\\auth\\src\\hooks\\index.ts","statementMap":{"0":{"start":{"line":5,"column":9},"end":{"line":5,"column":24}},"1":{"start":{"line":6,"column":9},"end":{"line":6,"column":52}},"2":{"start":{"line":11,"column":9},"end":{"line":11,"column":76}},"3":{"start":{"line":7,"column":9},"end":{"line":7,"column":31}},"4":{"start":{"line":10,"column":9},"end":{"line":10,"column":76}},"5":{"start":{"line":8,"column":9},"end":{"line":8,"column":48}},"6":{"start":{"line":9,"column":9},"end":{"line":9,"column":50}},"7":{"start":{"line":12,"column":9},"end":{"line":12,"column":62}},"8":{"start":{"line":5,"column":24},"end":{"line":5,"column":null}},"9":{"start":{"line":6,"column":52},"end":{"line":6,"column":null}},"10":{"start":{"line":7,"column":31},"end":{"line":7,"column":null}},"11":{"start":{"line":8,"column":48},"end":{"line":8,"column":null}},"12":{"start":{"line":9,"column":50},"end":{"line":9,"column":null}},"13":{"start":{"line":10,"column":76},"end":{"line":10,"column":null}},"14":{"start":{"line":11,"column":76},"end":{"line":11,"column":null}},"15":{"start":{"line":12,"column":62},"end":{"line":12,"column":null}}},"fnMap":{},"branchMap":{},"s":{"0":0,"1":0,"2":0,"3":0,"4":0,"5":0,"6":0,"7":0,"8":1,"9":1,"10":1,"11":1,"12":1,"13":1,"14":1,"15":1},"f":{},"b":{}}
[...]
,"C:\\Users\\brian\\Documents\\django-core\\.worktrees\\023-core-auth-identity\\packages\\auth\\src\\hooks\\useUpdateProfile.ts": {"path":"C:\\Users\\brian\\Documents\\django-core\\.worktrees\\023-core-auth-identity\\packages\\auth\\src\\hooks\\useUpdateProfile.ts","statementMap":{"0":{"start":{"line":63,"column":13},"end":{"line":63,"column":32}},"1":{"start":{"line":1,"column":46},"end":{"line":1,"column":null}},"2":{"start":{"line":2,"column":24},"end":{"line":2,"column":null}},"3":{"start":{"line":3,"column":26},"end":{"line":3,"column":null}},"4":{"start":{"line":63,"column":32},"end":{"line":129,"column":null}},"5":{"start":{"line":64,"column":46},"end":{"line":64,"column":null}},"6":{"start":{"line":65,"column":32},"end":{"line":65,"column":null}},"7":{"start":{"line":66,"column":28},"end":{"line":66,"column":null}},"8":{"start":{"line":67,"column":32},"end":{"line":67,"column":null}},"9":{"start":{"line":70,"column":24},"end":{"line":70,"column":null}},"10":{"start":{"line":72,"column":17},"end":{"line":125,"column":null}},"11":{"start":{"line":75,"column":6},"end":{"line":77,"column":null}},"12":{"start":{"line":76,"column":8},"end":{"line":76,"column":null}},"13":{"start":{"line":79,"column":6},"end":{"line":79,"column":null}},"14":{"start":{"line":80,"column":6},"end":{"line":80,"column":null}},"15":{"start":{"line":81,"column":6},"end":{"line":81,"column":null}},"16":{"start":{"line":82,"column":6},"end":{"line":82,"column":null}},"17":{"start":{"line":84,"column":6},"end":{"line":123,"column":null}},"18":{"start":{"line":85,"column":20},"end":{"line":85,"column":64}},"19":{"start":{"line":86,"column":25},"end":{"line":89,"column":null}},"20":{"start":{"line":91,"column":8},"end":{"line":95,"column":null}},"21":{"start":{"line":92,"column":27},"end":{"line":92,"column":null}},"22":{"start":{"line":93,"column":10},"end":{"line":93,"column":null}},"23":{"start":{"line":94,"column":10},"end":{"line":94,"column":null}},"24":{"start":{"line":97,"column":29},"end":{"line":97,"column":null}},"25":{"start":{"line":98,"column":34},"end":{"line":98,"column":69}},"26":{"start":{"line":101,"column":8},"end":{"line":101,"column":null}},"27":{"start":{"line":102,"column":8},"end":{"line":102,"column":null}},"28":{"start":{"line":104,"column":8},"end":{"line":104,"column":null}},"29":{"start":{"line":107,"column":8},"end":{"line":110,"column":null}},"30":{"start":{"line":108,"column":10},"end":{"line":108,"column":null}},"31":{"start":{"line":109,"column":10},"end":{"line":109,"column":null}},"32":{"start":{"line":113,"column":39},"end":{"line":117,"column":null}},"33":{"start":{"line":118,"column":8},"end":{"line":118,"column":null}},"34":{"start":{"line":119,"column":8},"end":{"line":119,"column":null}},"35":{"start":{"line":121,"column":8},"end":{"line":121,"column":null}},"36":{"start":{"line":122,"column":8},"end":{"line":122,"column":null}},"37":{"start":{"line":128,"column":2},"end":{"line":128,"column":null}}},"fnMap":{"0":{"name":"(anonymous_1)","decl":{"start":{"line":63,"column":32},"end":{"line":63,"column":null}},"loc":{"start":{"line":63,"column":32},"end":{"line":129,"column":null}}},"1":{"name":"(anonymous_2)","decl":{"start":{"line":73,"column":4},"end":{"line":73,"column":11}},"loc":{"start":{"line":73,"column":11},"end":{"line":124,"column":null}}}},"branchMap":{"0":{"loc":{"start":{"line":75,"column":6},"end":{"line":77,"column":null}},"type":"if","locations":[{"start":{"line":75,"column":6},"end":{"line":77,"column":null}}]},"1":{"loc":{"start":{"line":91,"column":8},"end":{"line":95,"column":null}},"type":"if","locations":[{"start":{"line":91,"column":8},"end":{"line":95,"column":null}}]},"2":{"loc":{"start":{"line":98,"column":34},"end":{"line":98,"column":69}},"type":"binary-expr","locations":[{"start":{"line":98,"column":34},"end":{"line":98,"column":51}},{"start":{"line":98,"column":55},"end":{"line":98,"column":69}}]},"3":{"loc":{"start":{"line":107,"column":8},"end":{"line":110,"column":null}},"type":"if","locations":[{"start":{"line":107,"column":8},"end":{"line":110,"column":null}}]},"4":{"loc":{"start":{"line":107,"column":12},"end":{"line":107,"column":63}},"type":"binary-expr","locations":[{"start":{"line":107,"column":12},"end":{"line":107,"column":19}},{"start":{"line":107,"column":19},"end":{"line":107,"column":46}},{"start":{"line":107,"column":46},"end":{"line":107,"column":63}}]},"5":{"loc":{"start":{"line":116,"column":23},"end":{"line":116,"column":85}},"type":"cond-expr","locations":[{"start":{"line":116,"column":46},"end":{"line":116,"column":57}},{"start":{"line":116,"column":60},"end":{"line":116,"column":85}}]}},"s":{"0":29,"1":1,"2":1,"3":1,"4":1,"5":29,"6":29,"7":29,"8":29,"9":29,"10":29,"11":1,"12":0,"13":1,"14":1,"15":1,"16":1,"17":1,"18":1,"19":1,"20":1,"21":0,"22":0,"23":0,"24":1,"25":1,"26":1,"27":1,"28":1,"29":0,"30":0,"31":0,"32":0,"33":0,"34":0,"35":1,"36":1,"37":29},"f":{"0":29,"1":1},"b":{"0":[0],"1":[0],"2":[1,0],"3":[0],"4":[0,0,0],"5":[0,0]}}
,"C:\\Users\\brian\\Documents\\django-core\\.worktrees\\023-core-auth-identity\\packages\\auth\\src\\lib\\apiClient.ts": {"path":"C:\\Users\\brian\\Documents\\django-core\\.worktrees\\023-core-auth-identity\\packages\\auth\\src\\lib\\apiClient.ts","statementMap":{"0":{"start":{"line":36,"column":22},"end":{"line":36,"column":null}},"1":{"start":{"line":16,"column":16},"end":{"line":16,"column":null}},"2":{"start":{"line":17,"column":2},"end":{"line":17,"column":null}},"3":{"start":{"line":17,"column":39},"end":{"line":17,"column":null}},"4":{"start":{"line":19,"column":16},"end":{"line":19,"column":null}},"5":{"start":{"line":20,"column":2},"end":{"line":20,"column":null}},"6":{"start":{"line":40,"column":20},"end":{"line":40,"column":null}},"7":{"start":{"line":42,"column":42},"end":{"line":42,"column":null}},"8":{"start":{"line":45,"column":2},"end":{"line":50,"column":null}},"9":{"start":{"line":46,"column":28},"end":{"line":46,"column":null}},"10":{"start":{"line":47,"column":4},"end":{"line":49,"column":null}},"11":{"start":{"line":48,"column":6},"end":{"line":48,"column":null}},"12":{"start":{"line":53,"column":2},"end":{"line":55,"column":null}},"13":{"start":{"line":53,"column":38},"end":{"line":53,"column":75}},"14":{"start":{"line":54,"column":4},"end":{"line":54,"column":null}},"15":{"start":{"line":58,"column":2},"end":{"line":60,"column":null}},"16":{"start":{"line":59,"column":4},"end":{"line":59,"column":null}},"17":{"start":{"line":62,"column":30},"end":{"line":66,"column":null}},"18":{"start":{"line":68,"column":2},"end":{"line":68,"column":null}}},"fnMap":{"0":{"name":"getCsrfToken","decl":{"start":{"line":16,"column":16},"end":{"line":16,"column":null}},"loc":{"start":{"line":16,"column":16},"end":{"line":21,"column":null}}},"1":{"name":"apiClient","decl":{"start":{"line":36,"column":22},"end":{"line":36,"column":null}},"loc":{"start":{"line":38,"column":27},"end":{"line":69,"column":null}}},"2":{"name":"(anonymous_5)","decl":{"start":{"line":47,"column":28},"end":{"line":47,"column":29}},"loc":{"start":{"line":47,"column":36},"end":{"line":49,"column":null}}},"3":{"name":"(anonymous_6)","decl":{"start":{"line":53,"column":33},"end":{"line":53,"column":38}},"loc":{"start":{"line":53,"column":38},"end":{"line":53,"column":75}}}},"branchMap":{"0":{"loc":{"start":{"line":17,"column":2},"end":{"line":17,"column":null}},"type":"if","locations":[{"start":{"line":17,"column":2},"end":{"line":17,"column":null}}]},"1":{"loc":{"start":{"line":20,"column":9},"end":{"line":20,"column":null}},"type":"cond-expr","locations":[{"start":{"line":20,"column":17},"end":{"line":20,"column":25}},{"start":{"line":20,"column":28},"end":{"line":20,"column":null}}]},"2":{"loc":{"start":{"line":38,"column":2},"end":{"line":38,"column":27}},"type":"default-arg","locations":[{"start":{"line":38,"column":25},"end":{"line":38,"column":27}}]},"3":{"loc":{"start":{"line":45,"column":2},"end":{"line":50,"column":null}},"type":"if","locations":[{"start":{"line":45,"column":2},"end":{"line":50,"column":null}}]},"4":{"loc":{"start":{"line":53,"column":2},"end":{"line":55,"column":null}},"type":"if","locations":[{"start":{"line":53,"column":2},"end":{"line":55,"column":null}}]},"5":{"loc":{"start":{"line":58,"column":2},"end":{"line":60,"column":null}},"type":"if","locations":[{"start":{"line":58,"column":2},"end":{"line":60,"column":null}}]},"6":{"loc":{"start":{"line":58,"column":6},"end":{"line":58,"column":104}},"type":"binary-expr","locations":[{"start":{"line":58,"column":6},"end":{"line":58,"column":19}},{"start":{"line":58,"column":19},"end":{"line":58,"column":104}}]},"7":{"loc":{"start":{"line":58,"column":63},"end":{"line":58,"column":104}},"type":"binary-expr","locations":[{"start":{"line":58,"column":63},"end":{"line":58,"column":96}},{"start":{"line":58,"column":96},"end":{"line":58,"column":104}}]}},"s":{"0":15,"1":0,"2":15,"3":0,"4":15,"5":15,"6":15,"7":15,"8":15,"9":0,"10":0,"11":0,"12":15,"13":0,"14":15,"15":15,"16":0,"17":15,"18":15},"f":{"0":15,"1":15,"2":0,"3":0},"b":{"0":[0],"1":[0,15],"2":[0],"3":[0],"4":[15],"5":[0],"6":[15,0],"7":[0,0]}}
,"C:\\Users\\brian\\Documents\\django-core\\.worktrees\\023-core-auth-identity\\packages\\auth\\src\\lib\\errorNormalizer.ts": {"path":"C:\\Users\\brian\\Documents\\django-core\\.worktrees\\023-core-auth-identity\\packages\\auth\\src\\lib\\errorNormalizer.ts","statementMap":{"0":{"start":{"line":43,"column":22},"end":{"line":43,"column":38}},"1":{"start":{"line":44,"column":17},"end":{"line":44,"column":32}},"2":{"start":{"line":46,"column":2},"end":{"line":109,"column":null}},"3":{"start":{"line":47,"column":17},"end":{"line":47,"column":null}},"4":{"start":{"line":50,"column":4},"end":{"line":58,"column":null}},"5":{"start":{"line":51,"column":23},"end":{"line":51,"column":null}},"6":{"start":{"line":53,"column":6},"end":{"line":57,"column":null}},"7":{"start":{"line":61,"column":27},"end":{"line":62,"column":null}},"8":{"start":{"line":62,"column":15},"end":{"line":62,"column":null}},"9":{"start":{"line":64,"column":4},"end":{"line":84,"column":null}},"10":{"start":{"line":65,"column":52},"end":{"line":65,"column":null}},"11":{"start":{"line":66,"column":33},"end":{"line":66,"column":35}},"12":{"start":{"line":68,"column":6},"end":{"line":77,"column":null}},"13":{"start":{"line":69,"column":8},"end":{"line":76,"column":null}},"14":{"start":{"line":71,"column":10},"end":{"line":75,"column":null}},"15":{"start":{"line":72,"column":12},"end":{"line":72,"column":null}},"16":{"start":{"line":74,"column":12},"end":{"line":74,"column":null}},"17":{"start":{"line":79,"column":6},"end":{"line":83,"column":null}},"18":{"start":{"line":87,"column":20},"end":{"line":87,"column":61}},"19":{"start":{"line":88,"column":4},"end":{"line":94,"column":null}},"20":{"start":{"line":89,"column":6},"end":{"line":93,"column":null}},"21":{"start":{"line":97,"column":4},"end":{"line":101,"column":null}},"22":{"start":{"line":104,"column":4},"end":{"line":108,"column":null}}},"fnMap":{"0":{"name":"errorNormalizer","decl":{"start":{"line":43,"column":22},"end":{"line":43,"column":38}},"loc":{"start":{"line":43,"column":56},"end":{"line":110,"column":null}}},"1":{"name":"(anonymous_2)","decl":{"start":{"line":62,"column":6},"end":{"line":62,"column":7}},"loc":{"start":{"line":62,"column":15},"end":{"line":62,"column":null}}},"2":{"name":"(anonymous_3)","decl":{"start":{"line":68,"column":32},"end":{"line":68,"column":33}},"loc":{"start":{"line":68,"column":33},"end":{"line":77,"column":null}}}},"branchMap":{"0":{"loc":{"start":{"line":50,"column":4},"end":{"line":58,"column":null}},"type":"if","locations":[{"start":{"line":50,"column":4},"end":{"line":58,"column":null}}]},"1":{"loc":{"start":{"line":50,"column":8},"end":{"line":50,"column":45}},"type":"binary-expr","locations":[{"start":{"line":50,"column":8},"end":{"line":50,"column":35}},{"start":{"line":50,"column":35},"end":{"line":50,"column":45}}]},"2":{"loc":{"start":{"line":55,"column":21},"end":{"line":55,"column":null}},"type":"binary-expr","locations":[{"start":{"line":55,"column":21},"end":{"line":55,"column":43}},{"start":{"line":55,"column":47},"end":{"line":55,"column":null}}]},"3":{"loc":{"start":{"line":56,"column":20},"end":{"line":56,"column":74}},"type":"cond-expr","locations":[{"start":{"line":56,"column":45},"end":{"line":56,"column":72}},{"start":{"line":56,"column":72},"end":{"line":56,"column":74}}]},"4":{"loc":{"start":{"line":62,"column":15},"end":{"line":62,"column":null}},"type":"binary-expr","locations":[{"start":{"line":62,"column":15},"end":{"line":62,"column":43}},{"start":{"line":62,"column":43},"end":{"line":62,"column":null}}]},"5":{"loc":{"start":{"line":64,"column":4},"end":{"line":84,"column":null}},"type":"if","locations":[{"start":{"line":64,"column":4},"end":{"line":84,"column":null}}]},"6":{"loc":{"start":{"line":69,"column":8},"end":{"line":76,"column":null}},"type":"if","locations":[{"start":{"line":69,"column":8},"end":{"line":76,"column":null}}]},"7":{"loc":{"start":{"line":71,"column":10},"end":{"line":75,"column":null}},"type":"if","locations":[{"start":{"line":71,"column":10},"end":{"line":75,"column":null}},{"start":{"line":73,"column":17},"end":{"line":75,"column":null}}]},"8":{"loc":{"start":{"line":71,"column":14},"end":{"line":71,"column":63}},"type":"binary-expr","locations":[{"start":{"line":71,"column":14},"end":{"line":71,"column":35}},{"start":{"line":71,"column":35},"end":{"line":71,"column":63}}]},"9":{"loc":{"start":{"line":87,"column":20},"end":{"line":87,"column":61}},"type":"binary-expr","locations":[{"start":{"line":87,"column":20},"end":{"line":87,"column":32}},{"start":{"line":87,"column":36},"end":{"line":87,"column":46}},{"start":{"line":87,"column":50},"end":{"line":87,"column":61}}]},"10":{"loc":{"start":{"line":88,"column":4},"end":{"line":94,"column":null}},"type":"if","locations":[{"start":{"line":88,"column":4},"end":{"line":94,"column":null}}]},"11":{"loc":{"start":{"line":92,"column":21},"end":{"line":92,"column":85}},"type":"cond-expr","locations":[{"start":{"line":92,"column":51},"end":{"line":92,"column":61}},{"start":{"line":92,"column":61},"end":{"line":92,"column":85}}]},"12":{"loc":{"start":{"line":100,"column":19},"end":{"line":100,"column":62}},"type":"binary-expr","locations":[{"start":{"line":100,"column":19},"end":{"line":100,"column":38}},{"start":{"line":100,"column":42},"end":{"line":100,"column":62}}]},"13":{"loc":{"start":{"line":107,"column":19},"end":{"line":107,"column":73}},"type":"binary-expr","locations":[{"start":{"line":107,"column":19},"end":{"line":107,"column":38}},{"start":{"line":107,"column":42},"end":{"line":107,"column":73}}]}},"s":{"0":2,"1":2,"2":2,"3":2,"4":2,"5":0,"6":0,"7":2,"8":2,"9":2,"10":2,"11":2,"12":2,"13":2,"14":2,"15":2,"16":0,"17":2,"18":0,"19":0,"20":0,"21":0,"22":0},"f":{"0":2,"1":2,"2":2},"b":{"0":[0],"1":[2,0],"2":[0,0],"3":[0,0],"4":[2,2],"5":[2],"6":[2],"7":[2,0],"8":[2,0],"9":[0,0,0],"10":[0],"11":[0,0],"12":[0,0],"13":[0,0]}}
,"C:\\Users\\brian\\Documents\\django-core\\.worktrees\\023-core-auth-identity\\packages\\auth\\src\\lib\\redirectHelper.ts": {"path":"C:\\Users\\brian\\Documents\\django-core\\.worktrees\\023-core-auth-identity\\packages\\auth\\src\\lib\\redirectHelper.ts","statementMap":{"0":{"start":{"line":25,"column":16},"end":{"line":25,"column":30}},"1":{"start":{"line":49,"column":16},"end":{"line":49,"column":29}},"2":{"start":{"line":85,"column":16},"end":{"line":85,"column":32}},"3":{"start":{"line":69,"column":16},"end":{"line":69,"column":38}},"4":{"start":{"line":26,"column":20},"end":{"line":26,"column":null}},"5":{"start":{"line":27,"column":14},"end":{"line":27,"column":null}},"6":{"start":{"line":28,"column":2},"end":{"line":28,"column":null}},"7":{"start":{"line":29,"column":2},"end":{"line":29,"column":null}},"8":{"start":{"line":50,"column":2},"end":{"line":50,"column":null}},"9":{"start":{"line":50,"column":37},"end":{"line":50,"column":null}},"10":{"start":{"line":52,"column":17},"end":{"line":52,"column":null}},"11":{"start":{"line":53,"column":2},"end":{"line":53,"column":null}},"12":{"start":{"line":70,"column":2},"end":{"line":70,"column":null}},"13":{"start":{"line":86,"column":2},"end":{"line":86,"column":null}},"14":{"start":{"line":86,"column":37},"end":{"line":86,"column":null}},"15":{"start":{"line":88,"column":19},"end":{"line":88,"column":null}},"16":{"start":{"line":89,"column":2},"end":{"line":89,"column":null}}},"fnMap":{"0":{"name":"buildLoginUrl","decl":{"start":{"line":25,"column":16},"end":{"line":25,"column":30}},"loc":{"start":{"line":25,"column":66},"end":{"line":30,"column":null}}},"1":{"name":"getReturnUrl","decl":{"start":{"line":49,"column":16},"end":{"line":49,"column":29}},"loc":{"start":{"line":49,"column":54},"end":{"line":54,"column":null}}},"2":{"name":"shouldRedirectToLogin","decl":{"start":{"line":69,"column":16},"end":{"line":69,"column":38}},"loc":{"start":{"line":69,"column":52},"end":{"line":71,"column":null}}},"3":{"name":"redirectToLogin","decl":{"start":{"line":85,"column":16},"end":{"line":85,"column":32}},"loc":{"start":{"line":85,"column":49},"end":{"line":90,"column":null}}}},"branchMap":{"0":{"loc":{"start":{"line":26,"column":20},"end":{"line":26,"column":null}},"type":"binary-expr","locations":[{"start":{"line":26,"column":20},"end":{"line":26,"column":33}},{"start":{"line":26,"column":33},"end":{"line":26,"column":94}}]},"1":{"loc":{"start":{"line":26,"column":33},"end":{"line":26,"column":94}},"type":"cond-expr","locations":[{"start":{"line":26,"column":65},"end":{"line":26,"column":89}},{"start":{"line":26,"column":92},"end":{"line":26,"column":94}}]},"2":{"loc":{"start":{"line":27,"column":33},"end":{"line":27,"column":null}},"type":"cond-expr","locations":[{"start":{"line":27,"column":65},"end":{"line":27,"column":87}},{"start":{"line":27,"column":90},"end":{"line":27,"column":null}}]},"3":{"loc":{"start":{"line":49,"column":29},"end":{"line":49,"column":54}},"type":"default-arg","locations":[{"start":{"line":49,"column":51},"end":{"line":49,"column":54}}]},"4":{"loc":{"start":{"line":50,"column":2},"end":{"line":50,"column":null}},"type":"if","locations":[{"start":{"line":50,"column":2},"end":{"line":50,"column":null}}]},"5":{"loc":{"start":{"line":53,"column":9},"end":{"line":53,"column":null}},"type":"binary-expr","locations":[{"start":{"line":53,"column":9},"end":{"line":53,"column":31}},{"start":{"line":53,"column":31},"end":{"line":53,"column":null}}]},"6":{"loc":{"start":{"line":70,"column":9},"end":{"line":70,"column":null}},"type":"binary-expr","locations":[{"start":{"line":70,"column":9},"end":{"line":70,"column":27}},{"start":{"line":70,"column":27},"end":{"line":70,"column":null}}]},"7":{"loc":{"start":{"line":86,"column":2},"end":{"line":86,"column":null}},"type":"if","locations":[{"start":{"line":86,"column":2},"end":{"line":86,"column":null}}]}},"s":{"0":0,"1":0,"2":0,"3":4,"4":0,"5":0,"6":0,"7":0,"8":0,"9":0,"10":0,"11":0,"12":4,"13":0,"14":0,"15":0,"16":0},"f":{"0":0,"1":0,"2":4,"3":0},"b":{"0":[0,0],"1":[0,0],"2":[0,0],"3":[0],"4":[0],"5":[0,0],"6":[4,4],"7":[0]}}
}
