TN:
SF:src\components\AuthProvider.tsx
FN:88,(anonymous_6)
FN:107,(anonymous_7)
FN:108,(anonymous_8)
FN:170,(anonymous_9)
FN:184,(anonymous_10)
FN:193,(anonymous_11)
FN:205,(anonymous_12)
FN:218,(anonymous_13)
FN:236,(anonymous_14)
FN:240,(anonymous_15)
FN:246,(anonymous_16)
FNF:11
FNH:5
FNDA:14,(anonymous_6)
FNDA:4,(anonymous_7)
FNDA:4,(anonymous_8)
FNDA:0,(anonymous_9)
FNDA:0,(anonymous_10)
FNDA:0,(anonymous_11)
FNDA:0,(anonymous_12)
FNDA:5,(anonymous_13)
FNDA:10,(anonymous_14)
FNDA:0,(anonymous_15)
FNDA:0,(anonymous_16)
DA:12,2
DA:14,2
DA:15,2
DA:16,2
DA:48,19
DA:88,5
DA:93,14
DA:101,14
DA:102,14
DA:107,14
DA:108,4
DA:110,4
DA:111,4
DA:112,4
DA:114,3
DA:116,2
DA:117,1
DA:124,1
DA:128,1
DA:129,1
DA:136,1
DA:139,1
DA:140,1
DA:142,1
DA:150,1
DA:152,1
DA:163,1
DA:170,14
DA:171,0
DA:184,14
DA:185,0
DA:188,0
DA:189,0
DA:190,0
DA:193,0
DA:199,0
DA:205,14
DA:206,0
DA:218,14
DA:219,5
DA:220,4
DA:223,1
DA:236,14
DA:237,10
DA:239,0
DA:240,0
DA:241,0
DA:242,0
DA:246,0
DA:249,14
LF:50
LH:37
BRDA:91,0,0,12
BRDA:114,1,0,2
BRDA:116,2,0,1
BRDA:140,3,0,1
BRDA:140,3,1,0
BRDA:159,4,0,1
BRDA:159,4,1,0
BRDA:188,5,0,0
BRDA:196,6,0,0
BRDA:196,6,1,0
BRDA:219,7,0,4
BRDA:219,7,1,1
BRDA:237,8,0,10
BRDA:239,9,0,0
BRDA:239,9,1,0
BRDA:241,10,0,0
BRF:16
BRH:8
end_of_record
TN:
SF:src\hooks\index.ts
FNF:0
FNH:0
DA:5,1
DA:6,1
DA:7,1
LF:3
LH:3
BRF:0
BRH:0
end_of_record
TN:
SF:src\hooks\useAuth.ts
FN:19,useAuth
FNF:1
FNH:1
FNDA:19,useAuth
DA:16,2
DA:17,2
DA:19,19
DA:20,19
DA:22,18
DA:23,4
DA:26,14
LF:7
LH:7
BRDA:22,0,0,4
BRF:1
BRH:1
end_of_record
TN:
SF:src\hooks\useAuthStatus.ts
FN:25,useAuthStatus
FNF:1
FNH:0
FNDA:0,useAuthStatus
DA:16,1
DA:25,0
DA:26,0
DA:28,0
LF:4
LH:1
BRF:0
BRH:0
end_of_record
TN:
SF:src\hooks\useCurrentUser.ts
FN:24,useCurrentUser
FNF:1
FNH:0
FNDA:0,useCurrentUser
DA:21,1
DA:24,0
DA:25,0
DA:26,0
LF:4
LH:1
BRF:0
BRH:0
end_of_record
TN:
SF:src\lib\apiClient.ts
FN:16,getCsrfToken
FN:36,apiClient
FN:47,(anonymous_5)
FN:53,(anonymous_6)
FNF:4
FNH:4
FNDA:17,getCsrfToken
FNDA:14,apiClient
FNDA:2,(anonymous_5)
FNDA:2,(anonymous_6)
DA:16,3
DA:17,17
DA:19,17
DA:20,17
DA:36,14
DA:40,14
DA:42,14
DA:45,14
DA:46,2
DA:47,2
DA:48,2
DA:53,14
DA:54,13
DA:58,14
DA:59,7
DA:62,14
DA:68,14
LF:17
LH:17
BRDA:17,0,0,0
BRDA:20,1,0,15
BRDA:20,1,1,2
BRDA:38,2,0,1
BRDA:45,3,0,2
BRDA:53,4,0,13
BRDA:58,5,0,7
BRDA:58,6,0,14
BRDA:58,6,1,13
BRDA:58,7,0,13
BRDA:58,7,1,1
BRF:11
BRH:10
end_of_record
TN:
SF:src\lib\errorNormalizer.ts
FN:43,errorNormalizer
FN:62,(anonymous_2)
FN:66,(anonymous_3)
FNF:3
FNH:3
FNDA:15,errorNormalizer
FNDA:5,(anonymous_2)
FNDA:3,(anonymous_3)
DA:43,15
DA:44,15
DA:46,15
DA:47,15
DA:50,11
DA:51,5
DA:53,5
DA:61,6
DA:62,5
DA:64,6
DA:65,2
DA:66,2
DA:67,3
DA:68,3
DA:71,2
DA:79,4
DA:80,4
DA:81,3
DA:89,1
DA:96,4
LF:20
LH:20
BRDA:50,0,0,5
BRDA:50,1,0,11
BRDA:50,1,1,5
BRDA:55,2,0,5
BRDA:55,2,1,2
BRDA:56,3,0,4
BRDA:56,3,1,1
BRDA:62,4,0,5
BRDA:62,4,1,2
BRDA:64,5,0,2
BRDA:67,6,0,3
BRDA:79,7,0,4
BRDA:79,7,1,3
BRDA:79,7,2,2
BRDA:80,8,0,3
BRDA:84,9,0,3
BRDA:84,9,1,0
BRDA:92,10,0,1
BRDA:92,10,1,1
BRDA:99,11,0,4
BRDA:99,11,1,3
BRF:21
BRH:20
end_of_record
TN:
SF:src\lib\redirectHelper.ts
FN:25,buildLoginUrl
FN:49,getReturnUrl
FN:69,shouldRedirectToLogin
FN:85,redirectToLogin
FNF:4
FNH:4
FNDA:6,buildLoginUrl
FNDA:6,getReturnUrl
FNDA:8,shouldRedirectToLogin
FNDA:3,redirectToLogin
DA:25,4
DA:26,6
DA:27,6
DA:28,6
DA:29,6
DA:49,6
DA:50,6
DA:52,5
DA:53,5
DA:69,8
DA:70,8
DA:85,3
DA:86,3
DA:88,2
DA:89,2
LF:15
LH:15
BRDA:26,0,0,6
BRDA:26,0,1,3
BRDA:26,1,0,3
BRDA:26,1,1,0
BRDA:27,2,0,6
BRDA:27,2,1,0
BRDA:49,3,0,0
BRDA:50,4,0,1
BRDA:53,5,0,5
BRDA:53,5,1,2
BRDA:70,6,0,8
BRDA:70,6,1,6
BRDA:86,7,0,1
BRF:13
BRH:10
end_of_record
