TN:
SF:src\__tests__\mocks\handlers.ts
FN:24,(anonymous_4)
FN:44,(anonymous_5)
FN:52,(anonymous_6)
FN:60,(anonymous_7)
FN:71,(anonymous_8)
FN:113,(anonymous_9)
FN:147,(anonymous_10)
FNF:7
FNH:4
FNDA:5,(anonymous_4)
FNDA:8,(anonymous_5)
FNDA:1,(anonymous_6)
FNDA:0,(anonymous_7)
FNDA:0,(anonymous_8)
FNDA:1,(anonymous_9)
FNDA:0,(anonymous_10)
DA:1,1
DA:10,1
DA:13,1
DA:20,1
DA:22,1
DA:25,5
DA:27,5
DA:28,3
DA:35,2
DA:45,8
DA:53,1
DA:61,0
DA:64,0
DA:72,0
DA:80,0
DA:81,0
DA:93,0
DA:94,0
DA:106,0
DA:114,1
DA:121,1
DA:122,0
DA:134,1
DA:140,1
DA:148,0
DA:155,0
DA:156,0
DA:168,0
DA:169,0
DA:181,0
DA:182,0
DA:194,0
DA:202,8
DA:203,3
LF:34
LH:17
BRDA:27,0,0,3
BRDA:27,1,0,5
BRDA:27,1,1,3
BRDA:80,2,0,0
BRDA:93,3,0,0
BRDA:121,4,0,0
BRDA:121,5,0,1
BRDA:121,5,1,0
BRDA:136,6,0,1
BRDA:136,6,1,0
BRDA:137,7,0,1
BRDA:137,7,1,0
BRDA:155,8,0,0
BRDA:168,9,0,0
BRDA:181,10,0,0
BRF:15
BRH:6
end_of_record
TN:
SF:src\__tests__\mocks\server.ts
FNF:0
FNH:0
DA:1,1
DA:2,1
DA:10,10
LF:3
LH:3
BRF:0
BRH:0
end_of_record
TN:
SF:src\components\AuthProvider.tsx
FN:93,(anonymous_6)
FN:116,(anonymous_7)
FN:130,(anonymous_8)
FN:194,(anonymous_9)
FN:208,(anonymous_10)
FN:217,(anonymous_11)
FN:229,(anonymous_12)
FN:242,(anonymous_13)
FN:262,(anonymous_14)
FN:266,(anonymous_15)
FN:272,(anonymous_16)
FNF:11
FNH:9
FNDA:34,(anonymous_6)
FNDA:8,(anonymous_7)
FNDA:8,(anonymous_8)
FNDA:1,(anonymous_9)
FNDA:2,(anonymous_10)
FNDA:2,(anonymous_11)
FNDA:4,(anonymous_12)
FNDA:8,(anonymous_13)
FNDA:23,(anonymous_14)
FNDA:0,(anonymous_15)
FNDA:0,(anonymous_16)
DA:12,1
DA:14,1
DA:15,1
DA:16,1
DA:53,316
DA:93,14
DA:98,34
DA:106,34
DA:107,34
DA:110,34
DA:116,34
DA:118,8
DA:119,0
DA:120,0
DA:124,8
DA:125,0
DA:126,0
DA:129,8
DA:130,8
DA:132,8
DA:133,8
DA:134,8
DA:136,8
DA:138,0
DA:139,0
DA:146,0
DA:150,0
DA:151,0
DA:158,0
DA:161,8
DA:162,8
DA:164,8
DA:172,8
DA:174,0
DA:185,0
DA:187,8
DA:194,34
DA:195,1
DA:208,34
DA:209,2
DA:212,2
DA:213,0
DA:214,0
DA:217,2
DA:223,2
DA:229,34
DA:230,4
DA:242,34
DA:243,8
DA:244,8
DA:247,0
DA:262,34
DA:263,23
DA:265,0
DA:266,0
DA:267,0
DA:268,0
DA:272,0
DA:275,34
LF:59
LH:39
BRDA:96,0,0,34
BRDA:118,1,0,0
BRDA:118,2,0,8
BRDA:118,2,1,0
BRDA:124,3,0,0
BRDA:136,4,0,0
BRDA:138,5,0,0
BRDA:162,6,0,8
BRDA:162,6,1,0
BRDA:181,7,0,0
BRDA:181,7,1,0
BRDA:212,8,0,0
BRDA:220,9,0,0
BRDA:220,9,1,2
BRDA:243,10,0,8
BRDA:243,10,1,0
BRDA:263,11,0,23
BRDA:265,12,0,0
BRDA:265,12,1,0
BRDA:267,13,0,0
BRF:20
BRH:6
end_of_record
TN:
SF:src\components\index.ts
FNF:0
FNH:0
DA:5,1
DA:6,11
DA:9,0
DA:10,0
DA:11,0
DA:12,0
DA:15,3
LF:7
LH:3
BRF:0
BRH:0
end_of_record
TN:
SF:src\components\forms\ConfirmPasswordResetForm.tsx
FN:141,(anonymous_7)
FN:161,(anonymous_8)
FN:177,(anonymous_9)
FN:190,(anonymous_10)
FN:199,(anonymous_11)
FN:208,(anonymous_12)
FN:269,(anonymous_13)
FN:285,(anonymous_14)
FNF:8
FNH:0
FNDA:0,(anonymous_7)
FNDA:0,(anonymous_8)
FNDA:0,(anonymous_9)
FNDA:0,(anonymous_10)
FNDA:0,(anonymous_11)
FNDA:0,(anonymous_12)
FNDA:0,(anonymous_13)
FNDA:0,(anonymous_14)
DA:6,1
DA:7,1
DA:97,1
DA:141,1
DA:148,0
DA:149,0
DA:150,0
DA:154,0
DA:156,0
DA:161,0
DA:162,0
DA:163,0
DA:165,0
DA:166,0
DA:168,0
DA:169,0
DA:171,0
DA:177,0
DA:178,0
DA:179,0
DA:181,0
DA:182,0
DA:184,0
DA:190,0
DA:191,0
DA:192,0
DA:193,0
DA:199,0
DA:200,0
DA:201,0
DA:202,0
DA:208,0
DA:209,0
DA:212,0
DA:215,0
DA:216,0
DA:217,0
DA:219,0
DA:220,0
DA:222,0
DA:223,0
DA:224,0
DA:228,0
DA:230,0
DA:231,0
DA:232,0
DA:233,0
DA:236,0
DA:237,0
DA:243,0
DA:269,0
DA:285,0
LF:52
LH:4
BRDA:41,0,0,0
BRDA:48,1,0,0
BRDA:48,1,1,0
BRDA:53,2,0,0
BRDA:60,3,0,0
BRDA:60,3,1,0
BRDA:64,4,0,0
BRDA:64,4,1,0
BRDA:64,5,0,0
BRDA:64,5,1,0
BRDA:69,6,0,0
BRDA:69,6,1,0
BRDA:69,7,0,0
BRDA:69,7,1,0
BRDA:72,8,0,0
BRDA:72,8,1,0
BRDA:84,9,0,0
BRDA:84,9,1,0
BRDA:85,10,0,0
BRDA:85,10,1,0
BRDA:86,11,0,0
BRDA:86,11,1,0
BRDA:162,12,0,0
BRDA:165,13,0,0
BRDA:168,14,0,0
BRDA:178,15,0,0
BRDA:181,16,0,0
BRDA:217,17,0,0
BRDA:220,18,0,0
BRDA:222,19,0,0
BRDA:232,20,0,0
BRDA:236,21,0,0
BRDA:243,22,0,0
BRDA:260,23,0,0
BRDA:260,23,1,0
BRDA:272,24,0,0
BRDA:272,24,1,0
BRDA:272,25,0,0
BRDA:272,25,1,0
BRDA:288,26,0,0
BRDA:288,26,1,0
BRDA:288,27,0,0
BRDA:288,27,1,0
BRF:43
BRH:0
end_of_record
TN:
SF:src\components\forms\ProfileForm.tsx
FN:33,(anonymous_4)
FN:78,(anonymous_6)
FN:121,(anonymous_7)
FN:130,(anonymous_8)
FN:137,(anonymous_9)
FN:189,(anonymous_10)
FN:198,(anonymous_11)
FN:208,(anonymous_12)
FNF:8
FNH:8
FNDA:81,(anonymous_4)
FNDA:2,(anonymous_6)
FNDA:30,(anonymous_7)
FNDA:3,(anonymous_8)
FNDA:1,(anonymous_9)
FNDA:5,(anonymous_10)
FNDA:4,(anonymous_11)
FNDA:12,(anonymous_12)
DA:1,1
DA:2,1
DA:3,1
DA:33,1
DA:34,81
DA:78,1
DA:79,2
DA:121,5
DA:122,30
DA:123,29
DA:124,29
DA:125,29
DA:126,29
DA:127,29
DA:130,29
DA:131,3
DA:132,3
DA:133,3
DA:137,29
DA:138,1
DA:141,1
DA:142,1
DA:143,0
DA:145,1
DA:146,0
DA:148,1
DA:149,0
DA:152,1
DA:153,0
DA:154,0
DA:157,1
DA:159,1
DA:160,1
DA:166,1
DA:189,5
DA:198,4
DA:208,12
LF:37
LH:32
BRDA:33,0,0,54
BRDA:38,1,0,81
BRDA:50,2,0,0
BRDA:50,2,1,81
BRDA:54,3,0,81
BRDA:55,4,0,81
BRDA:60,5,0,0
BRDA:63,6,0,27
BRDA:63,6,1,27
BRDA:67,7,0,1
BRDA:67,7,1,26
BRDA:67,8,0,27
BRDA:67,8,1,26
BRDA:71,9,0,1
BRDA:71,9,1,26
BRDA:71,10,0,27
BRDA:71,10,1,26
BRDA:74,11,0,1
BRDA:74,11,1,26
BRDA:123,12,0,29
BRDA:123,12,1,0
BRDA:124,13,0,29
BRDA:124,13,1,0
BRDA:131,14,0,3
BRDA:132,15,0,3
BRDA:132,15,1,0
BRDA:133,16,0,3
BRDA:133,16,1,0
BRDA:142,17,0,0
BRDA:145,18,0,0
BRDA:148,19,0,0
BRDA:152,20,0,0
BRDA:174,21,0,29
BRDA:180,22,0,29
BRDA:180,22,1,0
BRDA:190,23,0,29
BRDA:190,23,1,29
BRDA:199,24,0,29
BRDA:199,24,1,29
BRDA:209,25,0,29
BRDA:209,25,1,29
BRF:41
BRH:30
end_of_record
TN:
SF:src\components\forms\RequestPasswordResetForm.tsx
FN:93,(anonymous_6)
FN:152,(anonymous_7)
FN:165,(anonymous_8)
FN:174,(anonymous_9)
FN:184,(anonymous_10)
FN:198,(anonymous_11)
FNF:6
FNH:0
FNDA:0,(anonymous_6)
FNDA:0,(anonymous_7)
FNDA:0,(anonymous_8)
FNDA:0,(anonymous_9)
FNDA:0,(anonymous_10)
FNDA:0,(anonymous_11)
DA:18,1
DA:19,1
DA:93,1
DA:94,0
DA:99,0
DA:142,1
DA:147,1
DA:152,1
DA:157,0
DA:158,0
DA:159,0
DA:160,0
DA:165,0
DA:166,0
DA:167,0
DA:168,0
DA:174,0
DA:175,0
DA:176,0
DA:177,0
DA:183,0
DA:185,0
DA:186,0
DA:187,0
DA:188,0
DA:197,0
DA:199,0
DA:202,0
DA:203,0
DA:204,0
DA:205,0
DA:206,0
DA:209,0
DA:211,0
DA:212,0
DA:213,0
DA:215,0
DA:222,0
LF:38
LH:6
BRDA:53,0,0,0
BRDA:60,1,0,0
BRDA:60,1,1,0
BRDA:65,2,0,0
BRDA:76,3,0,0
BRDA:76,3,1,0
BRDA:80,4,0,0
BRDA:80,4,1,0
BRDA:80,5,0,0
BRDA:80,5,1,0
BRDA:86,6,0,0
BRDA:86,6,1,0
BRDA:86,7,0,0
BRDA:86,7,1,0
BRDA:89,8,0,0
BRDA:89,8,1,0
BRDA:166,9,0,0
BRDA:167,10,0,0
BRDA:186,11,0,0
BRDA:203,12,0,0
BRDA:222,13,0,0
BRDA:234,14,0,0
BRDA:234,14,1,0
BRDA:248,15,0,0
BRDA:248,15,1,0
BRDA:254,16,0,0
BRDA:254,16,1,0
BRF:27
BRH:0
end_of_record
TN:
SF:src\components\forms\SignInForm.tsx
FN:158,(anonymous_7)
FN:174,(anonymous_8)
FN:187,(anonymous_9)
FN:201,(anonymous_10)
FN:208,(anonymous_11)
FN:218,(anonymous_12)
FN:225,(anonymous_13)
FN:234,(anonymous_14)
FN:235,(anonymous_15)
FN:237,(anonymous_16)
FN:240,(anonymous_17)
FN:241,(anonymous_18)
FN:243,(anonymous_19)
FN:250,(anonymous_20)
FN:291,(anonymous_21)
FNF:15
FNH:14
FNDA:246,(anonymous_7)
FNDA:18,(anonymous_8)
FNDA:13,(anonymous_9)
FNDA:116,(anonymous_10)
FNDA:4,(anonymous_11)
FNDA:81,(anonymous_12)
FNDA:0,(anonymous_13)
FNDA:6,(anonymous_14)
FNDA:6,(anonymous_15)
FNDA:6,(anonymous_16)
FNDA:5,(anonymous_17)
FNDA:5,(anonymous_18)
FNDA:5,(anonymous_19)
FNDA:8,(anonymous_20)
FNDA:2,(anonymous_21)
DA:19,1
DA:20,1
DA:148,1
DA:153,1
DA:158,9
DA:164,246
DA:166,246
DA:167,246
DA:168,246
DA:169,246
DA:174,246
DA:175,18
DA:176,2
DA:178,16
DA:179,6
DA:181,10
DA:187,246
DA:188,13
DA:189,3
DA:191,10
DA:192,0
DA:194,10
DA:200,246
DA:202,116
DA:203,116
DA:204,116
DA:206,116
DA:207,4
DA:208,4
DA:217,246
DA:219,81
DA:220,81
DA:221,81
DA:223,81
DA:224,0
DA:225,0
DA:234,246
DA:235,6
DA:236,6
DA:237,6
DA:240,246
DA:241,5
DA:242,5
DA:243,5
DA:249,246
DA:251,8
DA:254,8
DA:257,8
DA:258,8
DA:260,8
DA:261,3
DA:265,3
DA:269,5
DA:271,5
DA:272,5
DA:273,3
DA:275,2
DA:282,246
DA:283,246
DA:284,246
DA:292,2
LF:61
LH:58
BRDA:59,0,0,492
BRDA:66,1,0,19
BRDA:66,1,1,473
BRDA:71,2,0,492
BRDA:85,3,0,246
BRDA:85,3,1,241
BRDA:89,4,0,5
BRDA:89,4,1,241
BRDA:89,5,0,246
BRDA:89,5,1,241
BRDA:95,6,0,5
BRDA:95,6,1,241
BRDA:95,7,0,246
BRDA:95,7,1,241
BRDA:98,8,0,5
BRDA:98,8,1,241
BRDA:108,9,0,2
BRDA:108,9,1,0
BRDA:109,10,0,2
BRDA:109,10,1,0
BRDA:111,11,0,2
BRDA:111,11,1,0
BRDA:175,12,0,2
BRDA:178,13,0,6
BRDA:188,14,0,3
BRDA:191,15,0,0
BRDA:206,16,0,4
BRDA:223,17,0,0
BRDA:260,18,0,3
BRDA:260,19,0,8
BRDA:260,19,1,5
BRDA:282,20,0,246
BRDA:282,20,1,236
BRDA:283,21,0,246
BRDA:283,21,1,237
BRDA:284,22,0,246
BRDA:284,22,1,244
BRDA:289,23,0,246
BRDA:310,24,0,10
BRDA:310,24,1,236
BRDA:326,25,0,9
BRDA:326,25,1,237
BRDA:330,26,0,246
BRF:43
BRH:38
end_of_record
TN:
SF:src\components\forms\index.ts
FNF:0
FNH:0
DA:5,1
DA:6,1
DA:7,1
DA:8,1
LF:4
LH:4
BRF:0
BRH:0
end_of_record
TN:
SF:src\components\pages\ConfirmPasswordResetPage.tsx
FN:99,(anonymous_4)
FNF:1
FNH:0
FNDA:0,(anonymous_4)
DA:17,1
DA:18,1
DA:99,1
DA:105,0
LF:4
LH:3
BRDA:47,0,0,0
BRDA:73,1,0,0
BRDA:73,1,1,0
BRDA:74,2,0,0
BRDA:74,2,1,0
BRDA:75,3,0,0
BRDA:75,3,1,0
BRDA:105,4,0,0
BRDA:105,5,0,0
BRDA:105,5,1,0
BRF:10
BRH:0
end_of_record
TN:
SF:src\components\pages\ProfilePage.tsx
FN:20,(anonymous_2)
FN:67,(anonymous_3)
FNF:2
FNH:2
FNDA:6,(anonymous_2)
FNDA:1,(anonymous_3)
DA:1,1
DA:2,1
DA:3,1
DA:4,1
DA:20,3
DA:21,6
DA:22,5
DA:24,5
DA:67,1
LF:9
LH:9
BRDA:24,0,0,0
BRDA:71,1,0,1
BRDA:71,1,1,4
BRDA:75,2,0,1
BRDA:75,2,1,4
BRDA:78,3,0,1
BRDA:78,3,1,4
BRF:7
BRH:6
end_of_record
TN:
SF:src\components\pages\RequestPasswordResetPage.tsx
FN:68,(anonymous_3)
FNF:1
FNH:0
FNDA:0,(anonymous_3)
DA:16,1
DA:17,1
DA:68,1
LF:3
LH:3
BRDA:40,0,0,0
BRF:1
BRH:0
end_of_record
TN:
SF:src\components\pages\SignInPage.tsx
FN:86,isSafeRedirectUrl
FN:105,getRedirectUrl
FN:124,(anonymous_7)
FN:135,(anonymous_8)
FN:139,(anonymous_9)
FN:151,(anonymous_10)
FN:156,(anonymous_11)
FNF:7
FNH:6
FNDA:0,isSafeRedirectUrl
FNDA:9,getRedirectUrl
FNDA:9,(anonymous_7)
FNDA:3,(anonymous_8)
FNDA:3,(anonymous_9)
FNDA:2,(anonymous_10)
FNDA:9,(anonymous_11)
DA:22,1
DA:23,1
DA:87,0
DA:90,0
DA:91,0
DA:95,0
DA:96,0
DA:99,0
DA:107,9
DA:108,0
DA:111,9
DA:112,9
DA:114,9
DA:115,0
DA:118,9
DA:124,11
DA:129,9
DA:134,9
DA:136,3
DA:139,3
DA:140,3
DA:141,3
DA:151,9
DA:152,2
DA:156,9
DA:157,9
LF:26
LH:18
BRDA:47,0,0,9
BRDA:87,1,0,0
BRDA:90,2,0,0
BRDA:90,3,0,0
BRDA:90,3,1,0
BRDA:95,4,0,0
BRDA:107,5,0,0
BRDA:114,6,0,0
BRDA:114,7,0,9
BRDA:114,7,1,0
BRDA:125,8,0,9
BRDA:126,9,0,9
BRDA:140,10,0,3
BRF:13
BRH:5
end_of_record
TN:
SF:src\components\pages\index.ts
FNF:0
FNH:0
DA:5,11
DA:6,1
DA:7,1
DA:8,3
LF:4
LH:4
BRF:0
BRH:0
end_of_record
TN:
SF:src\hooks\index.ts
FNF:0
FNH:0
DA:5,1
DA:6,1
DA:7,1
DA:8,1
DA:9,1
DA:10,1
DA:11,1
DA:12,1
LF:8
LH:8
BRF:0
BRH:0
end_of_record
TN:
SF:src\hooks\useAuth.ts
FN:19,useAuth
FNF:1
FNH:1
FNDA:311,useAuth
DA:16,1
DA:17,1
DA:19,311
DA:20,311
DA:22,309
DA:23,0
DA:26,309
LF:7
LH:6
BRDA:22,0,0,0
BRF:1
BRH:0
end_of_record
TN:
SF:src\hooks\useAuthStatus.ts
FN:25,useAuthStatus
FNF:1
FNH:0
FNDA:0,useAuthStatus
DA:16,1
DA:25,0
DA:26,0
DA:28,0
LF:4
LH:1
BRF:0
BRH:0
end_of_record
TN:
SF:src\hooks\useConfirmPasswordReset.ts
FN:57,useConfirmPasswordReset
FN:63,(anonymous_2)
FN:69,(anonymous_3)
FNF:3
FNH:0
FNDA:0,useConfirmPasswordReset
FNDA:0,(anonymous_2)
FNDA:0,(anonymous_3)
DA:22,1
DA:23,1
DA:24,1
DA:57,0
DA:58,0
DA:59,0
DA:60,0
DA:61,0
DA:63,0
DA:64,0
DA:65,0
DA:68,0
DA:70,0
DA:71,0
DA:72,0
DA:74,0
DA:75,0
DA:76,0
DA:85,0
DA:86,0
DA:87,0
DA:88,0
DA:92,0
DA:95,0
DA:96,0
DA:100,0
DA:105,0
DA:106,0
DA:108,0
DA:114,0
LF:30
LH:3
BRDA:85,0,0,0
BRDA:95,1,0,0
BRDA:95,2,0,0
BRDA:95,2,1,0
BRDA:95,2,2,0
BRDA:103,3,0,0
BRDA:103,3,1,0
BRF:7
BRH:0
end_of_record
TN:
SF:src\hooks\useCurrentUser.ts
FN:24,useCurrentUser
FNF:1
FNH:1
FNDA:36,useCurrentUser
DA:21,1
DA:24,36
DA:25,36
DA:26,34
LF:4
LH:4
BRF:0
BRH:0
end_of_record
TN:
SF:src\hooks\useRequestPasswordReset.ts
FN:58,useRequestPasswordReset
FN:64,(anonymous_2)
FN:70,(anonymous_3)
FNF:3
FNH:0
FNDA:0,useRequestPasswordReset
FNDA:0,(anonymous_2)
FNDA:0,(anonymous_3)
DA:22,1
DA:23,1
DA:24,1
DA:58,0
DA:59,0
DA:60,0
DA:61,0
DA:62,0
DA:64,0
DA:65,0
DA:66,0
DA:69,0
DA:71,0
DA:72,0
DA:73,0
DA:75,0
DA:76,0
DA:77,0
DA:82,0
DA:83,0
DA:84,0
DA:85,0
DA:89,0
DA:92,0
DA:93,0
DA:97,0
DA:102,0
DA:103,0
DA:105,0
DA:111,0
LF:30
LH:3
BRDA:82,0,0,0
BRDA:92,1,0,0
BRDA:92,2,0,0
BRDA:92,2,1,0
BRDA:92,2,2,0
BRDA:100,3,0,0
BRDA:100,3,1,0
BRF:7
BRH:0
end_of_record
TN:
SF:src\hooks\useSignIn.ts
FN:53,useSignIn
FN:58,(anonymous_2)
FN:63,(anonymous_3)
FNF:3
FNH:3
FNDA:246,useSignIn
FNDA:197,(anonymous_2)
FNDA:5,(anonymous_3)
DA:22,1
DA:23,1
DA:24,1
DA:53,246
DA:54,246
DA:55,246
DA:56,246
DA:58,246
DA:59,197
DA:62,246
DA:64,5
DA:65,5
DA:67,5
DA:68,5
DA:69,5
DA:74,5
DA:75,2
DA:76,2
DA:77,2
DA:80,3
DA:81,3
DA:84,3
DA:86,3
DA:89,2
DA:90,2
DA:94,0
DA:99,0
DA:100,0
DA:102,5
DA:108,246
LF:30
LH:27
BRDA:74,0,0,2
BRDA:81,1,0,3
BRDA:81,1,1,0
BRDA:89,2,0,2
BRDA:89,3,0,2
BRDA:89,3,1,2
BRDA:89,3,2,2
BRDA:97,4,0,0
BRDA:97,4,1,0
BRF:9
BRH:6
end_of_record
TN:
SF:src\hooks\useSignOut.ts
FN:67,(anonymous_1)
FN:79,(anonymous_2)
FNF:2
FNH:2
FNDA:5,(anonymous_1)
FNDA:1,(anonymous_2)
DA:10,1
DA:11,1
DA:12,1
DA:67,5
DA:68,5
DA:70,5
DA:71,0
DA:74,5
DA:75,5
DA:76,5
DA:77,5
DA:79,5
DA:81,1
DA:82,0
DA:85,1
DA:86,1
DA:87,1
DA:89,1
DA:90,1
DA:91,1
DA:97,0
DA:99,0
DA:103,0
DA:104,0
DA:109,0
DA:114,1
DA:115,1
DA:116,1
DA:120,1
DA:121,1
DA:125,5
LF:31
LH:24
BRDA:70,0,0,0
BRDA:81,1,0,0
BRDA:97,2,0,0
BRDA:97,2,1,0
BRDA:97,3,0,0
BRDA:97,3,1,0
BRDA:97,3,2,0
BRDA:97,3,3,0
BRDA:107,4,0,0
BRDA:107,4,1,0
BRDA:120,5,0,1
BRDA:120,5,1,0
BRF:12
BRH:1
end_of_record
TN:
SF:src\hooks\useUpdateProfile.ts
FN:63,(anonymous_1)
FN:73,(anonymous_2)
FNF:2
FNH:2
FNDA:29,(anonymous_1)
FNDA:1,(anonymous_2)
DA:1,1
DA:2,1
DA:3,1
DA:63,29
DA:64,29
DA:65,29
DA:66,29
DA:67,29
DA:70,29
DA:72,29
DA:75,1
DA:76,0
DA:79,1
DA:80,1
DA:81,1
DA:82,1
DA:84,1
DA:85,1
DA:86,1
DA:91,1
DA:92,0
DA:93,0
DA:94,0
DA:97,1
DA:98,1
DA:101,1
DA:102,1
DA:104,1
DA:107,0
DA:108,0
DA:109,0
DA:113,0
DA:118,0
DA:119,0
DA:121,1
DA:122,1
DA:128,29
LF:37
LH:27
BRDA:75,0,0,0
BRDA:91,1,0,0
BRDA:98,2,0,1
BRDA:98,2,1,0
BRDA:107,3,0,0
BRDA:107,4,0,0
BRDA:107,4,1,0
BRDA:107,4,2,0
BRDA:116,5,0,0
BRDA:116,5,1,0
BRF:10
BRH:1
end_of_record
TN:
SF:src\lib\apiClient.ts
FN:16,getCsrfToken
FN:36,apiClient
FN:47,(anonymous_5)
FN:53,(anonymous_6)
FNF:4
FNH:2
FNDA:15,getCsrfToken
FNDA:15,apiClient
FNDA:0,(anonymous_5)
FNDA:0,(anonymous_6)
DA:16,0
DA:17,15
DA:19,15
DA:20,15
DA:36,15
DA:40,15
DA:42,15
DA:45,15
DA:46,0
DA:47,0
DA:48,0
DA:53,15
DA:54,15
DA:58,15
DA:59,0
DA:62,15
DA:68,15
LF:17
LH:12
BRDA:17,0,0,0
BRDA:20,1,0,0
BRDA:20,1,1,15
BRDA:38,2,0,0
BRDA:45,3,0,0
BRDA:53,4,0,15
BRDA:58,5,0,0
BRDA:58,6,0,15
BRDA:58,6,1,0
BRDA:58,7,0,0
BRDA:58,7,1,0
BRF:11
BRH:3
end_of_record
TN:
SF:src\lib\errorNormalizer.ts
FN:43,errorNormalizer
FN:62,(anonymous_2)
FN:68,(anonymous_3)
FNF:3
FNH:3
FNDA:2,errorNormalizer
FNDA:2,(anonymous_2)
FNDA:2,(anonymous_3)
DA:43,2
DA:44,2
DA:46,2
DA:47,2
DA:50,2
DA:51,0
DA:53,0
DA:61,2
DA:62,2
DA:64,2
DA:65,2
DA:66,2
DA:68,2
DA:69,2
DA:71,2
DA:72,2
DA:74,0
DA:79,2
DA:87,0
DA:88,0
DA:89,0
DA:97,0
DA:104,0
LF:23
LH:15
BRDA:50,0,0,0
BRDA:50,1,0,2
BRDA:50,1,1,0
BRDA:55,2,0,0
BRDA:55,2,1,0
BRDA:56,3,0,0
BRDA:56,3,1,0
BRDA:62,4,0,2
BRDA:62,4,1,2
BRDA:64,5,0,2
BRDA:69,6,0,2
BRDA:71,7,0,2
BRDA:71,7,1,0
BRDA:71,8,0,2
BRDA:71,8,1,0
BRDA:87,9,0,0
BRDA:87,9,1,0
BRDA:87,9,2,0
BRDA:88,10,0,0
BRDA:92,11,0,0
BRDA:92,11,1,0
BRDA:100,12,0,0
BRDA:100,12,1,0
BRDA:107,13,0,0
BRDA:107,13,1,0
BRF:25
BRH:7
end_of_record
TN:
SF:src\lib\redirectHelper.ts
FN:25,buildLoginUrl
FN:49,getReturnUrl
FN:69,shouldRedirectToLogin
FN:85,redirectToLogin
FNF:4
FNH:1
FNDA:0,buildLoginUrl
FNDA:0,getReturnUrl
FNDA:4,shouldRedirectToLogin
FNDA:0,redirectToLogin
DA:25,0
DA:26,0
DA:27,0
DA:28,0
DA:29,0
DA:49,0
DA:50,0
DA:52,0
DA:53,0
DA:69,4
DA:70,4
DA:85,0
DA:86,0
DA:88,0
DA:89,0
LF:15
LH:2
BRDA:26,0,0,0
BRDA:26,0,1,0
BRDA:26,1,0,0
BRDA:26,1,1,0
BRDA:27,2,0,0
BRDA:27,2,1,0
BRDA:49,3,0,0
BRDA:50,4,0,0
BRDA:53,5,0,0
BRDA:53,5,1,0
BRDA:70,6,0,4
BRDA:70,6,1,4
BRDA:86,7,0,0
BRF:13
BRH:2
end_of_record
