{"meta": {"version": "7.3.3", "timestamp": "2025-11-28T21:43:41.209115", "branch_coverage": false, "show_contexts": false}, "files": {"audit\\__init__.py": {"executed_lines": [1, 3], "summary": {"covered_lines": 1, "num_statements": 1, "percent_covered": 100.0, "percent_covered_display": "100", "missing_lines": 0, "excluded_lines": 0}, "missing_lines": [], "excluded_lines": []}, "audit\\apps.py": {"executed_lines": [1, 3, 6, 7, 9, 10, 11, 13, 19, 22, 28, 29, 35, 38, 44, 50, 58, 64, 72, 78, 86, 92], "summary": {"covered_lines": 20, "num_statements": 20, "percent_covered": 100.0, "percent_covered_display": "100", "missing_lines": 0, "excluded_lines": 0}, "missing_lines": [], "excluded_lines": []}, "organisations\\__init__.py": {"executed_lines": [0], "summary": {"covered_lines": 0, "num_statements": 0, "percent_covered": 100.0, "percent_covered_display": "100", "missing_lines": 0, "excluded_lines": 0}, "missing_lines": [], "excluded_lines": []}, "organisations\\apps.py": {"executed_lines": [1, 4, 5, 6, 7, 9, 11], "summary": {"covered_lines": 7, "num_statements": 7, "percent_covered": 100.0, "percent_covered_display": "100", "missing_lines": 0, "excluded_lines": 0}, "missing_lines": [], "excluded_lines": []}, "projects\\__init__.py": {"executed_lines": [1], "summary": {"covered_lines": 0, "num_statements": 0, "percent_covered": 100.0, "percent_covered_display": "100", "missing_lines": 0, "excluded_lines": 0}, "missing_lines": [], "excluded_lines": []}, "projects\\apps.py": {"executed_lines": [1, 3, 6, 7, 9, 10, 11, 13, 15], "summary": {"covered_lines": 7, "num_statements": 7, "percent_covered": 100.0, "percent_covered_display": "100", "missing_lines": 0, "excluded_lines": 0}, "missing_lines": [], "excluded_lines": []}, "settings\\__init__.py": {"executed_lines": [1, 3], "summary": {"covered_lines": 1, "num_statements": 1, "percent_covered": 100.0, "percent_covered_display": "100", "missing_lines": 0, "excluded_lines": 0}, "missing_lines": [], "excluded_lines": []}, "settings\\admin.py": {"executed_lines": [1, 3, 4, 5, 7, 10, 11, 12, 14, 23, 24, 25, 26, 27, 28, 29, 30, 32, 50, 56, 57, 59, 70, 72, 83, 85, 92, 132, 136, 141, 142, 143, 145, 154, 155, 156, 157, 158, 159, 160, 162, 184, 191, 231, 235], "summary": {"covered_lines": 42, "num_statements": 101, "percent_covered": 41.584158415841586, "percent_covered_display": "42", "missing_lines": 59, "excluded_lines": 0}, "missing_lines": [52, 53, 54, 61, 62, 63, 64, 65, 66, 68, 74, 75, 76, 77, 78, 79, 81, 87, 88, 89, 90, 94, 95, 97, 98, 100, 102, 107, 109, 110, 111, 116, 121, 122, 128, 130, 134, 138, 186, 187, 188, 189, 193, 194, 196, 197, 199, 201, 206, 208, 209, 210, 215, 220, 221, 227, 229, 233, 237], "excluded_lines": []}, "settings\\api.py": {"executed_lines": [1, 3, 4, 6, 9, 68, 145, 239, 313], "summary": {"covered_lines": 8, "num_statements": 120, "percent_covered": 6.666666666666667, "percent_covered_display": "7", "missing_lines": 112, "excluded_lines": 0}, "missing_lines": [33, 34, 37, 38, 41, 42, 44, 45, 46, 49, 50, 56, 57, 60, 94, 97, 100, 101, 103, 104, 106, 107, 108, 109, 110, 111, 113, 114, 116, 119, 120, 121, 122, 123, 126, 127, 130, 132, 133, 134, 135, 137, 139, 140, 142, 171, 172, 175, 178, 179, 181, 182, 184, 185, 186, 187, 188, 189, 191, 192, 194, 197, 198, 199, 200, 201, 204, 205, 206, 209, 210, 212, 213, 214, 215, 216, 217, 218, 219, 221, 224, 226, 227, 228, 229, 231, 233, 234, 236, 275, 278, 283, 286, 293, 300, 306, 307, 308, 310, 351, 352, 355, 361, 364, 369, 372, 381, 388, 394, 395, 396, 398], "excluded_lines": []}, "settings\\apps.py": {"executed_lines": [1, 3, 6, 7, 9, 10, 11, 13, 21, 24, 26], "summary": {"covered_lines": 9, "num_statements": 9, "percent_covered": 100.0, "percent_covered_display": "100", "missing_lines": 0, "excluded_lines": 0}, "missing_lines": [], "excluded_lines": []}, "settings\\management\\__init__.py": {"executed_lines": [0], "summary": {"covered_lines": 0, "num_statements": 0, "percent_covered": 100.0, "percent_covered_display": "100", "missing_lines": 0, "excluded_lines": 0}, "missing_lines": [], "excluded_lines": []}, "settings\\migrations\\0001_initial.py": {"executed_lines": [3, 4, 5, 6, 9, 10, 12, 18], "summary": {"covered_lines": 8, "num_statements": 8, "percent_covered": 100.0, "percent_covered_display": "100", "missing_lines": 0, "excluded_lines": 0}, "missing_lines": [], "excluded_lines": []}, "settings\\migrations\\0002_add_indexes.py": {"executed_lines": [3, 4, 7, 8, 12], "summary": {"covered_lines": 5, "num_statements": 5, "percent_covered": 100.0, "percent_covered_display": "100", "missing_lines": 0, "excluded_lines": 0}, "missing_lines": [], "excluded_lines": []}, "settings\\migrations\\0003_add_check_constraints.py": {"executed_lines": [3, 6, 7, 11], "summary": {"covered_lines": 4, "num_statements": 4, "percent_covered": 100.0, "percent_covered_display": "100", "missing_lines": 0, "excluded_lines": 0}, "missing_lines": [], "excluded_lines": []}, "settings\\migrations\\0004_remove_featureflag_flag_scope_consistency_and_more.py": {"executed_lines": [3, 6, 7, 11], "summary": {"covered_lines": 4, "num_statements": 4, "percent_covered": 100.0, "percent_covered_display": "100", "missing_lines": 0, "excluded_lines": 0}, "missing_lines": [], "excluded_lines": []}, "settings\\migrations\\__init__.py": {"executed_lines": [0], "summary": {"covered_lines": 0, "num_statements": 0, "percent_covered": 100.0, "percent_covered_display": "100", "missing_lines": 0, "excluded_lines": 0}, "missing_lines": [], "excluded_lines": []}, "settings\\models.py": {"executed_lines": [1, 3, 5, 6, 9, 10, 12, 13, 14, 17, 18, 20, 21, 22, 23, 26, 27, 29, 30, 31, 32, 33, 34, 41, 48, 49, 50, 57, 65, 66, 67, 68, 69, 70, 77, 81, 82, 84, 85, 86, 87, 88, 89, 90, 91, 98, 105, 106, 107, 114, 122, 123, 124, 125, 126, 127, 134], "summary": {"covered_lines": 52, "num_statements": 54, "percent_covered": 96.29629629629629, "percent_covered_display": "96", "missing_lines": 2, "excluded_lines": 0}, "missing_lines": [78, 135], "excluded_lines": []}, "settings\\permissions.py": {"executed_lines": [1, 3, 4, 6, 9, 10, 19, 34, 69, 96, 147, 198, 253, 304], "summary": {"covered_lines": 12, "num_statements": 126, "percent_covered": 9.523809523809524, "percent_covered_display": "10", "missing_lines": 114, "excluded_lines": 0}, "missing_lines": [21, 22, 25, 27, 37, 39, 40, 43, 44, 49, 50, 56, 62, 72, 73, 76, 77, 78, 81, 82, 87, 88, 94, 99, 100, 105, 107, 108, 110, 119, 127, 129, 130, 132, 133, 136, 137, 139, 141, 158, 159, 162, 163, 166, 168, 170, 172, 173, 178, 182, 183, 187, 188, 191, 192, 195, 209, 210, 213, 214, 217, 218, 221, 223, 225, 227, 228, 233, 237, 238, 242, 243, 246, 247, 250, 266, 267, 270, 271, 273, 275, 277, 279, 280, 281, 284, 288, 289, 290, 294, 295, 298, 299, 300, 301, 315, 316, 319, 320, 323, 324, 327, 329, 331, 333, 334, 339, 343, 344, 348, 349, 352, 353, 356], "excluded_lines": []}, "settings\\serializers.py": {"executed_lines": [1, 7, 9, 11, 14, 15, 24, 25, 26, 39, 41, 53, 80, 81, 91, 92, 93, 108, 110, 122, 128, 133, 139, 175, 201, 202, 204, 205, 206, 207, 210, 211, 213, 214, 215, 216], "summary": {"covered_lines": 31, "num_statements": 103, "percent_covered": 30.097087378640776, "percent_covered_display": "30", "missing_lines": 72, "excluded_lines": 0}, "missing_lines": [43, 44, 47, 48, 49, 50, 51, 55, 56, 57, 60, 61, 62, 65, 66, 67, 68, 69, 72, 73, 74, 77, 112, 113, 116, 117, 118, 119, 120, 124, 125, 126, 131, 135, 136, 137, 141, 142, 143, 144, 145, 146, 149, 150, 151, 154, 155, 156, 157, 158, 161, 162, 163, 166, 167, 170, 171, 173, 177, 178, 179, 180, 183, 184, 185, 188, 189, 190, 193, 196, 197, 198], "excluded_lines": []}, "settings\\signals.py": {"executed_lines": [1, 8, 9, 11, 12, 13, 14, 16, 19, 22, 34, 44, 69, 70, 71, 89, 90, 91, 124, 125, 126, 152, 159, 166, 173, 181, 188, 195], "summary": {"covered_lines": 27, "num_statements": 69, "percent_covered": 39.130434782608695, "percent_covered_display": "39", "missing_lines": 42, "excluded_lines": 0}, "missing_lines": [25, 26, 27, 28, 29, 30, 31, 36, 37, 38, 39, 40, 41, 46, 47, 55, 56, 65, 77, 78, 79, 81, 82, 83, 84, 85, 98, 99, 102, 105, 106, 107, 108, 111, 112, 115, 132, 133, 136, 139, 140, 143], "excluded_lines": []}, "settings\\urls.py": {"executed_lines": [1, 3, 4, 6, 9, 10, 11, 14], "summary": {"covered_lines": 7, "num_statements": 7, "percent_covered": 100.0, "percent_covered_display": "100", "missing_lines": 0, "excluded_lines": 0}, "missing_lines": [], "excluded_lines": []}, "settings\\views.py": {"executed_lines": [1, 7, 8, 9, 10, 11, 12, 14, 15, 16, 17, 25, 26, 28, 29, 30, 33, 34, 44, 45, 46, 47, 48, 49, 50, 52, 58, 64, 65, 143, 144, 154, 155, 156, 157, 158, 159, 160, 162, 168, 174, 175], "summary": {"covered_lines": 38, "num_statements": 114, "percent_covered": 33.333333333333336, "percent_covered_display": "33", "missing_lines": 76, "excluded_lines": 0}, "missing_lines": [54, 60, 75, 76, 79, 80, 81, 82, 83, 87, 88, 89, 90, 91, 97, 99, 101, 106, 107, 108, 111, 112, 115, 116, 117, 120, 121, 124, 125, 126, 129, 130, 133, 134, 135, 137, 139, 140, 164, 170, 185, 186, 189, 190, 191, 192, 193, 197, 198, 199, 200, 201, 207, 211, 213, 218, 219, 220, 223, 224, 227, 228, 229, 232, 233, 236, 237, 238, 241, 242, 245, 246, 247, 249, 251, 252], "excluded_lines": []}, "transactions\\__init__.py": {"executed_lines": [1, 3], "summary": {"covered_lines": 1, "num_statements": 1, "percent_covered": 100.0, "percent_covered_display": "100", "missing_lines": 0, "excluded_lines": 0}, "missing_lines": [], "excluded_lines": []}, "transactions\\apps.py": {"executed_lines": [1, 3, 6, 7, 9, 10, 11, 13, 15], "summary": {"covered_lines": 7, "num_statements": 7, "percent_covered": 100.0, "percent_covered_display": "100", "missing_lines": 0, "excluded_lines": 0}, "missing_lines": [], "excluded_lines": []}}, "totals": {"covered_lines": 291, "num_statements": 768, "percent_covered": 37.890625, "percent_covered_display": "38", "missing_lines": 477, "excluded_lines": 0}}
