{"meta": {"version": "7.3.3", "timestamp": "2025-11-30T22:08:04.070102", "branch_coverage": false, "show_contexts": false}, "files": {"tasks\\__init__.py": {"executed_lines": [1, 3, 4, 6], "summary": {"covered_lines": 3, "num_statements": 3, "percent_covered": 100.0, "percent_covered_display": "100", "missing_lines": 0, "excluded_lines": 0}, "missing_lines": [], "excluded_lines": []}, "tasks\\apps.py": {"executed_lines": [1, 3, 6, 7, 9, 10, 11], "summary": {"covered_lines": 5, "num_statements": 5, "percent_covered": 100.0, "percent_covered_display": "100", "missing_lines": 0, "excluded_lines": 0}, "missing_lines": [], "excluded_lines": []}, "tasks\\base.py": {"executed_lines": [1, 7, 8, 9, 11, 13, 16, 17, 37, 45, 48, 50, 52, 55, 57, 58, 60, 61, 62, 64, 73, 74, 76, 77, 78, 81, 84, 96, 101, 103, 109, 118, 119, 121, 122, 123, 126, 137, 142, 144, 150, 161, 162, 164, 165, 166, 169, 172, 185, 199, 213, 220, 237, 239, 240, 242], "summary": {"covered_lines": 54, "num_statements": 56, "percent_covered": 96.42857142857143, "percent_covered_display": "96", "missing_lines": 2, "excluded_lines": 0}, "missing_lines": [190, 192], "excluded_lines": []}, "tasks\\celery.py": {"executed_lines": [1, 8, 10, 13, 15, 18, 21, 24, 25], "summary": {"covered_lines": 8, "num_statements": 9, "percent_covered": 88.88888888888889, "percent_covered_display": "89", "missing_lines": 1, "excluded_lines": 0}, "missing_lines": [27], "excluded_lines": []}, "tasks\\examples\\__init__.py": {"executed_lines": [1], "summary": {"covered_lines": 0, "num_statements": 0, "percent_covered": 100.0, "percent_covered_display": "100", "missing_lines": 0, "excluded_lines": 0}, "missing_lines": [], "excluded_lines": []}, "tasks\\examples\\cleanup_expired_sessions.py": {"executed_lines": [1, 7, 8, 10, 11, 12, 14, 17, 18, 46, 48, 49, 50, 52, 54, 55, 57, 58, 64, 65, 67, 68, 69, 71, 72, 75, 76], "summary": {"covered_lines": 26, "num_statements": 29, "percent_covered": 89.65517241379311, "percent_covered_display": "90", "missing_lines": 3, "excluded_lines": 0}, "missing_lines": [78, 79, 80], "excluded_lines": []}, "tasks\\examples\\export_user_data.py": {"executed_lines": [1, 7, 9, 12, 13, 54], "summary": {"covered_lines": 5, "num_statements": 5, "percent_covered": 100.0, "percent_covered_display": "100", "missing_lines": 0, "excluded_lines": 0}, "missing_lines": [], "excluded_lines": []}, "tasks\\examples\\hello_world.py": {"executed_lines": [1, 3, 5, 8, 9, 29, 30, 33, 34, 50], "summary": {"covered_lines": 9, "num_statements": 9, "percent_covered": 100.0, "percent_covered_display": "100", "missing_lines": 0, "excluded_lines": 0}, "missing_lines": [], "excluded_lines": []}, "tasks\\examples\\send_notification.py": {"executed_lines": [1, 3, 5, 8, 9], "summary": {"covered_lines": 4, "num_statements": 17, "percent_covered": 23.529411764705884, "percent_covered_display": "24", "missing_lines": 13, "excluded_lines": 0}, "missing_lines": [48, 49, 52, 53, 54, 56, 57, 65, 66, 67, 68, 69, 71], "excluded_lines": []}, "tasks\\examples\\sync_external_api.py": {"executed_lines": [1, 3, 5, 6, 7, 10, 19, 55, 57, 58, 60, 63, 65, 72, 74, 78, 80, 86], "summary": {"covered_lines": 17, "num_statements": 17, "percent_covered": 100.0, "percent_covered_display": "100", "missing_lines": 0, "excluded_lines": 0}, "missing_lines": [], "excluded_lines": []}, "tasks\\health.py": {"executed_lines": [1, 3, 4, 6, 7, 9, 12, 48, 86, 107, 109, 111, 115, 121, 122, 124, 126], "summary": {"covered_lines": 16, "num_statements": 46, "percent_covered": 34.78260869565217, "percent_covered_display": "35", "missing_lines": 30, "excluded_lines": 0}, "missing_lines": [26, 28, 29, 30, 33, 34, 36, 37, 39, 41, 42, 43, 44, 45, 62, 64, 65, 67, 68, 70, 71, 73, 74, 75, 77, 79, 80, 81, 82, 83], "excluded_lines": []}, "tasks\\management\\__init__.py": {"executed_lines": [1], "summary": {"covered_lines": 0, "num_statements": 0, "percent_covered": 100.0, "percent_covered_display": "100", "missing_lines": 0, "excluded_lines": 0}, "missing_lines": [], "excluded_lines": []}, "tasks\\management\\commands\\__init__.py": {"executed_lines": [1], "summary": {"covered_lines": 0, "num_statements": 0, "percent_covered": 100.0, "percent_covered_display": "100", "missing_lines": 0, "excluded_lines": 0}, "missing_lines": [], "excluded_lines": []}, "tasks\\management\\commands\\check_workers.py": {"executed_lines": [1, 3, 5, 7, 10, 11, 13, 14, 20, 26, 27, 28, 30, 32, 35, 38, 41, 42, 43, 46, 47, 48, 53, 54], "summary": {"covered_lines": 23, "num_statements": 23, "percent_covered": 100.0, "percent_covered_display": "100", "missing_lines": 0, "excluded_lines": 0}, "missing_lines": [], "excluded_lines": []}, "tasks\\models.py": {"executed_lines": [1], "summary": {"covered_lines": 0, "num_statements": 0, "percent_covered": 100.0, "percent_covered_display": "100", "missing_lines": 0, "excluded_lines": 0}, "missing_lines": [], "excluded_lines": []}, "tasks\\test_tasks.py": {"executed_lines": [], "summary": {"covered_lines": 0, "num_statements": 4, "percent_covered": 0.0, "percent_covered_display": "0", "missing_lines": 4, "excluded_lines": 0}, "missing_lines": [3, 6, 7, 9], "excluded_lines": []}, "tasks\\urls.py": {"executed_lines": [1, 3, 5, 7, 9], "summary": {"covered_lines": 4, "num_statements": 4, "percent_covered": 100.0, "percent_covered_display": "100", "missing_lines": 0, "excluded_lines": 0}, "missing_lines": [], "excluded_lines": []}, "tasks\\views.py": {"executed_lines": [1, 3, 4, 5, 7, 10, 11, 20, 21, 22, 24, 39, 40, 42, 48], "summary": {"covered_lines": 13, "num_statements": 18, "percent_covered": 72.22222222222223, "percent_covered_display": "72", "missing_lines": 5, "excluded_lines": 0}, "missing_lines": [49, 51, 53, 54, 56], "excluded_lines": []}}, "totals": {"covered_lines": 187, "num_statements": 245, "percent_covered": 76.3265306122449, "percent_covered_display": "76", "missing_lines": 58, "excluded_lines": 0}}
